[0.014s] Invoking command in '/home/mtrn/4231/ros_ur_driver/build/ur_moveit_config': CMAKE_PREFIX_PATH=${CMAKE_PREFIX_PATH}:/home/mtrn/4231/ws_moveit2/install/moveit_configs_utils:/home/mtrn/4231/ws_moveit2/install/launch_param_builder:/opt/ros/humble /usr/bin/cmake --build /home/mtrn/4231/ros_ur_driver/build/ur_moveit_config -- -j4 -l4
[0.066s] Built target ament_cmake_python_copy_ur_moveit_config
[0.229s] running egg_info
[0.230s] writing ur_moveit_config.egg-info/PKG-INFO
[0.230s] writing dependency_links to ur_moveit_config.egg-info/dependency_links.txt
[0.230s] writing top-level names to ur_moveit_config.egg-info/top_level.txt
[0.232s] reading manifest file 'ur_moveit_config.egg-info/SOURCES.txt'
[0.232s] writing manifest file 'ur_moveit_config.egg-info/SOURCES.txt'
[0.270s] Built target ament_cmake_python_build_ur_moveit_config_egg
[0.281s] Invoked command in '/home/mtrn/4231/ros_ur_driver/build/ur_moveit_config' returned '0': CMAKE_PREFIX_PATH=${CMAKE_PREFIX_PATH}:/home/mtrn/4231/ws_moveit2/install/moveit_configs_utils:/home/mtrn/4231/ws_moveit2/install/launch_param_builder:/opt/ros/humble /usr/bin/cmake --build /home/mtrn/4231/ros_ur_driver/build/ur_moveit_config -- -j4 -l4
[0.312s] Invoking command in '/home/mtrn/4231/ros_ur_driver/build/ur_moveit_config': CMAKE_PREFIX_PATH=${CMAKE_PREFIX_PATH}:/home/mtrn/4231/ws_moveit2/install/moveit_configs_utils:/home/mtrn/4231/ws_moveit2/install/launch_param_builder:/opt/ros/humble /usr/bin/cmake --install /home/mtrn/4231/ros_ur_driver/build/ur_moveit_config
[0.318s] -- Install configuration: "Release"
[0.318s] -- Up-to-date: /home/mtrn/4231/ros_ur_driver/install/ur_moveit_config/share/ur_moveit_config/config
[0.318s] -- Up-to-date: /home/mtrn/4231/ros_ur_driver/install/ur_moveit_config/share/ur_moveit_config/config/controllers.yaml
[0.318s] -- Up-to-date: /home/mtrn/4231/ros_ur_driver/install/ur_moveit_config/share/ur_moveit_config/config/ur_servo.yaml
[0.318s] -- Installing: /home/mtrn/4231/ros_ur_driver/install/ur_moveit_config/share/ur_moveit_config/config/ompl_planning.yaml
[0.319s] -- Up-to-date: /home/mtrn/4231/ros_ur_driver/install/ur_moveit_config/share/ur_moveit_config/config/kinematics.yaml
[0.319s] -- Up-to-date: /home/mtrn/4231/ros_ur_driver/install/ur_moveit_config/share/ur_moveit_config/launch
[0.319s] -- Up-to-date: /home/mtrn/4231/ros_ur_driver/install/ur_moveit_config/share/ur_moveit_config/launch/ur_moveit.launch.py
[0.319s] -- Up-to-date: /home/mtrn/4231/ros_ur_driver/install/ur_moveit_config/share/ur_moveit_config/rviz
[0.319s] -- Up-to-date: /home/mtrn/4231/ros_ur_driver/install/ur_moveit_config/share/ur_moveit_config/rviz/view_robot.rviz
[0.319s] -- Up-to-date: /home/mtrn/4231/ros_ur_driver/install/ur_moveit_config/share/ur_moveit_config/srdf
[0.319s] -- Up-to-date: /home/mtrn/4231/ros_ur_driver/install/ur_moveit_config/share/ur_moveit_config/srdf/ur_macro.srdf.xacro
[0.319s] -- Up-to-date: /home/mtrn/4231/ros_ur_driver/install/ur_moveit_config/share/ur_moveit_config/srdf/ur.srdf.xacro
[0.319s] -- Up-to-date: /home/mtrn/4231/ros_ur_driver/install/ur_moveit_config/share/ur_moveit_config/environment/pythonpath.sh
[0.319s] -- Up-to-date: /home/mtrn/4231/ros_ur_driver/install/ur_moveit_config/share/ur_moveit_config/environment/pythonpath.dsv
[0.319s] -- Up-to-date: /home/mtrn/4231/ros_ur_driver/install/ur_moveit_config/local/lib/python3.10/dist-packages/ur_moveit_config-2.2.8-py3.10.egg-info
[0.319s] -- Installing: /home/mtrn/4231/ros_ur_driver/install/ur_moveit_config/local/lib/python3.10/dist-packages/ur_moveit_config-2.2.8-py3.10.egg-info/top_level.txt
[0.319s] -- Installing: /home/mtrn/4231/ros_ur_driver/install/ur_moveit_config/local/lib/python3.10/dist-packages/ur_moveit_config-2.2.8-py3.10.egg-info/SOURCES.txt
[0.319s] -- Installing: /home/mtrn/4231/ros_ur_driver/install/ur_moveit_config/local/lib/python3.10/dist-packages/ur_moveit_config-2.2.8-py3.10.egg-info/PKG-INFO
[0.319s] -- Installing: /home/mtrn/4231/ros_ur_driver/install/ur_moveit_config/local/lib/python3.10/dist-packages/ur_moveit_config-2.2.8-py3.10.egg-info/dependency_links.txt
[0.320s] -- Up-to-date: /home/mtrn/4231/ros_ur_driver/install/ur_moveit_config/local/lib/python3.10/dist-packages/ur_moveit_config
[0.320s] -- Up-to-date: /home/mtrn/4231/ros_ur_driver/install/ur_moveit_config/local/lib/python3.10/dist-packages/ur_moveit_config/launch_common.py
[0.320s] -- Up-to-date: /home/mtrn/4231/ros_ur_driver/install/ur_moveit_config/local/lib/python3.10/dist-packages/ur_moveit_config/__init__.py
[0.342s] Listing '/home/mtrn/4231/ros_ur_driver/install/ur_moveit_config/local/lib/python3.10/dist-packages/ur_moveit_config'...
[0.345s] -- Up-to-date: /home/mtrn/4231/ros_ur_driver/install/ur_moveit_config/local/lib/python3.10/dist-packages/launch_common.py
[0.370s] -- Up-to-date: /home/mtrn/4231/ros_ur_driver/install/ur_moveit_config/share/ament_index/resource_index/package_run_dependencies/ur_moveit_config
[0.370s] -- Up-to-date: /home/mtrn/4231/ros_ur_driver/install/ur_moveit_config/share/ament_index/resource_index/parent_prefix_path/ur_moveit_config
[0.370s] -- Up-to-date: /home/mtrn/4231/ros_ur_driver/install/ur_moveit_config/share/ur_moveit_config/environment/ament_prefix_path.sh
[0.370s] -- Up-to-date: /home/mtrn/4231/ros_ur_driver/install/ur_moveit_config/share/ur_moveit_config/environment/ament_prefix_path.dsv
[0.370s] -- Up-to-date: /home/mtrn/4231/ros_ur_driver/install/ur_moveit_config/share/ur_moveit_config/environment/path.sh
[0.370s] -- Up-to-date: /home/mtrn/4231/ros_ur_driver/install/ur_moveit_config/share/ur_moveit_config/environment/path.dsv
[0.370s] -- Up-to-date: /home/mtrn/4231/ros_ur_driver/install/ur_moveit_config/share/ur_moveit_config/local_setup.bash
[0.370s] -- Up-to-date: /home/mtrn/4231/ros_ur_driver/install/ur_moveit_config/share/ur_moveit_config/local_setup.sh
[0.370s] -- Up-to-date: /home/mtrn/4231/ros_ur_driver/install/ur_moveit_config/share/ur_moveit_config/local_setup.zsh
[0.370s] -- Up-to-date: /home/mtrn/4231/ros_ur_driver/install/ur_moveit_config/share/ur_moveit_config/local_setup.dsv
[0.370s] -- Up-to-date: /home/mtrn/4231/ros_ur_driver/install/ur_moveit_config/share/ur_moveit_config/package.dsv
[0.370s] -- Up-to-date: /home/mtrn/4231/ros_ur_driver/install/ur_moveit_config/share/ament_index/resource_index/packages/ur_moveit_config
[0.370s] -- Up-to-date: /home/mtrn/4231/ros_ur_driver/install/ur_moveit_config/share/ur_moveit_config/cmake/ur_moveit_configConfig.cmake
[0.370s] -- Up-to-date: /home/mtrn/4231/ros_ur_driver/install/ur_moveit_config/share/ur_moveit_config/cmake/ur_moveit_configConfig-version.cmake
[0.370s] -- Up-to-date: /home/mtrn/4231/ros_ur_driver/install/ur_moveit_config/share/ur_moveit_config/package.xml
[0.372s] Invoked command in '/home/mtrn/4231/ros_ur_driver/build/ur_moveit_config' returned '0': CMAKE_PREFIX_PATH=${CMAKE_PREFIX_PATH}:/home/mtrn/4231/ws_moveit2/install/moveit_configs_utils:/home/mtrn/4231/ws_moveit2/install/launch_param_builder:/opt/ros/humble /usr/bin/cmake --install /home/mtrn/4231/ros_ur_driver/build/ur_moveit_config
