-- Found ament_cmake: 1.3.5 (/opt/ros/humble/share/ament_cmake/cmake)
-- Found rclcpp: 16.0.6 (/opt/ros/humble/share/rclcpp/cmake)
-- Found rosidl_generator_c: 3.1.5 (/opt/ros/humble/share/rosidl_generator_c/cmake)
-- Found rosidl_adapter: 3.1.5 (/opt/ros/humble/share/rosidl_adapter/cmake)
-- Found rosidl_generator_cpp: 3.1.5 (/opt/ros/humble/share/rosidl_generator_cpp/cmake)
-- Using all available rosidl_typesupport_c: rosidl_typesupport_fastrtps_c;rosidl_typesupport_introspection_c
-- Using all available rosidl_typesupport_cpp: rosidl_typesupport_fastrtps_cpp;rosidl_typesupport_introspection_cpp
-- Found rmw_implementation_cmake: 6.1.1 (/opt/ros/humble/share/rmw_implementation_cmake/cmake)
-- Found rmw_fastrtps_cpp: 6.2.4 (/opt/ros/humble/share/rmw_fastrtps_cpp/cmake)
-- Using RMW implementation 'rmw_fastrtps_cpp' as default
-- Found sensor_msgs: 4.2.3 (/opt/ros/humble/share/sensor_msgs/cmake)
-- Found tf2: 0.25.4 (/opt/ros/humble/share/tf2/cmake)
-- Found tf2_ros: 0.25.4 (/opt/ros/humble/share/tf2_ros/cmake)
-- Found tf2_geometry_msgs: 0.25.4 (/opt/ros/humble/share/tf2_geometry_msgs/cmake)
-- Found eigen3_cmake_module: 0.1.1 (/opt/ros/humble/share/eigen3_cmake_module/cmake)
-- Ensuring Eigen3 include directory is part of orocos-kdl CMake target
-- Found control_msgs: 4.4.0 (/opt/ros/humble/share/control_msgs/cmake)
[33mCMake Warning at CMakeLists.txt:24 (find_package):
  By not providing "Findmoveit_ros_planning_interface.cmake" in
  CMAKE_MODULE_PATH this project has asked CMake to find a package
  configuration file provided by "moveit_ros_planning_interface", but CMake
  did not find one.

  Could not find a package configuration file provided by
  "moveit_ros_planning_interface" with any of the following names:

    moveit_ros_planning_interfaceConfig.cmake
    moveit_ros_planning_interface-config.cmake

  Add the installation prefix of "moveit_ros_planning_interface" to
  CMAKE_PREFIX_PATH or set "moveit_ros_planning_interface_DIR" to a directory
  containing one of the above files.  If "moveit_ros_planning_interface"
  provides a separate development package or SDK, be sure it has been
  installed.

[0m
[33mCMake Warning at CMakeLists.txt:26 (find_package):
  By not providing "Findmoveit_visual_tools.cmake" in CMAKE_MODULE_PATH this
  project has asked CMake to find a package configuration file provided by
  "moveit_visual_tools", but CMake did not find one.

  Could not find a package configuration file provided by
  "moveit_visual_tools" with any of the following names:

    moveit_visual_toolsConfig.cmake
    moveit_visual_tools-config.cmake

  Add the installation prefix of "moveit_visual_tools" to CMAKE_PREFIX_PATH
  or set "moveit_visual_tools_DIR" to a directory containing one of the above
  files.  If "moveit_visual_tools" provides a separate development package or
  SDK, be sure it has been installed.

[0m
[33mCMake Warning at CMakeLists.txt:27 (find_package):
  By not providing "Findcontroller_manager_msgs.cmake" in CMAKE_MODULE_PATH
  this project has asked CMake to find a package configuration file provided
  by "controller_manager_msgs", but CMake did not find one.

  Could not find a package configuration file provided by
  "controller_manager_msgs" with any of the following names:

    controller_manager_msgsConfig.cmake
    controller_manager_msgs-config.cmake

  Add the installation prefix of "controller_manager_msgs" to
  CMAKE_PREFIX_PATH or set "controller_manager_msgs_DIR" to a directory
  containing one of the above files.  If "controller_manager_msgs" provides a
  separate development package or SDK, be sure it has been installed.

[0m
[31mCMake Error at /opt/ros/humble/share/ament_cmake_target_dependencies/cmake/ament_target_dependencies.cmake:77 (message):
  ament_target_dependencies() the passed package name
  'moveit_ros_planning_interface' was not found before
Call Stack (most recent call first):
  CMakeLists.txt:61 (ament_target_dependencies)

[0m
-- Configuring incomplete, errors occurred!
See also "/home/andrew/4231/project_workspace/MTRN4231_Winners/src/build/winners_pkg/CMakeFiles/CMakeOutput.log".
