[0.136s] Invoking command in '/home/andrew/4231/project_workspace/MTRN4231_Winners/src/build/winners_pkg': CMAKE_PREFIX_PATH=/opt/ros/humble /usr/bin/cmake /home/andrew/4231/project_workspace/MTRN4231_Winners/src/winners_pkg -DCMAKE_INSTALL_PREFIX=/home/andrew/4231/project_workspace/MTRN4231_Winners/src/install/winners_pkg
[0.142s] -- Found ament_cmake: 1.3.5 (/opt/ros/humble/share/ament_cmake/cmake)
[0.209s] -- Found rclcpp: 16.0.6 (/opt/ros/humble/share/rclcpp/cmake)
[0.222s] -- Found rosidl_generator_c: 3.1.5 (/opt/ros/humble/share/rosidl_generator_c/cmake)
[0.223s] -- Found rosidl_adapter: 3.1.5 (/opt/ros/humble/share/rosidl_adapter/cmake)
[0.226s] -- Found rosidl_generator_cpp: 3.1.5 (/opt/ros/humble/share/rosidl_generator_cpp/cmake)
[0.231s] -- Using all available rosidl_typesupport_c: rosidl_typesupport_fastrtps_c;rosidl_typesupport_introspection_c
[0.238s] -- Using all available rosidl_typesupport_cpp: rosidl_typesupport_fastrtps_cpp;rosidl_typesupport_introspection_cpp
[0.264s] -- Found rmw_implementation_cmake: 6.1.1 (/opt/ros/humble/share/rmw_implementation_cmake/cmake)
[0.265s] -- Found rmw_fastrtps_cpp: 6.2.4 (/opt/ros/humble/share/rmw_fastrtps_cpp/cmake)
[0.317s] -- Using RMW implementation 'rmw_fastrtps_cpp' as default
[0.390s] -- Found sensor_msgs: 4.2.3 (/opt/ros/humble/share/sensor_msgs/cmake)
[0.454s] -- Found tf2: 0.25.4 (/opt/ros/humble/share/tf2/cmake)
[0.457s] -- Found tf2_ros: 0.25.4 (/opt/ros/humble/share/tf2_ros/cmake)
[0.612s] -- Found tf2_geometry_msgs: 0.25.4 (/opt/ros/humble/share/tf2_geometry_msgs/cmake)
[0.614s] -- Found eigen3_cmake_module: 0.1.1 (/opt/ros/humble/share/eigen3_cmake_module/cmake)
[0.615s] -- Ensuring Eigen3 include directory is part of orocos-kdl CMake target
[0.619s] -- Found control_msgs: 4.4.0 (/opt/ros/humble/share/control_msgs/cmake)
[0.757s] [33mCMake Warning at CMakeLists.txt:24 (find_package):
[0.757s]   By not providing "Findmoveit_ros_planning_interface.cmake" in
[0.757s]   CMAKE_MODULE_PATH this project has asked CMake to find a package
[0.757s]   configuration file provided by "moveit_ros_planning_interface", but CMake
[0.757s]   did not find one.
[0.757s] 
[0.757s]   Could not find a package configuration file provided by
[0.757s]   "moveit_ros_planning_interface" with any of the following names:
[0.757s] 
[0.757s]     moveit_ros_planning_interfaceConfig.cmake
[0.757s]     moveit_ros_planning_interface-config.cmake
[0.757s] 
[0.757s]   Add the installation prefix of "moveit_ros_planning_interface" to
[0.757s]   CMAKE_PREFIX_PATH or set "moveit_ros_planning_interface_DIR" to a directory
[0.757s]   containing one of the above files.  If "moveit_ros_planning_interface"
[0.757s]   provides a separate development package or SDK, be sure it has been
[0.757s]   installed.
[0.757s] 
[0.757s] [0m
[0.760s] [33mCMake Warning at CMakeLists.txt:26 (find_package):
[0.760s]   By not providing "Findmoveit_visual_tools.cmake" in CMAKE_MODULE_PATH this
[0.760s]   project has asked CMake to find a package configuration file provided by
[0.760s]   "moveit_visual_tools", but CMake did not find one.
[0.760s] 
[0.760s]   Could not find a package configuration file provided by
[0.760s]   "moveit_visual_tools" with any of the following names:
[0.760s] 
[0.761s]     moveit_visual_toolsConfig.cmake
[0.761s]     moveit_visual_tools-config.cmake
[0.761s] 
[0.761s]   Add the installation prefix of "moveit_visual_tools" to CMAKE_PREFIX_PATH
[0.761s]   or set "moveit_visual_tools_DIR" to a directory containing one of the above
[0.761s]   files.  If "moveit_visual_tools" provides a separate development package or
[0.761s]   SDK, be sure it has been installed.
[0.761s] 
[0.761s] [0m
[0.764s] [33mCMake Warning at CMakeLists.txt:27 (find_package):
[0.764s]   By not providing "Findcontroller_manager_msgs.cmake" in CMAKE_MODULE_PATH
[0.764s]   this project has asked CMake to find a package configuration file provided
[0.764s]   by "controller_manager_msgs", but CMake did not find one.
[0.764s] 
[0.764s]   Could not find a package configuration file provided by
[0.764s]   "controller_manager_msgs" with any of the following names:
[0.764s] 
[0.764s]     controller_manager_msgsConfig.cmake
[0.764s]     controller_manager_msgs-config.cmake
[0.764s] 
[0.764s]   Add the installation prefix of "controller_manager_msgs" to
[0.764s]   CMAKE_PREFIX_PATH or set "controller_manager_msgs_DIR" to a directory
[0.764s]   containing one of the above files.  If "controller_manager_msgs" provides a
[0.764s]   separate development package or SDK, be sure it has been installed.
[0.764s] 
[0.764s] [0m
[0.770s] [31mCMake Error at /opt/ros/humble/share/ament_cmake_target_dependencies/cmake/ament_target_dependencies.cmake:77 (message):
[0.770s]   ament_target_dependencies() the passed package name
[0.770s]   'moveit_ros_planning_interface' was not found before
[0.770s] Call Stack (most recent call first):
[0.770s]   CMakeLists.txt:61 (ament_target_dependencies)
[0.770s] 
[0.770s] [0m
[0.770s] -- Configuring incomplete, errors occurred!
[0.770s] See also "/home/andrew/4231/project_workspace/MTRN4231_Winners/src/build/winners_pkg/CMakeFiles/CMakeOutput.log".
[0.774s] Invoked command in '/home/andrew/4231/project_workspace/MTRN4231_Winners/src/build/winners_pkg' returned '1': CMAKE_PREFIX_PATH=/opt/ros/humble /usr/bin/cmake /home/andrew/4231/project_workspace/MTRN4231_Winners/src/winners_pkg -DCMAKE_INSTALL_PREFIX=/home/andrew/4231/project_workspace/MTRN4231_Winners/src/install/winners_pkg
