-- The C compiler identification is GNU 11.4.0
-- The CXX compiler identification is GNU 11.4.0
-- Detecting C compiler ABI info
-- Detecting C compiler ABI info - done
-- Check for working C compiler: /usr/bin/cc - skipped
-- Detecting C compile features
-- Detecting C compile features - done
-- Detecting CXX compiler ABI info
-- Detecting CXX compiler ABI info - done
-- Check for working CXX compiler: /usr/bin/c++ - skipped
-- Detecting CXX compile features
-- Detecting CXX compile features - done
-- Found ament_cmake: 1.3.5 (/opt/ros/humble/share/ament_cmake/cmake)
-- Found Python3: /usr/bin/python3.10 (found version "3.10.12") found components: Interpreter 
-- Configuring done
-- Generating done
-- Build files have been written to: /home/mtrn/4231/ws_moveit2/build/moveit_resources
-- Install configuration: "Release"
-- Installing: /home/mtrn/4231/ws_moveit2/install/moveit_resources/share/ament_index/resource_index/package_run_dependencies/moveit_resources
-- Installing: /home/mtrn/4231/ws_moveit2/install/moveit_resources/share/ament_index/resource_index/parent_prefix_path/moveit_resources
-- Installing: /home/mtrn/4231/ws_moveit2/install/moveit_resources/share/moveit_resources/environment/ament_prefix_path.sh
-- Installing: /home/mtrn/4231/ws_moveit2/install/moveit_resources/share/moveit_resources/environment/ament_prefix_path.dsv
-- Installing: /home/mtrn/4231/ws_moveit2/install/moveit_resources/share/moveit_resources/environment/path.sh
-- Installing: /home/mtrn/4231/ws_moveit2/install/moveit_resources/share/moveit_resources/environment/path.dsv
-- Installing: /home/mtrn/4231/ws_moveit2/install/moveit_resources/share/moveit_resources/local_setup.bash
-- Installing: /home/mtrn/4231/ws_moveit2/install/moveit_resources/share/moveit_resources/local_setup.sh
-- Installing: /home/mtrn/4231/ws_moveit2/install/moveit_resources/share/moveit_resources/local_setup.zsh
-- Installing: /home/mtrn/4231/ws_moveit2/install/moveit_resources/share/moveit_resources/local_setup.dsv
-- Installing: /home/mtrn/4231/ws_moveit2/install/moveit_resources/share/moveit_resources/package.dsv
-- Installing: /home/mtrn/4231/ws_moveit2/install/moveit_resources/share/ament_index/resource_index/packages/moveit_resources
-- Installing: /home/mtrn/4231/ws_moveit2/install/moveit_resources/share/moveit_resources/cmake/moveit_resourcesConfig.cmake
-- Installing: /home/mtrn/4231/ws_moveit2/install/moveit_resources/share/moveit_resources/cmake/moveit_resourcesConfig-version.cmake
-- Installing: /home/mtrn/4231/ws_moveit2/install/moveit_resources/share/moveit_resources/package.xml
