[ 16%] Built target camTest
[ 33%] Built target transforms
[ 41%] [32mBuilding CXX object CMakeFiles/velcroPadPose.dir/src/velcroPadPose.cpp.o[0m
[ 50%] [32mBuilding CXX object CMakeFiles/ballPose.dir/src/ballPose.cpp.o[0m
[ 66%] Built target Brain
[ 83%] Built target RobotControl
[ 91%] [32m[1mLinking CXX executable velcroPadPose[0m
[100%] [32m[1mLinking CXX executable ballPose[0m
[100%] Built target ballPose
[100%] Built target velcroPadPose
-- Install configuration: ""
-- Up-to-date: /home/mtrn/4231/project_workspace/MTRN4231_Winners/winners_pkg/install/winners_pkg/lib/winners_pkg/camTest
-- Installing: /home/mtrn/4231/project_workspace/MTRN4231_Winners/winners_pkg/install/winners_pkg/lib/winners_pkg/ballPose
-- Set runtime path of "/home/mtrn/4231/project_workspace/MTRN4231_Winners/winners_pkg/install/winners_pkg/lib/winners_pkg/ballPose" to ""
-- Installing: /home/mtrn/4231/project_workspace/MTRN4231_Winners/winners_pkg/install/winners_pkg/lib/winners_pkg/velcroPadPose
-- Set runtime path of "/home/mtrn/4231/project_workspace/MTRN4231_Winners/winners_pkg/install/winners_pkg/lib/winners_pkg/velcroPadPose" to ""
-- Up-to-date: /home/mtrn/4231/project_workspace/MTRN4231_Winners/winners_pkg/install/winners_pkg/lib/winners_pkg/transforms
-- Up-to-date: /home/mtrn/4231/project_workspace/MTRN4231_Winners/winners_pkg/install/winners_pkg/lib/winners_pkg/RobotControl
-- Up-to-date: /home/mtrn/4231/project_workspace/MTRN4231_Winners/winners_pkg/install/winners_pkg/lib/winners_pkg/Brain
-- Up-to-date: /home/mtrn/4231/project_workspace/MTRN4231_Winners/winners_pkg/install/winners_pkg/share/winners_pkg/launch
-- Up-to-date: /home/mtrn/4231/project_workspace/MTRN4231_Winners/winners_pkg/install/winners_pkg/share/winners_pkg/launch/winners_launch.py
-- Up-to-date: /home/mtrn/4231/project_workspace/MTRN4231_Winners/winners_pkg/install/winners_pkg/share/ament_index/resource_index/package_run_dependencies/winners_pkg
-- Up-to-date: /home/mtrn/4231/project_workspace/MTRN4231_Winners/winners_pkg/install/winners_pkg/share/ament_index/resource_index/parent_prefix_path/winners_pkg
-- Up-to-date: /home/mtrn/4231/project_workspace/MTRN4231_Winners/winners_pkg/install/winners_pkg/share/winners_pkg/environment/ament_prefix_path.sh
-- Up-to-date: /home/mtrn/4231/project_workspace/MTRN4231_Winners/winners_pkg/install/winners_pkg/share/winners_pkg/environment/ament_prefix_path.dsv
-- Up-to-date: /home/mtrn/4231/project_workspace/MTRN4231_Winners/winners_pkg/install/winners_pkg/share/winners_pkg/environment/path.sh
-- Up-to-date: /home/mtrn/4231/project_workspace/MTRN4231_Winners/winners_pkg/install/winners_pkg/share/winners_pkg/environment/path.dsv
-- Up-to-date: /home/mtrn/4231/project_workspace/MTRN4231_Winners/winners_pkg/install/winners_pkg/share/winners_pkg/local_setup.bash
-- Up-to-date: /home/mtrn/4231/project_workspace/MTRN4231_Winners/winners_pkg/install/winners_pkg/share/winners_pkg/local_setup.sh
-- Up-to-date: /home/mtrn/4231/project_workspace/MTRN4231_Winners/winners_pkg/install/winners_pkg/share/winners_pkg/local_setup.zsh
-- Up-to-date: /home/mtrn/4231/project_workspace/MTRN4231_Winners/winners_pkg/install/winners_pkg/share/winners_pkg/local_setup.dsv
-- Installing: /home/mtrn/4231/project_workspace/MTRN4231_Winners/winners_pkg/install/winners_pkg/share/winners_pkg/package.dsv
-- Up-to-date: /home/mtrn/4231/project_workspace/MTRN4231_Winners/winners_pkg/install/winners_pkg/share/ament_index/resource_index/packages/winners_pkg
-- Up-to-date: /home/mtrn/4231/project_workspace/MTRN4231_Winners/winners_pkg/install/winners_pkg/share/winners_pkg/cmake/winners_pkgConfig.cmake
-- Up-to-date: /home/mtrn/4231/project_workspace/MTRN4231_Winners/winners_pkg/install/winners_pkg/share/winners_pkg/cmake/winners_pkgConfig-version.cmake
-- Up-to-date: /home/mtrn/4231/project_workspace/MTRN4231_Winners/winners_pkg/install/winners_pkg/share/winners_pkg/package.xml
