[0.021s] Invoking command in '/home/mtrn/4231/ws_moveit2/build/moveit_ros_perception': AMENT_PREFIX_PATH=/home/mtrn/4231/ws_moveit2/install/moveit_ros_planning:/home/mtrn/4231/ws_moveit2/install/moveit_ros_occupancy_map_monitor:/home/mtrn/4231/ws_moveit2/install/moveit_core:/home/mtrn/4231/ws_moveit2/install/srdfdom:/home/mtrn/4231/ws_moveit2/install/moveit_common:${AMENT_PREFIX_PATH} CMAKE_PREFIX_PATH=/home/mtrn/4231/ws_moveit2/install/moveit_ros_planning:/home/mtrn/4231/ws_moveit2/install/moveit_ros_occupancy_map_monitor:/home/mtrn/4231/ws_moveit2/install/moveit_core:/home/mtrn/4231/ws_moveit2/install/srdfdom:/home/mtrn/4231/ws_moveit2/install/moveit_common:/opt/ros/humble LD_LIBRARY_PATH=/home/mtrn/4231/ws_moveit2/install/moveit_ros_planning/lib:/home/mtrn/4231/ws_moveit2/install/moveit_ros_occupancy_map_monitor/lib:/home/mtrn/4231/ws_moveit2/install/moveit_core/lib:/home/mtrn/4231/ws_moveit2/install/srdfdom/lib:${LD_LIBRARY_PATH} PATH=/home/mtrn/4231/ws_moveit2/install/moveit_core/bin:${PATH} PYTHONPATH=/home/mtrn/4231/ws_moveit2/install/srdfdom/local/lib/python3.10/dist-packages:${PYTHONPATH} /usr/bin/cmake /home/mtrn/4231/ws_moveit2/src/moveit2/moveit_ros/perception -DCMAKE_BUILD_TYPE=Release -DCMAKE_INSTALL_PREFIX=/home/mtrn/4231/ws_moveit2/install/moveit_ros_perception
[0.058s] -- The C compiler identification is GNU 11.4.0
[0.094s] -- The CXX compiler identification is GNU 11.4.0
[0.099s] -- Detecting C compiler ABI info
[0.145s] -- Detecting C compiler ABI info - done
[0.149s] -- Check for working C compiler: /usr/bin/cc - skipped
[0.149s] -- Detecting C compile features
[0.150s] -- Detecting C compile features - done
[0.151s] -- Detecting CXX compiler ABI info
[0.202s] -- Detecting CXX compiler ABI info - done
[0.206s] -- Check for working CXX compiler: /usr/bin/c++ - skipped
[0.206s] -- Detecting CXX compile features
[0.207s] -- Detecting CXX compile features - done
[0.208s] -- Found moveit_common: 2.5.4 (/home/mtrn/4231/ws_moveit2/install/moveit_common/share/moveit_common/cmake)
[0.209s] -- Found ament_cmake: 1.3.5 (/opt/ros/humble/share/ament_cmake/cmake)
[0.318s] -- Found Python3: /usr/bin/python3.10 (found version "3.10.12") found components: Interpreter 
[0.424s] -- Found libdw: /usr/lib/x86_64-linux-gnu/libdw.so  
[0.427s] -- Could NOT find libbfd (missing: LIBBFD_LIBRARY LIBBFD_INCLUDE_DIR) 
[0.427s] -- BACKWARD_HAS_UNWIND=1
[0.427s] -- BACKWARD_HAS_BACKTRACE=0
[0.427s] -- BACKWARD_HAS_BACKTRACE_SYMBOL=0
[0.428s] -- BACKWARD_HAS_DW=1
[0.428s] -- BACKWARD_HAS_BFD=0
[0.428s] -- Found Backward: /opt/ros/humble/share/backward_ros/cmake  
[0.436s] -- Found OpenGL: /usr/lib/x86_64-linux-gnu/libOpenGL.so   
[0.464s] -- Found GLEW: /usr/include (found version "2.2.0") 
[0.468s] -- Found PkgConfig: /usr/bin/pkg-config (found version "0.29.2") 
[0.468s] -- Checking for module 'glut'
[0.470s] --   No package 'glut' found
[0.473s] -- Found GLUT: /usr/lib/x86_64-linux-gnu/libglut.so  
[0.476s] -- Found cv_bridge: 3.2.1 (/opt/ros/humble/share/cv_bridge/cmake)
[0.513s] -- Found rosidl_generator_c: 3.1.5 (/opt/ros/humble/share/rosidl_generator_c/cmake)
[0.516s] -- Found rosidl_adapter: 3.1.5 (/opt/ros/humble/share/rosidl_adapter/cmake)
[0.522s] -- Found rosidl_generator_cpp: 3.1.5 (/opt/ros/humble/share/rosidl_generator_cpp/cmake)
[0.534s] -- Using all available rosidl_typesupport_c: rosidl_typesupport_fastrtps_c;rosidl_typesupport_introspection_c
[0.546s] -- Using all available rosidl_typesupport_cpp: rosidl_typesupport_fastrtps_cpp;rosidl_typesupport_introspection_cpp
[0.700s] -- Found moveit_core: 2.5.4 (/home/mtrn/4231/ws_moveit2/install/moveit_core/share/moveit_core/cmake)
[0.862s] -- Found Boost: /usr/lib/x86_64-linux-gnu/cmake/Boost-1.74.0/BoostConfig.cmake (found version "1.74.0") found components: chrono date_time filesystem iostreams program_options regex serialization system thread 
[0.872s] -- Found parameter_traits: 0.3.6 (/opt/ros/humble/share/parameter_traits/cmake)
[0.918s] -- Found rmw_implementation_cmake: 6.1.1 (/opt/ros/humble/share/rmw_implementation_cmake/cmake)
[0.920s] -- Found rmw_cyclonedds_cpp: 1.3.4 (/opt/ros/humble/share/rmw_cyclonedds_cpp/cmake)
[0.942s] -- Using RMW implementation 'rmw_cyclonedds_cpp' as default
[0.949s] -- Found Threads: TRUE  
[1.054s] -- Found rclcpp_lifecycle: 16.0.5 (/opt/ros/humble/share/rclcpp_lifecycle/cmake)
[1.085s] -- Found Boost: /usr/lib/x86_64-linux-gnu/cmake/Boost-1.74.0/BoostConfig.cmake (found version "1.74.0") found components: filesystem 
[1.146s] -- library: /usr/lib/x86_64-linux-gnu/libcurl.so
[1.292s] -- Found Eigen3: TRUE (found version "3.4.0") 
[1.292s] -- Ensuring Eigen3 include directory is part of orocos-kdl CMake target
[2.052s] -- Found image_transport: 3.1.7 (/opt/ros/humble/share/image_transport/cmake)
[2.065s] -- Found moveit_ros_occupancy_map_monitor: 2.5.4 (/home/mtrn/4231/ws_moveit2/install/moveit_ros_occupancy_map_monitor/share/moveit_ros_occupancy_map_monitor/cmake)
[2.437s] -- Found OpenMP_C: -fopenmp (found version "4.5") 
[2.514s] -- Found OpenMP_CXX: -fopenmp (found version "4.5") 
[2.514s] -- Found OpenMP: TRUE (found version "4.5")  
[2.518s] -- Found OpenCV: /usr (found version "4.5.4") 
[2.522s] -- Found Boost: /usr/lib/x86_64-linux-gnu/cmake/Boost-1.74.0/BoostConfig.cmake (found version "1.74.0") found components: thread 
[2.541s] -- Performing Test COMPILER_HAS_HIDDEN_VISIBILITY
[2.611s] -- Performing Test COMPILER_HAS_HIDDEN_VISIBILITY - Success
[2.612s] -- Performing Test COMPILER_HAS_HIDDEN_INLINE_VISIBILITY
[2.681s] -- Performing Test COMPILER_HAS_HIDDEN_INLINE_VISIBILITY - Success
[2.682s] -- Performing Test COMPILER_HAS_DEPRECATED_ATTR
[2.750s] -- Performing Test COMPILER_HAS_DEPRECATED_ATTR - Success
[2.771s] -- Found ament_lint_auto: 0.12.7 (/opt/ros/humble/share/ament_lint_auto/cmake)
[2.801s] -- Added test 'cppcheck' to perform static code analysis on C / C++ code
[2.802s] -- Configured cppcheck include dirs: /home/mtrn/4231/ws_moveit2/src/moveit2/moveit_ros/perception/depth_image_octomap_updater/include;/home/mtrn/4231/ws_moveit2/src/moveit2/moveit_ros/perception/lazy_free_space_updater/include;/home/mtrn/4231/ws_moveit2/src/moveit2/moveit_ros/perception/mesh_filter/include;/home/mtrn/4231/ws_moveit2/src/moveit2/moveit_ros/perception/point_containment_filter/include;/home/mtrn/4231/ws_moveit2/src/moveit2/moveit_ros/perception/pointcloud_octomap_updater/include;/home/mtrn/4231/ws_moveit2/src/moveit2/moveit_ros/perception/semantic_world/include
[2.802s] -- Configured cppcheck exclude dirs and/or files: 
[2.804s] -- Added test 'lint_cmake' to check CMake code style
[2.805s] -- Added test 'xmllint' to check XML markup files
[2.806s] -- Configuring done
[2.892s] -- Generating done
[2.895s] -- Build files have been written to: /home/mtrn/4231/ws_moveit2/build/moveit_ros_perception
[2.909s] Invoked command in '/home/mtrn/4231/ws_moveit2/build/moveit_ros_perception' returned '0': AMENT_PREFIX_PATH=/home/mtrn/4231/ws_moveit2/install/moveit_ros_planning:/home/mtrn/4231/ws_moveit2/install/moveit_ros_occupancy_map_monitor:/home/mtrn/4231/ws_moveit2/install/moveit_core:/home/mtrn/4231/ws_moveit2/install/srdfdom:/home/mtrn/4231/ws_moveit2/install/moveit_common:${AMENT_PREFIX_PATH} CMAKE_PREFIX_PATH=/home/mtrn/4231/ws_moveit2/install/moveit_ros_planning:/home/mtrn/4231/ws_moveit2/install/moveit_ros_occupancy_map_monitor:/home/mtrn/4231/ws_moveit2/install/moveit_core:/home/mtrn/4231/ws_moveit2/install/srdfdom:/home/mtrn/4231/ws_moveit2/install/moveit_common:/opt/ros/humble LD_LIBRARY_PATH=/home/mtrn/4231/ws_moveit2/install/moveit_ros_planning/lib:/home/mtrn/4231/ws_moveit2/install/moveit_ros_occupancy_map_monitor/lib:/home/mtrn/4231/ws_moveit2/install/moveit_core/lib:/home/mtrn/4231/ws_moveit2/install/srdfdom/lib:${LD_LIBRARY_PATH} PATH=/home/mtrn/4231/ws_moveit2/install/moveit_core/bin:${PATH} PYTHONPATH=/home/mtrn/4231/ws_moveit2/install/srdfdom/local/lib/python3.10/dist-packages:${PYTHONPATH} /usr/bin/cmake /home/mtrn/4231/ws_moveit2/src/moveit2/moveit_ros/perception -DCMAKE_BUILD_TYPE=Release -DCMAKE_INSTALL_PREFIX=/home/mtrn/4231/ws_moveit2/install/moveit_ros_perception
[2.909s] Invoking command in '/home/mtrn/4231/ws_moveit2/build/moveit_ros_perception': AMENT_PREFIX_PATH=/home/mtrn/4231/ws_moveit2/install/moveit_ros_planning:/home/mtrn/4231/ws_moveit2/install/moveit_ros_occupancy_map_monitor:/home/mtrn/4231/ws_moveit2/install/moveit_core:/home/mtrn/4231/ws_moveit2/install/srdfdom:/home/mtrn/4231/ws_moveit2/install/moveit_common:${AMENT_PREFIX_PATH} CMAKE_PREFIX_PATH=/home/mtrn/4231/ws_moveit2/install/moveit_ros_planning:/home/mtrn/4231/ws_moveit2/install/moveit_ros_occupancy_map_monitor:/home/mtrn/4231/ws_moveit2/install/moveit_core:/home/mtrn/4231/ws_moveit2/install/srdfdom:/home/mtrn/4231/ws_moveit2/install/moveit_common:/opt/ros/humble LD_LIBRARY_PATH=/home/mtrn/4231/ws_moveit2/install/moveit_ros_planning/lib:/home/mtrn/4231/ws_moveit2/install/moveit_ros_occupancy_map_monitor/lib:/home/mtrn/4231/ws_moveit2/install/moveit_core/lib:/home/mtrn/4231/ws_moveit2/install/srdfdom/lib:${LD_LIBRARY_PATH} PATH=/home/mtrn/4231/ws_moveit2/install/moveit_core/bin:${PATH} PYTHONPATH=/home/mtrn/4231/ws_moveit2/install/srdfdom/local/lib/python3.10/dist-packages:${PYTHONPATH} /usr/bin/cmake --build /home/mtrn/4231/ws_moveit2/build/moveit_ros_perception -- -j4 -l4
[2.950s] [  5%] [32mBuilding CXX object point_containment_filter/CMakeFiles/moveit_point_containment_filter.dir/src/shape_mask.cpp.o[0m
[2.950s] [ 10%] [32mBuilding CXX object lazy_free_space_updater/CMakeFiles/moveit_lazy_free_space_updater.dir/src/lazy_free_space_updater.cpp.o[0m
[2.952s] [ 15%] [32mBuilding CXX object semantic_world/CMakeFiles/moveit_semantic_world.dir/src/semantic_world.cpp.o[0m
[2.958s] [ 20%] [32mBuilding CXX object mesh_filter/CMakeFiles/moveit_mesh_filter.dir/src/mesh_filter_base.cpp.o[0m
[4.841s] [ 25%] [32m[1mLinking CXX shared library libmoveit_lazy_free_space_updater.so[0m
[5.068s] [ 25%] Built target moveit_lazy_free_space_updater
[5.076s] [ 30%] [32mBuilding CXX object mesh_filter/CMakeFiles/moveit_mesh_filter.dir/src/sensor_model.cpp.o[0m
[5.881s] [ 35%] [32m[1mLinking CXX shared library libmoveit_point_containment_filter.so[0m
[5.986s] [ 40%] [32mBuilding CXX object mesh_filter/CMakeFiles/moveit_mesh_filter.dir/src/stereo_camera_model.cpp.o[0m
[6.005s] [ 40%] Built target moveit_point_containment_filter
[6.012s] [ 45%] [32mBuilding CXX object mesh_filter/CMakeFiles/moveit_mesh_filter.dir/src/gl_renderer.cpp.o[0m
[6.398s] [ 50%] [32mBuilding CXX object mesh_filter/CMakeFiles/moveit_mesh_filter.dir/src/gl_mesh.cpp.o[0m
[7.153s] [ 55%] [32mBuilding CXX object pointcloud_octomap_updater/CMakeFiles/moveit_pointcloud_octomap_updater_core.dir/src/pointcloud_octomap_updater.cpp.o[0m
[7.768s] [ 60%] [32m[1mLinking CXX shared library libmoveit_mesh_filter.so[0m
[8.022s] [ 60%] Built target moveit_mesh_filter
[8.043s] [ 65%] [32mBuilding CXX object depth_image_octomap_updater/CMakeFiles/moveit_depth_image_octomap_updater_core.dir/src/depth_image_octomap_updater.cpp.o[0m
[13.676s] [ 70%] [32m[1mLinking CXX shared library libmoveit_depth_image_octomap_updater_core.so[0m
[13.864s] [ 70%] Built target moveit_depth_image_octomap_updater_core
[13.890s] [ 75%] [32mBuilding CXX object depth_image_octomap_updater/CMakeFiles/moveit_depth_image_octomap_updater.dir/src/updater_plugin.cpp.o[0m
[17.781s] [ 80%] [32m[1mLinking CXX shared library libmoveit_depth_image_octomap_updater.so[0m
[17.930s] [ 80%] Built target moveit_depth_image_octomap_updater
[20.587s] [ 85%] [32m[1mLinking CXX shared library libmoveit_pointcloud_octomap_updater_core.so[0m
[20.797s] [ 85%] Built target moveit_pointcloud_octomap_updater_core
[20.814s] [ 90%] [32mBuilding CXX object pointcloud_octomap_updater/CMakeFiles/moveit_pointcloud_octomap_updater.dir/src/plugin_init.cpp.o[0m
[21.822s] [ 95%] [32m[1mLinking CXX shared library libmoveit_semantic_world.so[0m
[22.196s] [ 95%] Built target moveit_semantic_world
[24.108s] [100%] [32m[1mLinking CXX shared library libmoveit_pointcloud_octomap_updater.so[0m
[24.226s] [100%] Built target moveit_pointcloud_octomap_updater
[24.237s] Invoked command in '/home/mtrn/4231/ws_moveit2/build/moveit_ros_perception' returned '0': AMENT_PREFIX_PATH=/home/mtrn/4231/ws_moveit2/install/moveit_ros_planning:/home/mtrn/4231/ws_moveit2/install/moveit_ros_occupancy_map_monitor:/home/mtrn/4231/ws_moveit2/install/moveit_core:/home/mtrn/4231/ws_moveit2/install/srdfdom:/home/mtrn/4231/ws_moveit2/install/moveit_common:${AMENT_PREFIX_PATH} CMAKE_PREFIX_PATH=/home/mtrn/4231/ws_moveit2/install/moveit_ros_planning:/home/mtrn/4231/ws_moveit2/install/moveit_ros_occupancy_map_monitor:/home/mtrn/4231/ws_moveit2/install/moveit_core:/home/mtrn/4231/ws_moveit2/install/srdfdom:/home/mtrn/4231/ws_moveit2/install/moveit_common:/opt/ros/humble LD_LIBRARY_PATH=/home/mtrn/4231/ws_moveit2/install/moveit_ros_planning/lib:/home/mtrn/4231/ws_moveit2/install/moveit_ros_occupancy_map_monitor/lib:/home/mtrn/4231/ws_moveit2/install/moveit_core/lib:/home/mtrn/4231/ws_moveit2/install/srdfdom/lib:${LD_LIBRARY_PATH} PATH=/home/mtrn/4231/ws_moveit2/install/moveit_core/bin:${PATH} PYTHONPATH=/home/mtrn/4231/ws_moveit2/install/srdfdom/local/lib/python3.10/dist-packages:${PYTHONPATH} /usr/bin/cmake --build /home/mtrn/4231/ws_moveit2/build/moveit_ros_perception -- -j4 -l4
[24.266s] Invoking command in '/home/mtrn/4231/ws_moveit2/build/moveit_ros_perception': AMENT_PREFIX_PATH=/home/mtrn/4231/ws_moveit2/install/moveit_ros_planning:/home/mtrn/4231/ws_moveit2/install/moveit_ros_occupancy_map_monitor:/home/mtrn/4231/ws_moveit2/install/moveit_core:/home/mtrn/4231/ws_moveit2/install/srdfdom:/home/mtrn/4231/ws_moveit2/install/moveit_common:${AMENT_PREFIX_PATH} CMAKE_PREFIX_PATH=/home/mtrn/4231/ws_moveit2/install/moveit_ros_planning:/home/mtrn/4231/ws_moveit2/install/moveit_ros_occupancy_map_monitor:/home/mtrn/4231/ws_moveit2/install/moveit_core:/home/mtrn/4231/ws_moveit2/install/srdfdom:/home/mtrn/4231/ws_moveit2/install/moveit_common:/opt/ros/humble LD_LIBRARY_PATH=/home/mtrn/4231/ws_moveit2/install/moveit_ros_planning/lib:/home/mtrn/4231/ws_moveit2/install/moveit_ros_occupancy_map_monitor/lib:/home/mtrn/4231/ws_moveit2/install/moveit_core/lib:/home/mtrn/4231/ws_moveit2/install/srdfdom/lib:${LD_LIBRARY_PATH} PATH=/home/mtrn/4231/ws_moveit2/install/moveit_core/bin:${PATH} PYTHONPATH=/home/mtrn/4231/ws_moveit2/install/srdfdom/local/lib/python3.10/dist-packages:${PYTHONPATH} /usr/bin/cmake --install /home/mtrn/4231/ws_moveit2/build/moveit_ros_perception
[24.275s] -- Install configuration: "Release"
[24.275s] -- Installing: /home/mtrn/4231/ws_moveit2/install/moveit_ros_perception/include
[24.275s] -- Installing: /home/mtrn/4231/ws_moveit2/install/moveit_ros_perception/include/moveit
[24.275s] -- Installing: /home/mtrn/4231/ws_moveit2/install/moveit_ros_perception/include/moveit/lazy_free_space_updater
[24.275s] -- Installing: /home/mtrn/4231/ws_moveit2/install/moveit_ros_perception/include/moveit/lazy_free_space_updater/lazy_free_space_updater.h
[24.275s] -- Up-to-date: /home/mtrn/4231/ws_moveit2/install/moveit_ros_perception/include
[24.275s] -- Up-to-date: /home/mtrn/4231/ws_moveit2/install/moveit_ros_perception/include/moveit
[24.275s] -- Installing: /home/mtrn/4231/ws_moveit2/install/moveit_ros_perception/include/moveit/point_containment_filter
[24.276s] -- Installing: /home/mtrn/4231/ws_moveit2/install/moveit_ros_perception/include/moveit/point_containment_filter/shape_mask.h
[24.276s] -- Up-to-date: /home/mtrn/4231/ws_moveit2/install/moveit_ros_perception/include
[24.276s] -- Up-to-date: /home/mtrn/4231/ws_moveit2/install/moveit_ros_perception/include/moveit
[24.276s] -- Installing: /home/mtrn/4231/ws_moveit2/install/moveit_ros_perception/include/moveit/pointcloud_octomap_updater
[24.276s] -- Installing: /home/mtrn/4231/ws_moveit2/install/moveit_ros_perception/include/moveit/pointcloud_octomap_updater/pointcloud_octomap_updater.h
[24.276s] -- Up-to-date: /home/mtrn/4231/ws_moveit2/install/moveit_ros_perception/include
[24.276s] -- Up-to-date: /home/mtrn/4231/ws_moveit2/install/moveit_ros_perception/include/moveit
[24.276s] -- Installing: /home/mtrn/4231/ws_moveit2/install/moveit_ros_perception/include/moveit/mesh_filter
[24.276s] -- Installing: /home/mtrn/4231/ws_moveit2/install/moveit_ros_perception/include/moveit/mesh_filter/sensor_model.h
[24.276s] -- Installing: /home/mtrn/4231/ws_moveit2/install/moveit_ros_perception/include/moveit/mesh_filter/gl_mesh.h
[24.276s] -- Installing: /home/mtrn/4231/ws_moveit2/install/moveit_ros_perception/include/moveit/mesh_filter/filter_job.h
[24.277s] -- Installing: /home/mtrn/4231/ws_moveit2/install/moveit_ros_perception/include/moveit/mesh_filter/transform_provider.h
[24.277s] -- Installing: /home/mtrn/4231/ws_moveit2/install/moveit_ros_perception/include/moveit/mesh_filter/mesh_filter_base.h
[24.278s] -- Installing: /home/mtrn/4231/ws_moveit2/install/moveit_ros_perception/include/moveit/mesh_filter/stereo_camera_model.h
[24.278s] -- Installing: /home/mtrn/4231/ws_moveit2/install/moveit_ros_perception/include/moveit/mesh_filter/gl_renderer.h
[24.278s] -- Installing: /home/mtrn/4231/ws_moveit2/install/moveit_ros_perception/include/moveit/mesh_filter/mesh_filter.h
[24.278s] -- Installing: /home/mtrn/4231/ws_moveit2/install/moveit_ros_perception/include/moveit/mesh_filter/depth_self_filter_nodelet.h
[24.279s] -- Installing: /home/mtrn/4231/ws_moveit2/install/moveit_ros_perception/include/moveit_mesh_filter_export.h
[24.279s] -- Up-to-date: /home/mtrn/4231/ws_moveit2/install/moveit_ros_perception/include
[24.279s] -- Up-to-date: /home/mtrn/4231/ws_moveit2/install/moveit_ros_perception/include/moveit
[24.279s] -- Installing: /home/mtrn/4231/ws_moveit2/install/moveit_ros_perception/include/moveit/depth_image_octomap_updater
[24.280s] -- Installing: /home/mtrn/4231/ws_moveit2/install/moveit_ros_perception/include/moveit/depth_image_octomap_updater/depth_image_octomap_updater.h
[24.280s] -- Up-to-date: /home/mtrn/4231/ws_moveit2/install/moveit_ros_perception/include
[24.280s] -- Up-to-date: /home/mtrn/4231/ws_moveit2/install/moveit_ros_perception/include/moveit
[24.280s] -- Installing: /home/mtrn/4231/ws_moveit2/install/moveit_ros_perception/include/moveit/semantic_world
[24.280s] -- Installing: /home/mtrn/4231/ws_moveit2/install/moveit_ros_perception/include/moveit/semantic_world/semantic_world.h
[24.280s] -- Installing: /home/mtrn/4231/ws_moveit2/install/moveit_ros_perception/lib/libmoveit_depth_image_octomap_updater.so.2.5.4
[24.280s] -- Set runtime path of "/home/mtrn/4231/ws_moveit2/install/moveit_ros_perception/lib/libmoveit_depth_image_octomap_updater.so.2.5.4" to ""
[24.280s] -- Installing: /home/mtrn/4231/ws_moveit2/install/moveit_ros_perception/lib/libmoveit_depth_image_octomap_updater.so
[24.280s] -- Installing: /home/mtrn/4231/ws_moveit2/install/moveit_ros_perception/lib/libmoveit_depth_image_octomap_updater_core.so.2.5.4
[24.280s] -- Set runtime path of "/home/mtrn/4231/ws_moveit2/install/moveit_ros_perception/lib/libmoveit_depth_image_octomap_updater_core.so.2.5.4" to ""
[24.280s] -- Installing: /home/mtrn/4231/ws_moveit2/install/moveit_ros_perception/lib/libmoveit_depth_image_octomap_updater_core.so
[24.280s] -- Installing: /home/mtrn/4231/ws_moveit2/install/moveit_ros_perception/lib/libmoveit_lazy_free_space_updater.so.2.5.4
[24.281s] -- Set runtime path of "/home/mtrn/4231/ws_moveit2/install/moveit_ros_perception/lib/libmoveit_lazy_free_space_updater.so.2.5.4" to ""
[24.281s] -- Installing: /home/mtrn/4231/ws_moveit2/install/moveit_ros_perception/lib/libmoveit_lazy_free_space_updater.so
[24.281s] -- Installing: /home/mtrn/4231/ws_moveit2/install/moveit_ros_perception/lib/libmoveit_mesh_filter.so.2.5.4
[24.282s] -- Set runtime path of "/home/mtrn/4231/ws_moveit2/install/moveit_ros_perception/lib/libmoveit_mesh_filter.so.2.5.4" to ""
[24.282s] -- Installing: /home/mtrn/4231/ws_moveit2/install/moveit_ros_perception/lib/libmoveit_mesh_filter.so
[24.282s] -- Installing: /home/mtrn/4231/ws_moveit2/install/moveit_ros_perception/lib/libmoveit_point_containment_filter.so.2.5.4
[24.283s] -- Set runtime path of "/home/mtrn/4231/ws_moveit2/install/moveit_ros_perception/lib/libmoveit_point_containment_filter.so.2.5.4" to ""
[24.283s] -- Installing: /home/mtrn/4231/ws_moveit2/install/moveit_ros_perception/lib/libmoveit_point_containment_filter.so
[24.283s] -- Installing: /home/mtrn/4231/ws_moveit2/install/moveit_ros_perception/lib/libmoveit_pointcloud_octomap_updater.so.2.5.4
[24.283s] -- Set runtime path of "/home/mtrn/4231/ws_moveit2/install/moveit_ros_perception/lib/libmoveit_pointcloud_octomap_updater.so.2.5.4" to ""
[24.284s] -- Installing: /home/mtrn/4231/ws_moveit2/install/moveit_ros_perception/lib/libmoveit_pointcloud_octomap_updater.so
[24.284s] -- Installing: /home/mtrn/4231/ws_moveit2/install/moveit_ros_perception/lib/libmoveit_pointcloud_octomap_updater_core.so.2.5.4
[24.287s] -- Set runtime path of "/home/mtrn/4231/ws_moveit2/install/moveit_ros_perception/lib/libmoveit_pointcloud_octomap_updater_core.so.2.5.4" to ""
[24.287s] -- Installing: /home/mtrn/4231/ws_moveit2/install/moveit_ros_perception/lib/libmoveit_pointcloud_octomap_updater_core.so
[24.287s] -- Installing: /home/mtrn/4231/ws_moveit2/install/moveit_ros_perception/lib/libmoveit_semantic_world.so.2.5.4
[24.291s] -- Set runtime path of "/home/mtrn/4231/ws_moveit2/install/moveit_ros_perception/lib/libmoveit_semantic_world.so.2.5.4" to ""
[24.291s] -- Installing: /home/mtrn/4231/ws_moveit2/install/moveit_ros_perception/lib/libmoveit_semantic_world.so
[24.291s] -- Installing: /home/mtrn/4231/ws_moveit2/install/moveit_ros_perception/share/moveit_ros_perception/environment/library_path.sh
[24.291s] -- Installing: /home/mtrn/4231/ws_moveit2/install/moveit_ros_perception/share/moveit_ros_perception/environment/library_path.dsv
[24.292s] -- Installing: /home/mtrn/4231/ws_moveit2/install/moveit_ros_perception/share/moveit_ros_perception/pointcloud_octomap_updater_plugin_description.xml
[24.292s] -- Installing: /home/mtrn/4231/ws_moveit2/install/moveit_ros_perception/share/moveit_ros_perception/depth_image_octomap_updater_plugin_description.xml
[24.294s] -- Installing: /home/mtrn/4231/ws_moveit2/install/moveit_ros_perception/share/ament_index/resource_index/package_run_dependencies/moveit_ros_perception
[24.295s] -- Installing: /home/mtrn/4231/ws_moveit2/install/moveit_ros_perception/share/ament_index/resource_index/parent_prefix_path/moveit_ros_perception
[24.295s] -- Installing: /home/mtrn/4231/ws_moveit2/install/moveit_ros_perception/share/moveit_ros_perception/environment/ament_prefix_path.sh
[24.295s] -- Installing: /home/mtrn/4231/ws_moveit2/install/moveit_ros_perception/share/moveit_ros_perception/environment/ament_prefix_path.dsv
[24.295s] -- Installing: /home/mtrn/4231/ws_moveit2/install/moveit_ros_perception/share/moveit_ros_perception/environment/path.sh
[24.295s] -- Installing: /home/mtrn/4231/ws_moveit2/install/moveit_ros_perception/share/moveit_ros_perception/environment/path.dsv
[24.295s] -- Installing: /home/mtrn/4231/ws_moveit2/install/moveit_ros_perception/share/moveit_ros_perception/local_setup.bash
[24.296s] -- Installing: /home/mtrn/4231/ws_moveit2/install/moveit_ros_perception/share/moveit_ros_perception/local_setup.sh
[24.296s] -- Installing: /home/mtrn/4231/ws_moveit2/install/moveit_ros_perception/share/moveit_ros_perception/local_setup.zsh
[24.296s] -- Installing: /home/mtrn/4231/ws_moveit2/install/moveit_ros_perception/share/moveit_ros_perception/local_setup.dsv
[24.296s] -- Installing: /home/mtrn/4231/ws_moveit2/install/moveit_ros_perception/share/moveit_ros_perception/package.dsv
[24.296s] -- Installing: /home/mtrn/4231/ws_moveit2/install/moveit_ros_perception/share/ament_index/resource_index/packages/moveit_ros_perception
[24.296s] -- Installing: /home/mtrn/4231/ws_moveit2/install/moveit_ros_perception/share/ament_index/resource_index/moveit_ros_occupancy_map_monitor__pluginlib__plugin/moveit_ros_perception
[24.296s] -- Installing: /home/mtrn/4231/ws_moveit2/install/moveit_ros_perception/share/moveit_ros_perception/cmake/export_moveit_ros_perceptionExport.cmake
[24.297s] -- Installing: /home/mtrn/4231/ws_moveit2/install/moveit_ros_perception/share/moveit_ros_perception/cmake/export_moveit_ros_perceptionExport-release.cmake
[24.297s] -- Installing: /home/mtrn/4231/ws_moveit2/install/moveit_ros_perception/share/moveit_ros_perception/cmake/ConfigExtras.cmake
[24.297s] -- Installing: /home/mtrn/4231/ws_moveit2/install/moveit_ros_perception/share/moveit_ros_perception/cmake/ament_cmake_export_targets-extras.cmake
[24.297s] -- Installing: /home/mtrn/4231/ws_moveit2/install/moveit_ros_perception/share/moveit_ros_perception/cmake/ament_cmake_export_dependencies-extras.cmake
[24.297s] -- Installing: /home/mtrn/4231/ws_moveit2/install/moveit_ros_perception/share/moveit_ros_perception/cmake/moveit_ros_perceptionConfig.cmake
[24.297s] -- Installing: /home/mtrn/4231/ws_moveit2/install/moveit_ros_perception/share/moveit_ros_perception/cmake/moveit_ros_perceptionConfig-version.cmake
[24.297s] -- Installing: /home/mtrn/4231/ws_moveit2/install/moveit_ros_perception/share/moveit_ros_perception/package.xml
[24.306s] Invoked command in '/home/mtrn/4231/ws_moveit2/build/moveit_ros_perception' returned '0': AMENT_PREFIX_PATH=/home/mtrn/4231/ws_moveit2/install/moveit_ros_planning:/home/mtrn/4231/ws_moveit2/install/moveit_ros_occupancy_map_monitor:/home/mtrn/4231/ws_moveit2/install/moveit_core:/home/mtrn/4231/ws_moveit2/install/srdfdom:/home/mtrn/4231/ws_moveit2/install/moveit_common:${AMENT_PREFIX_PATH} CMAKE_PREFIX_PATH=/home/mtrn/4231/ws_moveit2/install/moveit_ros_planning:/home/mtrn/4231/ws_moveit2/install/moveit_ros_occupancy_map_monitor:/home/mtrn/4231/ws_moveit2/install/moveit_core:/home/mtrn/4231/ws_moveit2/install/srdfdom:/home/mtrn/4231/ws_moveit2/install/moveit_common:/opt/ros/humble LD_LIBRARY_PATH=/home/mtrn/4231/ws_moveit2/install/moveit_ros_planning/lib:/home/mtrn/4231/ws_moveit2/install/moveit_ros_occupancy_map_monitor/lib:/home/mtrn/4231/ws_moveit2/install/moveit_core/lib:/home/mtrn/4231/ws_moveit2/install/srdfdom/lib:${LD_LIBRARY_PATH} PATH=/home/mtrn/4231/ws_moveit2/install/moveit_core/bin:${PATH} PYTHONPATH=/home/mtrn/4231/ws_moveit2/install/srdfdom/local/lib/python3.10/dist-packages:${PYTHONPATH} /usr/bin/cmake --install /home/mtrn/4231/ws_moveit2/build/moveit_ros_perception
