[0.153s] Invoking command in '/home/andrew/4231/project_workspace/MTRN4231_Winners/src/build/winners_pkg': CMAKE_PREFIX_PATH=${CMAKE_PREFIX_PATH}:/home/andrew/4231/project_workspace/MTRN4231_Winners/src/install/CameraCV_pkg:/opt/ros/humble /usr/bin/cmake --build /home/andrew/4231/project_workspace/MTRN4231_Winners/src/build/winners_pkg -- -j24 -l24
[0.181s] [ 75%] Built target velcroPadPose
[0.181s] [ 75%] Built target camTest
[0.181s] [ 75%] Built target transforms
[0.181s] [ 75%] Built target ballPose
[0.181s] [ 83%] Built target Brain
[0.182s] [100%] Built target RobotControl
[0.188s] Invoked command in '/home/andrew/4231/project_workspace/MTRN4231_Winners/src/build/winners_pkg' returned '0': CMAKE_PREFIX_PATH=${CMAKE_PREFIX_PATH}:/home/andrew/4231/project_workspace/MTRN4231_Winners/src/install/CameraCV_pkg:/opt/ros/humble /usr/bin/cmake --build /home/andrew/4231/project_workspace/MTRN4231_Winners/src/build/winners_pkg -- -j24 -l24
[0.208s] Invoking command in '/home/andrew/4231/project_workspace/MTRN4231_Winners/src/build/winners_pkg': CMAKE_PREFIX_PATH=${CMAKE_PREFIX_PATH}:/home/andrew/4231/project_workspace/MTRN4231_Winners/src/install/CameraCV_pkg:/opt/ros/humble /usr/bin/cmake --install /home/andrew/4231/project_workspace/MTRN4231_Winners/src/build/winners_pkg
[0.211s] -- Install configuration: ""
[0.211s] -- Up-to-date: /home/andrew/4231/project_workspace/MTRN4231_Winners/src/install/winners_pkg/lib/winners_pkg/camTest
[0.211s] -- Up-to-date: /home/andrew/4231/project_workspace/MTRN4231_Winners/src/install/winners_pkg/lib/winners_pkg/ballPose
[0.211s] -- Up-to-date: /home/andrew/4231/project_workspace/MTRN4231_Winners/src/install/winners_pkg/lib/winners_pkg/velcroPadPose
[0.211s] -- Up-to-date: /home/andrew/4231/project_workspace/MTRN4231_Winners/src/install/winners_pkg/lib/winners_pkg/transforms
[0.212s] -- Up-to-date: /home/andrew/4231/project_workspace/MTRN4231_Winners/src/install/winners_pkg/lib/winners_pkg/RobotControl
[0.212s] -- Up-to-date: /home/andrew/4231/project_workspace/MTRN4231_Winners/src/install/winners_pkg/lib/winners_pkg/Brain
[0.212s] -- Up-to-date: /home/andrew/4231/project_workspace/MTRN4231_Winners/src/install/winners_pkg/share/winners_pkg/launch
[0.212s] -- Up-to-date: /home/andrew/4231/project_workspace/MTRN4231_Winners/src/install/winners_pkg/share/winners_pkg/launch/winners_launch.py
[0.212s] -- Up-to-date: /home/andrew/4231/project_workspace/MTRN4231_Winners/src/install/winners_pkg/share/ament_index/resource_index/package_run_dependencies/winners_pkg
[0.212s] -- Up-to-date: /home/andrew/4231/project_workspace/MTRN4231_Winners/src/install/winners_pkg/share/ament_index/resource_index/parent_prefix_path/winners_pkg
[0.212s] -- Up-to-date: /home/andrew/4231/project_workspace/MTRN4231_Winners/src/install/winners_pkg/share/winners_pkg/environment/ament_prefix_path.sh
[0.212s] -- Up-to-date: /home/andrew/4231/project_workspace/MTRN4231_Winners/src/install/winners_pkg/share/winners_pkg/environment/ament_prefix_path.dsv
[0.212s] -- Up-to-date: /home/andrew/4231/project_workspace/MTRN4231_Winners/src/install/winners_pkg/share/winners_pkg/environment/path.sh
[0.212s] -- Up-to-date: /home/andrew/4231/project_workspace/MTRN4231_Winners/src/install/winners_pkg/share/winners_pkg/environment/path.dsv
[0.212s] -- Up-to-date: /home/andrew/4231/project_workspace/MTRN4231_Winners/src/install/winners_pkg/share/winners_pkg/local_setup.bash
[0.212s] -- Up-to-date: /home/andrew/4231/project_workspace/MTRN4231_Winners/src/install/winners_pkg/share/winners_pkg/local_setup.sh
[0.212s] -- Up-to-date: /home/andrew/4231/project_workspace/MTRN4231_Winners/src/install/winners_pkg/share/winners_pkg/local_setup.zsh
[0.212s] -- Up-to-date: /home/andrew/4231/project_workspace/MTRN4231_Winners/src/install/winners_pkg/share/winners_pkg/local_setup.dsv
[0.212s] -- Installing: /home/andrew/4231/project_workspace/MTRN4231_Winners/src/install/winners_pkg/share/winners_pkg/package.dsv
[0.212s] -- Up-to-date: /home/andrew/4231/project_workspace/MTRN4231_Winners/src/install/winners_pkg/share/ament_index/resource_index/packages/winners_pkg
[0.212s] -- Up-to-date: /home/andrew/4231/project_workspace/MTRN4231_Winners/src/install/winners_pkg/share/winners_pkg/cmake/winners_pkgConfig.cmake
[0.212s] -- Up-to-date: /home/andrew/4231/project_workspace/MTRN4231_Winners/src/install/winners_pkg/share/winners_pkg/cmake/winners_pkgConfig-version.cmake
[0.212s] -- Up-to-date: /home/andrew/4231/project_workspace/MTRN4231_Winners/src/install/winners_pkg/share/winners_pkg/package.xml
[0.213s] Invoked command in '/home/andrew/4231/project_workspace/MTRN4231_Winners/src/build/winners_pkg' returned '0': CMAKE_PREFIX_PATH=${CMAKE_PREFIX_PATH}:/home/andrew/4231/project_workspace/MTRN4231_Winners/src/install/CameraCV_pkg:/opt/ros/humble /usr/bin/cmake --install /home/andrew/4231/project_workspace/MTRN4231_Winners/src/build/winners_pkg
