[33mCMake Warning at CMakeLists.txt:23 (find_package):
  By not providing "Findcontrol_msgs.cmake" in CMAKE_MODULE_PATH this project
  has asked CMake to find a package configuration file provided by
  "control_msgs", but CMake did not find one.

  Could not find a package configuration file provided by "control_msgs" with
  any of the following names:

    control_msgsConfig.cmake
    control_msgs-config.cmake

  Add the installation prefix of "control_msgs" to CMAKE_PREFIX_PATH or set
  "control_msgs_DIR" to a directory containing one of the above files.  If
  "control_msgs" provides a separate development package or SDK, be sure it
  has been installed.

[0m
[33mCMake Warning at CMakeLists.txt:24 (find_package):
  By not providing "Findmoveit_ros_planning_interface.cmake" in
  CMAKE_MODULE_PATH this project has asked CMake to find a package
  configuration file provided by "moveit_ros_planning_interface", but CMake
  did not find one.

  Could not find a package configuration file provided by
  "moveit_ros_planning_interface" with any of the following names:

    moveit_ros_planning_interfaceConfig.cmake
    moveit_ros_planning_interface-config.cmake

  Add the installation prefix of "moveit_ros_planning_interface" to
  CMAKE_PREFIX_PATH or set "moveit_ros_planning_interface_DIR" to a directory
  containing one of the above files.  If "moveit_ros_planning_interface"
  provides a separate development package or SDK, be sure it has been
  installed.

[0m
[33mCMake Warning at CMakeLists.txt:26 (find_package):
  By not providing "Findmoveit_visual_tools.cmake" in CMAKE_MODULE_PATH this
  project has asked CMake to find a package configuration file provided by
  "moveit_visual_tools", but CMake did not find one.

  Could not find a package configuration file provided by
  "moveit_visual_tools" with any of the following names:

    moveit_visual_toolsConfig.cmake
    moveit_visual_tools-config.cmake

  Add the installation prefix of "moveit_visual_tools" to CMAKE_PREFIX_PATH
  or set "moveit_visual_tools_DIR" to a directory containing one of the above
  files.  If "moveit_visual_tools" provides a separate development package or
  SDK, be sure it has been installed.

[0m
[33mCMake Warning at CMakeLists.txt:27 (find_package):
  By not providing "Findcontroller_manager_msgs.cmake" in CMAKE_MODULE_PATH
  this project has asked CMake to find a package configuration file provided
  by "controller_manager_msgs", but CMake did not find one.

  Could not find a package configuration file provided by
  "controller_manager_msgs" with any of the following names:

    controller_manager_msgsConfig.cmake
    controller_manager_msgs-config.cmake

  Add the installation prefix of "controller_manager_msgs" to
  CMAKE_PREFIX_PATH or set "controller_manager_msgs_DIR" to a directory
  containing one of the above files.  If "controller_manager_msgs" provides a
  separate development package or SDK, be sure it has been installed.

[0m
[31mCMake Error at /opt/ros/humble/share/ament_cmake_target_dependencies/cmake/ament_target_dependencies.cmake:77 (message):
  ament_target_dependencies() the passed package name 'control_msgs' was not
  found before
Call Stack (most recent call first):
  CMakeLists.txt:61 (ament_target_dependencies)

[0m
