[0.135s] Invoking command in '/home/andrew/4231/project_workspace/MTRN4231_Winners/src/build/winners_pkg': CMAKE_PREFIX_PATH=/opt/ros/humble /usr/bin/cmake /home/andrew/4231/project_workspace/MTRN4231_Winners/src/winners_pkg -DCMAKE_INSTALL_PREFIX=/home/andrew/4231/project_workspace/MTRN4231_Winners/src/install/winners_pkg
[0.140s] -- Found ament_cmake: 1.3.5 (/opt/ros/humble/share/ament_cmake/cmake)
[0.218s] -- Found Python3: /usr/bin/python3.10 (found version "3.10.12") found components: Interpreter 
[0.260s] -- Found rclcpp: 16.0.6 (/opt/ros/humble/share/rclcpp/cmake)
[0.279s] -- Found rosidl_generator_c: 3.1.5 (/opt/ros/humble/share/rosidl_generator_c/cmake)
[0.280s] -- Found rosidl_adapter: 3.1.5 (/opt/ros/humble/share/rosidl_adapter/cmake)
[0.284s] -- Found rosidl_generator_cpp: 3.1.5 (/opt/ros/humble/share/rosidl_generator_cpp/cmake)
[0.290s] -- Using all available rosidl_typesupport_c: rosidl_typesupport_fastrtps_c;rosidl_typesupport_introspection_c
[0.298s] -- Using all available rosidl_typesupport_cpp: rosidl_typesupport_fastrtps_cpp;rosidl_typesupport_introspection_cpp
[0.329s] -- Found rmw_implementation_cmake: 6.1.1 (/opt/ros/humble/share/rmw_implementation_cmake/cmake)
[0.329s] -- Found rmw_fastrtps_cpp: 6.2.4 (/opt/ros/humble/share/rmw_fastrtps_cpp/cmake)
[0.368s] -- Found OpenSSL: /usr/lib/x86_64-linux-gnu/libcrypto.so (found version "3.0.2")  
[0.379s] -- Found FastRTPS: /opt/ros/humble/include  
[0.400s] -- Using RMW implementation 'rmw_fastrtps_cpp' as default
[0.404s] -- Looking for pthread.h
[0.442s] -- Looking for pthread.h - found
[0.442s] -- Performing Test CMAKE_HAVE_LIBC_PTHREAD
[0.475s] -- Performing Test CMAKE_HAVE_LIBC_PTHREAD - Success
[0.475s] -- Found Threads: TRUE  
[0.553s] -- Found sensor_msgs: 4.2.3 (/opt/ros/humble/share/sensor_msgs/cmake)
[0.617s] -- Found OpenCV: /usr (found version "4.5.4") 
[0.618s] -- Found tf2: 0.25.4 (/opt/ros/humble/share/tf2/cmake)
[0.624s] -- Found tf2_ros: 0.25.4 (/opt/ros/humble/share/tf2_ros/cmake)
[0.780s] -- Found tf2_geometry_msgs: 0.25.4 (/opt/ros/humble/share/tf2_geometry_msgs/cmake)
[0.786s] -- Found eigen3_cmake_module: 0.1.1 (/opt/ros/humble/share/eigen3_cmake_module/cmake)
[0.786s] -- Found Eigen3: TRUE (found version "3.4.0") 
[0.786s] -- Ensuring Eigen3 include directory is part of orocos-kdl CMake target
[0.795s] [33mCMake Warning at CMakeLists.txt:23 (find_package):
[0.795s]   By not providing "Findcontrol_msgs.cmake" in CMAKE_MODULE_PATH this project
[0.795s]   has asked CMake to find a package configuration file provided by
[0.795s]   "control_msgs", but CMake did not find one.
[0.795s] 
[0.795s]   Could not find a package configuration file provided by "control_msgs" with
[0.795s]   any of the following names:
[0.795s] 
[0.795s]     control_msgsConfig.cmake
[0.795s]     control_msgs-config.cmake
[0.795s] 
[0.795s]   Add the installation prefix of "control_msgs" to CMAKE_PREFIX_PATH or set
[0.795s]   "control_msgs_DIR" to a directory containing one of the above files.  If
[0.795s]   "control_msgs" provides a separate development package or SDK, be sure it
[0.795s]   has been installed.
[0.795s] 
[0.795s] [0m
[0.798s] [33mCMake Warning at CMakeLists.txt:24 (find_package):
[0.798s]   By not providing "Findmoveit_ros_planning_interface.cmake" in
[0.798s]   CMAKE_MODULE_PATH this project has asked CMake to find a package
[0.798s]   configuration file provided by "moveit_ros_planning_interface", but CMake
[0.798s]   did not find one.
[0.798s] 
[0.798s]   Could not find a package configuration file provided by
[0.798s]   "moveit_ros_planning_interface" with any of the following names:
[0.798s] 
[0.798s]     moveit_ros_planning_interfaceConfig.cmake
[0.798s]     moveit_ros_planning_interface-config.cmake
[0.798s] 
[0.798s]   Add the installation prefix of "moveit_ros_planning_interface" to
[0.798s]   CMAKE_PREFIX_PATH or set "moveit_ros_planning_interface_DIR" to a directory
[0.798s]   containing one of the above files.  If "moveit_ros_planning_interface"
[0.798s]   provides a separate development package or SDK, be sure it has been
[0.798s]   installed.
[0.799s] 
[0.799s] [0m
[0.802s] [33mCMake Warning at CMakeLists.txt:26 (find_package):
[0.802s]   By not providing "Findmoveit_visual_tools.cmake" in CMAKE_MODULE_PATH this
[0.802s]   project has asked CMake to find a package configuration file provided by
[0.802s]   "moveit_visual_tools", but CMake did not find one.
[0.802s] 
[0.802s]   Could not find a package configuration file provided by
[0.802s]   "moveit_visual_tools" with any of the following names:
[0.802s] 
[0.802s]     moveit_visual_toolsConfig.cmake
[0.802s]     moveit_visual_tools-config.cmake
[0.802s] 
[0.802s]   Add the installation prefix of "moveit_visual_tools" to CMAKE_PREFIX_PATH
[0.802s]   or set "moveit_visual_tools_DIR" to a directory containing one of the above
[0.802s]   files.  If "moveit_visual_tools" provides a separate development package or
[0.802s]   SDK, be sure it has been installed.
[0.802s] 
[0.802s] [0m
[0.805s] [33mCMake Warning at CMakeLists.txt:27 (find_package):
[0.805s]   By not providing "Findcontroller_manager_msgs.cmake" in CMAKE_MODULE_PATH
[0.805s]   this project has asked CMake to find a package configuration file provided
[0.805s]   by "controller_manager_msgs", but CMake did not find one.
[0.805s] 
[0.805s]   Could not find a package configuration file provided by
[0.805s]   "controller_manager_msgs" with any of the following names:
[0.805s] 
[0.805s]     controller_manager_msgsConfig.cmake
[0.805s]     controller_manager_msgs-config.cmake
[0.805s] 
[0.805s]   Add the installation prefix of "controller_manager_msgs" to
[0.805s]   CMAKE_PREFIX_PATH or set "controller_manager_msgs_DIR" to a directory
[0.805s]   containing one of the above files.  If "controller_manager_msgs" provides a
[0.805s]   separate development package or SDK, be sure it has been installed.
[0.805s] 
[0.805s] [0m
[0.806s] -- Found trajectory_msgs: 4.2.3 (/opt/ros/humble/share/trajectory_msgs/cmake)
[0.851s] [31mCMake Error at /opt/ros/humble/share/ament_cmake_target_dependencies/cmake/ament_target_dependencies.cmake:77 (message):
[0.851s]   ament_target_dependencies() the passed package name 'control_msgs' was not
[0.851s]   found before
[0.851s] Call Stack (most recent call first):
[0.851s]   CMakeLists.txt:61 (ament_target_dependencies)
[0.851s] 
[0.851s] [0m
[0.851s] -- Configuring incomplete, errors occurred!
[0.851s] See also "/home/andrew/4231/project_workspace/MTRN4231_Winners/src/build/winners_pkg/CMakeFiles/CMakeOutput.log".
[0.855s] Invoked command in '/home/andrew/4231/project_workspace/MTRN4231_Winners/src/build/winners_pkg' returned '1': CMAKE_PREFIX_PATH=/opt/ros/humble /usr/bin/cmake /home/andrew/4231/project_workspace/MTRN4231_Winners/src/winners_pkg -DCMAKE_INSTALL_PREFIX=/home/andrew/4231/project_workspace/MTRN4231_Winners/src/install/winners_pkg
