[0.003s] Invoking command in '/home/mtrn/4231/ws_moveit2/build/moveit_resources_pr2_description': CMAKE_PREFIX_PATH=/opt/ros/humble /usr/bin/cmake /home/mtrn/4231/ws_moveit2/src/moveit_resources/pr2_description -DCMAKE_BUILD_TYPE=Release -DCMAKE_INSTALL_PREFIX=/home/mtrn/4231/ws_moveit2/install/moveit_resources_pr2_description
[0.047s] -- The C compiler identification is GNU 11.4.0
[0.086s] -- The CXX compiler identification is GNU 11.4.0
[0.093s] -- Detecting C compiler ABI info
[0.147s] -- Detecting C compiler ABI info - done
[0.151s] -- Check for working C compiler: /usr/bin/cc - skipped
[0.151s] -- Detecting C compile features
[0.152s] -- Detecting C compile features - done
[0.154s] -- Detecting CXX compiler ABI info
[0.211s] -- Detecting CXX compiler ABI info - done
[0.217s] -- Check for working CXX compiler: /usr/bin/c++ - skipped
[0.217s] -- Detecting CXX compile features
[0.218s] -- Detecting CXX compile features - done
[0.219s] -- Found ament_cmake: 1.3.5 (/opt/ros/humble/share/ament_cmake/cmake)
[0.347s] -- Found Python3: /usr/bin/python3.10 (found version "3.10.12") found components: Interpreter 
[0.459s] -- Configuring done
[0.460s] -- Generating done
[0.461s] -- Build files have been written to: /home/mtrn/4231/ws_moveit2/build/moveit_resources_pr2_description
[0.465s] Invoked command in '/home/mtrn/4231/ws_moveit2/build/moveit_resources_pr2_description' returned '0': CMAKE_PREFIX_PATH=/opt/ros/humble /usr/bin/cmake /home/mtrn/4231/ws_moveit2/src/moveit_resources/pr2_description -DCMAKE_BUILD_TYPE=Release -DCMAKE_INSTALL_PREFIX=/home/mtrn/4231/ws_moveit2/install/moveit_resources_pr2_description
[0.465s] Invoking command in '/home/mtrn/4231/ws_moveit2/build/moveit_resources_pr2_description': CMAKE_PREFIX_PATH=/opt/ros/humble /usr/bin/cmake --build /home/mtrn/4231/ws_moveit2/build/moveit_resources_pr2_description -- -j4 -l4
[0.487s] Invoked command in '/home/mtrn/4231/ws_moveit2/build/moveit_resources_pr2_description' returned '0': CMAKE_PREFIX_PATH=/opt/ros/humble /usr/bin/cmake --build /home/mtrn/4231/ws_moveit2/build/moveit_resources_pr2_description -- -j4 -l4
[0.503s] Invoking command in '/home/mtrn/4231/ws_moveit2/build/moveit_resources_pr2_description': CMAKE_PREFIX_PATH=/opt/ros/humble /usr/bin/cmake --install /home/mtrn/4231/ws_moveit2/build/moveit_resources_pr2_description
[0.508s] -- Install configuration: "Release"
[0.508s] -- Installing: /home/mtrn/4231/ws_moveit2/install/moveit_resources_pr2_description/share/ament_index/resource_index/package_run_dependencies/moveit_resources_pr2_description
[0.508s] -- Installing: /home/mtrn/4231/ws_moveit2/install/moveit_resources_pr2_description/share/ament_index/resource_index/parent_prefix_path/moveit_resources_pr2_description
[0.508s] -- Installing: /home/mtrn/4231/ws_moveit2/install/moveit_resources_pr2_description/share/moveit_resources_pr2_description/environment/ament_prefix_path.sh
[0.509s] -- Installing: /home/mtrn/4231/ws_moveit2/install/moveit_resources_pr2_description/share/moveit_resources_pr2_description/environment/ament_prefix_path.dsv
[0.509s] -- Installing: /home/mtrn/4231/ws_moveit2/install/moveit_resources_pr2_description/share/moveit_resources_pr2_description/environment/path.sh
[0.509s] -- Installing: /home/mtrn/4231/ws_moveit2/install/moveit_resources_pr2_description/share/moveit_resources_pr2_description/environment/path.dsv
[0.509s] -- Installing: /home/mtrn/4231/ws_moveit2/install/moveit_resources_pr2_description/share/moveit_resources_pr2_description/local_setup.bash
[0.509s] -- Installing: /home/mtrn/4231/ws_moveit2/install/moveit_resources_pr2_description/share/moveit_resources_pr2_description/local_setup.sh
[0.509s] -- Installing: /home/mtrn/4231/ws_moveit2/install/moveit_resources_pr2_description/share/moveit_resources_pr2_description/local_setup.zsh
[0.509s] -- Installing: /home/mtrn/4231/ws_moveit2/install/moveit_resources_pr2_description/share/moveit_resources_pr2_description/local_setup.dsv
[0.509s] -- Installing: /home/mtrn/4231/ws_moveit2/install/moveit_resources_pr2_description/share/moveit_resources_pr2_description/package.dsv
[0.510s] -- Installing: /home/mtrn/4231/ws_moveit2/install/moveit_resources_pr2_description/share/ament_index/resource_index/packages/moveit_resources_pr2_description
[0.510s] -- Installing: /home/mtrn/4231/ws_moveit2/install/moveit_resources_pr2_description/share/moveit_resources_pr2_description/cmake/moveit_resources_pr2_descriptionConfig.cmake
[0.510s] -- Installing: /home/mtrn/4231/ws_moveit2/install/moveit_resources_pr2_description/share/moveit_resources_pr2_description/cmake/moveit_resources_pr2_descriptionConfig-version.cmake
[0.510s] -- Installing: /home/mtrn/4231/ws_moveit2/install/moveit_resources_pr2_description/share/moveit_resources_pr2_description/package.xml
[0.510s] -- Installing: /home/mtrn/4231/ws_moveit2/install/moveit_resources_pr2_description/share/moveit_resources_pr2_description/srdf
[0.513s] -- Installing: /home/mtrn/4231/ws_moveit2/install/moveit_resources_pr2_description/share/moveit_resources_pr2_description/srdf/robot.xml
[0.514s] -- Installing: /home/mtrn/4231/ws_moveit2/install/moveit_resources_pr2_description/share/moveit_resources_pr2_description/urdf
[0.515s] -- Installing: /home/mtrn/4231/ws_moveit2/install/moveit_resources_pr2_description/share/moveit_resources_pr2_description/urdf/robot.xml
[0.517s] -- Installing: /home/mtrn/4231/ws_moveit2/install/moveit_resources_pr2_description/share/moveit_resources_pr2_description/urdf/materials
[0.517s] -- Installing: /home/mtrn/4231/ws_moveit2/install/moveit_resources_pr2_description/share/moveit_resources_pr2_description/urdf/materials/textures
[0.518s] -- Installing: /home/mtrn/4231/ws_moveit2/install/moveit_resources_pr2_description/share/moveit_resources_pr2_description/urdf/materials/textures/pr2_wheel_right.png
[0.519s] -- Installing: /home/mtrn/4231/ws_moveit2/install/moveit_resources_pr2_description/share/moveit_resources_pr2_description/urdf/materials/textures/pr2_wheel_left.png
[0.520s] -- Installing: /home/mtrn/4231/ws_moveit2/install/moveit_resources_pr2_description/share/moveit_resources_pr2_description/urdf/materials/textures/pr2_caster_texture.png
[0.521s] -- Installing: /home/mtrn/4231/ws_moveit2/install/moveit_resources_pr2_description/share/moveit_resources_pr2_description/urdf/meshes
[0.521s] -- Installing: /home/mtrn/4231/ws_moveit2/install/moveit_resources_pr2_description/share/moveit_resources_pr2_description/urdf/meshes/base_v0
[0.521s] -- Installing: /home/mtrn/4231/ws_moveit2/install/moveit_resources_pr2_description/share/moveit_resources_pr2_description/urdf/meshes/base_v0/wheel.dae
[0.522s] -- Installing: /home/mtrn/4231/ws_moveit2/install/moveit_resources_pr2_description/share/moveit_resources_pr2_description/urdf/meshes/base_v0/wheel_normals.tif
[0.528s] -- Installing: /home/mtrn/4231/ws_moveit2/install/moveit_resources_pr2_description/share/moveit_resources_pr2_description/urdf/meshes/base_v0/wheel.stl
[0.529s] -- Installing: /home/mtrn/4231/ws_moveit2/install/moveit_resources_pr2_description/share/moveit_resources_pr2_description/urdf/meshes/base_v0/base_L.stl
[0.529s] -- Installing: /home/mtrn/4231/ws_moveit2/install/moveit_resources_pr2_description/share/moveit_resources_pr2_description/urdf/meshes/base_v0/convex
[0.530s] -- Installing: /home/mtrn/4231/ws_moveit2/install/moveit_resources_pr2_description/share/moveit_resources_pr2_description/urdf/meshes/base_v0/convex/pr2_wheel.dae
[0.531s] -- Installing: /home/mtrn/4231/ws_moveit2/install/moveit_resources_pr2_description/share/moveit_resources_pr2_description/urdf/meshes/base_v0/convex/caster_L.dae
[0.533s] -- Installing: /home/mtrn/4231/ws_moveit2/install/moveit_resources_pr2_description/share/moveit_resources_pr2_description/urdf/meshes/base_v0/convex/wheel.dae
[0.533s] -- Installing: /home/mtrn/4231/ws_moveit2/install/moveit_resources_pr2_description/share/moveit_resources_pr2_description/urdf/meshes/base_v0/convex/caster_convex.stla
[0.535s] -- Installing: /home/mtrn/4231/ws_moveit2/install/moveit_resources_pr2_description/share/moveit_resources_pr2_description/urdf/meshes/base_v0/convex/base_L.dae
[0.536s] -- Installing: /home/mtrn/4231/ws_moveit2/install/moveit_resources_pr2_description/share/moveit_resources_pr2_description/urdf/meshes/base_v0/convex/pr2_wheel.xml
[0.537s] -- Installing: /home/mtrn/4231/ws_moveit2/install/moveit_resources_pr2_description/share/moveit_resources_pr2_description/urdf/meshes/base_v0/convex/base_L_convex.stla
[0.538s] -- Installing: /home/mtrn/4231/ws_moveit2/install/moveit_resources_pr2_description/share/moveit_resources_pr2_description/urdf/meshes/base_v0/convex/base_convex.stlb
[0.538s] -- Installing: /home/mtrn/4231/ws_moveit2/install/moveit_resources_pr2_description/share/moveit_resources_pr2_description/urdf/meshes/base_v0/convex/wheel.xml
[0.539s] -- Installing: /home/mtrn/4231/ws_moveit2/install/moveit_resources_pr2_description/share/moveit_resources_pr2_description/urdf/meshes/base_v0/convex/pr2_wheel_convex.stlb
[0.540s] -- Installing: /home/mtrn/4231/ws_moveit2/install/moveit_resources_pr2_description/share/moveit_resources_pr2_description/urdf/meshes/base_v0/convex/base.dae
[0.541s] -- Installing: /home/mtrn/4231/ws_moveit2/install/moveit_resources_pr2_description/share/moveit_resources_pr2_description/urdf/meshes/base_v0/convex/base_L_convex.stlb
[0.541s] -- Installing: /home/mtrn/4231/ws_moveit2/install/moveit_resources_pr2_description/share/moveit_resources_pr2_description/urdf/meshes/base_v0/convex/caster.xml
[0.542s] -- Installing: /home/mtrn/4231/ws_moveit2/install/moveit_resources_pr2_description/share/moveit_resources_pr2_description/urdf/meshes/base_v0/convex/caster_L_convex.stla
[0.542s] -- Installing: /home/mtrn/4231/ws_moveit2/install/moveit_resources_pr2_description/share/moveit_resources_pr2_description/urdf/meshes/base_v0/convex/base_L.xml
[0.543s] -- Installing: /home/mtrn/4231/ws_moveit2/install/moveit_resources_pr2_description/share/moveit_resources_pr2_description/urdf/meshes/base_v0/convex/caster_L_convex.stlb
[0.543s] -- Installing: /home/mtrn/4231/ws_moveit2/install/moveit_resources_pr2_description/share/moveit_resources_pr2_description/urdf/meshes/base_v0/convex/base_convex.stla
[0.544s] -- Installing: /home/mtrn/4231/ws_moveit2/install/moveit_resources_pr2_description/share/moveit_resources_pr2_description/urdf/meshes/base_v0/convex/wheel_convex.stlb
[0.544s] -- Installing: /home/mtrn/4231/ws_moveit2/install/moveit_resources_pr2_description/share/moveit_resources_pr2_description/urdf/meshes/base_v0/convex/base.xml
[0.545s] -- Installing: /home/mtrn/4231/ws_moveit2/install/moveit_resources_pr2_description/share/moveit_resources_pr2_description/urdf/meshes/base_v0/convex/caster_convex.stlb
[0.545s] -- Installing: /home/mtrn/4231/ws_moveit2/install/moveit_resources_pr2_description/share/moveit_resources_pr2_description/urdf/meshes/base_v0/convex/caster.dae
[0.546s] -- Installing: /home/mtrn/4231/ws_moveit2/install/moveit_resources_pr2_description/share/moveit_resources_pr2_description/urdf/meshes/base_v0/convex/caster_L.xml
[0.546s] -- Installing: /home/mtrn/4231/ws_moveit2/install/moveit_resources_pr2_description/share/moveit_resources_pr2_description/urdf/meshes/base_v0/convex/pr2_wheel_convex.stla
[0.547s] -- Installing: /home/mtrn/4231/ws_moveit2/install/moveit_resources_pr2_description/share/moveit_resources_pr2_description/urdf/meshes/base_v0/convex/wheel_convex.stla
[0.547s] -- Installing: /home/mtrn/4231/ws_moveit2/install/moveit_resources_pr2_description/share/moveit_resources_pr2_description/urdf/meshes/base_v0/base.dae
[0.548s] -- Installing: /home/mtrn/4231/ws_moveit2/install/moveit_resources_pr2_description/share/moveit_resources_pr2_description/urdf/meshes/base_v0/wheel_h_color.tif
[0.549s] -- Installing: /home/mtrn/4231/ws_moveit2/install/moveit_resources_pr2_description/share/moveit_resources_pr2_description/urdf/meshes/base_v0/caster.stl
[0.549s] -- Installing: /home/mtrn/4231/ws_moveit2/install/moveit_resources_pr2_description/share/moveit_resources_pr2_description/urdf/meshes/base_v0/wheel_color.tif
[0.550s] -- Installing: /home/mtrn/4231/ws_moveit2/install/moveit_resources_pr2_description/share/moveit_resources_pr2_description/urdf/meshes/base_v0/caster_L.stl
[0.551s] -- Installing: /home/mtrn/4231/ws_moveit2/install/moveit_resources_pr2_description/share/moveit_resources_pr2_description/urdf/meshes/base_v0/pr2_wheel.stl
[0.551s] -- Installing: /home/mtrn/4231/ws_moveit2/install/moveit_resources_pr2_description/share/moveit_resources_pr2_description/urdf/meshes/base_v0/base_normals.tif
[0.554s] -- Installing: /home/mtrn/4231/ws_moveit2/install/moveit_resources_pr2_description/share/moveit_resources_pr2_description/urdf/meshes/base_v0/base_color.tif
[0.555s] -- Installing: /home/mtrn/4231/ws_moveit2/install/moveit_resources_pr2_description/share/moveit_resources_pr2_description/urdf/meshes/base_v0/base.stl
[0.556s] -- Installing: /home/mtrn/4231/ws_moveit2/install/moveit_resources_pr2_description/share/moveit_resources_pr2_description/urdf/meshes/base_v0/wheel_h.dae
[0.560s] -- Installing: /home/mtrn/4231/ws_moveit2/install/moveit_resources_pr2_description/share/moveit_resources_pr2_description/urdf/meshes/sensors
[0.560s] -- Installing: /home/mtrn/4231/ws_moveit2/install/moveit_resources_pr2_description/share/moveit_resources_pr2_description/urdf/meshes/sensors/kinect_v0
[0.561s] -- Installing: /home/mtrn/4231/ws_moveit2/install/moveit_resources_pr2_description/share/moveit_resources_pr2_description/urdf/meshes/sensors/kinect_v0/kinect.tga
[0.562s] -- Installing: /home/mtrn/4231/ws_moveit2/install/moveit_resources_pr2_description/share/moveit_resources_pr2_description/urdf/meshes/sensors/kinect_v0/kinect_color.tga
[0.562s] -- Installing: /home/mtrn/4231/ws_moveit2/install/moveit_resources_pr2_description/share/moveit_resources_pr2_description/urdf/meshes/sensors/kinect_v0/kinect_mount.stl
[0.563s] -- Installing: /home/mtrn/4231/ws_moveit2/install/moveit_resources_pr2_description/share/moveit_resources_pr2_description/urdf/meshes/sensors/kinect_v0/kinect.dae
[0.564s] -- Installing: /home/mtrn/4231/ws_moveit2/install/moveit_resources_pr2_description/share/moveit_resources_pr2_description/urdf/meshes/sensors/kinect_prosilica_v0
[0.565s] -- Installing: /home/mtrn/4231/ws_moveit2/install/moveit_resources_pr2_description/share/moveit_resources_pr2_description/urdf/meshes/sensors/kinect_prosilica_v0/115x100_swept_fwd--coarse.STL
[0.568s] -- Installing: /home/mtrn/4231/ws_moveit2/install/moveit_resources_pr2_description/share/moveit_resources_pr2_description/urdf/meshes/sensors/kinect_prosilica_v0/68-04546_Kinect_Sensor--coarse.STL
[0.569s] -- Installing: /home/mtrn/4231/ws_moveit2/install/moveit_resources_pr2_description/share/moveit_resources_pr2_description/urdf/meshes/sensors/kinect_prosilica_v0/Prosilica_w_Lens--coarse.STL
[0.572s] -- Installing: /home/mtrn/4231/ws_moveit2/install/moveit_resources_pr2_description/share/moveit_resources_pr2_description/urdf/meshes/sensors/kinect_prosilica_v0/115x100_swept_fwd_no_sensors--coarse.STL
[0.575s] -- Installing: /home/mtrn/4231/ws_moveit2/install/moveit_resources_pr2_description/share/moveit_resources_pr2_description/urdf/meshes/sensors/kinect_prosilica_v0/115x100_swept_back_no_sensors--coarse.STL
[0.577s] -- Installing: /home/mtrn/4231/ws_moveit2/install/moveit_resources_pr2_description/share/moveit_resources_pr2_description/urdf/meshes/sensors/kinect_prosilica_v0/115x100_swept_back--coarse.STL
[0.580s] -- Installing: /home/mtrn/4231/ws_moveit2/install/moveit_resources_pr2_description/share/moveit_resources_pr2_description/urdf/meshes/upper_arm_v0
[0.580s] -- Installing: /home/mtrn/4231/ws_moveit2/install/moveit_resources_pr2_description/share/moveit_resources_pr2_description/urdf/meshes/upper_arm_v0/upper_arm.stl
[0.581s] -- Installing: /home/mtrn/4231/ws_moveit2/install/moveit_resources_pr2_description/share/moveit_resources_pr2_description/urdf/meshes/upper_arm_v0/elbow_flex.stl
[0.582s] -- Installing: /home/mtrn/4231/ws_moveit2/install/moveit_resources_pr2_description/share/moveit_resources_pr2_description/urdf/meshes/upper_arm_v0/upper_arm_normals.tif
[0.586s] -- Installing: /home/mtrn/4231/ws_moveit2/install/moveit_resources_pr2_description/share/moveit_resources_pr2_description/urdf/meshes/upper_arm_v0/forearm_roll.stl
[0.587s] -- Installing: /home/mtrn/4231/ws_moveit2/install/moveit_resources_pr2_description/share/moveit_resources_pr2_description/urdf/meshes/upper_arm_v0/elbow_flex_color.tif
[0.587s] -- Installing: /home/mtrn/4231/ws_moveit2/install/moveit_resources_pr2_description/share/moveit_resources_pr2_description/urdf/meshes/upper_arm_v0/upper_arm_color.tif
[0.590s] -- Installing: /home/mtrn/4231/ws_moveit2/install/moveit_resources_pr2_description/share/moveit_resources_pr2_description/urdf/meshes/upper_arm_v0/convex
[0.590s] -- Installing: /home/mtrn/4231/ws_moveit2/install/moveit_resources_pr2_description/share/moveit_resources_pr2_description/urdf/meshes/upper_arm_v0/convex/forearm_roll.xml
[0.591s] -- Installing: /home/mtrn/4231/ws_moveit2/install/moveit_resources_pr2_description/share/moveit_resources_pr2_description/urdf/meshes/upper_arm_v0/convex/upper_arm_convex.stlb
[0.592s] -- Installing: /home/mtrn/4231/ws_moveit2/install/moveit_resources_pr2_description/share/moveit_resources_pr2_description/urdf/meshes/upper_arm_v0/convex/forearm_roll.dae
[0.593s] -- Installing: /home/mtrn/4231/ws_moveit2/install/moveit_resources_pr2_description/share/moveit_resources_pr2_description/urdf/meshes/upper_arm_v0/convex/upper_arm_convex.stla
[0.593s] -- Installing: /home/mtrn/4231/ws_moveit2/install/moveit_resources_pr2_description/share/moveit_resources_pr2_description/urdf/meshes/upper_arm_v0/convex/elbow_flex_convex.stlb
[0.594s] -- Installing: /home/mtrn/4231/ws_moveit2/install/moveit_resources_pr2_description/share/moveit_resources_pr2_description/urdf/meshes/upper_arm_v0/convex/forearm_roll_L_convex.stla
[0.595s] -- Installing: /home/mtrn/4231/ws_moveit2/install/moveit_resources_pr2_description/share/moveit_resources_pr2_description/urdf/meshes/upper_arm_v0/convex/forearm_roll_L.dae
[0.596s] -- Installing: /home/mtrn/4231/ws_moveit2/install/moveit_resources_pr2_description/share/moveit_resources_pr2_description/urdf/meshes/upper_arm_v0/convex/elbow_flex.dae
[0.597s] -- Installing: /home/mtrn/4231/ws_moveit2/install/moveit_resources_pr2_description/share/moveit_resources_pr2_description/urdf/meshes/upper_arm_v0/convex/upper_arm.xml
[0.597s] -- Installing: /home/mtrn/4231/ws_moveit2/install/moveit_resources_pr2_description/share/moveit_resources_pr2_description/urdf/meshes/upper_arm_v0/convex/forearm_roll_convex.stlb
[0.598s] -- Installing: /home/mtrn/4231/ws_moveit2/install/moveit_resources_pr2_description/share/moveit_resources_pr2_description/urdf/meshes/upper_arm_v0/convex/elbow_flex_convex.stla
[0.599s] -- Installing: /home/mtrn/4231/ws_moveit2/install/moveit_resources_pr2_description/share/moveit_resources_pr2_description/urdf/meshes/upper_arm_v0/convex/upper_arm.dae
[0.600s] -- Installing: /home/mtrn/4231/ws_moveit2/install/moveit_resources_pr2_description/share/moveit_resources_pr2_description/urdf/meshes/upper_arm_v0/convex/forearm_roll_L_convex.stlb
[0.600s] -- Installing: /home/mtrn/4231/ws_moveit2/install/moveit_resources_pr2_description/share/moveit_resources_pr2_description/urdf/meshes/upper_arm_v0/convex/elbow_flex.xml
[0.601s] -- Installing: /home/mtrn/4231/ws_moveit2/install/moveit_resources_pr2_description/share/moveit_resources_pr2_description/urdf/meshes/upper_arm_v0/convex/forearm_roll_convex.stla
[0.601s] -- Installing: /home/mtrn/4231/ws_moveit2/install/moveit_resources_pr2_description/share/moveit_resources_pr2_description/urdf/meshes/upper_arm_v0/convex/forearm_roll_L.xml
[0.602s] -- Installing: /home/mtrn/4231/ws_moveit2/install/moveit_resources_pr2_description/share/moveit_resources_pr2_description/urdf/meshes/upper_arm_v0/upper_arm.jpg
[0.603s] -- Installing: /home/mtrn/4231/ws_moveit2/install/moveit_resources_pr2_description/share/moveit_resources_pr2_description/urdf/meshes/upper_arm_v0/elbow_flex.dae
[0.604s] -- Installing: /home/mtrn/4231/ws_moveit2/install/moveit_resources_pr2_description/share/moveit_resources_pr2_description/urdf/meshes/upper_arm_v0/forearm_roll_L.stl
[0.604s] -- Installing: /home/mtrn/4231/ws_moveit2/install/moveit_resources_pr2_description/share/moveit_resources_pr2_description/urdf/meshes/upper_arm_v0/upper_arm.dae
[0.607s] -- Installing: /home/mtrn/4231/ws_moveit2/install/moveit_resources_pr2_description/share/moveit_resources_pr2_description/urdf/meshes/upper_arm_v0/elbow_flex_normals.tif
[0.611s] -- Installing: /home/mtrn/4231/ws_moveit2/install/moveit_resources_pr2_description/share/moveit_resources_pr2_description/urdf/meshes/tilting_laser_v0
[0.612s] -- Installing: /home/mtrn/4231/ws_moveit2/install/moveit_resources_pr2_description/share/moveit_resources_pr2_description/urdf/meshes/tilting_laser_v0/tilting_hokuyo_normals.tif
[0.615s] -- Installing: /home/mtrn/4231/ws_moveit2/install/moveit_resources_pr2_description/share/moveit_resources_pr2_description/urdf/meshes/tilting_laser_v0/convex
[0.615s] -- Installing: /home/mtrn/4231/ws_moveit2/install/moveit_resources_pr2_description/share/moveit_resources_pr2_description/urdf/meshes/tilting_laser_v0/convex/tilting_hokuyo_L_convex.stla
[0.616s] -- Installing: /home/mtrn/4231/ws_moveit2/install/moveit_resources_pr2_description/share/moveit_resources_pr2_description/urdf/meshes/tilting_laser_v0/convex/tilting_hokuyo_L.xml
[0.617s] -- Installing: /home/mtrn/4231/ws_moveit2/install/moveit_resources_pr2_description/share/moveit_resources_pr2_description/urdf/meshes/tilting_laser_v0/convex/hok_tilt_convex.stlb
[0.617s] -- Installing: /home/mtrn/4231/ws_moveit2/install/moveit_resources_pr2_description/share/moveit_resources_pr2_description/urdf/meshes/tilting_laser_v0/convex/tilting_hokuyo.xml
[0.618s] -- Installing: /home/mtrn/4231/ws_moveit2/install/moveit_resources_pr2_description/share/moveit_resources_pr2_description/urdf/meshes/tilting_laser_v0/convex/tilting_hokuyo_L_convex.stlb
[0.618s] -- Installing: /home/mtrn/4231/ws_moveit2/install/moveit_resources_pr2_description/share/moveit_resources_pr2_description/urdf/meshes/tilting_laser_v0/convex/tilting_hokuyo.dae
[0.619s] -- Installing: /home/mtrn/4231/ws_moveit2/install/moveit_resources_pr2_description/share/moveit_resources_pr2_description/urdf/meshes/tilting_laser_v0/convex/hok_tilt.dae
[0.620s] -- Installing: /home/mtrn/4231/ws_moveit2/install/moveit_resources_pr2_description/share/moveit_resources_pr2_description/urdf/meshes/tilting_laser_v0/convex/tilting_hokuyo_convex.stla
[0.620s] -- Installing: /home/mtrn/4231/ws_moveit2/install/moveit_resources_pr2_description/share/moveit_resources_pr2_description/urdf/meshes/tilting_laser_v0/convex/hok_tilt.xml
[0.620s] -- Installing: /home/mtrn/4231/ws_moveit2/install/moveit_resources_pr2_description/share/moveit_resources_pr2_description/urdf/meshes/tilting_laser_v0/convex/tilting_hokuyo_convex.stlb
[0.621s] -- Installing: /home/mtrn/4231/ws_moveit2/install/moveit_resources_pr2_description/share/moveit_resources_pr2_description/urdf/meshes/tilting_laser_v0/convex/tilting_hokuyo_L.dae
[0.622s] -- Installing: /home/mtrn/4231/ws_moveit2/install/moveit_resources_pr2_description/share/moveit_resources_pr2_description/urdf/meshes/tilting_laser_v0/convex/hok_tilt_convex.stla
[0.623s] -- Installing: /home/mtrn/4231/ws_moveit2/install/moveit_resources_pr2_description/share/moveit_resources_pr2_description/urdf/meshes/tilting_laser_v0/tilting_hokuyo_L.stl
[0.623s] -- Installing: /home/mtrn/4231/ws_moveit2/install/moveit_resources_pr2_description/share/moveit_resources_pr2_description/urdf/meshes/tilting_laser_v0/tilting_hokuyo_color.tif
[0.625s] -- Installing: /home/mtrn/4231/ws_moveit2/install/moveit_resources_pr2_description/share/moveit_resources_pr2_description/urdf/meshes/tilting_laser_v0/tilting_hokuyo.dae
[0.626s] -- Installing: /home/mtrn/4231/ws_moveit2/install/moveit_resources_pr2_description/share/moveit_resources_pr2_description/urdf/meshes/tilting_laser_v0/tilting_hokuyo.stl
[0.627s] -- Installing: /home/mtrn/4231/ws_moveit2/install/moveit_resources_pr2_description/share/moveit_resources_pr2_description/urdf/meshes/tilting_laser_v0/hok_tilt.stl
[0.628s] -- Installing: /home/mtrn/4231/ws_moveit2/install/moveit_resources_pr2_description/share/moveit_resources_pr2_description/urdf/meshes/forearm_v0
[0.629s] -- Installing: /home/mtrn/4231/ws_moveit2/install/moveit_resources_pr2_description/share/moveit_resources_pr2_description/urdf/meshes/forearm_v0/wrist_color.tif
[0.631s] -- Installing: /home/mtrn/4231/ws_moveit2/install/moveit_resources_pr2_description/share/moveit_resources_pr2_description/urdf/meshes/forearm_v0/wrist_flex.dae
[0.633s] -- Installing: /home/mtrn/4231/ws_moveit2/install/moveit_resources_pr2_description/share/moveit_resources_pr2_description/urdf/meshes/forearm_v0/wrist_roll.stl
[0.634s] -- Installing: /home/mtrn/4231/ws_moveit2/install/moveit_resources_pr2_description/share/moveit_resources_pr2_description/urdf/meshes/forearm_v0/convex
[0.635s] -- Installing: /home/mtrn/4231/ws_moveit2/install/moveit_resources_pr2_description/share/moveit_resources_pr2_description/urdf/meshes/forearm_v0/convex/forearm_convex.stlb
[0.636s] -- Installing: /home/mtrn/4231/ws_moveit2/install/moveit_resources_pr2_description/share/moveit_resources_pr2_description/urdf/meshes/forearm_v0/convex/wrist_roll_L.xml
[0.637s] -- Installing: /home/mtrn/4231/ws_moveit2/install/moveit_resources_pr2_description/share/moveit_resources_pr2_description/urdf/meshes/forearm_v0/convex/wrist_roll.xml
[0.638s] -- Installing: /home/mtrn/4231/ws_moveit2/install/moveit_resources_pr2_description/share/moveit_resources_pr2_description/urdf/meshes/forearm_v0/convex/wrist_flex.xml
[0.638s] -- Installing: /home/mtrn/4231/ws_moveit2/install/moveit_resources_pr2_description/share/moveit_resources_pr2_description/urdf/meshes/forearm_v0/convex/wrist_flex.dae
[0.639s] -- Installing: /home/mtrn/4231/ws_moveit2/install/moveit_resources_pr2_description/share/moveit_resources_pr2_description/urdf/meshes/forearm_v0/convex/forearm.xml
[0.640s] -- Installing: /home/mtrn/4231/ws_moveit2/install/moveit_resources_pr2_description/share/moveit_resources_pr2_description/urdf/meshes/forearm_v0/convex/forearm_convex.stla
[0.641s] -- Installing: /home/mtrn/4231/ws_moveit2/install/moveit_resources_pr2_description/share/moveit_resources_pr2_description/urdf/meshes/forearm_v0/convex/wrist_flex_convex.stlb
[0.641s] -- Installing: /home/mtrn/4231/ws_moveit2/install/moveit_resources_pr2_description/share/moveit_resources_pr2_description/urdf/meshes/forearm_v0/convex/wrist_roll_convex.stlb
[0.641s] -- Installing: /home/mtrn/4231/ws_moveit2/install/moveit_resources_pr2_description/share/moveit_resources_pr2_description/urdf/meshes/forearm_v0/convex/wrist_roll_L.dae
[0.641s] -- Installing: /home/mtrn/4231/ws_moveit2/install/moveit_resources_pr2_description/share/moveit_resources_pr2_description/urdf/meshes/forearm_v0/convex/wrist_roll.dae
[0.641s] -- Installing: /home/mtrn/4231/ws_moveit2/install/moveit_resources_pr2_description/share/moveit_resources_pr2_description/urdf/meshes/forearm_v0/convex/wrist_roll_L_convex.stlb
[0.642s] -- Installing: /home/mtrn/4231/ws_moveit2/install/moveit_resources_pr2_description/share/moveit_resources_pr2_description/urdf/meshes/forearm_v0/convex/wrist_flex_convex.stla
[0.642s] -- Installing: /home/mtrn/4231/ws_moveit2/install/moveit_resources_pr2_description/share/moveit_resources_pr2_description/urdf/meshes/forearm_v0/convex/wrist_roll_L_convex.stla
[0.642s] -- Installing: /home/mtrn/4231/ws_moveit2/install/moveit_resources_pr2_description/share/moveit_resources_pr2_description/urdf/meshes/forearm_v0/convex/wrist_roll_convex.stla
[0.642s] -- Installing: /home/mtrn/4231/ws_moveit2/install/moveit_resources_pr2_description/share/moveit_resources_pr2_description/urdf/meshes/forearm_v0/convex/forearm.dae
[0.643s] -- Installing: /home/mtrn/4231/ws_moveit2/install/moveit_resources_pr2_description/share/moveit_resources_pr2_description/urdf/meshes/forearm_v0/forearm.jpg
[0.643s] -- Installing: /home/mtrn/4231/ws_moveit2/install/moveit_resources_pr2_description/share/moveit_resources_pr2_description/urdf/meshes/forearm_v0/wrist_flex.stl
[0.644s] -- Installing: /home/mtrn/4231/ws_moveit2/install/moveit_resources_pr2_description/share/moveit_resources_pr2_description/urdf/meshes/forearm_v0/forearm_normals.tif
[0.649s] -- Installing: /home/mtrn/4231/ws_moveit2/install/moveit_resources_pr2_description/share/moveit_resources_pr2_description/urdf/meshes/forearm_v0/forearm.stl
[0.650s] -- Installing: /home/mtrn/4231/ws_moveit2/install/moveit_resources_pr2_description/share/moveit_resources_pr2_description/urdf/meshes/forearm_v0/forearm_color.tif
[0.658s] -- Installing: /home/mtrn/4231/ws_moveit2/install/moveit_resources_pr2_description/share/moveit_resources_pr2_description/urdf/meshes/forearm_v0/wrist_normals.tif
[0.659s] -- Installing: /home/mtrn/4231/ws_moveit2/install/moveit_resources_pr2_description/share/moveit_resources_pr2_description/urdf/meshes/forearm_v0/wrist_roll_L.stl
[0.660s] -- Installing: /home/mtrn/4231/ws_moveit2/install/moveit_resources_pr2_description/share/moveit_resources_pr2_description/urdf/meshes/forearm_v0/forearm.dae
[0.661s] -- Installing: /home/mtrn/4231/ws_moveit2/install/moveit_resources_pr2_description/share/moveit_resources_pr2_description/urdf/meshes/torso_v0
[0.661s] -- Installing: /home/mtrn/4231/ws_moveit2/install/moveit_resources_pr2_description/share/moveit_resources_pr2_description/urdf/meshes/torso_v0/torso_lift_color.tif
[0.662s] -- Installing: /home/mtrn/4231/ws_moveit2/install/moveit_resources_pr2_description/share/moveit_resources_pr2_description/urdf/meshes/torso_v0/torso_lift.dae
[0.662s] -- Installing: /home/mtrn/4231/ws_moveit2/install/moveit_resources_pr2_description/share/moveit_resources_pr2_description/urdf/meshes/torso_v0/torso_lift_L.stl
[0.663s] -- Installing: /home/mtrn/4231/ws_moveit2/install/moveit_resources_pr2_description/share/moveit_resources_pr2_description/urdf/meshes/torso_v0/convex
[0.663s] -- Installing: /home/mtrn/4231/ws_moveit2/install/moveit_resources_pr2_description/share/moveit_resources_pr2_description/urdf/meshes/torso_v0/convex/torso_lift.dae
[0.663s] -- Installing: /home/mtrn/4231/ws_moveit2/install/moveit_resources_pr2_description/share/moveit_resources_pr2_description/urdf/meshes/torso_v0/convex/torso_lift.xml
[0.663s] -- Installing: /home/mtrn/4231/ws_moveit2/install/moveit_resources_pr2_description/share/moveit_resources_pr2_description/urdf/meshes/torso_v0/convex/torso_lift_L_convex.stlb
[0.664s] -- Installing: /home/mtrn/4231/ws_moveit2/install/moveit_resources_pr2_description/share/moveit_resources_pr2_description/urdf/meshes/torso_v0/convex/torso_lift_L_convex.stla
[0.664s] -- Installing: /home/mtrn/4231/ws_moveit2/install/moveit_resources_pr2_description/share/moveit_resources_pr2_description/urdf/meshes/torso_v0/convex/torso_lift_convex.stlb
[0.664s] -- Installing: /home/mtrn/4231/ws_moveit2/install/moveit_resources_pr2_description/share/moveit_resources_pr2_description/urdf/meshes/torso_v0/convex/torso_lift_convex.stla
[0.664s] -- Installing: /home/mtrn/4231/ws_moveit2/install/moveit_resources_pr2_description/share/moveit_resources_pr2_description/urdf/meshes/torso_v0/convex/torso_lift_L.dae
[0.665s] -- Installing: /home/mtrn/4231/ws_moveit2/install/moveit_resources_pr2_description/share/moveit_resources_pr2_description/urdf/meshes/torso_v0/convex/torso_convex.stlb
[0.665s] -- Installing: /home/mtrn/4231/ws_moveit2/install/moveit_resources_pr2_description/share/moveit_resources_pr2_description/urdf/meshes/torso_v0/convex/torso_lift_L.xml
[0.665s] -- Installing: /home/mtrn/4231/ws_moveit2/install/moveit_resources_pr2_description/share/moveit_resources_pr2_description/urdf/meshes/torso_v0/convex/torso.dae
[0.666s] -- Installing: /home/mtrn/4231/ws_moveit2/install/moveit_resources_pr2_description/share/moveit_resources_pr2_description/urdf/meshes/torso_v0/convex/torso.xml
[0.666s] -- Installing: /home/mtrn/4231/ws_moveit2/install/moveit_resources_pr2_description/share/moveit_resources_pr2_description/urdf/meshes/torso_v0/convex/torso_convex.stla
[0.666s] -- Installing: /home/mtrn/4231/ws_moveit2/install/moveit_resources_pr2_description/share/moveit_resources_pr2_description/urdf/meshes/torso_v0/torso_lift.stl
[0.667s] -- Installing: /home/mtrn/4231/ws_moveit2/install/moveit_resources_pr2_description/share/moveit_resources_pr2_description/urdf/meshes/torso_v0/torso.stl
[0.668s] -- Installing: /home/mtrn/4231/ws_moveit2/install/moveit_resources_pr2_description/share/moveit_resources_pr2_description/urdf/meshes/torso_v0/torso_lift_normals.tif
[0.670s] -- Installing: /home/mtrn/4231/ws_moveit2/install/moveit_resources_pr2_description/share/moveit_resources_pr2_description/urdf/meshes/shoulder_v0
[0.670s] -- Installing: /home/mtrn/4231/ws_moveit2/install/moveit_resources_pr2_description/share/moveit_resources_pr2_description/urdf/meshes/shoulder_v0/shoulder_pan_normals.tif
[0.673s] -- Installing: /home/mtrn/4231/ws_moveit2/install/moveit_resources_pr2_description/share/moveit_resources_pr2_description/urdf/meshes/shoulder_v0/shoulder_pan.dae
[0.674s] -- Installing: /home/mtrn/4231/ws_moveit2/install/moveit_resources_pr2_description/share/moveit_resources_pr2_description/urdf/meshes/shoulder_v0/convex
[0.674s] -- Installing: /home/mtrn/4231/ws_moveit2/install/moveit_resources_pr2_description/share/moveit_resources_pr2_description/urdf/meshes/shoulder_v0/convex/upper_arm_roll_L.dae
[0.675s] -- Installing: /home/mtrn/4231/ws_moveit2/install/moveit_resources_pr2_description/share/moveit_resources_pr2_description/urdf/meshes/shoulder_v0/convex/shoulder_pan_convex.stla
[0.675s] -- Installing: /home/mtrn/4231/ws_moveit2/install/moveit_resources_pr2_description/share/moveit_resources_pr2_description/urdf/meshes/shoulder_v0/convex/shoulder_pan.dae
[0.675s] -- Installing: /home/mtrn/4231/ws_moveit2/install/moveit_resources_pr2_description/share/moveit_resources_pr2_description/urdf/meshes/shoulder_v0/convex/shoulder_yaw_convex.stlb
[0.676s] -- Installing: /home/mtrn/4231/ws_moveit2/install/moveit_resources_pr2_description/share/moveit_resources_pr2_description/urdf/meshes/shoulder_v0/convex/shoulder_yaw.xml
[0.676s] -- Installing: /home/mtrn/4231/ws_moveit2/install/moveit_resources_pr2_description/share/moveit_resources_pr2_description/urdf/meshes/shoulder_v0/convex/upper_arm_roll_L_convex.stla
[0.677s] -- Installing: /home/mtrn/4231/ws_moveit2/install/moveit_resources_pr2_description/share/moveit_resources_pr2_description/urdf/meshes/shoulder_v0/convex/shoulder_yaw.dae
[0.677s] -- Installing: /home/mtrn/4231/ws_moveit2/install/moveit_resources_pr2_description/share/moveit_resources_pr2_description/urdf/meshes/shoulder_v0/convex/upper_arm_roll_L_convex.stlb
[0.677s] -- Installing: /home/mtrn/4231/ws_moveit2/install/moveit_resources_pr2_description/share/moveit_resources_pr2_description/urdf/meshes/shoulder_v0/convex/shoulder_lift_convex.stlb
[0.678s] -- Installing: /home/mtrn/4231/ws_moveit2/install/moveit_resources_pr2_description/share/moveit_resources_pr2_description/urdf/meshes/shoulder_v0/convex/shoulder_lift.xml
[0.678s] -- Installing: /home/mtrn/4231/ws_moveit2/install/moveit_resources_pr2_description/share/moveit_resources_pr2_description/urdf/meshes/shoulder_v0/convex/shoulder_lift_convex.stla
[0.678s] -- Installing: /home/mtrn/4231/ws_moveit2/install/moveit_resources_pr2_description/share/moveit_resources_pr2_description/urdf/meshes/shoulder_v0/convex/upper_arm_roll.dae
[0.679s] -- Installing: /home/mtrn/4231/ws_moveit2/install/moveit_resources_pr2_description/share/moveit_resources_pr2_description/urdf/meshes/shoulder_v0/convex/upper_arm_roll_convex.stlb
[0.679s] -- Installing: /home/mtrn/4231/ws_moveit2/install/moveit_resources_pr2_description/share/moveit_resources_pr2_description/urdf/meshes/shoulder_v0/convex/shoulder_lift.dae
[0.679s] -- Installing: /home/mtrn/4231/ws_moveit2/install/moveit_resources_pr2_description/share/moveit_resources_pr2_description/urdf/meshes/shoulder_v0/convex/shoulder_pan.xml
[0.680s] -- Installing: /home/mtrn/4231/ws_moveit2/install/moveit_resources_pr2_description/share/moveit_resources_pr2_description/urdf/meshes/shoulder_v0/convex/upper_arm_roll.xml
[0.680s] -- Installing: /home/mtrn/4231/ws_moveit2/install/moveit_resources_pr2_description/share/moveit_resources_pr2_description/urdf/meshes/shoulder_v0/convex/upper_arm_roll_L.xml
[0.681s] -- Installing: /home/mtrn/4231/ws_moveit2/install/moveit_resources_pr2_description/share/moveit_resources_pr2_description/urdf/meshes/shoulder_v0/convex/upper_arm_roll_convex.stla
[0.681s] -- Installing: /home/mtrn/4231/ws_moveit2/install/moveit_resources_pr2_description/share/moveit_resources_pr2_description/urdf/meshes/shoulder_v0/convex/shoulder_yaw_convex.stla
[0.681s] -- Installing: /home/mtrn/4231/ws_moveit2/install/moveit_resources_pr2_description/share/moveit_resources_pr2_description/urdf/meshes/shoulder_v0/convex/shoulder_pan_convex.stlb
[0.681s] -- Installing: /home/mtrn/4231/ws_moveit2/install/moveit_resources_pr2_description/share/moveit_resources_pr2_description/urdf/meshes/shoulder_v0/shoulder_pan.stl
[0.682s] -- Installing: /home/mtrn/4231/ws_moveit2/install/moveit_resources_pr2_description/share/moveit_resources_pr2_description/urdf/meshes/shoulder_v0/shoulder_yaw.stl
[0.682s] -- Installing: /home/mtrn/4231/ws_moveit2/install/moveit_resources_pr2_description/share/moveit_resources_pr2_description/urdf/meshes/shoulder_v0/upper_arm_roll_color.tif
[0.683s] -- Installing: /home/mtrn/4231/ws_moveit2/install/moveit_resources_pr2_description/share/moveit_resources_pr2_description/urdf/meshes/shoulder_v0/upper_arm_roll.dae
[0.684s] -- Installing: /home/mtrn/4231/ws_moveit2/install/moveit_resources_pr2_description/share/moveit_resources_pr2_description/urdf/meshes/shoulder_v0/shoulder_lift_normals.tif
[0.685s] -- Installing: /home/mtrn/4231/ws_moveit2/install/moveit_resources_pr2_description/share/moveit_resources_pr2_description/urdf/meshes/shoulder_v0/shoulder_lift.dae
[0.686s] -- Installing: /home/mtrn/4231/ws_moveit2/install/moveit_resources_pr2_description/share/moveit_resources_pr2_description/urdf/meshes/shoulder_v0/upper_arm_roll_normals.tif
[0.690s] -- Installing: /home/mtrn/4231/ws_moveit2/install/moveit_resources_pr2_description/share/moveit_resources_pr2_description/urdf/meshes/shoulder_v0/upper_arm_roll_L.stl
[0.690s] -- Installing: /home/mtrn/4231/ws_moveit2/install/moveit_resources_pr2_description/share/moveit_resources_pr2_description/urdf/meshes/shoulder_v0/shoulder_lift_color.tif
[0.691s] -- Installing: /home/mtrn/4231/ws_moveit2/install/moveit_resources_pr2_description/share/moveit_resources_pr2_description/urdf/meshes/shoulder_v0/upper_arm_roll.stl
[0.692s] -- Installing: /home/mtrn/4231/ws_moveit2/install/moveit_resources_pr2_description/share/moveit_resources_pr2_description/urdf/meshes/shoulder_v0/shoulder_lift.stl
[0.692s] -- Installing: /home/mtrn/4231/ws_moveit2/install/moveit_resources_pr2_description/share/moveit_resources_pr2_description/urdf/meshes/shoulder_v0/shoulder_pan_color.tif
[0.700s] -- Installing: /home/mtrn/4231/ws_moveit2/install/moveit_resources_pr2_description/share/moveit_resources_pr2_description/urdf/meshes/gripper_v0
[0.700s] -- Installing: /home/mtrn/4231/ws_moveit2/install/moveit_resources_pr2_description/share/moveit_resources_pr2_description/urdf/meshes/gripper_v0/fingertip_H_Color_100430.tif
[0.701s] -- Installing: /home/mtrn/4231/ws_moveit2/install/moveit_resources_pr2_description/share/moveit_resources_pr2_description/urdf/meshes/gripper_v0/l_finger_tip.stl
[0.702s] -- Installing: /home/mtrn/4231/ws_moveit2/install/moveit_resources_pr2_description/share/moveit_resources_pr2_description/urdf/meshes/gripper_v0/l_float.dae
[0.703s] -- Installing: /home/mtrn/4231/ws_moveit2/install/moveit_resources_pr2_description/share/moveit_resources_pr2_description/urdf/meshes/gripper_v0/upper_finger_l.stl
[0.703s] -- Installing: /home/mtrn/4231/ws_moveit2/install/moveit_resources_pr2_description/share/moveit_resources_pr2_description/urdf/meshes/gripper_v0/finger_tip_l.stl
[0.705s] -- Installing: /home/mtrn/4231/ws_moveit2/install/moveit_resources_pr2_description/share/moveit_resources_pr2_description/urdf/meshes/gripper_v0/l_finger_tip.dae
[0.706s] -- Installing: /home/mtrn/4231/ws_moveit2/install/moveit_resources_pr2_description/share/moveit_resources_pr2_description/urdf/meshes/gripper_v0/finger_tip_pad2_r.stl
[0.706s] -- Installing: /home/mtrn/4231/ws_moveit2/install/moveit_resources_pr2_description/share/moveit_resources_pr2_description/urdf/meshes/gripper_v0/l_finger_tip_normals.tif
[0.710s] -- Installing: /home/mtrn/4231/ws_moveit2/install/moveit_resources_pr2_description/share/moveit_resources_pr2_description/urdf/meshes/gripper_v0/convex
[0.711s] -- Installing: /home/mtrn/4231/ws_moveit2/install/moveit_resources_pr2_description/share/moveit_resources_pr2_description/urdf/meshes/gripper_v0/convex/finger_tip_pad2_r.dae
[0.711s] -- Installing: /home/mtrn/4231/ws_moveit2/install/moveit_resources_pr2_description/share/moveit_resources_pr2_description/urdf/meshes/gripper_v0/convex/finger_tip_l_convex.stla
[0.711s] -- Installing: /home/mtrn/4231/ws_moveit2/install/moveit_resources_pr2_description/share/moveit_resources_pr2_description/urdf/meshes/gripper_v0/convex/l_finger_tip.dae
[0.712s] -- Installing: /home/mtrn/4231/ws_moveit2/install/moveit_resources_pr2_description/share/moveit_resources_pr2_description/urdf/meshes/gripper_v0/convex/gripper_palm.xml
[0.712s] -- Installing: /home/mtrn/4231/ws_moveit2/install/moveit_resources_pr2_description/share/moveit_resources_pr2_description/urdf/meshes/gripper_v0/convex/upper_finger_r.dae
[0.713s] -- Installing: /home/mtrn/4231/ws_moveit2/install/moveit_resources_pr2_description/share/moveit_resources_pr2_description/urdf/meshes/gripper_v0/convex/l_finger_convex.stlb
[0.713s] -- Installing: /home/mtrn/4231/ws_moveit2/install/moveit_resources_pr2_description/share/moveit_resources_pr2_description/urdf/meshes/gripper_v0/convex/upper_finger_r.xml
[0.713s] -- Installing: /home/mtrn/4231/ws_moveit2/install/moveit_resources_pr2_description/share/moveit_resources_pr2_description/urdf/meshes/gripper_v0/convex/l_floating.dae
[0.713s] -- Installing: /home/mtrn/4231/ws_moveit2/install/moveit_resources_pr2_description/share/moveit_resources_pr2_description/urdf/meshes/gripper_v0/convex/l_floating_convex.stlb
[0.713s] -- Installing: /home/mtrn/4231/ws_moveit2/install/moveit_resources_pr2_description/share/moveit_resources_pr2_description/urdf/meshes/gripper_v0/convex/l_finger.xml
[0.713s] -- Installing: /home/mtrn/4231/ws_moveit2/install/moveit_resources_pr2_description/share/moveit_resources_pr2_description/urdf/meshes/gripper_v0/convex/l_finger_tip_convex.stlb
[0.713s] -- Installing: /home/mtrn/4231/ws_moveit2/install/moveit_resources_pr2_description/share/moveit_resources_pr2_description/urdf/meshes/gripper_v0/convex/gripper_palm_convex.stla
[0.714s] -- Installing: /home/mtrn/4231/ws_moveit2/install/moveit_resources_pr2_description/share/moveit_resources_pr2_description/urdf/meshes/gripper_v0/convex/upper_finger_l.dae
[0.714s] -- Installing: /home/mtrn/4231/ws_moveit2/install/moveit_resources_pr2_description/share/moveit_resources_pr2_description/urdf/meshes/gripper_v0/convex/finger_tip_pad2_l_convex.stlb
[0.714s] -- Installing: /home/mtrn/4231/ws_moveit2/install/moveit_resources_pr2_description/share/moveit_resources_pr2_description/urdf/meshes/gripper_v0/convex/l_finger_convex.stla
[0.714s] -- Installing: /home/mtrn/4231/ws_moveit2/install/moveit_resources_pr2_description/share/moveit_resources_pr2_description/urdf/meshes/gripper_v0/convex/l_floating.xml
[0.715s] -- Installing: /home/mtrn/4231/ws_moveit2/install/moveit_resources_pr2_description/share/moveit_resources_pr2_description/urdf/meshes/gripper_v0/convex/l_finger_tip.xml
[0.715s] -- Installing: /home/mtrn/4231/ws_moveit2/install/moveit_resources_pr2_description/share/moveit_resources_pr2_description/urdf/meshes/gripper_v0/convex/l_floating_convex.stla
[0.715s] -- Installing: /home/mtrn/4231/ws_moveit2/install/moveit_resources_pr2_description/share/moveit_resources_pr2_description/urdf/meshes/gripper_v0/convex/l_finger.dae
[0.715s] -- Installing: /home/mtrn/4231/ws_moveit2/install/moveit_resources_pr2_description/share/moveit_resources_pr2_description/urdf/meshes/gripper_v0/convex/finger_tip_r.xml
[0.715s] -- Installing: /home/mtrn/4231/ws_moveit2/install/moveit_resources_pr2_description/share/moveit_resources_pr2_description/urdf/meshes/gripper_v0/convex/finger_tip_l_convex.stlb
[0.716s] -- Installing: /home/mtrn/4231/ws_moveit2/install/moveit_resources_pr2_description/share/moveit_resources_pr2_description/urdf/meshes/gripper_v0/convex/finger_tip_r.dae
[0.716s] -- Installing: /home/mtrn/4231/ws_moveit2/install/moveit_resources_pr2_description/share/moveit_resources_pr2_description/urdf/meshes/gripper_v0/convex/finger_tip_pad2_l.dae
[0.716s] -- Installing: /home/mtrn/4231/ws_moveit2/install/moveit_resources_pr2_description/share/moveit_resources_pr2_description/urdf/meshes/gripper_v0/convex/finger_tip_r_convex.stlb
[0.716s] -- Installing: /home/mtrn/4231/ws_moveit2/install/moveit_resources_pr2_description/share/moveit_resources_pr2_description/urdf/meshes/gripper_v0/convex/finger_tip_l.xml
[0.716s] -- Installing: /home/mtrn/4231/ws_moveit2/install/moveit_resources_pr2_description/share/moveit_resources_pr2_description/urdf/meshes/gripper_v0/convex/gripper_palm_convex.stlb
[0.716s] -- Installing: /home/mtrn/4231/ws_moveit2/install/moveit_resources_pr2_description/share/moveit_resources_pr2_description/urdf/meshes/gripper_v0/convex/upper_finger_l.xml
[0.717s] -- Installing: /home/mtrn/4231/ws_moveit2/install/moveit_resources_pr2_description/share/moveit_resources_pr2_description/urdf/meshes/gripper_v0/convex/finger_tip_pad2_r_convex.stla
[0.717s] -- Installing: /home/mtrn/4231/ws_moveit2/install/moveit_resources_pr2_description/share/moveit_resources_pr2_description/urdf/meshes/gripper_v0/convex/gripper_palm.dae
[0.717s] -- Installing: /home/mtrn/4231/ws_moveit2/install/moveit_resources_pr2_description/share/moveit_resources_pr2_description/urdf/meshes/gripper_v0/convex/finger_tip_l.dae
[0.717s] -- Installing: /home/mtrn/4231/ws_moveit2/install/moveit_resources_pr2_description/share/moveit_resources_pr2_description/urdf/meshes/gripper_v0/convex/finger_tip_pad2_l.xml
[0.717s] -- Installing: /home/mtrn/4231/ws_moveit2/install/moveit_resources_pr2_description/share/moveit_resources_pr2_description/urdf/meshes/gripper_v0/convex/upper_finger_l_convex.stlb
[0.718s] -- Installing: /home/mtrn/4231/ws_moveit2/install/moveit_resources_pr2_description/share/moveit_resources_pr2_description/urdf/meshes/gripper_v0/convex/upper_finger_l_convex.stla
[0.718s] -- Installing: /home/mtrn/4231/ws_moveit2/install/moveit_resources_pr2_description/share/moveit_resources_pr2_description/urdf/meshes/gripper_v0/convex/finger_tip_pad2_l_convex.stla
[0.718s] -- Installing: /home/mtrn/4231/ws_moveit2/install/moveit_resources_pr2_description/share/moveit_resources_pr2_description/urdf/meshes/gripper_v0/convex/finger_tip_r_convex.stla
[0.718s] -- Installing: /home/mtrn/4231/ws_moveit2/install/moveit_resources_pr2_description/share/moveit_resources_pr2_description/urdf/meshes/gripper_v0/convex/finger_tip_pad2_r_convex.stlb
[0.718s] -- Installing: /home/mtrn/4231/ws_moveit2/install/moveit_resources_pr2_description/share/moveit_resources_pr2_description/urdf/meshes/gripper_v0/convex/upper_finger_r_convex.stlb
[0.719s] -- Installing: /home/mtrn/4231/ws_moveit2/install/moveit_resources_pr2_description/share/moveit_resources_pr2_description/urdf/meshes/gripper_v0/convex/l_finger_tip_convex.stla
[0.719s] -- Installing: /home/mtrn/4231/ws_moveit2/install/moveit_resources_pr2_description/share/moveit_resources_pr2_description/urdf/meshes/gripper_v0/convex/upper_finger_r_convex.stla
[0.719s] -- Installing: /home/mtrn/4231/ws_moveit2/install/moveit_resources_pr2_description/share/moveit_resources_pr2_description/urdf/meshes/gripper_v0/convex/finger_tip_pad2_r.xml
[0.719s] -- Installing: /home/mtrn/4231/ws_moveit2/install/moveit_resources_pr2_description/share/moveit_resources_pr2_description/urdf/meshes/gripper_v0/gripper_palm_color.tif
[0.720s] -- Installing: /home/mtrn/4231/ws_moveit2/install/moveit_resources_pr2_description/share/moveit_resources_pr2_description/urdf/meshes/gripper_v0/finger_tip_r.stl
[0.721s] -- Installing: /home/mtrn/4231/ws_moveit2/install/moveit_resources_pr2_description/share/moveit_resources_pr2_description/urdf/meshes/gripper_v0/finger_H_UV_100430.dae
[0.726s] -- Installing: /home/mtrn/4231/ws_moveit2/install/moveit_resources_pr2_description/share/moveit_resources_pr2_description/urdf/meshes/gripper_v0/l_finger.dae
[0.728s] -- Installing: /home/mtrn/4231/ws_moveit2/install/moveit_resources_pr2_description/share/moveit_resources_pr2_description/urdf/meshes/gripper_v0/l_float_normals.tif
[0.732s] -- Installing: /home/mtrn/4231/ws_moveit2/install/moveit_resources_pr2_description/share/moveit_resources_pr2_description/urdf/meshes/gripper_v0/gripper_palm_normals.tif
[0.735s] -- Installing: /home/mtrn/4231/ws_moveit2/install/moveit_resources_pr2_description/share/moveit_resources_pr2_description/urdf/meshes/gripper_v0/palm_H_UV_100430.dae
[0.738s] -- Installing: /home/mtrn/4231/ws_moveit2/install/moveit_resources_pr2_description/share/moveit_resources_pr2_description/urdf/meshes/gripper_v0/palm_H_Color_100430.tif
[0.738s] -- Installing: /home/mtrn/4231/ws_moveit2/install/moveit_resources_pr2_description/share/moveit_resources_pr2_description/urdf/meshes/gripper_v0/float_H_UV_100430.dae
[0.742s] -- Installing: /home/mtrn/4231/ws_moveit2/install/moveit_resources_pr2_description/share/moveit_resources_pr2_description/urdf/meshes/gripper_v0/l_finger_normals.tif
[0.745s] -- Installing: /home/mtrn/4231/ws_moveit2/install/moveit_resources_pr2_description/share/moveit_resources_pr2_description/urdf/meshes/gripper_v0/l_finger_color.tif
[0.746s] -- Installing: /home/mtrn/4231/ws_moveit2/install/moveit_resources_pr2_description/share/moveit_resources_pr2_description/urdf/meshes/gripper_v0/l_finger_tip_color.tif
[0.746s] -- Installing: /home/mtrn/4231/ws_moveit2/install/moveit_resources_pr2_description/share/moveit_resources_pr2_description/urdf/meshes/gripper_v0/l_floating.stl
[0.747s] -- Installing: /home/mtrn/4231/ws_moveit2/install/moveit_resources_pr2_description/share/moveit_resources_pr2_description/urdf/meshes/gripper_v0/finger_tip_H_UV_100430.dae
[0.752s] -- Installing: /home/mtrn/4231/ws_moveit2/install/moveit_resources_pr2_description/share/moveit_resources_pr2_description/urdf/meshes/gripper_v0/finger_H_Color_100430.tif
[0.753s] -- Installing: /home/mtrn/4231/ws_moveit2/install/moveit_resources_pr2_description/share/moveit_resources_pr2_description/urdf/meshes/gripper_v0/finger_tip_pad2_l.stl
[0.753s] -- Installing: /home/mtrn/4231/ws_moveit2/install/moveit_resources_pr2_description/share/moveit_resources_pr2_description/urdf/meshes/gripper_v0/gripper_palm.dae
[0.754s] -- Installing: /home/mtrn/4231/ws_moveit2/install/moveit_resources_pr2_description/share/moveit_resources_pr2_description/urdf/meshes/gripper_v0/l_float_color.tif
[0.755s] -- Installing: /home/mtrn/4231/ws_moveit2/install/moveit_resources_pr2_description/share/moveit_resources_pr2_description/urdf/meshes/gripper_v0/gripper_palm.stl
[0.756s] -- Installing: /home/mtrn/4231/ws_moveit2/install/moveit_resources_pr2_description/share/moveit_resources_pr2_description/urdf/meshes/gripper_v0/l_finger.stl
[0.757s] -- Installing: /home/mtrn/4231/ws_moveit2/install/moveit_resources_pr2_description/share/moveit_resources_pr2_description/urdf/meshes/gripper_v0/float_H_Color_100430.tif
[0.758s] -- Installing: /home/mtrn/4231/ws_moveit2/install/moveit_resources_pr2_description/share/moveit_resources_pr2_description/urdf/meshes/gripper_v0/upper_finger_r.stl
[0.758s] -- Installing: /home/mtrn/4231/ws_moveit2/install/moveit_resources_pr2_description/share/moveit_resources_pr2_description/urdf/meshes/head_v0
[0.758s] -- Installing: /home/mtrn/4231/ws_moveit2/install/moveit_resources_pr2_description/share/moveit_resources_pr2_description/urdf/meshes/head_v0/head_tilt_color_red.tif
[0.760s] -- Installing: /home/mtrn/4231/ws_moveit2/install/moveit_resources_pr2_description/share/moveit_resources_pr2_description/urdf/meshes/head_v0/head_tilt_L.stl
[0.760s] -- Installing: /home/mtrn/4231/ws_moveit2/install/moveit_resources_pr2_description/share/moveit_resources_pr2_description/urdf/meshes/head_v0/head_tilt_normals.tif
[0.762s] -- Installing: /home/mtrn/4231/ws_moveit2/install/moveit_resources_pr2_description/share/moveit_resources_pr2_description/urdf/meshes/head_v0/head_tilt.dae
[0.763s] -- Installing: /home/mtrn/4231/ws_moveit2/install/moveit_resources_pr2_description/share/moveit_resources_pr2_description/urdf/meshes/head_v0/head_tilt_color_yellow.tif
[0.764s] -- Installing: /home/mtrn/4231/ws_moveit2/install/moveit_resources_pr2_description/share/moveit_resources_pr2_description/urdf/meshes/head_v0/convex
[0.764s] -- Installing: /home/mtrn/4231/ws_moveit2/install/moveit_resources_pr2_description/share/moveit_resources_pr2_description/urdf/meshes/head_v0/convex/head_pan_L_convex.stla
[0.765s] -- Installing: /home/mtrn/4231/ws_moveit2/install/moveit_resources_pr2_description/share/moveit_resources_pr2_description/urdf/meshes/head_v0/convex/head_tilt_L_convex.stla
[0.765s] -- Installing: /home/mtrn/4231/ws_moveit2/install/moveit_resources_pr2_description/share/moveit_resources_pr2_description/urdf/meshes/head_v0/convex/head_pan_L_convex.stlb
[0.766s] -- Installing: /home/mtrn/4231/ws_moveit2/install/moveit_resources_pr2_description/share/moveit_resources_pr2_description/urdf/meshes/head_v0/convex/head_tilt.dae
[0.766s] -- Installing: /home/mtrn/4231/ws_moveit2/install/moveit_resources_pr2_description/share/moveit_resources_pr2_description/urdf/meshes/head_v0/convex/head_tilt_convex.stlb
[0.767s] -- Installing: /home/mtrn/4231/ws_moveit2/install/moveit_resources_pr2_description/share/moveit_resources_pr2_description/urdf/meshes/head_v0/convex/head_pan_convex.stla
[0.768s] -- Installing: /home/mtrn/4231/ws_moveit2/install/moveit_resources_pr2_description/share/moveit_resources_pr2_description/urdf/meshes/head_v0/convex/head_tilt_L_convex.stlb
[0.768s] -- Installing: /home/mtrn/4231/ws_moveit2/install/moveit_resources_pr2_description/share/moveit_resources_pr2_description/urdf/meshes/head_v0/convex/head_pan.xml
[0.768s] -- Installing: /home/mtrn/4231/ws_moveit2/install/moveit_resources_pr2_description/share/moveit_resources_pr2_description/urdf/meshes/head_v0/convex/head_tilt.xml
[0.769s] -- Installing: /home/mtrn/4231/ws_moveit2/install/moveit_resources_pr2_description/share/moveit_resources_pr2_description/urdf/meshes/head_v0/convex/head_tilt_L.dae
[0.769s] -- Installing: /home/mtrn/4231/ws_moveit2/install/moveit_resources_pr2_description/share/moveit_resources_pr2_description/urdf/meshes/head_v0/convex/head_pan_convex.stlb
[0.769s] -- Installing: /home/mtrn/4231/ws_moveit2/install/moveit_resources_pr2_description/share/moveit_resources_pr2_description/urdf/meshes/head_v0/convex/head_pan_L.xml
[0.770s] -- Installing: /home/mtrn/4231/ws_moveit2/install/moveit_resources_pr2_description/share/moveit_resources_pr2_description/urdf/meshes/head_v0/convex/head_tilt_convex.stla
[0.771s] -- Installing: /home/mtrn/4231/ws_moveit2/install/moveit_resources_pr2_description/share/moveit_resources_pr2_description/urdf/meshes/head_v0/convex/head_pan.dae
[0.771s] -- Installing: /home/mtrn/4231/ws_moveit2/install/moveit_resources_pr2_description/share/moveit_resources_pr2_description/urdf/meshes/head_v0/convex/head_pan_L.dae
[0.771s] -- Installing: /home/mtrn/4231/ws_moveit2/install/moveit_resources_pr2_description/share/moveit_resources_pr2_description/urdf/meshes/head_v0/convex/head_tilt_L.xml
[0.772s] -- Installing: /home/mtrn/4231/ws_moveit2/install/moveit_resources_pr2_description/share/moveit_resources_pr2_description/urdf/meshes/head_v0/head_pan_normals.tif
[0.776s] -- Installing: /home/mtrn/4231/ws_moveit2/install/moveit_resources_pr2_description/share/moveit_resources_pr2_description/urdf/meshes/head_v0/head_tilt.stl
[0.777s] -- Installing: /home/mtrn/4231/ws_moveit2/install/moveit_resources_pr2_description/share/moveit_resources_pr2_description/urdf/meshes/head_v0/head_pan_L.stl
[0.777s] -- Installing: /home/mtrn/4231/ws_moveit2/install/moveit_resources_pr2_description/share/moveit_resources_pr2_description/urdf/meshes/head_v0/head_tilt_color.tif
[0.784s] -- Installing: /home/mtrn/4231/ws_moveit2/install/moveit_resources_pr2_description/share/moveit_resources_pr2_description/urdf/meshes/head_v0/head_pan_color.tif
[0.785s] -- Installing: /home/mtrn/4231/ws_moveit2/install/moveit_resources_pr2_description/share/moveit_resources_pr2_description/urdf/meshes/head_v0/head_tilt_green.tif
[0.786s] -- Installing: /home/mtrn/4231/ws_moveit2/install/moveit_resources_pr2_description/share/moveit_resources_pr2_description/urdf/meshes/head_v0/head_pan.dae
[0.787s] -- Installing: /home/mtrn/4231/ws_moveit2/install/moveit_resources_pr2_description/share/moveit_resources_pr2_description/urdf/meshes/head_v0/head_pan.stl
[0.788s] -- Installing: /home/mtrn/4231/ws_moveit2/install/moveit_resources_pr2_description/share/moveit_resources_pr2_description/kinect.dae
[0.794s] Invoked command in '/home/mtrn/4231/ws_moveit2/build/moveit_resources_pr2_description' returned '0': CMAKE_PREFIX_PATH=/opt/ros/humble /usr/bin/cmake --install /home/mtrn/4231/ws_moveit2/build/moveit_resources_pr2_description
