[0.005s] Invoking command in '/home/mtrn/4231/ws_moveit2/build/rosparam_shortcuts': CMAKE_PREFIX_PATH=/opt/ros/humble /usr/bin/cmake /home/mtrn/4231/ws_moveit2/src/rosparam_shortcuts -DCMAKE_BUILD_TYPE=Release -DCMAKE_INSTALL_PREFIX=/home/mtrn/4231/ws_moveit2/install/rosparam_shortcuts
[0.046s] -- The C compiler identification is GNU 11.4.0
[0.080s] -- The CXX compiler identification is GNU 11.4.0
[0.084s] -- Detecting C compiler ABI info
[0.130s] -- Detecting C compiler ABI info - done
[0.135s] -- Check for working C compiler: /usr/bin/cc - skipped
[0.135s] -- Detecting C compile features
[0.135s] -- Detecting C compile features - done
[0.138s] -- Detecting CXX compiler ABI info
[0.189s] -- Detecting CXX compiler ABI info - done
[0.193s] -- Check for working CXX compiler: /usr/bin/c++ - skipped
[0.193s] -- Detecting CXX compile features
[0.194s] -- Detecting CXX compile features - done
[0.196s] -- Found ament_cmake: 1.3.5 (/opt/ros/humble/share/ament_cmake/cmake)
[0.310s] -- Found Python3: /usr/bin/python3.10 (found version "3.10.12") found components: Interpreter 
[0.366s] -- Found eigen3_cmake_module: 0.1.1 (/opt/ros/humble/share/eigen3_cmake_module/cmake)
[0.371s] -- Found Eigen3: TRUE (found version "3.4.0") 
[0.372s] -- Found geometry_msgs: 4.2.3 (/opt/ros/humble/share/geometry_msgs/cmake)
[0.401s] -- Found rosidl_generator_c: 3.1.5 (/opt/ros/humble/share/rosidl_generator_c/cmake)
[0.405s] -- Found rosidl_adapter: 3.1.5 (/opt/ros/humble/share/rosidl_adapter/cmake)
[0.410s] -- Found rosidl_generator_cpp: 3.1.5 (/opt/ros/humble/share/rosidl_generator_cpp/cmake)
[0.418s] -- Using all available rosidl_typesupport_c: rosidl_typesupport_fastrtps_c;rosidl_typesupport_introspection_c
[0.431s] -- Using all available rosidl_typesupport_cpp: rosidl_typesupport_fastrtps_cpp;rosidl_typesupport_introspection_cpp
[0.507s] -- Found rclcpp: 16.0.5 (/opt/ros/humble/share/rclcpp/cmake)
[0.544s] -- Found rmw_implementation_cmake: 6.1.1 (/opt/ros/humble/share/rmw_implementation_cmake/cmake)
[0.545s] -- Found rmw_cyclonedds_cpp: 1.3.4 (/opt/ros/humble/share/rmw_cyclonedds_cpp/cmake)
[0.566s] -- Using RMW implementation 'rmw_cyclonedds_cpp' as default
[0.572s] -- Looking for pthread.h
[0.623s] -- Looking for pthread.h - found
[0.623s] -- Performing Test CMAKE_HAVE_LIBC_PTHREAD
[0.663s] -- Performing Test CMAKE_HAVE_LIBC_PTHREAD - Success
[0.664s] -- Found Threads: TRUE  
[0.743s] -- Found tf2_eigen: 0.25.3 (/opt/ros/humble/share/tf2_eigen/cmake)
[0.981s] -- Found ament_lint_auto: 0.12.7 (/opt/ros/humble/share/ament_lint_auto/cmake)
[0.986s] -- Found ament_cmake_gtest: 1.3.5 (/opt/ros/humble/share/ament_cmake_gtest/cmake)
[0.991s] -- Found ros_testing: 0.4.0 (/opt/ros/humble/share/ros_testing/cmake)
[0.995s] -- Found launch_testing_ament_cmake: 1.0.4 (/opt/ros/humble/share/launch_testing_ament_cmake/cmake)
[0.999s] -- Found python_cmake_module: 0.10.0 (/opt/ros/humble/share/python_cmake_module/cmake)
[1.013s] -- Found PythonInterp: /usr/bin/python3 (found suitable version "3.10.12", minimum required is "3.6") 
[1.020s] -- Found PythonLibs: /usr/lib/x86_64-linux-gnu/libpython3.10.so (found suitable version "3.10.12", minimum required is "3.5") 
[1.020s] -- Using PYTHON_EXECUTABLE: /usr/bin/python3
[1.020s] -- Using PYTHON_INCLUDE_DIRS: /usr/include/python3.10
[1.021s] -- Using PYTHON_LIBRARIES: /usr/lib/x86_64-linux-gnu/libpython3.10.so
[1.032s] -- Found PythonExtra: .so  
[1.085s] -- Found gtest sources under '/opt/ros/humble/src/gtest_vendor': C++ tests using 'Google Test' will be built
[1.090s] -- Added test 'copyright' to check source files copyright and LICENSE
[1.101s] -- Added test 'lint_cmake' to check CMake code style
[1.102s] -- Added test 'pep257' to check Python code against some of the docstring style conventions in PEP 257
[1.102s] -- Added test 'xmllint' to check XML markup files
[1.104s] -- Configuring done
[1.123s] -- Generating done
[1.125s] -- Build files have been written to: /home/mtrn/4231/ws_moveit2/build/rosparam_shortcuts
[1.131s] Invoked command in '/home/mtrn/4231/ws_moveit2/build/rosparam_shortcuts' returned '0': CMAKE_PREFIX_PATH=/opt/ros/humble /usr/bin/cmake /home/mtrn/4231/ws_moveit2/src/rosparam_shortcuts -DCMAKE_BUILD_TYPE=Release -DCMAKE_INSTALL_PREFIX=/home/mtrn/4231/ws_moveit2/install/rosparam_shortcuts
[1.132s] Invoking command in '/home/mtrn/4231/ws_moveit2/build/rosparam_shortcuts': CMAKE_PREFIX_PATH=/opt/ros/humble /usr/bin/cmake --build /home/mtrn/4231/ws_moveit2/build/rosparam_shortcuts -- -j4 -l4
[1.169s] [ 15%] [32mBuilding CXX object CMakeFiles/rosparam_shortcuts.dir/src/rosparam_shortcuts.cpp.o[0m
[1.169s] [ 15%] [32mBuilding CXX object CMakeFiles/rosparam_shortcuts.dir/src/node_parameters.cpp.o[0m
[1.169s] [ 23%] [32mBuilding CXX object gtest/CMakeFiles/gtest_main.dir/src/gtest_main.cc.o[0m
[1.169s] [ 30%] [32mBuilding CXX object gtest/CMakeFiles/gtest.dir/src/gtest-all.cc.o[0m
[1.997s] [ 38%] [32m[1mLinking CXX static library libgtest_main.a[0m
[2.032s] [ 38%] Built target gtest_main
[6.715s] [ 46%] [32m[1mLinking CXX shared library librosparam_shortcuts.so[0m
[6.808s] [ 46%] Built target rosparam_shortcuts
[6.823s] [ 53%] [32mBuilding CXX object CMakeFiles/rosparam_shortcuts_node_parameters_example.dir/src/node_parameters_example.cpp.o[0m
[6.826s] [ 61%] [32mBuilding CXX object CMakeFiles/rosparam_shortcuts_example.dir/src/example.cpp.o[0m
[7.842s] [ 69%] [32m[1mLinking CXX static library libgtest.a[0m
[7.876s] [ 69%] Built target gtest
[7.899s] [ 76%] [32mBuilding CXX object CMakeFiles/test_node_parameters.dir/test/test_node_parameters.cpp.o[0m
[10.173s] [ 84%] [32m[1mLinking CXX executable example[0m
[10.250s] [ 92%] [32m[1mLinking CXX executable node_parameters_example[0m
[10.292s] [ 92%] Built target rosparam_shortcuts_example
[10.357s] [ 92%] Built target rosparam_shortcuts_node_parameters_example
[12.006s] [100%] [32m[1mLinking CXX executable test_node_parameters[0m
[12.099s] [100%] Built target test_node_parameters
[12.109s] Invoked command in '/home/mtrn/4231/ws_moveit2/build/rosparam_shortcuts' returned '0': CMAKE_PREFIX_PATH=/opt/ros/humble /usr/bin/cmake --build /home/mtrn/4231/ws_moveit2/build/rosparam_shortcuts -- -j4 -l4
[12.140s] Invoking command in '/home/mtrn/4231/ws_moveit2/build/rosparam_shortcuts': CMAKE_PREFIX_PATH=/opt/ros/humble /usr/bin/cmake --install /home/mtrn/4231/ws_moveit2/build/rosparam_shortcuts
[12.145s] -- Install configuration: "Release"
[12.145s] -- Installing: /home/mtrn/4231/ws_moveit2/install/rosparam_shortcuts/lib/librosparam_shortcuts.so
[12.145s] -- Set runtime path of "/home/mtrn/4231/ws_moveit2/install/rosparam_shortcuts/lib/librosparam_shortcuts.so" to ""
[12.145s] -- Installing: /home/mtrn/4231/ws_moveit2/install/rosparam_shortcuts/lib/rosparam_shortcuts/example
[12.145s] -- Set runtime path of "/home/mtrn/4231/ws_moveit2/install/rosparam_shortcuts/lib/rosparam_shortcuts/example" to ""
[12.145s] -- Installing: /home/mtrn/4231/ws_moveit2/install/rosparam_shortcuts/lib/rosparam_shortcuts/node_parameters_example
[12.146s] -- Set runtime path of "/home/mtrn/4231/ws_moveit2/install/rosparam_shortcuts/lib/rosparam_shortcuts/node_parameters_example" to ""
[12.146s] -- Installing: /home/mtrn/4231/ws_moveit2/install/rosparam_shortcuts/include
[12.149s] -- Installing: /home/mtrn/4231/ws_moveit2/install/rosparam_shortcuts/include/rosparam_shortcuts
[12.149s] -- Installing: /home/mtrn/4231/ws_moveit2/install/rosparam_shortcuts/include/rosparam_shortcuts/rosparam_shortcuts.h
[12.149s] -- Installing: /home/mtrn/4231/ws_moveit2/install/rosparam_shortcuts/include/rosparam_shortcuts/node_parameters.h
[12.149s] -- Installing: /home/mtrn/4231/ws_moveit2/install/rosparam_shortcuts/share/rosparam_shortcuts/launch
[12.149s] -- Installing: /home/mtrn/4231/ws_moveit2/install/rosparam_shortcuts/share/rosparam_shortcuts/launch/example.launch.py
[12.149s] -- Installing: /home/mtrn/4231/ws_moveit2/install/rosparam_shortcuts/share/rosparam_shortcuts/config
[12.149s] -- Installing: /home/mtrn/4231/ws_moveit2/install/rosparam_shortcuts/share/rosparam_shortcuts/config/example.yaml
[12.150s] -- Installing: /home/mtrn/4231/ws_moveit2/install/rosparam_shortcuts/share/rosparam_shortcuts/environment/library_path.sh
[12.150s] -- Installing: /home/mtrn/4231/ws_moveit2/install/rosparam_shortcuts/share/rosparam_shortcuts/environment/library_path.dsv
[12.150s] -- Installing: /home/mtrn/4231/ws_moveit2/install/rosparam_shortcuts/share/ament_index/resource_index/package_run_dependencies/rosparam_shortcuts
[12.150s] -- Installing: /home/mtrn/4231/ws_moveit2/install/rosparam_shortcuts/share/ament_index/resource_index/parent_prefix_path/rosparam_shortcuts
[12.151s] -- Installing: /home/mtrn/4231/ws_moveit2/install/rosparam_shortcuts/share/rosparam_shortcuts/environment/ament_prefix_path.sh
[12.151s] -- Installing: /home/mtrn/4231/ws_moveit2/install/rosparam_shortcuts/share/rosparam_shortcuts/environment/ament_prefix_path.dsv
[12.151s] -- Installing: /home/mtrn/4231/ws_moveit2/install/rosparam_shortcuts/share/rosparam_shortcuts/environment/path.sh
[12.151s] -- Installing: /home/mtrn/4231/ws_moveit2/install/rosparam_shortcuts/share/rosparam_shortcuts/environment/path.dsv
[12.151s] -- Installing: /home/mtrn/4231/ws_moveit2/install/rosparam_shortcuts/share/rosparam_shortcuts/local_setup.bash
[12.151s] -- Installing: /home/mtrn/4231/ws_moveit2/install/rosparam_shortcuts/share/rosparam_shortcuts/local_setup.sh
[12.151s] -- Installing: /home/mtrn/4231/ws_moveit2/install/rosparam_shortcuts/share/rosparam_shortcuts/local_setup.zsh
[12.151s] -- Installing: /home/mtrn/4231/ws_moveit2/install/rosparam_shortcuts/share/rosparam_shortcuts/local_setup.dsv
[12.151s] -- Installing: /home/mtrn/4231/ws_moveit2/install/rosparam_shortcuts/share/rosparam_shortcuts/package.dsv
[12.151s] -- Installing: /home/mtrn/4231/ws_moveit2/install/rosparam_shortcuts/share/ament_index/resource_index/packages/rosparam_shortcuts
[12.151s] -- Installing: /home/mtrn/4231/ws_moveit2/install/rosparam_shortcuts/share/rosparam_shortcuts/cmake/export_rosparam_shortcutsExport.cmake
[12.151s] -- Installing: /home/mtrn/4231/ws_moveit2/install/rosparam_shortcuts/share/rosparam_shortcuts/cmake/export_rosparam_shortcutsExport-release.cmake
[12.151s] -- Installing: /home/mtrn/4231/ws_moveit2/install/rosparam_shortcuts/share/rosparam_shortcuts/cmake/ament_cmake_export_targets-extras.cmake
[12.151s] -- Installing: /home/mtrn/4231/ws_moveit2/install/rosparam_shortcuts/share/rosparam_shortcuts/cmake/ament_cmake_export_dependencies-extras.cmake
[12.151s] -- Installing: /home/mtrn/4231/ws_moveit2/install/rosparam_shortcuts/share/rosparam_shortcuts/cmake/rosparam_shortcutsConfig.cmake
[12.151s] -- Installing: /home/mtrn/4231/ws_moveit2/install/rosparam_shortcuts/share/rosparam_shortcuts/cmake/rosparam_shortcutsConfig-version.cmake
[12.151s] -- Installing: /home/mtrn/4231/ws_moveit2/install/rosparam_shortcuts/share/rosparam_shortcuts/package.xml
[12.159s] Invoked command in '/home/mtrn/4231/ws_moveit2/build/rosparam_shortcuts' returned '0': CMAKE_PREFIX_PATH=/opt/ros/humble /usr/bin/cmake --install /home/mtrn/4231/ws_moveit2/build/rosparam_shortcuts
