-- The CXX compiler identification is GNU 11.4.0
-- Detecting CXX compiler ABI info
-- Detecting CXX compiler ABI info - done
-- Check for working CXX compiler: /usr/bin/c++ - skipped
-- Detecting CXX compile features
-- Detecting CXX compile features - done
-- Found moveit_common: 2.5.4 (/home/mtrn/4231/ws_moveit2/install/moveit_common/share/moveit_common/cmake)
-- Found ament_cmake: 1.3.5 (/opt/ros/humble/share/ament_cmake/cmake)
-- Found Python3: /usr/bin/python3.10 (found version "3.10.12") found components: Interpreter 
-- Found libdw: /usr/lib/x86_64-linux-gnu/libdw.so  
-- Could NOT find libbfd (missing: LIBBFD_LIBRARY LIBBFD_INCLUDE_DIR) 
-- BACKWARD_HAS_UNWIND=1
-- BACKWARD_HAS_BACKTRACE=0
-- BACKWARD_HAS_BACKTRACE_SYMBOL=0
-- BACKWARD_HAS_DW=1
-- BACKWARD_HAS_BFD=0
-- Found Backward: /opt/ros/humble/share/backward_ros/cmake  
-- Found rclcpp: 16.0.5 (/opt/ros/humble/share/rclcpp/cmake)
-- Found rosidl_generator_c: 3.1.5 (/opt/ros/humble/share/rosidl_generator_c/cmake)
-- Found rosidl_adapter: 3.1.5 (/opt/ros/humble/share/rosidl_adapter/cmake)
-- Found rosidl_generator_cpp: 3.1.5 (/opt/ros/humble/share/rosidl_generator_cpp/cmake)
-- Using all available rosidl_typesupport_c: rosidl_typesupport_fastrtps_c;rosidl_typesupport_introspection_c
-- Using all available rosidl_typesupport_cpp: rosidl_typesupport_fastrtps_cpp;rosidl_typesupport_introspection_cpp
-- Found rmw_implementation_cmake: 6.1.1 (/opt/ros/humble/share/rmw_implementation_cmake/cmake)
-- Found rmw_cyclonedds_cpp: 1.3.4 (/opt/ros/humble/share/rmw_cyclonedds_cpp/cmake)
-- Using RMW implementation 'rmw_cyclonedds_cpp' as default
-- Looking for C++ include pthread.h
-- Looking for C++ include pthread.h - found
-- Performing Test CMAKE_HAVE_LIBC_PTHREAD
-- Performing Test CMAKE_HAVE_LIBC_PTHREAD - Success
-- Found Threads: TRUE  
-- Found eigen3_cmake_module: 0.1.1 (/opt/ros/humble/share/eigen3_cmake_module/cmake)
-- Found Eigen3: TRUE (found version "3.4.0") 
-- Found PkgConfig: /usr/bin/pkg-config (found version "0.29.2") 
-- Checking for module 'fcl>=0.5.0'
--   Found fcl, version 0.7.0
-- Found Bullet: /usr/lib/x86_64-linux-gnu/libBulletDynamics.so (Required is at least version "2.87") 
-- Found angles: 1.15.0 (/opt/ros/humble/share/angles/cmake)
-- Found urdf: 2.6.0 (/opt/ros/humble/share/urdf/cmake)
-- Found tf2_eigen: 0.25.3 (/opt/ros/humble/share/tf2_eigen/cmake)
-- Found tf2_kdl: 0.25.3 (/opt/ros/humble/share/tf2_kdl/cmake)
-- Ensuring Eigen3 include directory is part of orocos-kdl CMake target
-- Found tf2_geometry_msgs: 0.25.3 (/opt/ros/humble/share/tf2_geometry_msgs/cmake)
-- Found eigen_stl_containers: 1.0.0 (/opt/ros/humble/share/eigen_stl_containers/cmake)
-- Found generate_parameter_library: 0.3.6 (/opt/ros/humble/share/generate_parameter_library/cmake)
-- Found parameter_traits: 0.3.6 (/opt/ros/humble/share/parameter_traits/cmake)
-- Found rclcpp_lifecycle: 16.0.5 (/opt/ros/humble/share/rclcpp_lifecycle/cmake)
-- Found geometric_shapes: 2.1.3 (/opt/ros/humble/share/geometric_shapes/cmake)
-- Found Boost: /usr/lib/x86_64-linux-gnu/cmake/Boost-1.74.0/BoostConfig.cmake (found version "1.74.0") found components: filesystem 
-- library: /usr/lib/x86_64-linux-gnu/libcurl.so
-- Found kdl_parser: 2.6.4 (/opt/ros/humble/share/kdl_parser/cmake)
-- Found moveit_msgs: 2.2.1 (/opt/ros/humble/share/moveit_msgs/cmake)
-- Found srdfdom: 2.0.4 (/home/mtrn/4231/ws_moveit2/install/srdfdom/share/srdfdom/cmake)
-- Found common_interfaces: 4.2.3 (/opt/ros/humble/share/common_interfaces/cmake)
-- Found Boost: /usr/lib/x86_64-linux-gnu/cmake/Boost-1.74.0/BoostConfig.cmake (found version "1.74.0") found components: chrono date_time filesystem iostreams program_options regex serialization system thread 
--  *** Building MoveIt 2.5.4-Alpha ***
-- Performing Test COMPILER_HAS_HIDDEN_VISIBILITY
-- Performing Test COMPILER_HAS_HIDDEN_VISIBILITY - Success
-- Performing Test COMPILER_HAS_HIDDEN_INLINE_VISIBILITY
-- Performing Test COMPILER_HAS_HIDDEN_INLINE_VISIBILITY - Success
-- Performing Test COMPILER_HAS_DEPRECATED_ATTR
-- Performing Test COMPILER_HAS_DEPRECATED_ATTR - Success
-- Found ament_cmake_gtest: 1.3.5 (/opt/ros/humble/share/ament_cmake_gtest/cmake)
-- Found gtest sources under '/opt/ros/humble/src/gtest_vendor': C++ tests using 'Google Test' will be built
-- The C compiler identification is GNU 11.4.0
-- Detecting C compiler ABI info
-- Detecting C compiler ABI info - done
-- Check for working C compiler: /usr/bin/cc - skipped
-- Detecting C compile features
-- Detecting C compile features - done
-- Found ament_cmake_gmock: 1.3.5 (/opt/ros/humble/share/ament_cmake_gmock/cmake)
-- Found gmock sources under '/opt/ros/humble/src/gmock_vendor': C++ tests using 'Google Mock' will be built
-- Found ament_cmake_gtest: 1.3.5 (/opt/ros/humble/share/ament_cmake_gtest/cmake)
-- Found gtest sources under '/opt/ros/humble/src/gtest_vendor': C++ tests using 'Google Test' will be built
-- Found ament_cmake_gtest: 1.3.5 (/opt/ros/humble/share/ament_cmake_gtest/cmake)
-- Found gtest sources under '/opt/ros/humble/src/gtest_vendor': C++ tests using 'Google Test' will be built
-- Found ament_cmake_gtest: 1.3.5 (/opt/ros/humble/share/ament_cmake_gtest/cmake)
-- Found gtest sources under '/opt/ros/humble/src/gtest_vendor': C++ tests using 'Google Test' will be built
-- Found ament_lint_auto: 0.12.7 (/opt/ros/humble/share/ament_lint_auto/cmake)
-- Found ament_cmake_gtest: 1.3.5 (/opt/ros/humble/share/ament_cmake_gtest/cmake)
-- Found gtest sources under '/opt/ros/humble/src/gtest_vendor': C++ tests using 'Google Test' will be built
-- Found ament_cmake_gtest: 1.3.5 (/opt/ros/humble/share/ament_cmake_gtest/cmake)
-- Found gtest sources under '/opt/ros/humble/src/gtest_vendor': C++ tests using 'Google Test' will be built
-- Found ament_cmake_gtest: 1.3.5 (/opt/ros/humble/share/ament_cmake_gtest/cmake)
-- Found gtest sources under '/opt/ros/humble/src/gtest_vendor': C++ tests using 'Google Test' will be built
-- Found ament_cmake_gtest: 1.3.5 (/opt/ros/humble/share/ament_cmake_gtest/cmake)
-- Found gtest sources under '/opt/ros/humble/src/gtest_vendor': C++ tests using 'Google Test' will be built
-- Found gtest sources under '/opt/ros/humble/src/gtest_vendor': C++ tests using 'Google Test' will be built
-- Found gtest sources under '/opt/ros/humble/src/gtest_vendor': C++ tests using 'Google Test' will be built
-- Found ament_cmake_gtest: 1.3.5 (/opt/ros/humble/share/ament_cmake_gtest/cmake)
-- Found gtest sources under '/opt/ros/humble/src/gtest_vendor': C++ tests using 'Google Test' will be built
-- Found gtest sources under '/opt/ros/humble/src/gtest_vendor': C++ tests using 'Google Test' will be built
-- Found gtest sources under '/opt/ros/humble/src/gtest_vendor': C++ tests using 'Google Test' will be built
-- Found gtest sources under '/opt/ros/humble/src/gtest_vendor': C++ tests using 'Google Test' will be built
-- Found ament_lint_auto: 0.12.7 (/opt/ros/humble/share/ament_lint_auto/cmake)
-- Added test 'cppcheck' to perform static code analysis on C / C++ code
-- Configured cppcheck include dirs: /home/mtrn/4231/ws_moveit2/src/moveit2/moveit_core/exceptions/include;/home/mtrn/4231/ws_moveit2/src/moveit2/moveit_core/collision_detection/include;/home/mtrn/4231/ws_moveit2/src/moveit2/moveit_core/collision_detection_fcl/include;/home/mtrn/4231/ws_moveit2/src/moveit2/moveit_core/collision_detection_bullet/include;/home/mtrn/4231/ws_moveit2/src/moveit2/moveit_core/constraint_samplers/include;/home/mtrn/4231/ws_moveit2/src/moveit2/moveit_core/controller_manager/include;/home/mtrn/4231/ws_moveit2/src/moveit2/moveit_core/distance_field/include;/home/mtrn/4231/ws_moveit2/src/moveit2/moveit_core/collision_distance_field/include;/home/mtrn/4231/ws_moveit2/src/moveit2/moveit_core/dynamics_solver/include;/home/mtrn/4231/ws_moveit2/src/moveit2/moveit_core/kinematics_base/include;/home/mtrn/4231/ws_moveit2/src/moveit2/moveit_core/kinematics_metrics/include;/home/mtrn/4231/ws_moveit2/src/moveit2/moveit_core/robot_model/include;/home/mtrn/4231/ws_moveit2/src/moveit2/moveit_core/transforms/include;/home/mtrn/4231/ws_moveit2/src/moveit2/moveit_core/robot_state/include;/home/mtrn/4231/ws_moveit2/src/moveit2/moveit_core/robot_trajectory/include;/home/mtrn/4231/ws_moveit2/src/moveit2/moveit_core/kinematic_constraints/include;/home/mtrn/4231/ws_moveit2/src/moveit2/moveit_core/macros/include;/home/mtrn/4231/ws_moveit2/src/moveit2/moveit_core/online_signal_smoothing/include;/home/mtrn/4231/ws_moveit2/src/moveit2/moveit_core/planning_interface/include;/home/mtrn/4231/ws_moveit2/src/moveit2/moveit_core/planning_request_adapter/include;/home/mtrn/4231/ws_moveit2/src/moveit2/moveit_core/planning_scene/include;/home/mtrn/4231/ws_moveit2/src/moveit2/moveit_core/sensor_manager/include;/home/mtrn/4231/ws_moveit2/src/moveit2/moveit_core/trajectory_processing/include;/home/mtrn/4231/ws_moveit2/src/moveit2/moveit_core/utils/include
-- Configured cppcheck exclude dirs and/or files: 
-- Added test 'pep257' to check Python code against some of the docstring style conventions in PEP 257
-- Added test 'xmllint' to check XML markup files
-- Configuring done
-- Generating done
-- Build files have been written to: /home/mtrn/4231/ws_moveit2/build/moveit_core
[  1%] [32mBuilding CXX object exceptions/CMakeFiles/moveit_exceptions.dir/src/exceptions.cpp.o[0m
[  1%] [32mBuilding CXX object distance_field/CMakeFiles/moveit_distance_field.dir/src/distance_field.cpp.o[0m
[  1%] [32mBuilding CXX object transforms/CMakeFiles/moveit_transforms.dir/src/transforms.cpp.o[0m
[  1%] [32mBuilding CXX object kinematics_base/CMakeFiles/moveit_kinematics_base.dir/src/kinematics_base.cpp.o[0m
[  2%] [32m[1mLinking CXX shared library libmoveit_exceptions.so[0m
[  2%] Built target moveit_exceptions
[  3%] [32mBuilding CXX object utils/CMakeFiles/moveit_utils.dir/src/lexical_casts.cpp.o[0m
[  3%] [32mBuilding CXX object utils/CMakeFiles/moveit_utils.dir/src/message_checks.cpp.o[0m
[  4%] [32mBuilding CXX object utils/CMakeFiles/moveit_utils.dir/src/rclcpp_utils.cpp.o[0m
[  4%] [32m[1mLinking CXX shared library libmoveit_utils.so[0m
[  4%] Built target moveit_utils
[  4%] [32mBuilding CXX object gtest/CMakeFiles/gtest.dir/src/gtest-all.cc.o[0m
[  5%] [32m[1mLinking CXX shared library libmoveit_kinematics_base.so[0m
[  5%] Built target moveit_kinematics_base
[  6%] [32mBuilding CXX object gtest/CMakeFiles/gtest_main.dir/src/gtest_main.cc.o[0m
[  6%] [32m[1mLinking CXX static library libgtest_main.a[0m
[  6%] Built target gtest_main
[  6%] [32mBuilding CXX object gmock/CMakeFiles/gmock.dir/opt/ros/humble/src/gtest_vendor/src/gtest-all.cc.o[0m
[  7%] [32m[1mLinking CXX shared library libmoveit_transforms.so[0m
[  7%] [32mBuilding CXX object distance_field/CMakeFiles/moveit_distance_field.dir/src/find_internal_points.cpp.o[0m
[  7%] Built target moveit_transforms
[  7%] [32mBuilding CXX object gmock/CMakeFiles/gmock_main.dir/src/gmock_main.cc.o[0m
[  8%] [32m[1mLinking CXX static library libgmock_main.a[0m
[  8%] Built target gmock_main
[  8%] [32mBuilding CXX object online_signal_smoothing/CMakeFiles/moveit_smoothing_base.dir/src/smoothing_base_class.cpp.o[0m
[  9%] [32mBuilding CXX object distance_field/CMakeFiles/moveit_distance_field.dir/src/propagation_distance_field.cpp.o[0m
[ 10%] [32m[1mLinking CXX shared library libmoveit_smoothing_base.so[0m
[ 10%] Built target moveit_smoothing_base
[ 11%] [34m[1mRunning `/opt/ros/humble/bin/generate_parameter_library_cpp /home/mtrn/4231/ws_moveit2/build/moveit_core/online_signal_smoothing/moveit_butterworth_parameters/include//moveit_butterworth_parameters.hpp /home/mtrn/4231/ws_moveit2/src/moveit2/moveit_core/online_signal_smoothing/src/butterworth_parameters.yaml `[0m
[ 11%] Built target moveit_butterworth_parameters
[ 12%] [32mBuilding CXX object gmock/CMakeFiles/gmock.dir/src/gmock-all.cc.o[0m
[ 13%] [32m[1mLinking CXX static library libgtest.a[0m
[ 13%] Built target gtest
[ 14%] [32mBuilding CXX object version/CMakeFiles/moveit_version.dir/version.cpp.o[0m
[ 15%] [32m[1mLinking CXX executable moveit_version[0m
[ 15%] Built target moveit_version
[ 16%] [32mBuilding CXX object robot_model/CMakeFiles/moveit_robot_model.dir/src/aabb.cpp.o[0m
[ 16%] [32mBuilding CXX object robot_model/CMakeFiles/moveit_robot_model.dir/src/fixed_joint_model.cpp.o[0m
[ 17%] [32mBuilding CXX object robot_model/CMakeFiles/moveit_robot_model.dir/src/floating_joint_model.cpp.o[0m
[ 18%] [32m[1mLinking CXX static library libgmock.a[0m
[ 18%] Built target gmock
[ 18%] [32mBuilding CXX object transforms/CMakeFiles/test_transforms.dir/test/test_transforms.cpp.o[0m
[ 19%] [32mBuilding CXX object robot_model/CMakeFiles/moveit_robot_model.dir/src/joint_model.cpp.o[0m
[ 19%] [32m[1mLinking CXX shared library libmoveit_distance_field.so[0m
[ 19%] Built target moveit_distance_field
[ 19%] [32mBuilding CXX object robot_model/CMakeFiles/moveit_robot_model.dir/src/joint_model_group.cpp.o[0m
[ 20%] [32m[1mLinking CXX executable test_transforms[0m
[ 20%] Built target test_transforms
[ 21%] [32mBuilding CXX object distance_field/CMakeFiles/test_voxel_grid.dir/test/test_voxel_grid.cpp.o[0m
[ 22%] [32mBuilding CXX object robot_model/CMakeFiles/moveit_robot_model.dir/src/link_model.cpp.o[0m
[ 22%] [32mBuilding CXX object robot_model/CMakeFiles/moveit_robot_model.dir/src/planar_joint_model.cpp.o[0m
[ 23%] [32mBuilding CXX object robot_model/CMakeFiles/moveit_robot_model.dir/src/prismatic_joint_model.cpp.o[0m
[ 24%] [32mBuilding CXX object robot_model/CMakeFiles/moveit_robot_model.dir/src/revolute_joint_model.cpp.o[0m
[ 24%] [32m[1mLinking CXX executable test_voxel_grid[0m
[ 24%] Built target test_voxel_grid
[ 24%] [32mBuilding CXX object distance_field/CMakeFiles/test_distance_field.dir/test/test_distance_field.cpp.o[0m
[ 24%] [32mBuilding CXX object robot_model/CMakeFiles/moveit_robot_model.dir/src/robot_model.cpp.o[0m
[ 25%] [32m[1mLinking CXX shared library libmoveit_robot_model.so[0m
[ 26%] [32m[1mLinking CXX executable test_distance_field[0m
[ 26%] Built target moveit_robot_model
[ 27%] [32mBuilding CXX object online_signal_smoothing/CMakeFiles/moveit_butterworth_filter.dir/src/butterworth_filter.cpp.o[0m
[ 27%] [32mBuilding CXX object robot_state/CMakeFiles/moveit_robot_state.dir/src/attached_body.cpp.o[0m
[ 28%] [32mBuilding CXX object utils/CMakeFiles/moveit_test_utils.dir/src/robot_model_test_utils.cpp.o[0m
[ 28%] Built target test_distance_field
[ 29%] [32mBuilding CXX object robot_state/CMakeFiles/moveit_robot_state.dir/src/conversions.cpp.o[0m
[ 30%] [32mBuilding CXX object robot_state/CMakeFiles/moveit_robot_state.dir/src/robot_state.cpp.o[0m
[ 30%] [32m[1mLinking CXX shared library libmoveit_butterworth_filter.so[0m
[ 30%] Built target moveit_butterworth_filter
[ 30%] [32mBuilding CXX object online_signal_smoothing/CMakeFiles/test_butterworth_filter.dir/test/test_butterworth_filter.cpp.o[0m
[ 30%] [32m[1mLinking CXX shared library libmoveit_test_utils.so[0m
[ 30%] Built target moveit_test_utils
[ 31%] [32mBuilding CXX object robot_model/CMakeFiles/test_robot_model.dir/test/test.cpp.o[0m
[ 31%] [32mBuilding CXX object robot_state/CMakeFiles/moveit_robot_state.dir/src/cartesian_interpolator.cpp.o[0m
[ 32%] [32m[1mLinking CXX executable test_butterworth_filter[0m
[ 32%] Built target test_butterworth_filter
[ 32%] [32m[1mLinking CXX executable test_robot_model[0m
[ 32%] Built target test_robot_model
[ 33%] [32m[1mLinking CXX shared library libmoveit_robot_state.so[0m
[ 33%] Built target moveit_robot_state
[ 33%] [32mBuilding CXX object robot_trajectory/CMakeFiles/moveit_robot_trajectory.dir/src/robot_trajectory.cpp.o[0m
[ 34%] [32mBuilding CXX object collision_detection/CMakeFiles/moveit_collision_detection.dir/src/allvalid/collision_env_allvalid.cpp.o[0m
[ 35%] [32mBuilding CXX object dynamics_solver/CMakeFiles/moveit_dynamics_solver.dir/src/dynamics_solver.cpp.o[0m
[ 35%] [32mBuilding CXX object kinematics_metrics/CMakeFiles/moveit_kinematics_metrics.dir/src/kinematics_metrics.cpp.o[0m
[ 35%] [32mBuilding CXX object collision_detection/CMakeFiles/moveit_collision_detection.dir/src/collision_common.cpp.o[0m
[ 36%] [32m[1mLinking CXX shared library libmoveit_dynamics_solver.so[0m
[ 36%] Built target moveit_dynamics_solver
[ 37%] [32mBuilding CXX object robot_state/CMakeFiles/test_robot_state.dir/test/robot_state_test.cpp.o[0m
[ 38%] [32m[1mLinking CXX shared library libmoveit_robot_trajectory.so[0m
[ 38%] Built target moveit_robot_trajectory
[ 38%] [32mBuilding CXX object robot_state/CMakeFiles/test_robot_state_benchmark.dir/test/robot_state_benchmark.cpp.o[0m
[ 39%] [32mBuilding CXX object collision_detection/CMakeFiles/moveit_collision_detection.dir/src/collision_matrix.cpp.o[0m
[ 39%] [32mBuilding CXX object collision_detection/CMakeFiles/moveit_collision_detection.dir/src/collision_octomap_filter.cpp.o[0m
[ 40%] [32m[1mLinking CXX executable test_robot_state_benchmark[0m
[ 40%] Built target test_robot_state_benchmark
[ 40%] [32mBuilding CXX object robot_state/CMakeFiles/test_robot_state_complex.dir/test/test_kinematic_complex.cpp.o[0m
[ 41%] [32m[1mLinking CXX executable test_robot_state[0m
[ 41%] Built target test_robot_state
[ 41%] [32mBuilding CXX object robot_state/CMakeFiles/test_aabb.dir/test/test_aabb.cpp.o[0m
[ 42%] [32m[1mLinking CXX shared library libmoveit_kinematics_metrics.so[0m
[ 42%] Built target moveit_kinematics_metrics
[ 42%] [32mBuilding CXX object robot_state/CMakeFiles/test_cartesian_interpolator.dir/test/test_cartesian_interpolator.cpp.o[0m
[ 43%] [32mBuilding CXX object collision_detection/CMakeFiles/moveit_collision_detection.dir/src/collision_tools.cpp.o[0m
[ 44%] [32m[1mLinking CXX executable test_aabb[0m
[ 45%] [32m[1mLinking CXX executable test_robot_state_complex[0m
[ 45%] Built target test_aabb
[ 46%] [32mBuilding CXX object robot_trajectory/CMakeFiles/test_robot_trajectory.dir/test/test_robot_trajectory.cpp.o[0m
[ 46%] Built target test_robot_state_complex
[ 47%] [32mBuilding CXX object trajectory_processing/CMakeFiles/moveit_trajectory_processing.dir/src/iterative_time_parameterization.cpp.o[0m
[ 48%] [32m[1mLinking CXX executable test_cartesian_interpolator[0m
[ 48%] Built target test_cartesian_interpolator
[ 49%] [32mBuilding CXX object planning_interface/CMakeFiles/moveit_planning_interface.dir/src/planning_interface.cpp.o[0m
[ 50%] [32mBuilding CXX object collision_detection/CMakeFiles/moveit_collision_detection.dir/src/world.cpp.o[0m
[ 50%] [32mBuilding CXX object trajectory_processing/CMakeFiles/moveit_trajectory_processing.dir/src/iterative_spline_parameterization.cpp.o[0m
[ 50%] [32mBuilding CXX object collision_detection/CMakeFiles/moveit_collision_detection.dir/src/world_diff.cpp.o[0m
[ 50%] [32m[1mLinking CXX executable test_robot_trajectory[0m
[ 50%] Built target test_robot_trajectory
[ 51%] [32mBuilding CXX object collision_detection/CMakeFiles/moveit_collision_detection.dir/src/collision_env.cpp.o[0m
[ 51%] [32mBuilding CXX object planning_interface/CMakeFiles/moveit_planning_interface.dir/src/planning_response.cpp.o[0m
[ 51%] [32mBuilding CXX object collision_detection/CMakeFiles/moveit_collision_detection.dir/src/collision_plugin_cache.cpp.o[0m
[ 52%] [32mBuilding CXX object trajectory_processing/CMakeFiles/moveit_trajectory_processing.dir/src/ruckig_traj_smoothing.cpp.o[0m
[ 53%] [32mBuilding CXX object trajectory_processing/CMakeFiles/moveit_trajectory_processing.dir/src/trajectory_tools.cpp.o[0m
[ 53%] [32mBuilding CXX object trajectory_processing/CMakeFiles/moveit_trajectory_processing.dir/src/time_optimal_trajectory_generation.cpp.o[0m
[ 54%] [32m[1mLinking CXX shared library libmoveit_planning_interface.so[0m
[ 54%] Built target moveit_planning_interface
[ 55%] [32m[1mLinking CXX shared library libmoveit_collision_detection.so[0m
[ 55%] Built target moveit_collision_detection
[ 55%] [32mBuilding CXX object collision_detection_fcl/CMakeFiles/moveit_collision_detection_fcl.dir/src/collision_common.cpp.o[0m
[ 56%] [32mBuilding CXX object collision_detection/CMakeFiles/test_world.dir/test/test_world.cpp.o[0m
[ 57%] [32mBuilding CXX object collision_detection/CMakeFiles/test_world_diff.dir/test/test_world_diff.cpp.o[0m
[ 58%] [32m[1mLinking CXX shared library libmoveit_trajectory_processing.so[0m
[ 58%] Built target moveit_trajectory_processing
[ 58%] [32mBuilding CXX object collision_detection/CMakeFiles/test_all_valid.dir/test/test_all_valid.cpp.o[0m
[ 59%] [32m[1mLinking CXX executable test_world_diff[0m
[ 59%] Built target test_world_diff
[ 60%] [32mBuilding CXX object collision_detection_bullet/CMakeFiles/moveit_collision_detection_bullet.dir/src/bullet_integration/bullet_utils.cpp.o[0m
[ 60%] [32m[1mLinking CXX executable test_world[0m
[ 60%] Built target test_world
[ 61%] [32mBuilding CXX object collision_detection_fcl/CMakeFiles/moveit_collision_detection_fcl.dir/src/collision_env_fcl.cpp.o[0m
[ 62%] [32m[1mLinking CXX executable test_all_valid[0m
[ 62%] Built target test_all_valid
[ 62%] [32mBuilding CXX object trajectory_processing/CMakeFiles/test_time_parameterization.dir/test/test_time_parameterization.cpp.o[0m
[ 63%] [32mBuilding CXX object trajectory_processing/CMakeFiles/test_time_optimal_trajectory_generation.dir/test/test_time_optimal_trajectory_generation.cpp.o[0m
[ 63%] [32mBuilding CXX object collision_detection_bullet/CMakeFiles/moveit_collision_detection_bullet.dir/src/bullet_integration/bullet_discrete_bvh_manager.cpp.o[0m
[ 64%] [32m[1mLinking CXX shared library libmoveit_collision_detection_fcl.so[0m
[ 64%] Built target moveit_collision_detection_fcl
[ 65%] [32mBuilding CXX object trajectory_processing/CMakeFiles/test_ruckig_traj_smoothing.dir/test/test_ruckig_traj_smoothing.cpp.o[0m
[ 66%] [32m[1mLinking CXX executable test_time_parameterization[0m
[ 66%] Built target test_time_parameterization
[ 67%] [32mBuilding CXX object collision_detection_fcl/CMakeFiles/test_fcl_collision_env.dir/test/test_fcl_env.cpp.o[0m
[ 68%] [32m[1mLinking CXX executable test_time_optimal_trajectory_generation[0m
[ 69%] [32mBuilding CXX object collision_detection_bullet/CMakeFiles/moveit_collision_detection_bullet.dir/src/bullet_integration/bullet_cast_bvh_manager.cpp.o[0m
[ 69%] Built target test_time_optimal_trajectory_generation
[ 70%] [32mBuilding CXX object collision_detection_fcl/CMakeFiles/test_fcl_collision_detection.dir/test/test_fcl_collision_detection_pr2.cpp.o[0m
[ 70%] [32m[1mLinking CXX executable test_ruckig_traj_smoothing[0m
[ 70%] Built target test_ruckig_traj_smoothing
[ 71%] [32mBuilding CXX object collision_detection_fcl/CMakeFiles/test_fcl_collision_detection_panda.dir/test/test_fcl_collision_detection_panda.cpp.o[0m
[ 71%] [32mBuilding CXX object collision_detection_bullet/CMakeFiles/moveit_collision_detection_bullet.dir/src/collision_env_bullet.cpp.o[0m
[ 72%] [32m[1mLinking CXX executable test_fcl_collision_env[0m
[ 72%] Built target test_fcl_collision_env
[ 72%] [32mBuilding CXX object kinematic_constraints/CMakeFiles/moveit_kinematic_constraints.dir/src/kinematic_constraint.cpp.o[0m
[ 72%] [32m[1mLinking CXX executable test_fcl_collision_detection[0m
[ 72%] Built target test_fcl_collision_detection
[ 73%] [32mBuilding CXX object kinematic_constraints/CMakeFiles/moveit_kinematic_constraints.dir/src/utils.cpp.o[0m
[ 74%] [32mBuilding CXX object collision_detection_bullet/CMakeFiles/moveit_collision_detection_bullet.dir/src/bullet_integration/bullet_bvh_manager.cpp.o[0m
[ 74%] [32m[1mLinking CXX executable test_fcl_collision_detection_panda[0m
[ 74%] Built target test_fcl_collision_detection_panda
[ 75%] [32mBuilding CXX object collision_detection_bullet/CMakeFiles/moveit_collision_detection_bullet.dir/src/bullet_integration/contact_checker_common.cpp.o[0m
[ 75%] [32mBuilding CXX object collision_detection_bullet/CMakeFiles/moveit_collision_detection_bullet.dir/src/bullet_integration/ros_bullet_utils.cpp.o[0m
[ 76%] [32m[1mLinking CXX shared library libmoveit_kinematic_constraints.so[0m
[ 76%] Built target moveit_kinematic_constraints
[ 77%] [32mBuilding CXX object planning_scene/CMakeFiles/moveit_planning_scene.dir/src/planning_scene.cpp.o[0m
[ 78%] [32m[1mLinking CXX shared library libmoveit_collision_detection_bullet.so[0m
[ 78%] Built target moveit_collision_detection_bullet
[ 78%] [32mBuilding CXX object kinematic_constraints/CMakeFiles/test_constraints.dir/test/test_constraints.cpp.o[0m
[ 78%] [32mBuilding CXX object kinematic_constraints/CMakeFiles/test_orientation_constraints.dir/test/test_orientation_constraints.cpp.o[0m
[ 79%] [32mBuilding CXX object collision_detection_bullet/CMakeFiles/test_bullet_collision_detection.dir/test/test_bullet_collision_detection_pr2.cpp.o[0m
[ 80%] [32m[1mLinking CXX executable test_orientation_constraints[0m
[ 80%] Built target test_orientation_constraints
[ 81%] [32mBuilding CXX object collision_detection_bullet/CMakeFiles/test_bullet_collision_detection_panda.dir/test/test_bullet_collision_detection_panda.cpp.o[0m
[ 81%] [32m[1mLinking CXX executable test_bullet_collision_detection[0m
[ 82%] [32m[1mLinking CXX executable test_constraints[0m
[ 82%] Built target test_bullet_collision_detection
[ 83%] [32mBuilding CXX object collision_detection_bullet/CMakeFiles/test_bullet_continuous_collision_checking.dir/test/test_bullet_continuous_collision_checking.cpp.o[0m
[ 83%] Built target test_constraints
[ 83%] [32m[1mLinking CXX shared library libmoveit_planning_scene.so[0m
[ 83%] Built target moveit_planning_scene
[ 83%] [32mBuilding CXX object collision_distance_field/CMakeFiles/moveit_collision_distance_field.dir/src/collision_distance_field_types.cpp.o[0m
[ 83%] [32mBuilding CXX object constraint_samplers/CMakeFiles/moveit_constraint_samplers.dir/src/constraint_sampler.cpp.o[0m
[ 83%] [32m[1mLinking CXX executable test_bullet_collision_detection_panda[0m
[ 83%] Built target test_bullet_collision_detection_panda
[ 83%] [32mBuilding CXX object planning_request_adapter/CMakeFiles/moveit_planning_request_adapter.dir/src/planning_request_adapter.cpp.o[0m
[ 84%] [32m[1mLinking CXX executable test_bullet_continuous_collision_checking[0m
[ 84%] Built target test_bullet_continuous_collision_checking
[ 85%] [32mBuilding CXX object planning_scene/CMakeFiles/test_planning_scene.dir/test/test_planning_scene.cpp.o[0m
[ 86%] [32mBuilding CXX object collision_distance_field/CMakeFiles/moveit_collision_distance_field.dir/src/collision_common_distance_field.cpp.o[0m
[ 87%] [32mBuilding CXX object constraint_samplers/CMakeFiles/moveit_constraint_samplers.dir/src/constraint_sampler_manager.cpp.o[0m
[ 88%] [32m[1mLinking CXX shared library libmoveit_planning_request_adapter.so[0m
[ 88%] Built target moveit_planning_request_adapter
[ 89%] [32mBuilding CXX object planning_scene/CMakeFiles/test_collision_objects.dir/test/test_collision_objects.cpp.o[0m
[ 89%] [32mBuilding CXX object collision_distance_field/CMakeFiles/moveit_collision_distance_field.dir/src/collision_env_distance_field.cpp.o[0m
[ 89%] [32mBuilding CXX object constraint_samplers/CMakeFiles/moveit_constraint_samplers.dir/src/constraint_sampler_tools.cpp.o[0m
[ 89%] [32m[1mLinking CXX executable test_planning_scene[0m
[ 89%] Built target test_planning_scene
[ 89%] [32mBuilding CXX object planning_scene/CMakeFiles/test_multi_threaded.dir/test/test_multi_threaded.cpp.o[0m
[ 89%] [32m[1mLinking CXX executable test_collision_objects[0m
[ 89%] Built target test_collision_objects
[ 89%] [32mBuilding CXX object collision_detection_bullet/CMakeFiles/collision_detector_bullet_plugin.dir/src/collision_detector_bullet_plugin_loader.cpp.o[0m
[ 90%] [32mBuilding CXX object constraint_samplers/CMakeFiles/moveit_constraint_samplers.dir/src/default_constraint_samplers.cpp.o[0m
[ 91%] [32m[1mLinking CXX shared library libcollision_detector_bullet_plugin.so[0m
[ 91%] Built target collision_detector_bullet_plugin
[ 92%] [32m[1mLinking CXX executable test_multi_threaded[0m
[ 92%] Built target test_multi_threaded
[ 93%] [32mBuilding CXX object collision_distance_field/CMakeFiles/moveit_collision_distance_field.dir/src/collision_env_hybrid.cpp.o[0m
[ 93%] [32mBuilding CXX object constraint_samplers/CMakeFiles/moveit_constraint_samplers.dir/src/union_constraint_sampler.cpp.o[0m
[ 94%] [32m[1mLinking CXX shared library libmoveit_collision_distance_field.so[0m
[ 94%] Built target moveit_collision_distance_field
[ 95%] [32m[1mLinking CXX shared library libmoveit_constraint_samplers.so[0m
[ 95%] Built target moveit_constraint_samplers
[ 96%] [32mBuilding CXX object collision_detection_fcl/CMakeFiles/collision_detector_fcl_plugin.dir/src/collision_detector_fcl_plugin_loader.cpp.o[0m
[ 96%] [32mBuilding CXX object collision_distance_field/CMakeFiles/test_collision_distance_field.dir/test/test_collision_distance_field.cpp.o[0m
[ 97%] [32m[1mLinking CXX shared library libcollision_detector_fcl_plugin.so[0m
[ 97%] Built target collision_detector_fcl_plugin
[ 98%] [32mBuilding CXX object constraint_samplers/CMakeFiles/test_constraint_samplers.dir/test/test_constraint_samplers.cpp.o[0m
[ 99%] [32mBuilding CXX object constraint_samplers/CMakeFiles/test_constraint_samplers.dir/test/pr2_arm_kinematics_plugin.cpp.o[0m
[ 99%] [32m[1mLinking CXX executable test_collision_distance_field[0m
[ 99%] Built target test_collision_distance_field
[ 99%] [32mBuilding CXX object constraint_samplers/CMakeFiles/test_constraint_samplers.dir/test/pr2_arm_ik.cpp.o[0m
[100%] [32m[1mLinking CXX executable test_constraint_samplers[0m
[100%] Built target test_constraint_samplers
-- Install configuration: "Release"
-- Installing: /home/mtrn/4231/ws_moveit2/install/moveit_core/include/moveit/version.h
-- Up-to-date: /home/mtrn/4231/ws_moveit2/install/moveit_core/include
-- Up-to-date: /home/mtrn/4231/ws_moveit2/install/moveit_core/include/moveit
-- Installing: /home/mtrn/4231/ws_moveit2/install/moveit_core/include/moveit/collision_distance_field
-- Installing: /home/mtrn/4231/ws_moveit2/install/moveit_core/include/moveit/collision_distance_field/collision_detector_allocator_distance_field.h
-- Installing: /home/mtrn/4231/ws_moveit2/install/moveit_core/include/moveit/collision_distance_field/collision_detector_allocator_hybrid.h
-- Installing: /home/mtrn/4231/ws_moveit2/install/moveit_core/include/moveit/collision_distance_field/collision_common_distance_field.h
-- Installing: /home/mtrn/4231/ws_moveit2/install/moveit_core/include/moveit/collision_distance_field/collision_distance_field_types.h
-- Installing: /home/mtrn/4231/ws_moveit2/install/moveit_core/include/moveit/collision_distance_field/collision_env_hybrid.h
-- Installing: /home/mtrn/4231/ws_moveit2/install/moveit_core/include/moveit/collision_distance_field/collision_env_distance_field.h
-- Installing: /home/mtrn/4231/ws_moveit2/install/moveit_core/include/moveit_collision_distance_field_export.h
-- Up-to-date: /home/mtrn/4231/ws_moveit2/install/moveit_core/include
-- Up-to-date: /home/mtrn/4231/ws_moveit2/install/moveit_core/include/moveit
-- Installing: /home/mtrn/4231/ws_moveit2/install/moveit_core/include/moveit/constraint_samplers
-- Installing: /home/mtrn/4231/ws_moveit2/install/moveit_core/include/moveit/constraint_samplers/constraint_sampler_tools.h
-- Installing: /home/mtrn/4231/ws_moveit2/install/moveit_core/include/moveit/constraint_samplers/constraint_sampler_manager.h
-- Installing: /home/mtrn/4231/ws_moveit2/install/moveit_core/include/moveit/constraint_samplers/default_constraint_samplers.h
-- Installing: /home/mtrn/4231/ws_moveit2/install/moveit_core/include/moveit/constraint_samplers/union_constraint_sampler.h
-- Installing: /home/mtrn/4231/ws_moveit2/install/moveit_core/include/moveit/constraint_samplers/constraint_sampler_allocator.h
-- Installing: /home/mtrn/4231/ws_moveit2/install/moveit_core/include/moveit/constraint_samplers/constraint_sampler.h
-- Up-to-date: /home/mtrn/4231/ws_moveit2/install/moveit_core/include
-- Up-to-date: /home/mtrn/4231/ws_moveit2/install/moveit_core/include/moveit
-- Installing: /home/mtrn/4231/ws_moveit2/install/moveit_core/include/moveit/controller_manager
-- Installing: /home/mtrn/4231/ws_moveit2/install/moveit_core/include/moveit/controller_manager/controller_manager.h
-- Up-to-date: /home/mtrn/4231/ws_moveit2/install/moveit_core/include
-- Up-to-date: /home/mtrn/4231/ws_moveit2/install/moveit_core/include/moveit
-- Installing: /home/mtrn/4231/ws_moveit2/install/moveit_core/include/moveit/distance_field
-- Installing: /home/mtrn/4231/ws_moveit2/install/moveit_core/include/moveit/distance_field/find_internal_points.h
-- Installing: /home/mtrn/4231/ws_moveit2/install/moveit_core/include/moveit/distance_field/voxel_grid.h
-- Installing: /home/mtrn/4231/ws_moveit2/install/moveit_core/include/moveit/distance_field/propagation_distance_field.h
-- Installing: /home/mtrn/4231/ws_moveit2/install/moveit_core/include/moveit/distance_field/distance_field.h
-- Up-to-date: /home/mtrn/4231/ws_moveit2/install/moveit_core/include
-- Up-to-date: /home/mtrn/4231/ws_moveit2/install/moveit_core/include/moveit
-- Installing: /home/mtrn/4231/ws_moveit2/install/moveit_core/include/moveit/dynamics_solver
-- Installing: /home/mtrn/4231/ws_moveit2/install/moveit_core/include/moveit/dynamics_solver/dynamics_solver.h
-- Up-to-date: /home/mtrn/4231/ws_moveit2/install/moveit_core/include
-- Up-to-date: /home/mtrn/4231/ws_moveit2/install/moveit_core/include/moveit
-- Installing: /home/mtrn/4231/ws_moveit2/install/moveit_core/include/moveit/exceptions
-- Installing: /home/mtrn/4231/ws_moveit2/install/moveit_core/include/moveit/exceptions/exceptions.h
-- Up-to-date: /home/mtrn/4231/ws_moveit2/install/moveit_core/include
-- Up-to-date: /home/mtrn/4231/ws_moveit2/install/moveit_core/include/moveit
-- Installing: /home/mtrn/4231/ws_moveit2/install/moveit_core/include/moveit/kinematics_base
-- Installing: /home/mtrn/4231/ws_moveit2/install/moveit_core/include/moveit/kinematics_base/kinematics_base.h
-- Installing: /home/mtrn/4231/ws_moveit2/install/moveit_core/include/moveit_kinematics_base_export.h
-- Up-to-date: /home/mtrn/4231/ws_moveit2/install/moveit_core/include
-- Up-to-date: /home/mtrn/4231/ws_moveit2/install/moveit_core/include/moveit
-- Installing: /home/mtrn/4231/ws_moveit2/install/moveit_core/include/moveit/kinematic_constraints
-- Installing: /home/mtrn/4231/ws_moveit2/install/moveit_core/include/moveit/kinematic_constraints/utils.h
-- Installing: /home/mtrn/4231/ws_moveit2/install/moveit_core/include/moveit/kinematic_constraints/kinematic_constraint.h
-- Up-to-date: /home/mtrn/4231/ws_moveit2/install/moveit_core/include
-- Up-to-date: /home/mtrn/4231/ws_moveit2/install/moveit_core/include/moveit
-- Installing: /home/mtrn/4231/ws_moveit2/install/moveit_core/include/moveit/kinematics_metrics
-- Installing: /home/mtrn/4231/ws_moveit2/install/moveit_core/include/moveit/kinematics_metrics/kinematics_metrics.h
-- Up-to-date: /home/mtrn/4231/ws_moveit2/install/moveit_core/include
-- Up-to-date: /home/mtrn/4231/ws_moveit2/install/moveit_core/include/moveit
-- Installing: /home/mtrn/4231/ws_moveit2/install/moveit_core/include/moveit/macros
-- Installing: /home/mtrn/4231/ws_moveit2/install/moveit_core/include/moveit/macros/deprecation.h
-- Installing: /home/mtrn/4231/ws_moveit2/install/moveit_core/include/moveit/macros/console_colors.h
-- Installing: /home/mtrn/4231/ws_moveit2/install/moveit_core/include/moveit/macros/declare_ptr.h
-- Installing: /home/mtrn/4231/ws_moveit2/install/moveit_core/include/moveit/macros/class_forward.h
-- Installing: /home/mtrn/4231/ws_moveit2/install/moveit_core/include/moveit_butterworth_parameters
-- Installing: /home/mtrn/4231/ws_moveit2/install/moveit_core/include/moveit_butterworth_parameters/moveit_butterworth_parameters.hpp
-- Up-to-date: /home/mtrn/4231/ws_moveit2/install/moveit_core/include
-- Up-to-date: /home/mtrn/4231/ws_moveit2/install/moveit_core/include/moveit
-- Installing: /home/mtrn/4231/ws_moveit2/install/moveit_core/include/moveit/online_signal_smoothing
-- Installing: /home/mtrn/4231/ws_moveit2/install/moveit_core/include/moveit/online_signal_smoothing/butterworth_filter.h
-- Installing: /home/mtrn/4231/ws_moveit2/install/moveit_core/include/moveit/online_signal_smoothing/smoothing_base_class.h
-- Installing: /home/mtrn/4231/ws_moveit2/install/moveit_core/include/moveit_smoothing_base_export.h
-- Installing: /home/mtrn/4231/ws_moveit2/install/moveit_core/include/moveit_butterworth_filter_export.h
-- Up-to-date: /home/mtrn/4231/ws_moveit2/install/moveit_core/include
-- Up-to-date: /home/mtrn/4231/ws_moveit2/install/moveit_core/include/moveit
-- Installing: /home/mtrn/4231/ws_moveit2/install/moveit_core/include/moveit/planning_interface
-- Installing: /home/mtrn/4231/ws_moveit2/install/moveit_core/include/moveit/planning_interface/planning_request.h
-- Installing: /home/mtrn/4231/ws_moveit2/install/moveit_core/include/moveit/planning_interface/planning_interface.h
-- Installing: /home/mtrn/4231/ws_moveit2/install/moveit_core/include/moveit/planning_interface/planning_response.h
-- Up-to-date: /home/mtrn/4231/ws_moveit2/install/moveit_core/include
-- Up-to-date: /home/mtrn/4231/ws_moveit2/install/moveit_core/include/moveit
-- Installing: /home/mtrn/4231/ws_moveit2/install/moveit_core/include/moveit/planning_request_adapter
-- Installing: /home/mtrn/4231/ws_moveit2/install/moveit_core/include/moveit/planning_request_adapter/planning_request_adapter.h
-- Up-to-date: /home/mtrn/4231/ws_moveit2/install/moveit_core/include
-- Up-to-date: /home/mtrn/4231/ws_moveit2/install/moveit_core/include/moveit
-- Installing: /home/mtrn/4231/ws_moveit2/install/moveit_core/include/moveit/planning_scene
-- Installing: /home/mtrn/4231/ws_moveit2/install/moveit_core/include/moveit/planning_scene/planning_scene.h
-- Installing: /home/mtrn/4231/ws_moveit2/install/moveit_core/include/moveit_planning_scene_export.h
-- Up-to-date: /home/mtrn/4231/ws_moveit2/install/moveit_core/include
-- Up-to-date: /home/mtrn/4231/ws_moveit2/install/moveit_core/include/moveit
-- Installing: /home/mtrn/4231/ws_moveit2/install/moveit_core/include/moveit/robot_model
-- Installing: /home/mtrn/4231/ws_moveit2/install/moveit_core/include/moveit/robot_model/fixed_joint_model.h
-- Installing: /home/mtrn/4231/ws_moveit2/install/moveit_core/include/moveit/robot_model/prismatic_joint_model.h
-- Installing: /home/mtrn/4231/ws_moveit2/install/moveit_core/include/moveit/robot_model/joint_model.h
-- Installing: /home/mtrn/4231/ws_moveit2/install/moveit_core/include/moveit/robot_model/floating_joint_model.h
-- Installing: /home/mtrn/4231/ws_moveit2/install/moveit_core/include/moveit/robot_model/link_model.h
-- Installing: /home/mtrn/4231/ws_moveit2/install/moveit_core/include/moveit/robot_model/joint_model_group.h
-- Installing: /home/mtrn/4231/ws_moveit2/install/moveit_core/include/moveit/robot_model/revolute_joint_model.h
-- Installing: /home/mtrn/4231/ws_moveit2/install/moveit_core/include/moveit/robot_model/aabb.h
-- Installing: /home/mtrn/4231/ws_moveit2/install/moveit_core/include/moveit/robot_model/robot_model.h
-- Installing: /home/mtrn/4231/ws_moveit2/install/moveit_core/include/moveit/robot_model/planar_joint_model.h
-- Up-to-date: /home/mtrn/4231/ws_moveit2/install/moveit_core/include
-- Up-to-date: /home/mtrn/4231/ws_moveit2/install/moveit_core/include/moveit
-- Installing: /home/mtrn/4231/ws_moveit2/install/moveit_core/include/moveit/robot_state
-- Installing: /home/mtrn/4231/ws_moveit2/install/moveit_core/include/moveit/robot_state/cartesian_interpolator.h
-- Installing: /home/mtrn/4231/ws_moveit2/install/moveit_core/include/moveit/robot_state/conversions.h
-- Installing: /home/mtrn/4231/ws_moveit2/install/moveit_core/include/moveit/robot_state/robot_state.h
-- Installing: /home/mtrn/4231/ws_moveit2/install/moveit_core/include/moveit/robot_state/attached_body.h
-- Up-to-date: /home/mtrn/4231/ws_moveit2/install/moveit_core/include
-- Up-to-date: /home/mtrn/4231/ws_moveit2/install/moveit_core/include/moveit
-- Installing: /home/mtrn/4231/ws_moveit2/install/moveit_core/include/moveit/robot_trajectory
-- Installing: /home/mtrn/4231/ws_moveit2/install/moveit_core/include/moveit/robot_trajectory/robot_trajectory.h
-- Up-to-date: /home/mtrn/4231/ws_moveit2/install/moveit_core/include
-- Up-to-date: /home/mtrn/4231/ws_moveit2/install/moveit_core/include/moveit
-- Installing: /home/mtrn/4231/ws_moveit2/install/moveit_core/include/moveit/sensor_manager
-- Installing: /home/mtrn/4231/ws_moveit2/install/moveit_core/include/moveit/sensor_manager/sensor_manager.h
-- Up-to-date: /home/mtrn/4231/ws_moveit2/install/moveit_core/include
-- Up-to-date: /home/mtrn/4231/ws_moveit2/install/moveit_core/include/moveit
-- Installing: /home/mtrn/4231/ws_moveit2/install/moveit_core/include/moveit/trajectory_processing
-- Installing: /home/mtrn/4231/ws_moveit2/install/moveit_core/include/moveit/trajectory_processing/trajectory_tools.h
-- Installing: /home/mtrn/4231/ws_moveit2/install/moveit_core/include/moveit/trajectory_processing/time_optimal_trajectory_generation.h
-- Installing: /home/mtrn/4231/ws_moveit2/install/moveit_core/include/moveit/trajectory_processing/time_parameterization.h
-- Installing: /home/mtrn/4231/ws_moveit2/install/moveit_core/include/moveit/trajectory_processing/ruckig_traj_smoothing.h
-- Installing: /home/mtrn/4231/ws_moveit2/install/moveit_core/include/moveit/trajectory_processing/iterative_spline_parameterization.h
-- Installing: /home/mtrn/4231/ws_moveit2/install/moveit_core/include/moveit/trajectory_processing/iterative_time_parameterization.h
-- Up-to-date: /home/mtrn/4231/ws_moveit2/install/moveit_core/include
-- Up-to-date: /home/mtrn/4231/ws_moveit2/install/moveit_core/include/moveit
-- Installing: /home/mtrn/4231/ws_moveit2/install/moveit_core/include/moveit/transforms
-- Installing: /home/mtrn/4231/ws_moveit2/install/moveit_core/include/moveit/transforms/transforms.h
-- Up-to-date: /home/mtrn/4231/ws_moveit2/install/moveit_core/include
-- Up-to-date: /home/mtrn/4231/ws_moveit2/install/moveit_core/include/moveit
-- Installing: /home/mtrn/4231/ws_moveit2/install/moveit_core/include/moveit/utils
-- Installing: /home/mtrn/4231/ws_moveit2/install/moveit_core/include/moveit/utils/lexical_casts.h
-- Installing: /home/mtrn/4231/ws_moveit2/install/moveit_core/include/moveit/utils/rclcpp_utils.h
-- Installing: /home/mtrn/4231/ws_moveit2/install/moveit_core/include/moveit/utils/message_checks.h
-- Installing: /home/mtrn/4231/ws_moveit2/install/moveit_core/include/moveit/utils/robot_model_test_utils.h
-- Installing: /home/mtrn/4231/ws_moveit2/install/moveit_core/include/moveit/utils/moveit_error_code.h
-- Installing: /home/mtrn/4231/ws_moveit2/install/moveit_core/bin/moveit_version
-- Up-to-date: /home/mtrn/4231/ws_moveit2/install/moveit_core/include
-- Up-to-date: /home/mtrn/4231/ws_moveit2/install/moveit_core/include/moveit
-- Installing: /home/mtrn/4231/ws_moveit2/install/moveit_core/include/moveit/collision_detection
-- Installing: /home/mtrn/4231/ws_moveit2/install/moveit_core/include/moveit/collision_detection/test_collision_common_panda.h
-- Installing: /home/mtrn/4231/ws_moveit2/install/moveit_core/include/moveit/collision_detection/collision_plugin.h
-- Installing: /home/mtrn/4231/ws_moveit2/install/moveit_core/include/moveit/collision_detection/collision_env.h
-- Installing: /home/mtrn/4231/ws_moveit2/install/moveit_core/include/moveit/collision_detection/world.h
-- Installing: /home/mtrn/4231/ws_moveit2/install/moveit_core/include/moveit/collision_detection/test_collision_common_pr2.h
-- Installing: /home/mtrn/4231/ws_moveit2/install/moveit_core/include/moveit/collision_detection/world_diff.h
-- Installing: /home/mtrn/4231/ws_moveit2/install/moveit_core/include/moveit/collision_detection/collision_detector_allocator.h
-- Installing: /home/mtrn/4231/ws_moveit2/install/moveit_core/include/moveit/collision_detection/collision_common.h
-- Installing: /home/mtrn/4231/ws_moveit2/install/moveit_core/include/moveit/collision_detection/collision_matrix.h
-- Installing: /home/mtrn/4231/ws_moveit2/install/moveit_core/include/moveit/collision_detection/occupancy_map.h
-- Installing: /home/mtrn/4231/ws_moveit2/install/moveit_core/include/moveit/collision_detection/collision_octomap_filter.h
-- Installing: /home/mtrn/4231/ws_moveit2/install/moveit_core/include/moveit/collision_detection/allvalid
-- Installing: /home/mtrn/4231/ws_moveit2/install/moveit_core/include/moveit/collision_detection/allvalid/collision_detector_allocator_allvalid.h
-- Installing: /home/mtrn/4231/ws_moveit2/install/moveit_core/include/moveit/collision_detection/allvalid/collision_env_allvalid.h
-- Installing: /home/mtrn/4231/ws_moveit2/install/moveit_core/include/moveit/collision_detection/collision_tools.h
-- Installing: /home/mtrn/4231/ws_moveit2/install/moveit_core/include/moveit/collision_detection/collision_plugin_cache.h
-- Installing: /home/mtrn/4231/ws_moveit2/install/moveit_core/include/moveit_collision_detection_export.h
-- Installing: /home/mtrn/4231/ws_moveit2/install/moveit_core/include/moveit_core
-- Installing: /home/mtrn/4231/ws_moveit2/install/moveit_core/include/moveit_core/moveit
-- Installing: /home/mtrn/4231/ws_moveit2/install/moveit_core/include/moveit_core/moveit/collision_detection_bullet
-- Installing: /home/mtrn/4231/ws_moveit2/install/moveit_core/include/moveit_core/moveit/collision_detection_bullet/collision_detector_allocator_bullet.h
-- Installing: /home/mtrn/4231/ws_moveit2/install/moveit_core/include/moveit_core/moveit/collision_detection_bullet/bullet_integration
-- Installing: /home/mtrn/4231/ws_moveit2/install/moveit_core/include/moveit_core/moveit/collision_detection_bullet/bullet_integration/bullet_bvh_manager.h
-- Installing: /home/mtrn/4231/ws_moveit2/install/moveit_core/include/moveit_core/moveit/collision_detection_bullet/bullet_integration/contact_checker_common.h
-- Installing: /home/mtrn/4231/ws_moveit2/install/moveit_core/include/moveit_core/moveit/collision_detection_bullet/bullet_integration/bullet_discrete_bvh_manager.h
-- Installing: /home/mtrn/4231/ws_moveit2/install/moveit_core/include/moveit_core/moveit/collision_detection_bullet/bullet_integration/bullet_cast_bvh_manager.h
-- Installing: /home/mtrn/4231/ws_moveit2/install/moveit_core/include/moveit_core/moveit/collision_detection_bullet/bullet_integration/ros_bullet_utils.h
-- Installing: /home/mtrn/4231/ws_moveit2/install/moveit_core/include/moveit_core/moveit/collision_detection_bullet/bullet_integration/basic_types.h
-- Installing: /home/mtrn/4231/ws_moveit2/install/moveit_core/include/moveit_core/moveit/collision_detection_bullet/bullet_integration/bullet_utils.h
-- Installing: /home/mtrn/4231/ws_moveit2/install/moveit_core/include/moveit_core/moveit/collision_detection_bullet/collision_detector_bullet_plugin_loader.h
-- Installing: /home/mtrn/4231/ws_moveit2/install/moveit_core/include/moveit_core/moveit/collision_detection_bullet/collision_env_bullet.h
-- Installing: /home/mtrn/4231/ws_moveit2/install/moveit_core/include/moveit_core/moveit_collision_detection_bullet_export.h
-- Up-to-date: /home/mtrn/4231/ws_moveit2/install/moveit_core/include
-- Up-to-date: /home/mtrn/4231/ws_moveit2/install/moveit_core/include/moveit
-- Installing: /home/mtrn/4231/ws_moveit2/install/moveit_core/include/moveit/collision_detection_fcl
-- Installing: /home/mtrn/4231/ws_moveit2/install/moveit_core/include/moveit/collision_detection_fcl/collision_common.h
-- Installing: /home/mtrn/4231/ws_moveit2/install/moveit_core/include/moveit/collision_detection_fcl/fcl_compat.h
-- Installing: /home/mtrn/4231/ws_moveit2/install/moveit_core/include/moveit/collision_detection_fcl/collision_detector_allocator_fcl.h
-- Installing: /home/mtrn/4231/ws_moveit2/install/moveit_core/include/moveit/collision_detection_fcl/collision_detector_fcl_plugin_loader.h
-- Installing: /home/mtrn/4231/ws_moveit2/install/moveit_core/include/moveit/collision_detection_fcl/collision_env_fcl.h
-- Installing: /home/mtrn/4231/ws_moveit2/install/moveit_core/include/moveit_collision_detection_fcl_export.h
-- Installing: /home/mtrn/4231/ws_moveit2/install/moveit_core/lib/libcollision_detector_bullet_plugin.so.2.5.4
-- Set runtime path of "/home/mtrn/4231/ws_moveit2/install/moveit_core/lib/libcollision_detector_bullet_plugin.so.2.5.4" to ""
-- Installing: /home/mtrn/4231/ws_moveit2/install/moveit_core/lib/libcollision_detector_bullet_plugin.so
-- Installing: /home/mtrn/4231/ws_moveit2/install/moveit_core/lib/libmoveit_butterworth_filter.so.2.5.4
-- Set runtime path of "/home/mtrn/4231/ws_moveit2/install/moveit_core/lib/libmoveit_butterworth_filter.so.2.5.4" to ""
-- Installing: /home/mtrn/4231/ws_moveit2/install/moveit_core/lib/libmoveit_butterworth_filter.so
-- Installing: /home/mtrn/4231/ws_moveit2/install/moveit_core/lib/libmoveit_collision_distance_field.so.2.5.4
-- Set runtime path of "/home/mtrn/4231/ws_moveit2/install/moveit_core/lib/libmoveit_collision_distance_field.so.2.5.4" to ""
-- Installing: /home/mtrn/4231/ws_moveit2/install/moveit_core/lib/libmoveit_collision_distance_field.so
-- Installing: /home/mtrn/4231/ws_moveit2/install/moveit_core/lib/libmoveit_collision_detection.so.2.5.4
-- Set runtime path of "/home/mtrn/4231/ws_moveit2/install/moveit_core/lib/libmoveit_collision_detection.so.2.5.4" to ""
-- Installing: /home/mtrn/4231/ws_moveit2/install/moveit_core/lib/libmoveit_collision_detection.so
-- Installing: /home/mtrn/4231/ws_moveit2/install/moveit_core/lib/libmoveit_collision_detection_fcl.so.2.5.4
-- Set runtime path of "/home/mtrn/4231/ws_moveit2/install/moveit_core/lib/libmoveit_collision_detection_fcl.so.2.5.4" to ""
-- Installing: /home/mtrn/4231/ws_moveit2/install/moveit_core/lib/libmoveit_collision_detection_fcl.so
-- Installing: /home/mtrn/4231/ws_moveit2/install/moveit_core/lib/libmoveit_collision_detection_bullet.so.2.5.4
-- Set runtime path of "/home/mtrn/4231/ws_moveit2/install/moveit_core/lib/libmoveit_collision_detection_bullet.so.2.5.4" to ""
-- Installing: /home/mtrn/4231/ws_moveit2/install/moveit_core/lib/libmoveit_collision_detection_bullet.so
-- Installing: /home/mtrn/4231/ws_moveit2/install/moveit_core/lib/libmoveit_dynamics_solver.so.2.5.4
-- Set runtime path of "/home/mtrn/4231/ws_moveit2/install/moveit_core/lib/libmoveit_dynamics_solver.so.2.5.4" to ""
-- Installing: /home/mtrn/4231/ws_moveit2/install/moveit_core/lib/libmoveit_dynamics_solver.so
-- Installing: /home/mtrn/4231/ws_moveit2/install/moveit_core/lib/libmoveit_constraint_samplers.so.2.5.4
-- Set runtime path of "/home/mtrn/4231/ws_moveit2/install/moveit_core/lib/libmoveit_constraint_samplers.so.2.5.4" to ""
-- Installing: /home/mtrn/4231/ws_moveit2/install/moveit_core/lib/libmoveit_constraint_samplers.so
-- Installing: /home/mtrn/4231/ws_moveit2/install/moveit_core/lib/libmoveit_distance_field.so.2.5.4
-- Set runtime path of "/home/mtrn/4231/ws_moveit2/install/moveit_core/lib/libmoveit_distance_field.so.2.5.4" to ""
-- Installing: /home/mtrn/4231/ws_moveit2/install/moveit_core/lib/libmoveit_distance_field.so
-- Installing: /home/mtrn/4231/ws_moveit2/install/moveit_core/lib/libmoveit_exceptions.so.2.5.4
-- Set runtime path of "/home/mtrn/4231/ws_moveit2/install/moveit_core/lib/libmoveit_exceptions.so.2.5.4" to ""
-- Installing: /home/mtrn/4231/ws_moveit2/install/moveit_core/lib/libmoveit_exceptions.so
-- Installing: /home/mtrn/4231/ws_moveit2/install/moveit_core/lib/libmoveit_kinematics_base.so
-- Set runtime path of "/home/mtrn/4231/ws_moveit2/install/moveit_core/lib/libmoveit_kinematics_base.so" to ""
-- Installing: /home/mtrn/4231/ws_moveit2/install/moveit_core/lib/libmoveit_kinematic_constraints.so.2.5.4
-- Set runtime path of "/home/mtrn/4231/ws_moveit2/install/moveit_core/lib/libmoveit_kinematic_constraints.so.2.5.4" to ""
-- Installing: /home/mtrn/4231/ws_moveit2/install/moveit_core/lib/libmoveit_kinematic_constraints.so
-- Installing: /home/mtrn/4231/ws_moveit2/install/moveit_core/lib/libmoveit_kinematics_metrics.so.2.5.4
-- Set runtime path of "/home/mtrn/4231/ws_moveit2/install/moveit_core/lib/libmoveit_kinematics_metrics.so.2.5.4" to ""
-- Installing: /home/mtrn/4231/ws_moveit2/install/moveit_core/lib/libmoveit_kinematics_metrics.so
-- Installing: /home/mtrn/4231/ws_moveit2/install/moveit_core/lib/libmoveit_planning_interface.so.2.5.4
-- Set runtime path of "/home/mtrn/4231/ws_moveit2/install/moveit_core/lib/libmoveit_planning_interface.so.2.5.4" to ""
-- Installing: /home/mtrn/4231/ws_moveit2/install/moveit_core/lib/libmoveit_planning_interface.so
-- Installing: /home/mtrn/4231/ws_moveit2/install/moveit_core/lib/libmoveit_planning_scene.so.2.5.4
-- Set runtime path of "/home/mtrn/4231/ws_moveit2/install/moveit_core/lib/libmoveit_planning_scene.so.2.5.4" to ""
-- Installing: /home/mtrn/4231/ws_moveit2/install/moveit_core/lib/libmoveit_planning_scene.so
-- Installing: /home/mtrn/4231/ws_moveit2/install/moveit_core/lib/libmoveit_planning_request_adapter.so.2.5.4
-- Set runtime path of "/home/mtrn/4231/ws_moveit2/install/moveit_core/lib/libmoveit_planning_request_adapter.so.2.5.4" to ""
-- Installing: /home/mtrn/4231/ws_moveit2/install/moveit_core/lib/libmoveit_planning_request_adapter.so
-- Installing: /home/mtrn/4231/ws_moveit2/install/moveit_core/lib/libmoveit_robot_model.so.2.5.4
-- Set runtime path of "/home/mtrn/4231/ws_moveit2/install/moveit_core/lib/libmoveit_robot_model.so.2.5.4" to ""
-- Installing: /home/mtrn/4231/ws_moveit2/install/moveit_core/lib/libmoveit_robot_model.so
-- Installing: /home/mtrn/4231/ws_moveit2/install/moveit_core/lib/libmoveit_robot_state.so.2.5.4
-- Set runtime path of "/home/mtrn/4231/ws_moveit2/install/moveit_core/lib/libmoveit_robot_state.so.2.5.4" to ""
-- Installing: /home/mtrn/4231/ws_moveit2/install/moveit_core/lib/libmoveit_robot_state.so
-- Installing: /home/mtrn/4231/ws_moveit2/install/moveit_core/lib/libmoveit_robot_trajectory.so.2.5.4
-- Set runtime path of "/home/mtrn/4231/ws_moveit2/install/moveit_core/lib/libmoveit_robot_trajectory.so.2.5.4" to ""
-- Installing: /home/mtrn/4231/ws_moveit2/install/moveit_core/lib/libmoveit_robot_trajectory.so
-- Installing: /home/mtrn/4231/ws_moveit2/install/moveit_core/lib/libmoveit_smoothing_base.so.2.5.4
-- Set runtime path of "/home/mtrn/4231/ws_moveit2/install/moveit_core/lib/libmoveit_smoothing_base.so.2.5.4" to ""
-- Installing: /home/mtrn/4231/ws_moveit2/install/moveit_core/lib/libmoveit_smoothing_base.so
-- Installing: /home/mtrn/4231/ws_moveit2/install/moveit_core/lib/libmoveit_test_utils.so.2.5.4
-- Set runtime path of "/home/mtrn/4231/ws_moveit2/install/moveit_core/lib/libmoveit_test_utils.so.2.5.4" to ""
-- Installing: /home/mtrn/4231/ws_moveit2/install/moveit_core/lib/libmoveit_test_utils.so
-- Installing: /home/mtrn/4231/ws_moveit2/install/moveit_core/lib/libmoveit_trajectory_processing.so.2.5.4
-- Set runtime path of "/home/mtrn/4231/ws_moveit2/install/moveit_core/lib/libmoveit_trajectory_processing.so.2.5.4" to ""
-- Installing: /home/mtrn/4231/ws_moveit2/install/moveit_core/lib/libmoveit_trajectory_processing.so
-- Installing: /home/mtrn/4231/ws_moveit2/install/moveit_core/lib/libmoveit_transforms.so.2.5.4
-- Set runtime path of "/home/mtrn/4231/ws_moveit2/install/moveit_core/lib/libmoveit_transforms.so.2.5.4" to ""
-- Installing: /home/mtrn/4231/ws_moveit2/install/moveit_core/lib/libmoveit_transforms.so
-- Installing: /home/mtrn/4231/ws_moveit2/install/moveit_core/lib/libmoveit_utils.so.2.5.4
-- Set runtime path of "/home/mtrn/4231/ws_moveit2/install/moveit_core/lib/libmoveit_utils.so.2.5.4" to ""
-- Installing: /home/mtrn/4231/ws_moveit2/install/moveit_core/lib/libmoveit_utils.so
-- Installing: /home/mtrn/4231/ws_moveit2/install/moveit_core/share/moveit_core/environment/library_path.sh
-- Installing: /home/mtrn/4231/ws_moveit2/install/moveit_core/share/moveit_core/environment/library_path.dsv
-- Installing: /home/mtrn/4231/ws_moveit2/install/moveit_core/share/moveit_core/collision_detector_fcl_description.xml
-- Installing: /home/mtrn/4231/ws_moveit2/install/moveit_core/share/moveit_core/collision_detector_bullet_description.xml
-- Installing: /home/mtrn/4231/ws_moveit2/install/moveit_core/share/moveit_core/filter_plugin_butterworth.xml
-- Installing: /home/mtrn/4231/ws_moveit2/install/moveit_core/share/ament_index/resource_index/package_run_dependencies/moveit_core
-- Installing: /home/mtrn/4231/ws_moveit2/install/moveit_core/share/ament_index/resource_index/parent_prefix_path/moveit_core
-- Installing: /home/mtrn/4231/ws_moveit2/install/moveit_core/share/moveit_core/environment/ament_prefix_path.sh
-- Installing: /home/mtrn/4231/ws_moveit2/install/moveit_core/share/moveit_core/environment/ament_prefix_path.dsv
-- Installing: /home/mtrn/4231/ws_moveit2/install/moveit_core/share/moveit_core/environment/path.sh
-- Installing: /home/mtrn/4231/ws_moveit2/install/moveit_core/share/moveit_core/environment/path.dsv
-- Installing: /home/mtrn/4231/ws_moveit2/install/moveit_core/share/moveit_core/local_setup.bash
-- Installing: /home/mtrn/4231/ws_moveit2/install/moveit_core/share/moveit_core/local_setup.sh
-- Installing: /home/mtrn/4231/ws_moveit2/install/moveit_core/share/moveit_core/local_setup.zsh
-- Installing: /home/mtrn/4231/ws_moveit2/install/moveit_core/share/moveit_core/local_setup.dsv
-- Installing: /home/mtrn/4231/ws_moveit2/install/moveit_core/share/moveit_core/package.dsv
-- Installing: /home/mtrn/4231/ws_moveit2/install/moveit_core/share/ament_index/resource_index/packages/moveit_core
-- Installing: /home/mtrn/4231/ws_moveit2/install/moveit_core/share/ament_index/resource_index/moveit_core__pluginlib__plugin/moveit_core
-- Installing: /home/mtrn/4231/ws_moveit2/install/moveit_core/share/moveit_core/cmake/export_moveit_coreExport.cmake
-- Installing: /home/mtrn/4231/ws_moveit2/install/moveit_core/share/moveit_core/cmake/export_moveit_coreExport-release.cmake
-- Installing: /home/mtrn/4231/ws_moveit2/install/moveit_core/share/moveit_core/cmake/ConfigExtras.cmake
-- Installing: /home/mtrn/4231/ws_moveit2/install/moveit_core/share/moveit_core/cmake/ament_cmake_export_targets-extras.cmake
-- Installing: /home/mtrn/4231/ws_moveit2/install/moveit_core/share/moveit_core/cmake/ament_cmake_export_dependencies-extras.cmake
-- Installing: /home/mtrn/4231/ws_moveit2/install/moveit_core/share/moveit_core/cmake/moveit_coreConfig.cmake
-- Installing: /home/mtrn/4231/ws_moveit2/install/moveit_core/share/moveit_core/cmake/moveit_coreConfig-version.cmake
-- Installing: /home/mtrn/4231/ws_moveit2/install/moveit_core/share/moveit_core/package.xml
