[0.010s] Invoking command in '/home/mtrn/4231/ws_moveit2/build/moveit_core': AMENT_PREFIX_PATH=/home/mtrn/4231/ws_moveit2/install/moveit_resources_panda_moveit_config:/home/mtrn/4231/ws_moveit2/install/srdfdom:/home/mtrn/4231/ws_moveit2/install/moveit_resources_pr2_description:/home/mtrn/4231/ws_moveit2/install/moveit_resources_panda_description:/home/mtrn/4231/ws_moveit2/install/moveit_common:${AMENT_PREFIX_PATH} CMAKE_PREFIX_PATH=/home/mtrn/4231/ws_moveit2/install/moveit_resources_panda_moveit_config:/home/mtrn/4231/ws_moveit2/install/srdfdom:/home/mtrn/4231/ws_moveit2/install/moveit_resources_pr2_description:/home/mtrn/4231/ws_moveit2/install/moveit_resources_panda_description:/home/mtrn/4231/ws_moveit2/install/moveit_common:/opt/ros/humble LD_LIBRARY_PATH=/home/mtrn/4231/ws_moveit2/install/srdfdom/lib:${LD_LIBRARY_PATH} PYTHONPATH=/home/mtrn/4231/ws_moveit2/install/srdfdom/local/lib/python3.10/dist-packages:${PYTHONPATH} /usr/bin/cmake /home/mtrn/4231/ws_moveit2/src/moveit2/moveit_core -DCMAKE_BUILD_TYPE=Release -DCMAKE_INSTALL_PREFIX=/home/mtrn/4231/ws_moveit2/install/moveit_core
[0.059s] -- The CXX compiler identification is GNU 11.4.0
[0.065s] -- Detecting CXX compiler ABI info
[0.137s] -- Detecting CXX compiler ABI info - done
[0.143s] -- Check for working CXX compiler: /usr/bin/c++ - skipped
[0.143s] -- Detecting CXX compile features
[0.143s] -- Detecting CXX compile features - done
[0.144s] -- Found moveit_common: 2.5.4 (/home/mtrn/4231/ws_moveit2/install/moveit_common/share/moveit_common/cmake)
[0.145s] -- Found ament_cmake: 1.3.5 (/opt/ros/humble/share/ament_cmake/cmake)
[0.305s] -- Found Python3: /usr/bin/python3.10 (found version "3.10.12") found components: Interpreter 
[0.481s] -- Found libdw: /usr/lib/x86_64-linux-gnu/libdw.so  
[0.486s] -- Could NOT find libbfd (missing: LIBBFD_LIBRARY LIBBFD_INCLUDE_DIR) 
[0.486s] -- BACKWARD_HAS_UNWIND=1
[0.486s] -- BACKWARD_HAS_BACKTRACE=0
[0.486s] -- BACKWARD_HAS_BACKTRACE_SYMBOL=0
[0.486s] -- BACKWARD_HAS_DW=1
[0.487s] -- BACKWARD_HAS_BFD=0
[0.487s] -- Found Backward: /opt/ros/humble/share/backward_ros/cmake  
[0.489s] -- Found rclcpp: 16.0.5 (/opt/ros/humble/share/rclcpp/cmake)
[0.530s] -- Found rosidl_generator_c: 3.1.5 (/opt/ros/humble/share/rosidl_generator_c/cmake)
[0.537s] -- Found rosidl_adapter: 3.1.5 (/opt/ros/humble/share/rosidl_adapter/cmake)
[0.547s] -- Found rosidl_generator_cpp: 3.1.5 (/opt/ros/humble/share/rosidl_generator_cpp/cmake)
[0.562s] -- Using all available rosidl_typesupport_c: rosidl_typesupport_fastrtps_c;rosidl_typesupport_introspection_c
[0.589s] -- Using all available rosidl_typesupport_cpp: rosidl_typesupport_fastrtps_cpp;rosidl_typesupport_introspection_cpp
[0.666s] -- Found rmw_implementation_cmake: 6.1.1 (/opt/ros/humble/share/rmw_implementation_cmake/cmake)
[0.668s] -- Found rmw_cyclonedds_cpp: 1.3.4 (/opt/ros/humble/share/rmw_cyclonedds_cpp/cmake)
[0.701s] -- Using RMW implementation 'rmw_cyclonedds_cpp' as default
[0.710s] -- Looking for C++ include pthread.h
[0.815s] -- Looking for C++ include pthread.h - found
[0.816s] -- Performing Test CMAKE_HAVE_LIBC_PTHREAD
[0.910s] -- Performing Test CMAKE_HAVE_LIBC_PTHREAD - Success
[0.911s] -- Found Threads: TRUE  
[1.047s] -- Found eigen3_cmake_module: 0.1.1 (/opt/ros/humble/share/eigen3_cmake_module/cmake)
[1.054s] -- Found Eigen3: TRUE (found version "3.4.0") 
[1.059s] -- Found PkgConfig: /usr/bin/pkg-config (found version "0.29.2") 
[1.059s] -- Checking for module 'fcl>=0.5.0'
[1.071s] --   Found fcl, version 0.7.0
[1.104s] -- Found Bullet: /usr/lib/x86_64-linux-gnu/libBulletDynamics.so (Required is at least version "2.87") 
[1.107s] -- Found angles: 1.15.0 (/opt/ros/humble/share/angles/cmake)
[1.121s] -- Found urdf: 2.6.0 (/opt/ros/humble/share/urdf/cmake)
[1.142s] -- Found tf2_eigen: 0.25.3 (/opt/ros/humble/share/tf2_eigen/cmake)
[1.450s] -- Found tf2_kdl: 0.25.3 (/opt/ros/humble/share/tf2_kdl/cmake)
[1.465s] -- Ensuring Eigen3 include directory is part of orocos-kdl CMake target
[1.475s] -- Found tf2_geometry_msgs: 0.25.3 (/opt/ros/humble/share/tf2_geometry_msgs/cmake)
[1.486s] -- Found eigen_stl_containers: 1.0.0 (/opt/ros/humble/share/eigen_stl_containers/cmake)
[1.490s] -- Found generate_parameter_library: 0.3.6 (/opt/ros/humble/share/generate_parameter_library/cmake)
[1.493s] -- Found parameter_traits: 0.3.6 (/opt/ros/humble/share/parameter_traits/cmake)
[1.515s] -- Found rclcpp_lifecycle: 16.0.5 (/opt/ros/humble/share/rclcpp_lifecycle/cmake)
[1.554s] -- Found geometric_shapes: 2.1.3 (/opt/ros/humble/share/geometric_shapes/cmake)
[1.564s] -- Found Boost: /usr/lib/x86_64-linux-gnu/cmake/Boost-1.74.0/BoostConfig.cmake (found version "1.74.0") found components: filesystem 
[1.628s] -- library: /usr/lib/x86_64-linux-gnu/libcurl.so
[1.835s] -- Found kdl_parser: 2.6.4 (/opt/ros/humble/share/kdl_parser/cmake)
[1.838s] -- Found moveit_msgs: 2.2.1 (/opt/ros/humble/share/moveit_msgs/cmake)
[2.281s] -- Found srdfdom: 2.0.4 (/home/mtrn/4231/ws_moveit2/install/srdfdom/share/srdfdom/cmake)
[2.288s] -- Found common_interfaces: 4.2.3 (/opt/ros/humble/share/common_interfaces/cmake)
[2.331s] -- Found Boost: /usr/lib/x86_64-linux-gnu/cmake/Boost-1.74.0/BoostConfig.cmake (found version "1.74.0") found components: chrono date_time filesystem iostreams program_options regex serialization system thread 
[2.333s] --  *** Building MoveIt 2.5.4-Alpha ***
[2.340s] -- Performing Test COMPILER_HAS_HIDDEN_VISIBILITY
[2.416s] -- Performing Test COMPILER_HAS_HIDDEN_VISIBILITY - Success
[2.416s] -- Performing Test COMPILER_HAS_HIDDEN_INLINE_VISIBILITY
[2.491s] -- Performing Test COMPILER_HAS_HIDDEN_INLINE_VISIBILITY - Success
[2.491s] -- Performing Test COMPILER_HAS_DEPRECATED_ATTR
[2.563s] -- Performing Test COMPILER_HAS_DEPRECATED_ATTR - Success
[2.567s] -- Found ament_cmake_gtest: 1.3.5 (/opt/ros/humble/share/ament_cmake_gtest/cmake)
[2.569s] -- Found gtest sources under '/opt/ros/humble/src/gtest_vendor': C++ tests using 'Google Test' will be built
[2.600s] -- The C compiler identification is GNU 11.4.0
[2.607s] -- Detecting C compiler ABI info
[2.672s] -- Detecting C compiler ABI info - done
[2.676s] -- Check for working C compiler: /usr/bin/cc - skipped
[2.677s] -- Detecting C compile features
[2.677s] -- Detecting C compile features - done
[2.685s] -- Found ament_cmake_gmock: 1.3.5 (/opt/ros/humble/share/ament_cmake_gmock/cmake)
[2.690s] -- Found gmock sources under '/opt/ros/humble/src/gmock_vendor': C++ tests using 'Google Mock' will be built
[2.693s] -- Found ament_cmake_gtest: 1.3.5 (/opt/ros/humble/share/ament_cmake_gtest/cmake)
[2.694s] -- Found gtest sources under '/opt/ros/humble/src/gtest_vendor': C++ tests using 'Google Test' will be built
[2.701s] -- Found ament_cmake_gtest: 1.3.5 (/opt/ros/humble/share/ament_cmake_gtest/cmake)
[2.702s] -- Found gtest sources under '/opt/ros/humble/src/gtest_vendor': C++ tests using 'Google Test' will be built
[2.718s] -- Found ament_cmake_gtest: 1.3.5 (/opt/ros/humble/share/ament_cmake_gtest/cmake)
[2.718s] -- Found gtest sources under '/opt/ros/humble/src/gtest_vendor': C++ tests using 'Google Test' will be built
[2.732s] -- Found ament_lint_auto: 0.12.7 (/opt/ros/humble/share/ament_lint_auto/cmake)
[2.733s] -- Found ament_cmake_gtest: 1.3.5 (/opt/ros/humble/share/ament_cmake_gtest/cmake)
[2.733s] -- Found gtest sources under '/opt/ros/humble/src/gtest_vendor': C++ tests using 'Google Test' will be built
[2.747s] -- Found ament_cmake_gtest: 1.3.5 (/opt/ros/humble/share/ament_cmake_gtest/cmake)
[2.747s] -- Found gtest sources under '/opt/ros/humble/src/gtest_vendor': C++ tests using 'Google Test' will be built
[2.756s] -- Found ament_cmake_gtest: 1.3.5 (/opt/ros/humble/share/ament_cmake_gtest/cmake)
[2.756s] -- Found gtest sources under '/opt/ros/humble/src/gtest_vendor': C++ tests using 'Google Test' will be built
[2.763s] -- Found ament_cmake_gtest: 1.3.5 (/opt/ros/humble/share/ament_cmake_gtest/cmake)
[2.763s] -- Found gtest sources under '/opt/ros/humble/src/gtest_vendor': C++ tests using 'Google Test' will be built
[2.772s] -- Found gtest sources under '/opt/ros/humble/src/gtest_vendor': C++ tests using 'Google Test' will be built
[2.780s] -- Found gtest sources under '/opt/ros/humble/src/gtest_vendor': C++ tests using 'Google Test' will be built
[2.789s] -- Found ament_cmake_gtest: 1.3.5 (/opt/ros/humble/share/ament_cmake_gtest/cmake)
[2.789s] -- Found gtest sources under '/opt/ros/humble/src/gtest_vendor': C++ tests using 'Google Test' will be built
[2.803s] -- Found gtest sources under '/opt/ros/humble/src/gtest_vendor': C++ tests using 'Google Test' will be built
[2.813s] -- Found gtest sources under '/opt/ros/humble/src/gtest_vendor': C++ tests using 'Google Test' will be built
[2.826s] -- Found gtest sources under '/opt/ros/humble/src/gtest_vendor': C++ tests using 'Google Test' will be built
[2.831s] -- Found ament_lint_auto: 0.12.7 (/opt/ros/humble/share/ament_lint_auto/cmake)
[2.873s] -- Added test 'cppcheck' to perform static code analysis on C / C++ code
[2.874s] -- Configured cppcheck include dirs: /home/mtrn/4231/ws_moveit2/src/moveit2/moveit_core/exceptions/include;/home/mtrn/4231/ws_moveit2/src/moveit2/moveit_core/collision_detection/include;/home/mtrn/4231/ws_moveit2/src/moveit2/moveit_core/collision_detection_fcl/include;/home/mtrn/4231/ws_moveit2/src/moveit2/moveit_core/collision_detection_bullet/include;/home/mtrn/4231/ws_moveit2/src/moveit2/moveit_core/constraint_samplers/include;/home/mtrn/4231/ws_moveit2/src/moveit2/moveit_core/controller_manager/include;/home/mtrn/4231/ws_moveit2/src/moveit2/moveit_core/distance_field/include;/home/mtrn/4231/ws_moveit2/src/moveit2/moveit_core/collision_distance_field/include;/home/mtrn/4231/ws_moveit2/src/moveit2/moveit_core/dynamics_solver/include;/home/mtrn/4231/ws_moveit2/src/moveit2/moveit_core/kinematics_base/include;/home/mtrn/4231/ws_moveit2/src/moveit2/moveit_core/kinematics_metrics/include;/home/mtrn/4231/ws_moveit2/src/moveit2/moveit_core/robot_model/include;/home/mtrn/4231/ws_moveit2/src/moveit2/moveit_core/transforms/include;/home/mtrn/4231/ws_moveit2/src/moveit2/moveit_core/robot_state/include;/home/mtrn/4231/ws_moveit2/src/moveit2/moveit_core/robot_trajectory/include;/home/mtrn/4231/ws_moveit2/src/moveit2/moveit_core/kinematic_constraints/include;/home/mtrn/4231/ws_moveit2/src/moveit2/moveit_core/macros/include;/home/mtrn/4231/ws_moveit2/src/moveit2/moveit_core/online_signal_smoothing/include;/home/mtrn/4231/ws_moveit2/src/moveit2/moveit_core/planning_interface/include;/home/mtrn/4231/ws_moveit2/src/moveit2/moveit_core/planning_request_adapter/include;/home/mtrn/4231/ws_moveit2/src/moveit2/moveit_core/planning_scene/include;/home/mtrn/4231/ws_moveit2/src/moveit2/moveit_core/sensor_manager/include;/home/mtrn/4231/ws_moveit2/src/moveit2/moveit_core/trajectory_processing/include;/home/mtrn/4231/ws_moveit2/src/moveit2/moveit_core/utils/include
[2.874s] -- Configured cppcheck exclude dirs and/or files: 
[2.875s] -- Added test 'pep257' to check Python code against some of the docstring style conventions in PEP 257
[2.877s] -- Added test 'xmllint' to check XML markup files
[2.879s] -- Configuring done
[3.308s] -- Generating done
[3.313s] -- Build files have been written to: /home/mtrn/4231/ws_moveit2/build/moveit_core
[3.354s] Invoked command in '/home/mtrn/4231/ws_moveit2/build/moveit_core' returned '0': AMENT_PREFIX_PATH=/home/mtrn/4231/ws_moveit2/install/moveit_resources_panda_moveit_config:/home/mtrn/4231/ws_moveit2/install/srdfdom:/home/mtrn/4231/ws_moveit2/install/moveit_resources_pr2_description:/home/mtrn/4231/ws_moveit2/install/moveit_resources_panda_description:/home/mtrn/4231/ws_moveit2/install/moveit_common:${AMENT_PREFIX_PATH} CMAKE_PREFIX_PATH=/home/mtrn/4231/ws_moveit2/install/moveit_resources_panda_moveit_config:/home/mtrn/4231/ws_moveit2/install/srdfdom:/home/mtrn/4231/ws_moveit2/install/moveit_resources_pr2_description:/home/mtrn/4231/ws_moveit2/install/moveit_resources_panda_description:/home/mtrn/4231/ws_moveit2/install/moveit_common:/opt/ros/humble LD_LIBRARY_PATH=/home/mtrn/4231/ws_moveit2/install/srdfdom/lib:${LD_LIBRARY_PATH} PYTHONPATH=/home/mtrn/4231/ws_moveit2/install/srdfdom/local/lib/python3.10/dist-packages:${PYTHONPATH} /usr/bin/cmake /home/mtrn/4231/ws_moveit2/src/moveit2/moveit_core -DCMAKE_BUILD_TYPE=Release -DCMAKE_INSTALL_PREFIX=/home/mtrn/4231/ws_moveit2/install/moveit_core
[3.354s] Invoking command in '/home/mtrn/4231/ws_moveit2/build/moveit_core': AMENT_PREFIX_PATH=/home/mtrn/4231/ws_moveit2/install/moveit_resources_panda_moveit_config:/home/mtrn/4231/ws_moveit2/install/srdfdom:/home/mtrn/4231/ws_moveit2/install/moveit_resources_pr2_description:/home/mtrn/4231/ws_moveit2/install/moveit_resources_panda_description:/home/mtrn/4231/ws_moveit2/install/moveit_common:${AMENT_PREFIX_PATH} CMAKE_PREFIX_PATH=/home/mtrn/4231/ws_moveit2/install/moveit_resources_panda_moveit_config:/home/mtrn/4231/ws_moveit2/install/srdfdom:/home/mtrn/4231/ws_moveit2/install/moveit_resources_pr2_description:/home/mtrn/4231/ws_moveit2/install/moveit_resources_panda_description:/home/mtrn/4231/ws_moveit2/install/moveit_common:/opt/ros/humble LD_LIBRARY_PATH=/home/mtrn/4231/ws_moveit2/install/srdfdom/lib:${LD_LIBRARY_PATH} PYTHONPATH=/home/mtrn/4231/ws_moveit2/install/srdfdom/local/lib/python3.10/dist-packages:${PYTHONPATH} /usr/bin/cmake --build /home/mtrn/4231/ws_moveit2/build/moveit_core -- -j4 -l4
[3.402s] [  1%] [32mBuilding CXX object exceptions/CMakeFiles/moveit_exceptions.dir/src/exceptions.cpp.o[0m
[3.402s] [  1%] [32mBuilding CXX object distance_field/CMakeFiles/moveit_distance_field.dir/src/distance_field.cpp.o[0m
[3.403s] [  1%] [32mBuilding CXX object transforms/CMakeFiles/moveit_transforms.dir/src/transforms.cpp.o[0m
[3.404s] [  1%] [32mBuilding CXX object kinematics_base/CMakeFiles/moveit_kinematics_base.dir/src/kinematics_base.cpp.o[0m
[4.195s] [  2%] [32m[1mLinking CXX shared library libmoveit_exceptions.so[0m
[4.345s] [  2%] Built target moveit_exceptions
[4.372s] [  3%] [32mBuilding CXX object utils/CMakeFiles/moveit_utils.dir/src/lexical_casts.cpp.o[0m
[4.916s] [  3%] [32mBuilding CXX object utils/CMakeFiles/moveit_utils.dir/src/message_checks.cpp.o[0m
[6.020s] [  4%] [32mBuilding CXX object utils/CMakeFiles/moveit_utils.dir/src/rclcpp_utils.cpp.o[0m
[6.271s] [  4%] [32m[1mLinking CXX shared library libmoveit_utils.so[0m
[6.947s] [  4%] Built target moveit_utils
[6.969s] [  4%] [32mBuilding CXX object gtest/CMakeFiles/gtest.dir/src/gtest-all.cc.o[0m
[8.379s] [  5%] [32m[1mLinking CXX shared library libmoveit_kinematics_base.so[0m
[8.616s] [  5%] Built target moveit_kinematics_base
[8.641s] [  6%] [32mBuilding CXX object gtest/CMakeFiles/gtest_main.dir/src/gtest_main.cc.o[0m
[9.555s] [  6%] [32m[1mLinking CXX static library libgtest_main.a[0m
[9.590s] [  6%] Built target gtest_main
[9.609s] [  6%] [32mBuilding CXX object gmock/CMakeFiles/gmock.dir/opt/ros/humble/src/gtest_vendor/src/gtest-all.cc.o[0m
[10.459s] [  7%] [32m[1mLinking CXX shared library libmoveit_transforms.so[0m
[10.542s] [  7%] [32mBuilding CXX object distance_field/CMakeFiles/moveit_distance_field.dir/src/find_internal_points.cpp.o[0m
[10.610s] [  7%] Built target moveit_transforms
[10.628s] [  7%] [32mBuilding CXX object gmock/CMakeFiles/gmock_main.dir/src/gmock_main.cc.o[0m
[11.776s] [  8%] [32m[1mLinking CXX static library libgmock_main.a[0m
[11.810s] [  8%] Built target gmock_main
[11.830s] [  8%] [32mBuilding CXX object online_signal_smoothing/CMakeFiles/moveit_smoothing_base.dir/src/smoothing_base_class.cpp.o[0m
[11.982s] [  9%] [32mBuilding CXX object distance_field/CMakeFiles/moveit_distance_field.dir/src/propagation_distance_field.cpp.o[0m
[14.572s] [ 10%] [32m[1mLinking CXX shared library libmoveit_smoothing_base.so[0m
[14.677s] [ 10%] Built target moveit_smoothing_base
[14.695s] [ 11%] [34m[1mRunning `/opt/ros/humble/bin/generate_parameter_library_cpp /home/mtrn/4231/ws_moveit2/build/moveit_core/online_signal_smoothing/moveit_butterworth_parameters/include//moveit_butterworth_parameters.hpp /home/mtrn/4231/ws_moveit2/src/moveit2/moveit_core/online_signal_smoothing/src/butterworth_parameters.yaml `[0m
[14.853s] [ 11%] Built target moveit_butterworth_parameters
[14.862s] [ 12%] [32mBuilding CXX object gmock/CMakeFiles/gmock.dir/src/gmock-all.cc.o[0m
[14.969s] [ 13%] [32m[1mLinking CXX static library libgtest.a[0m
[15.014s] [ 13%] Built target gtest
[15.036s] [ 14%] [32mBuilding CXX object version/CMakeFiles/moveit_version.dir/version.cpp.o[0m
[15.073s] [ 15%] [32m[1mLinking CXX executable moveit_version[0m
[15.175s] [ 15%] Built target moveit_version
[15.195s] [ 16%] [32mBuilding CXX object robot_model/CMakeFiles/moveit_robot_model.dir/src/aabb.cpp.o[0m
[17.185s] [ 16%] [32mBuilding CXX object robot_model/CMakeFiles/moveit_robot_model.dir/src/fixed_joint_model.cpp.o[0m
[17.811s] [ 17%] [32mBuilding CXX object robot_model/CMakeFiles/moveit_robot_model.dir/src/floating_joint_model.cpp.o[0m
[17.992s] [ 18%] [32m[1mLinking CXX static library libgmock.a[0m
[18.029s] [ 18%] Built target gmock
[18.047s] [ 18%] [32mBuilding CXX object transforms/CMakeFiles/test_transforms.dir/test/test_transforms.cpp.o[0m
[18.545s] [ 19%] [32mBuilding CXX object robot_model/CMakeFiles/moveit_robot_model.dir/src/joint_model.cpp.o[0m
[19.367s] [ 19%] [32m[1mLinking CXX shared library libmoveit_distance_field.so[0m
[19.531s] [ 19%] Built target moveit_distance_field
[19.539s] [ 19%] [32mBuilding CXX object robot_model/CMakeFiles/moveit_robot_model.dir/src/joint_model_group.cpp.o[0m
[20.975s] [ 20%] [32m[1mLinking CXX executable test_transforms[0m
[21.112s] [ 20%] Built target test_transforms
[21.135s] [ 21%] [32mBuilding CXX object distance_field/CMakeFiles/test_voxel_grid.dir/test/test_voxel_grid.cpp.o[0m
[21.181s] [ 22%] [32mBuilding CXX object robot_model/CMakeFiles/moveit_robot_model.dir/src/link_model.cpp.o[0m
[21.332s] [ 22%] [32mBuilding CXX object robot_model/CMakeFiles/moveit_robot_model.dir/src/planar_joint_model.cpp.o[0m
[24.741s] [ 23%] [32mBuilding CXX object robot_model/CMakeFiles/moveit_robot_model.dir/src/prismatic_joint_model.cpp.o[0m
[24.778s] [ 24%] [32mBuilding CXX object robot_model/CMakeFiles/moveit_robot_model.dir/src/revolute_joint_model.cpp.o[0m
[25.573s] [ 24%] [32m[1mLinking CXX executable test_voxel_grid[0m
[25.685s] [ 24%] Built target test_voxel_grid
[25.710s] [ 24%] [32mBuilding CXX object distance_field/CMakeFiles/test_distance_field.dir/test/test_distance_field.cpp.o[0m
[26.165s] [ 24%] [32mBuilding CXX object robot_model/CMakeFiles/moveit_robot_model.dir/src/robot_model.cpp.o[0m
[33.419s] [ 25%] [32m[1mLinking CXX shared library libmoveit_robot_model.so[0m
[33.440s] [ 26%] [32m[1mLinking CXX executable test_distance_field[0m
[33.536s] [ 26%] Built target moveit_robot_model
[33.555s] [ 27%] [32mBuilding CXX object online_signal_smoothing/CMakeFiles/moveit_butterworth_filter.dir/src/butterworth_filter.cpp.o[0m
[33.557s] [ 27%] [32mBuilding CXX object robot_state/CMakeFiles/moveit_robot_state.dir/src/attached_body.cpp.o[0m
[33.558s] [ 28%] [32mBuilding CXX object utils/CMakeFiles/moveit_test_utils.dir/src/robot_model_test_utils.cpp.o[0m
[33.610s] [ 28%] Built target test_distance_field
[33.619s] [ 29%] [32mBuilding CXX object robot_state/CMakeFiles/moveit_robot_state.dir/src/conversions.cpp.o[0m
[36.815s] [ 30%] [32mBuilding CXX object robot_state/CMakeFiles/moveit_robot_state.dir/src/robot_state.cpp.o[0m
[39.467s] [ 30%] [32m[1mLinking CXX shared library libmoveit_butterworth_filter.so[0m
[39.596s] [ 30%] Built target moveit_butterworth_filter
[39.615s] [ 30%] [32mBuilding CXX object online_signal_smoothing/CMakeFiles/test_butterworth_filter.dir/test/test_butterworth_filter.cpp.o[0m
[42.021s] [ 30%] [32m[1mLinking CXX shared library libmoveit_test_utils.so[0m
[42.155s] [ 30%] Built target moveit_test_utils
[42.179s] [ 31%] [32mBuilding CXX object robot_model/CMakeFiles/test_robot_model.dir/test/test.cpp.o[0m
[42.847s] [ 31%] [32mBuilding CXX object robot_state/CMakeFiles/moveit_robot_state.dir/src/cartesian_interpolator.cpp.o[0m
[45.917s] [ 32%] [32m[1mLinking CXX executable test_butterworth_filter[0m
[46.053s] [ 32%] Built target test_butterworth_filter
[47.436s] [ 32%] [32m[1mLinking CXX executable test_robot_model[0m
[47.638s] [ 32%] Built target test_robot_model
[54.786s] [ 33%] [32m[1mLinking CXX shared library libmoveit_robot_state.so[0m
[54.889s] [ 33%] Built target moveit_robot_state
[54.907s] [ 33%] [32mBuilding CXX object robot_trajectory/CMakeFiles/moveit_robot_trajectory.dir/src/robot_trajectory.cpp.o[0m
[54.907s] [ 34%] [32mBuilding CXX object collision_detection/CMakeFiles/moveit_collision_detection.dir/src/allvalid/collision_env_allvalid.cpp.o[0m
[54.908s] [ 35%] [32mBuilding CXX object dynamics_solver/CMakeFiles/moveit_dynamics_solver.dir/src/dynamics_solver.cpp.o[0m
[54.914s] [ 35%] [32mBuilding CXX object kinematics_metrics/CMakeFiles/moveit_kinematics_metrics.dir/src/kinematics_metrics.cpp.o[0m
[59.565s] [ 35%] [32mBuilding CXX object collision_detection/CMakeFiles/moveit_collision_detection.dir/src/collision_common.cpp.o[0m
[60.645s] [ 36%] [32m[1mLinking CXX shared library libmoveit_dynamics_solver.so[0m
[60.799s] [ 36%] Built target moveit_dynamics_solver
[60.816s] [ 37%] [32mBuilding CXX object robot_state/CMakeFiles/test_robot_state.dir/test/robot_state_test.cpp.o[0m
[63.131s] [ 38%] [32m[1mLinking CXX shared library libmoveit_robot_trajectory.so[0m
[63.269s] [ 38%] Built target moveit_robot_trajectory
[63.289s] [ 38%] [32mBuilding CXX object robot_state/CMakeFiles/test_robot_state_benchmark.dir/test/robot_state_benchmark.cpp.o[0m
[63.805s] [ 39%] [32mBuilding CXX object collision_detection/CMakeFiles/moveit_collision_detection.dir/src/collision_matrix.cpp.o[0m
[69.370s] [ 39%] [32mBuilding CXX object collision_detection/CMakeFiles/moveit_collision_detection.dir/src/collision_octomap_filter.cpp.o[0m
[69.911s] [ 40%] [32m[1mLinking CXX executable test_robot_state_benchmark[0m
[70.164s] [ 40%] Built target test_robot_state_benchmark
[70.179s] [ 40%] [32mBuilding CXX object robot_state/CMakeFiles/test_robot_state_complex.dir/test/test_kinematic_complex.cpp.o[0m
[70.342s] [ 41%] [32m[1mLinking CXX executable test_robot_state[0m
[70.610s] [ 41%] Built target test_robot_state
[70.627s] [ 41%] [32mBuilding CXX object robot_state/CMakeFiles/test_aabb.dir/test/test_aabb.cpp.o[0m
[73.238s] [ 42%] [32m[1mLinking CXX shared library libmoveit_kinematics_metrics.so[0m
[73.440s] [ 42%] Built target moveit_kinematics_metrics
[73.462s] [ 42%] [32mBuilding CXX object robot_state/CMakeFiles/test_cartesian_interpolator.dir/test/test_cartesian_interpolator.cpp.o[0m
[75.582s] [ 43%] [32mBuilding CXX object collision_detection/CMakeFiles/moveit_collision_detection.dir/src/collision_tools.cpp.o[0m
[79.782s] [ 44%] [32m[1mLinking CXX executable test_aabb[0m
[80.080s] [ 45%] [32m[1mLinking CXX executable test_robot_state_complex[0m
[80.114s] [ 45%] Built target test_aabb
[80.139s] [ 46%] [32mBuilding CXX object robot_trajectory/CMakeFiles/test_robot_trajectory.dir/test/test_robot_trajectory.cpp.o[0m
[80.389s] [ 46%] Built target test_robot_state_complex
[80.413s] [ 47%] [32mBuilding CXX object trajectory_processing/CMakeFiles/moveit_trajectory_processing.dir/src/iterative_time_parameterization.cpp.o[0m
[81.178s] [ 48%] [32m[1mLinking CXX executable test_cartesian_interpolator[0m
[81.457s] [ 48%] Built target test_cartesian_interpolator
[81.481s] [ 49%] [32mBuilding CXX object planning_interface/CMakeFiles/moveit_planning_interface.dir/src/planning_interface.cpp.o[0m
[84.156s] [ 50%] [32mBuilding CXX object collision_detection/CMakeFiles/moveit_collision_detection.dir/src/world.cpp.o[0m
[88.081s] [ 50%] [32mBuilding CXX object trajectory_processing/CMakeFiles/moveit_trajectory_processing.dir/src/iterative_spline_parameterization.cpp.o[0m
[88.678s] [ 50%] [32mBuilding CXX object collision_detection/CMakeFiles/moveit_collision_detection.dir/src/world_diff.cpp.o[0m
[90.109s] [ 50%] [32m[1mLinking CXX executable test_robot_trajectory[0m
[90.456s] [ 50%] Built target test_robot_trajectory
[90.466s] [ 51%] [32mBuilding CXX object collision_detection/CMakeFiles/moveit_collision_detection.dir/src/collision_env.cpp.o[0m
[91.107s] [ 51%] [32mBuilding CXX object planning_interface/CMakeFiles/moveit_planning_interface.dir/src/planning_response.cpp.o[0m
[91.668s] [ 51%] [32mBuilding CXX object collision_detection/CMakeFiles/moveit_collision_detection.dir/src/collision_plugin_cache.cpp.o[0m
[96.180s] [ 52%] [32mBuilding CXX object trajectory_processing/CMakeFiles/moveit_trajectory_processing.dir/src/ruckig_traj_smoothing.cpp.o[0m
[97.097s] [ 53%] [32mBuilding CXX object trajectory_processing/CMakeFiles/moveit_trajectory_processing.dir/src/trajectory_tools.cpp.o[0m
[97.873s] [ 53%] [32mBuilding CXX object trajectory_processing/CMakeFiles/moveit_trajectory_processing.dir/src/time_optimal_trajectory_generation.cpp.o[0m
[98.465s] [ 54%] [32m[1mLinking CXX shared library libmoveit_planning_interface.so[0m
[98.622s] [ 54%] Built target moveit_planning_interface
[105.348s] [ 55%] [32m[1mLinking CXX shared library libmoveit_collision_detection.so[0m
[105.534s] [ 55%] Built target moveit_collision_detection
[105.553s] [ 55%] [32mBuilding CXX object collision_detection_fcl/CMakeFiles/moveit_collision_detection_fcl.dir/src/collision_common.cpp.o[0m
[105.555s] [ 56%] [32mBuilding CXX object collision_detection/CMakeFiles/test_world.dir/test/test_world.cpp.o[0m
[105.836s] [ 57%] [32mBuilding CXX object collision_detection/CMakeFiles/test_world_diff.dir/test/test_world_diff.cpp.o[0m
[106.911s] [ 58%] [32m[1mLinking CXX shared library libmoveit_trajectory_processing.so[0m
[107.090s] [ 58%] Built target moveit_trajectory_processing
[107.114s] [ 58%] [32mBuilding CXX object collision_detection/CMakeFiles/test_all_valid.dir/test/test_all_valid.cpp.o[0m
[111.110s] [ 59%] [32m[1mLinking CXX executable test_world_diff[0m
[111.404s] [ 59%] Built target test_world_diff
[111.429s] [ 60%] [32mBuilding CXX object collision_detection_bullet/CMakeFiles/moveit_collision_detection_bullet.dir/src/bullet_integration/bullet_utils.cpp.o[0m
[112.038s] [ 60%] [32m[1mLinking CXX executable test_world[0m
[112.297s] [ 60%] Built target test_world
[112.307s] [ 61%] [32mBuilding CXX object collision_detection_fcl/CMakeFiles/moveit_collision_detection_fcl.dir/src/collision_env_fcl.cpp.o[0m
[114.364s] [ 62%] [32m[1mLinking CXX executable test_all_valid[0m
[114.642s] [ 62%] Built target test_all_valid
[114.669s] [ 62%] [32mBuilding CXX object trajectory_processing/CMakeFiles/test_time_parameterization.dir/test/test_time_parameterization.cpp.o[0m
[115.703s] [ 63%] [32mBuilding CXX object trajectory_processing/CMakeFiles/test_time_optimal_trajectory_generation.dir/test/test_time_optimal_trajectory_generation.cpp.o[0m
[119.769s] [ 63%] [32mBuilding CXX object collision_detection_bullet/CMakeFiles/moveit_collision_detection_bullet.dir/src/bullet_integration/bullet_discrete_bvh_manager.cpp.o[0m
[120.231s] [ 64%] [32m[1mLinking CXX shared library libmoveit_collision_detection_fcl.so[0m
[120.460s] [ 64%] Built target moveit_collision_detection_fcl
[120.482s] [ 65%] [32mBuilding CXX object trajectory_processing/CMakeFiles/test_ruckig_traj_smoothing.dir/test/test_ruckig_traj_smoothing.cpp.o[0m
[122.603s] [ 66%] [32m[1mLinking CXX executable test_time_parameterization[0m
[122.912s] [ 66%] Built target test_time_parameterization
[122.936s] [ 67%] [32mBuilding CXX object collision_detection_fcl/CMakeFiles/test_fcl_collision_env.dir/test/test_fcl_env.cpp.o[0m
[125.252s] [ 68%] [32m[1mLinking CXX executable test_time_optimal_trajectory_generation[0m
[125.343s] [ 69%] [32mBuilding CXX object collision_detection_bullet/CMakeFiles/moveit_collision_detection_bullet.dir/src/bullet_integration/bullet_cast_bvh_manager.cpp.o[0m
[125.560s] [ 69%] Built target test_time_optimal_trajectory_generation
[125.577s] [ 70%] [32mBuilding CXX object collision_detection_fcl/CMakeFiles/test_fcl_collision_detection.dir/test/test_fcl_collision_detection_pr2.cpp.o[0m
[128.935s] [ 70%] [32m[1mLinking CXX executable test_ruckig_traj_smoothing[0m
[129.213s] [ 70%] Built target test_ruckig_traj_smoothing
[129.233s] [ 71%] [32mBuilding CXX object collision_detection_fcl/CMakeFiles/test_fcl_collision_detection_panda.dir/test/test_fcl_collision_detection_panda.cpp.o[0m
[131.404s] [ 71%] [32mBuilding CXX object collision_detection_bullet/CMakeFiles/moveit_collision_detection_bullet.dir/src/collision_env_bullet.cpp.o[0m
[132.604s] [ 72%] [32m[1mLinking CXX executable test_fcl_collision_env[0m
[132.914s] [ 72%] Built target test_fcl_collision_env
[132.932s] [ 72%] [32mBuilding CXX object kinematic_constraints/CMakeFiles/moveit_kinematic_constraints.dir/src/kinematic_constraint.cpp.o[0m
[136.858s] [ 72%] [32m[1mLinking CXX executable test_fcl_collision_detection[0m
[137.213s] [ 72%] Built target test_fcl_collision_detection
[137.223s] [ 73%] [32mBuilding CXX object kinematic_constraints/CMakeFiles/moveit_kinematic_constraints.dir/src/utils.cpp.o[0m
[139.031s] [ 74%] [32mBuilding CXX object collision_detection_bullet/CMakeFiles/moveit_collision_detection_bullet.dir/src/bullet_integration/bullet_bvh_manager.cpp.o[0m
[139.304s] [ 74%] [32m[1mLinking CXX executable test_fcl_collision_detection_panda[0m
[139.641s] [ 74%] Built target test_fcl_collision_detection_panda
[139.655s] [ 75%] [32mBuilding CXX object collision_detection_bullet/CMakeFiles/moveit_collision_detection_bullet.dir/src/bullet_integration/contact_checker_common.cpp.o[0m
[144.817s] [ 75%] [32mBuilding CXX object collision_detection_bullet/CMakeFiles/moveit_collision_detection_bullet.dir/src/bullet_integration/ros_bullet_utils.cpp.o[0m
[148.926s] [ 76%] [32m[1mLinking CXX shared library libmoveit_kinematic_constraints.so[0m
[149.136s] [ 76%] Built target moveit_kinematic_constraints
[149.168s] [ 77%] [32mBuilding CXX object planning_scene/CMakeFiles/moveit_planning_scene.dir/src/planning_scene.cpp.o[0m
[150.192s] [ 78%] [32m[1mLinking CXX shared library libmoveit_collision_detection_bullet.so[0m
[150.381s] [ 78%] Built target moveit_collision_detection_bullet
[150.399s] [ 78%] [32mBuilding CXX object kinematic_constraints/CMakeFiles/test_constraints.dir/test/test_constraints.cpp.o[0m
[150.399s] [ 78%] [32mBuilding CXX object kinematic_constraints/CMakeFiles/test_orientation_constraints.dir/test/test_orientation_constraints.cpp.o[0m
[151.415s] [ 79%] [32mBuilding CXX object collision_detection_bullet/CMakeFiles/test_bullet_collision_detection.dir/test/test_bullet_collision_detection_pr2.cpp.o[0m
[161.127s] [ 80%] [32m[1mLinking CXX executable test_orientation_constraints[0m
[161.499s] [ 80%] Built target test_orientation_constraints
[161.594s] [ 81%] [32mBuilding CXX object collision_detection_bullet/CMakeFiles/test_bullet_collision_detection_panda.dir/test/test_bullet_collision_detection_panda.cpp.o[0m
[162.532s] [ 81%] [32m[1mLinking CXX executable test_bullet_collision_detection[0m
[162.834s] [ 82%] [32m[1mLinking CXX executable test_constraints[0m
[162.967s] [ 82%] Built target test_bullet_collision_detection
[162.997s] [ 83%] [32mBuilding CXX object collision_detection_bullet/CMakeFiles/test_bullet_continuous_collision_checking.dir/test/test_bullet_continuous_collision_checking.cpp.o[0m
[163.180s] [ 83%] Built target test_constraints
[168.071s] [ 83%] [32m[1mLinking CXX shared library libmoveit_planning_scene.so[0m
[168.335s] [ 83%] Built target moveit_planning_scene
[168.356s] [ 83%] [32mBuilding CXX object collision_distance_field/CMakeFiles/moveit_collision_distance_field.dir/src/collision_distance_field_types.cpp.o[0m
[168.357s] [ 83%] [32mBuilding CXX object constraint_samplers/CMakeFiles/moveit_constraint_samplers.dir/src/constraint_sampler.cpp.o[0m
[170.272s] [ 83%] [32m[1mLinking CXX executable test_bullet_collision_detection_panda[0m
[170.598s] [ 83%] Built target test_bullet_collision_detection_panda
[170.622s] [ 83%] [32mBuilding CXX object planning_request_adapter/CMakeFiles/moveit_planning_request_adapter.dir/src/planning_request_adapter.cpp.o[0m
[173.543s] [ 84%] [32m[1mLinking CXX executable test_bullet_continuous_collision_checking[0m
[173.878s] [ 84%] Built target test_bullet_continuous_collision_checking
[173.897s] [ 85%] [32mBuilding CXX object planning_scene/CMakeFiles/test_planning_scene.dir/test/test_planning_scene.cpp.o[0m
[175.604s] [ 86%] [32mBuilding CXX object collision_distance_field/CMakeFiles/moveit_collision_distance_field.dir/src/collision_common_distance_field.cpp.o[0m
[176.121s] [ 87%] [32mBuilding CXX object constraint_samplers/CMakeFiles/moveit_constraint_samplers.dir/src/constraint_sampler_manager.cpp.o[0m
[178.425s] [ 88%] [32m[1mLinking CXX shared library libmoveit_planning_request_adapter.so[0m
[178.593s] [ 88%] Built target moveit_planning_request_adapter
[178.621s] [ 89%] [32mBuilding CXX object planning_scene/CMakeFiles/test_collision_objects.dir/test/test_collision_objects.cpp.o[0m
[185.062s] [ 89%] [32mBuilding CXX object collision_distance_field/CMakeFiles/moveit_collision_distance_field.dir/src/collision_env_distance_field.cpp.o[0m
[185.712s] [ 89%] [32mBuilding CXX object constraint_samplers/CMakeFiles/moveit_constraint_samplers.dir/src/constraint_sampler_tools.cpp.o[0m
[190.240s] [ 89%] [32m[1mLinking CXX executable test_planning_scene[0m
[190.585s] [ 89%] Built target test_planning_scene
[190.611s] [ 89%] [32mBuilding CXX object planning_scene/CMakeFiles/test_multi_threaded.dir/test/test_multi_threaded.cpp.o[0m
[190.686s] [ 89%] [32m[1mLinking CXX executable test_collision_objects[0m
[191.015s] [ 89%] Built target test_collision_objects
[191.038s] [ 89%] [32mBuilding CXX object collision_detection_bullet/CMakeFiles/collision_detector_bullet_plugin.dir/src/collision_detector_bullet_plugin_loader.cpp.o[0m
[193.845s] [ 90%] [32mBuilding CXX object constraint_samplers/CMakeFiles/moveit_constraint_samplers.dir/src/default_constraint_samplers.cpp.o[0m
[199.795s] [ 91%] [32m[1mLinking CXX shared library libcollision_detector_bullet_plugin.so[0m
[199.971s] [ 91%] Built target collision_detector_bullet_plugin
[200.123s] [ 92%] [32m[1mLinking CXX executable test_multi_threaded[0m
[200.429s] [ 92%] Built target test_multi_threaded
[200.996s] [ 93%] [32mBuilding CXX object collision_distance_field/CMakeFiles/moveit_collision_distance_field.dir/src/collision_env_hybrid.cpp.o[0m
[204.439s] [ 93%] [32mBuilding CXX object constraint_samplers/CMakeFiles/moveit_constraint_samplers.dir/src/union_constraint_sampler.cpp.o[0m
[208.758s] [ 94%] [32m[1mLinking CXX shared library libmoveit_collision_distance_field.so[0m
[208.930s] [ 94%] Built target moveit_collision_distance_field
[210.727s] [ 95%] [32m[1mLinking CXX shared library libmoveit_constraint_samplers.so[0m
[210.901s] [ 95%] Built target moveit_constraint_samplers
[210.920s] [ 96%] [32mBuilding CXX object collision_detection_fcl/CMakeFiles/collision_detector_fcl_plugin.dir/src/collision_detector_fcl_plugin_loader.cpp.o[0m
[210.920s] [ 96%] [32mBuilding CXX object collision_distance_field/CMakeFiles/test_collision_distance_field.dir/test/test_collision_distance_field.cpp.o[0m
[218.556s] [ 97%] [32m[1mLinking CXX shared library libcollision_detector_fcl_plugin.so[0m
[218.661s] [ 97%] Built target collision_detector_fcl_plugin
[218.678s] [ 98%] [32mBuilding CXX object constraint_samplers/CMakeFiles/test_constraint_samplers.dir/test/test_constraint_samplers.cpp.o[0m
[218.681s] [ 99%] [32mBuilding CXX object constraint_samplers/CMakeFiles/test_constraint_samplers.dir/test/pr2_arm_kinematics_plugin.cpp.o[0m
[220.885s] [ 99%] [32m[1mLinking CXX executable test_collision_distance_field[0m
[221.174s] [ 99%] Built target test_collision_distance_field
[225.191s] [ 99%] [32mBuilding CXX object constraint_samplers/CMakeFiles/test_constraint_samplers.dir/test/pr2_arm_ik.cpp.o[0m
[231.897s] [100%] [32m[1mLinking CXX executable test_constraint_samplers[0m
[232.320s] [100%] Built target test_constraint_samplers
[232.339s] Invoked command in '/home/mtrn/4231/ws_moveit2/build/moveit_core' returned '0': AMENT_PREFIX_PATH=/home/mtrn/4231/ws_moveit2/install/moveit_resources_panda_moveit_config:/home/mtrn/4231/ws_moveit2/install/srdfdom:/home/mtrn/4231/ws_moveit2/install/moveit_resources_pr2_description:/home/mtrn/4231/ws_moveit2/install/moveit_resources_panda_description:/home/mtrn/4231/ws_moveit2/install/moveit_common:${AMENT_PREFIX_PATH} CMAKE_PREFIX_PATH=/home/mtrn/4231/ws_moveit2/install/moveit_resources_panda_moveit_config:/home/mtrn/4231/ws_moveit2/install/srdfdom:/home/mtrn/4231/ws_moveit2/install/moveit_resources_pr2_description:/home/mtrn/4231/ws_moveit2/install/moveit_resources_panda_description:/home/mtrn/4231/ws_moveit2/install/moveit_common:/opt/ros/humble LD_LIBRARY_PATH=/home/mtrn/4231/ws_moveit2/install/srdfdom/lib:${LD_LIBRARY_PATH} PYTHONPATH=/home/mtrn/4231/ws_moveit2/install/srdfdom/local/lib/python3.10/dist-packages:${PYTHONPATH} /usr/bin/cmake --build /home/mtrn/4231/ws_moveit2/build/moveit_core -- -j4 -l4
[232.412s] Invoking command in '/home/mtrn/4231/ws_moveit2/build/moveit_core': AMENT_PREFIX_PATH=/home/mtrn/4231/ws_moveit2/install/moveit_resources_panda_moveit_config:/home/mtrn/4231/ws_moveit2/install/srdfdom:/home/mtrn/4231/ws_moveit2/install/moveit_resources_pr2_description:/home/mtrn/4231/ws_moveit2/install/moveit_resources_panda_description:/home/mtrn/4231/ws_moveit2/install/moveit_common:${AMENT_PREFIX_PATH} CMAKE_PREFIX_PATH=/home/mtrn/4231/ws_moveit2/install/moveit_resources_panda_moveit_config:/home/mtrn/4231/ws_moveit2/install/srdfdom:/home/mtrn/4231/ws_moveit2/install/moveit_resources_pr2_description:/home/mtrn/4231/ws_moveit2/install/moveit_resources_panda_description:/home/mtrn/4231/ws_moveit2/install/moveit_common:/opt/ros/humble LD_LIBRARY_PATH=/home/mtrn/4231/ws_moveit2/install/srdfdom/lib:${LD_LIBRARY_PATH} PYTHONPATH=/home/mtrn/4231/ws_moveit2/install/srdfdom/local/lib/python3.10/dist-packages:${PYTHONPATH} /usr/bin/cmake --install /home/mtrn/4231/ws_moveit2/build/moveit_core
[232.421s] -- Install configuration: "Release"
[232.422s] -- Installing: /home/mtrn/4231/ws_moveit2/install/moveit_core/include/moveit/version.h
[232.422s] -- Up-to-date: /home/mtrn/4231/ws_moveit2/install/moveit_core/include
[232.422s] -- Up-to-date: /home/mtrn/4231/ws_moveit2/install/moveit_core/include/moveit
[232.422s] -- Installing: /home/mtrn/4231/ws_moveit2/install/moveit_core/include/moveit/collision_distance_field
[232.422s] -- Installing: /home/mtrn/4231/ws_moveit2/install/moveit_core/include/moveit/collision_distance_field/collision_detector_allocator_distance_field.h
[232.422s] -- Installing: /home/mtrn/4231/ws_moveit2/install/moveit_core/include/moveit/collision_distance_field/collision_detector_allocator_hybrid.h
[232.423s] -- Installing: /home/mtrn/4231/ws_moveit2/install/moveit_core/include/moveit/collision_distance_field/collision_common_distance_field.h
[232.423s] -- Installing: /home/mtrn/4231/ws_moveit2/install/moveit_core/include/moveit/collision_distance_field/collision_distance_field_types.h
[232.423s] -- Installing: /home/mtrn/4231/ws_moveit2/install/moveit_core/include/moveit/collision_distance_field/collision_env_hybrid.h
[232.423s] -- Installing: /home/mtrn/4231/ws_moveit2/install/moveit_core/include/moveit/collision_distance_field/collision_env_distance_field.h
[232.423s] -- Installing: /home/mtrn/4231/ws_moveit2/install/moveit_core/include/moveit_collision_distance_field_export.h
[232.423s] -- Up-to-date: /home/mtrn/4231/ws_moveit2/install/moveit_core/include
[232.424s] -- Up-to-date: /home/mtrn/4231/ws_moveit2/install/moveit_core/include/moveit
[232.424s] -- Installing: /home/mtrn/4231/ws_moveit2/install/moveit_core/include/moveit/constraint_samplers
[232.424s] -- Installing: /home/mtrn/4231/ws_moveit2/install/moveit_core/include/moveit/constraint_samplers/constraint_sampler_tools.h
[232.424s] -- Installing: /home/mtrn/4231/ws_moveit2/install/moveit_core/include/moveit/constraint_samplers/constraint_sampler_manager.h
[232.424s] -- Installing: /home/mtrn/4231/ws_moveit2/install/moveit_core/include/moveit/constraint_samplers/default_constraint_samplers.h
[232.424s] -- Installing: /home/mtrn/4231/ws_moveit2/install/moveit_core/include/moveit/constraint_samplers/union_constraint_sampler.h
[232.424s] -- Installing: /home/mtrn/4231/ws_moveit2/install/moveit_core/include/moveit/constraint_samplers/constraint_sampler_allocator.h
[232.424s] -- Installing: /home/mtrn/4231/ws_moveit2/install/moveit_core/include/moveit/constraint_samplers/constraint_sampler.h
[232.425s] -- Up-to-date: /home/mtrn/4231/ws_moveit2/install/moveit_core/include
[232.425s] -- Up-to-date: /home/mtrn/4231/ws_moveit2/install/moveit_core/include/moveit
[232.425s] -- Installing: /home/mtrn/4231/ws_moveit2/install/moveit_core/include/moveit/controller_manager
[232.425s] -- Installing: /home/mtrn/4231/ws_moveit2/install/moveit_core/include/moveit/controller_manager/controller_manager.h
[232.426s] -- Up-to-date: /home/mtrn/4231/ws_moveit2/install/moveit_core/include
[232.426s] -- Up-to-date: /home/mtrn/4231/ws_moveit2/install/moveit_core/include/moveit
[232.426s] -- Installing: /home/mtrn/4231/ws_moveit2/install/moveit_core/include/moveit/distance_field
[232.427s] -- Installing: /home/mtrn/4231/ws_moveit2/install/moveit_core/include/moveit/distance_field/find_internal_points.h
[232.427s] -- Installing: /home/mtrn/4231/ws_moveit2/install/moveit_core/include/moveit/distance_field/voxel_grid.h
[232.427s] -- Installing: /home/mtrn/4231/ws_moveit2/install/moveit_core/include/moveit/distance_field/propagation_distance_field.h
[232.427s] -- Installing: /home/mtrn/4231/ws_moveit2/install/moveit_core/include/moveit/distance_field/distance_field.h
[232.427s] -- Up-to-date: /home/mtrn/4231/ws_moveit2/install/moveit_core/include
[232.427s] -- Up-to-date: /home/mtrn/4231/ws_moveit2/install/moveit_core/include/moveit
[232.427s] -- Installing: /home/mtrn/4231/ws_moveit2/install/moveit_core/include/moveit/dynamics_solver
[232.427s] -- Installing: /home/mtrn/4231/ws_moveit2/install/moveit_core/include/moveit/dynamics_solver/dynamics_solver.h
[232.427s] -- Up-to-date: /home/mtrn/4231/ws_moveit2/install/moveit_core/include
[232.427s] -- Up-to-date: /home/mtrn/4231/ws_moveit2/install/moveit_core/include/moveit
[232.428s] -- Installing: /home/mtrn/4231/ws_moveit2/install/moveit_core/include/moveit/exceptions
[232.428s] -- Installing: /home/mtrn/4231/ws_moveit2/install/moveit_core/include/moveit/exceptions/exceptions.h
[232.428s] -- Up-to-date: /home/mtrn/4231/ws_moveit2/install/moveit_core/include
[232.428s] -- Up-to-date: /home/mtrn/4231/ws_moveit2/install/moveit_core/include/moveit
[232.428s] -- Installing: /home/mtrn/4231/ws_moveit2/install/moveit_core/include/moveit/kinematics_base
[232.428s] -- Installing: /home/mtrn/4231/ws_moveit2/install/moveit_core/include/moveit/kinematics_base/kinematics_base.h
[232.428s] -- Installing: /home/mtrn/4231/ws_moveit2/install/moveit_core/include/moveit_kinematics_base_export.h
[232.428s] -- Up-to-date: /home/mtrn/4231/ws_moveit2/install/moveit_core/include
[232.428s] -- Up-to-date: /home/mtrn/4231/ws_moveit2/install/moveit_core/include/moveit
[232.429s] -- Installing: /home/mtrn/4231/ws_moveit2/install/moveit_core/include/moveit/kinematic_constraints
[232.429s] -- Installing: /home/mtrn/4231/ws_moveit2/install/moveit_core/include/moveit/kinematic_constraints/utils.h
[232.429s] -- Installing: /home/mtrn/4231/ws_moveit2/install/moveit_core/include/moveit/kinematic_constraints/kinematic_constraint.h
[232.429s] -- Up-to-date: /home/mtrn/4231/ws_moveit2/install/moveit_core/include
[232.429s] -- Up-to-date: /home/mtrn/4231/ws_moveit2/install/moveit_core/include/moveit
[232.429s] -- Installing: /home/mtrn/4231/ws_moveit2/install/moveit_core/include/moveit/kinematics_metrics
[232.429s] -- Installing: /home/mtrn/4231/ws_moveit2/install/moveit_core/include/moveit/kinematics_metrics/kinematics_metrics.h
[232.429s] -- Up-to-date: /home/mtrn/4231/ws_moveit2/install/moveit_core/include
[232.429s] -- Up-to-date: /home/mtrn/4231/ws_moveit2/install/moveit_core/include/moveit
[232.429s] -- Installing: /home/mtrn/4231/ws_moveit2/install/moveit_core/include/moveit/macros
[232.429s] -- Installing: /home/mtrn/4231/ws_moveit2/install/moveit_core/include/moveit/macros/deprecation.h
[232.430s] -- Installing: /home/mtrn/4231/ws_moveit2/install/moveit_core/include/moveit/macros/console_colors.h
[232.430s] -- Installing: /home/mtrn/4231/ws_moveit2/install/moveit_core/include/moveit/macros/declare_ptr.h
[232.430s] -- Installing: /home/mtrn/4231/ws_moveit2/install/moveit_core/include/moveit/macros/class_forward.h
[232.430s] -- Installing: /home/mtrn/4231/ws_moveit2/install/moveit_core/include/moveit_butterworth_parameters
[232.431s] -- Installing: /home/mtrn/4231/ws_moveit2/install/moveit_core/include/moveit_butterworth_parameters/moveit_butterworth_parameters.hpp
[232.431s] -- Up-to-date: /home/mtrn/4231/ws_moveit2/install/moveit_core/include
[232.431s] -- Up-to-date: /home/mtrn/4231/ws_moveit2/install/moveit_core/include/moveit
[232.431s] -- Installing: /home/mtrn/4231/ws_moveit2/install/moveit_core/include/moveit/online_signal_smoothing
[232.433s] -- Installing: /home/mtrn/4231/ws_moveit2/install/moveit_core/include/moveit/online_signal_smoothing/butterworth_filter.h
[232.434s] -- Installing: /home/mtrn/4231/ws_moveit2/install/moveit_core/include/moveit/online_signal_smoothing/smoothing_base_class.h
[232.434s] -- Installing: /home/mtrn/4231/ws_moveit2/install/moveit_core/include/moveit_smoothing_base_export.h
[232.434s] -- Installing: /home/mtrn/4231/ws_moveit2/install/moveit_core/include/moveit_butterworth_filter_export.h
[232.434s] -- Up-to-date: /home/mtrn/4231/ws_moveit2/install/moveit_core/include
[232.434s] -- Up-to-date: /home/mtrn/4231/ws_moveit2/install/moveit_core/include/moveit
[232.434s] -- Installing: /home/mtrn/4231/ws_moveit2/install/moveit_core/include/moveit/planning_interface
[232.434s] -- Installing: /home/mtrn/4231/ws_moveit2/install/moveit_core/include/moveit/planning_interface/planning_request.h
[232.434s] -- Installing: /home/mtrn/4231/ws_moveit2/install/moveit_core/include/moveit/planning_interface/planning_interface.h
[232.434s] -- Installing: /home/mtrn/4231/ws_moveit2/install/moveit_core/include/moveit/planning_interface/planning_response.h
[232.434s] -- Up-to-date: /home/mtrn/4231/ws_moveit2/install/moveit_core/include
[232.435s] -- Up-to-date: /home/mtrn/4231/ws_moveit2/install/moveit_core/include/moveit
[232.435s] -- Installing: /home/mtrn/4231/ws_moveit2/install/moveit_core/include/moveit/planning_request_adapter
[232.435s] -- Installing: /home/mtrn/4231/ws_moveit2/install/moveit_core/include/moveit/planning_request_adapter/planning_request_adapter.h
[232.435s] -- Up-to-date: /home/mtrn/4231/ws_moveit2/install/moveit_core/include
[232.435s] -- Up-to-date: /home/mtrn/4231/ws_moveit2/install/moveit_core/include/moveit
[232.435s] -- Installing: /home/mtrn/4231/ws_moveit2/install/moveit_core/include/moveit/planning_scene
[232.435s] -- Installing: /home/mtrn/4231/ws_moveit2/install/moveit_core/include/moveit/planning_scene/planning_scene.h
[232.435s] -- Installing: /home/mtrn/4231/ws_moveit2/install/moveit_core/include/moveit_planning_scene_export.h
[232.435s] -- Up-to-date: /home/mtrn/4231/ws_moveit2/install/moveit_core/include
[232.435s] -- Up-to-date: /home/mtrn/4231/ws_moveit2/install/moveit_core/include/moveit
[232.435s] -- Installing: /home/mtrn/4231/ws_moveit2/install/moveit_core/include/moveit/robot_model
[232.435s] -- Installing: /home/mtrn/4231/ws_moveit2/install/moveit_core/include/moveit/robot_model/fixed_joint_model.h
[232.435s] -- Installing: /home/mtrn/4231/ws_moveit2/install/moveit_core/include/moveit/robot_model/prismatic_joint_model.h
[232.435s] -- Installing: /home/mtrn/4231/ws_moveit2/install/moveit_core/include/moveit/robot_model/joint_model.h
[232.435s] -- Installing: /home/mtrn/4231/ws_moveit2/install/moveit_core/include/moveit/robot_model/floating_joint_model.h
[232.435s] -- Installing: /home/mtrn/4231/ws_moveit2/install/moveit_core/include/moveit/robot_model/link_model.h
[232.435s] -- Installing: /home/mtrn/4231/ws_moveit2/install/moveit_core/include/moveit/robot_model/joint_model_group.h
[232.435s] -- Installing: /home/mtrn/4231/ws_moveit2/install/moveit_core/include/moveit/robot_model/revolute_joint_model.h
[232.435s] -- Installing: /home/mtrn/4231/ws_moveit2/install/moveit_core/include/moveit/robot_model/aabb.h
[232.436s] -- Installing: /home/mtrn/4231/ws_moveit2/install/moveit_core/include/moveit/robot_model/robot_model.h
[232.436s] -- Installing: /home/mtrn/4231/ws_moveit2/install/moveit_core/include/moveit/robot_model/planar_joint_model.h
[232.436s] -- Up-to-date: /home/mtrn/4231/ws_moveit2/install/moveit_core/include
[232.436s] -- Up-to-date: /home/mtrn/4231/ws_moveit2/install/moveit_core/include/moveit
[232.436s] -- Installing: /home/mtrn/4231/ws_moveit2/install/moveit_core/include/moveit/robot_state
[232.436s] -- Installing: /home/mtrn/4231/ws_moveit2/install/moveit_core/include/moveit/robot_state/cartesian_interpolator.h
[232.436s] -- Installing: /home/mtrn/4231/ws_moveit2/install/moveit_core/include/moveit/robot_state/conversions.h
[232.436s] -- Installing: /home/mtrn/4231/ws_moveit2/install/moveit_core/include/moveit/robot_state/robot_state.h
[232.436s] -- Installing: /home/mtrn/4231/ws_moveit2/install/moveit_core/include/moveit/robot_state/attached_body.h
[232.437s] -- Up-to-date: /home/mtrn/4231/ws_moveit2/install/moveit_core/include
[232.437s] -- Up-to-date: /home/mtrn/4231/ws_moveit2/install/moveit_core/include/moveit
[232.437s] -- Installing: /home/mtrn/4231/ws_moveit2/install/moveit_core/include/moveit/robot_trajectory
[232.437s] -- Installing: /home/mtrn/4231/ws_moveit2/install/moveit_core/include/moveit/robot_trajectory/robot_trajectory.h
[232.437s] -- Up-to-date: /home/mtrn/4231/ws_moveit2/install/moveit_core/include
[232.437s] -- Up-to-date: /home/mtrn/4231/ws_moveit2/install/moveit_core/include/moveit
[232.437s] -- Installing: /home/mtrn/4231/ws_moveit2/install/moveit_core/include/moveit/sensor_manager
[232.437s] -- Installing: /home/mtrn/4231/ws_moveit2/install/moveit_core/include/moveit/sensor_manager/sensor_manager.h
[232.438s] -- Up-to-date: /home/mtrn/4231/ws_moveit2/install/moveit_core/include
[232.438s] -- Up-to-date: /home/mtrn/4231/ws_moveit2/install/moveit_core/include/moveit
[232.438s] -- Installing: /home/mtrn/4231/ws_moveit2/install/moveit_core/include/moveit/trajectory_processing
[232.438s] -- Installing: /home/mtrn/4231/ws_moveit2/install/moveit_core/include/moveit/trajectory_processing/trajectory_tools.h
[232.438s] -- Installing: /home/mtrn/4231/ws_moveit2/install/moveit_core/include/moveit/trajectory_processing/time_optimal_trajectory_generation.h
[232.438s] -- Installing: /home/mtrn/4231/ws_moveit2/install/moveit_core/include/moveit/trajectory_processing/time_parameterization.h
[232.438s] -- Installing: /home/mtrn/4231/ws_moveit2/install/moveit_core/include/moveit/trajectory_processing/ruckig_traj_smoothing.h
[232.438s] -- Installing: /home/mtrn/4231/ws_moveit2/install/moveit_core/include/moveit/trajectory_processing/iterative_spline_parameterization.h
[232.438s] -- Installing: /home/mtrn/4231/ws_moveit2/install/moveit_core/include/moveit/trajectory_processing/iterative_time_parameterization.h
[232.438s] -- Up-to-date: /home/mtrn/4231/ws_moveit2/install/moveit_core/include
[232.439s] -- Up-to-date: /home/mtrn/4231/ws_moveit2/install/moveit_core/include/moveit
[232.439s] -- Installing: /home/mtrn/4231/ws_moveit2/install/moveit_core/include/moveit/transforms
[232.439s] -- Installing: /home/mtrn/4231/ws_moveit2/install/moveit_core/include/moveit/transforms/transforms.h
[232.439s] -- Up-to-date: /home/mtrn/4231/ws_moveit2/install/moveit_core/include
[232.439s] -- Up-to-date: /home/mtrn/4231/ws_moveit2/install/moveit_core/include/moveit
[232.439s] -- Installing: /home/mtrn/4231/ws_moveit2/install/moveit_core/include/moveit/utils
[232.439s] -- Installing: /home/mtrn/4231/ws_moveit2/install/moveit_core/include/moveit/utils/lexical_casts.h
[232.439s] -- Installing: /home/mtrn/4231/ws_moveit2/install/moveit_core/include/moveit/utils/rclcpp_utils.h
[232.439s] -- Installing: /home/mtrn/4231/ws_moveit2/install/moveit_core/include/moveit/utils/message_checks.h
[232.439s] -- Installing: /home/mtrn/4231/ws_moveit2/install/moveit_core/include/moveit/utils/robot_model_test_utils.h
[232.439s] -- Installing: /home/mtrn/4231/ws_moveit2/install/moveit_core/include/moveit/utils/moveit_error_code.h
[232.440s] -- Installing: /home/mtrn/4231/ws_moveit2/install/moveit_core/bin/moveit_version
[232.441s] -- Up-to-date: /home/mtrn/4231/ws_moveit2/install/moveit_core/include
[232.441s] -- Up-to-date: /home/mtrn/4231/ws_moveit2/install/moveit_core/include/moveit
[232.441s] -- Installing: /home/mtrn/4231/ws_moveit2/install/moveit_core/include/moveit/collision_detection
[232.441s] -- Installing: /home/mtrn/4231/ws_moveit2/install/moveit_core/include/moveit/collision_detection/test_collision_common_panda.h
[232.441s] -- Installing: /home/mtrn/4231/ws_moveit2/install/moveit_core/include/moveit/collision_detection/collision_plugin.h
[232.441s] -- Installing: /home/mtrn/4231/ws_moveit2/install/moveit_core/include/moveit/collision_detection/collision_env.h
[232.441s] -- Installing: /home/mtrn/4231/ws_moveit2/install/moveit_core/include/moveit/collision_detection/world.h
[232.441s] -- Installing: /home/mtrn/4231/ws_moveit2/install/moveit_core/include/moveit/collision_detection/test_collision_common_pr2.h
[232.441s] -- Installing: /home/mtrn/4231/ws_moveit2/install/moveit_core/include/moveit/collision_detection/world_diff.h
[232.442s] -- Installing: /home/mtrn/4231/ws_moveit2/install/moveit_core/include/moveit/collision_detection/collision_detector_allocator.h
[232.442s] -- Installing: /home/mtrn/4231/ws_moveit2/install/moveit_core/include/moveit/collision_detection/collision_common.h
[232.442s] -- Installing: /home/mtrn/4231/ws_moveit2/install/moveit_core/include/moveit/collision_detection/collision_matrix.h
[232.442s] -- Installing: /home/mtrn/4231/ws_moveit2/install/moveit_core/include/moveit/collision_detection/occupancy_map.h
[232.442s] -- Installing: /home/mtrn/4231/ws_moveit2/install/moveit_core/include/moveit/collision_detection/collision_octomap_filter.h
[232.442s] -- Installing: /home/mtrn/4231/ws_moveit2/install/moveit_core/include/moveit/collision_detection/allvalid
[232.442s] -- Installing: /home/mtrn/4231/ws_moveit2/install/moveit_core/include/moveit/collision_detection/allvalid/collision_detector_allocator_allvalid.h
[232.443s] -- Installing: /home/mtrn/4231/ws_moveit2/install/moveit_core/include/moveit/collision_detection/allvalid/collision_env_allvalid.h
[232.443s] -- Installing: /home/mtrn/4231/ws_moveit2/install/moveit_core/include/moveit/collision_detection/collision_tools.h
[232.443s] -- Installing: /home/mtrn/4231/ws_moveit2/install/moveit_core/include/moveit/collision_detection/collision_plugin_cache.h
[232.443s] -- Installing: /home/mtrn/4231/ws_moveit2/install/moveit_core/include/moveit_collision_detection_export.h
[232.443s] -- Installing: /home/mtrn/4231/ws_moveit2/install/moveit_core/include/moveit_core
[232.443s] -- Installing: /home/mtrn/4231/ws_moveit2/install/moveit_core/include/moveit_core/moveit
[232.443s] -- Installing: /home/mtrn/4231/ws_moveit2/install/moveit_core/include/moveit_core/moveit/collision_detection_bullet
[232.443s] -- Installing: /home/mtrn/4231/ws_moveit2/install/moveit_core/include/moveit_core/moveit/collision_detection_bullet/collision_detector_allocator_bullet.h
[232.443s] -- Installing: /home/mtrn/4231/ws_moveit2/install/moveit_core/include/moveit_core/moveit/collision_detection_bullet/bullet_integration
[232.443s] -- Installing: /home/mtrn/4231/ws_moveit2/install/moveit_core/include/moveit_core/moveit/collision_detection_bullet/bullet_integration/bullet_bvh_manager.h
[232.443s] -- Installing: /home/mtrn/4231/ws_moveit2/install/moveit_core/include/moveit_core/moveit/collision_detection_bullet/bullet_integration/contact_checker_common.h
[232.443s] -- Installing: /home/mtrn/4231/ws_moveit2/install/moveit_core/include/moveit_core/moveit/collision_detection_bullet/bullet_integration/bullet_discrete_bvh_manager.h
[232.443s] -- Installing: /home/mtrn/4231/ws_moveit2/install/moveit_core/include/moveit_core/moveit/collision_detection_bullet/bullet_integration/bullet_cast_bvh_manager.h
[232.443s] -- Installing: /home/mtrn/4231/ws_moveit2/install/moveit_core/include/moveit_core/moveit/collision_detection_bullet/bullet_integration/ros_bullet_utils.h
[232.443s] -- Installing: /home/mtrn/4231/ws_moveit2/install/moveit_core/include/moveit_core/moveit/collision_detection_bullet/bullet_integration/basic_types.h
[232.444s] -- Installing: /home/mtrn/4231/ws_moveit2/install/moveit_core/include/moveit_core/moveit/collision_detection_bullet/bullet_integration/bullet_utils.h
[232.444s] -- Installing: /home/mtrn/4231/ws_moveit2/install/moveit_core/include/moveit_core/moveit/collision_detection_bullet/collision_detector_bullet_plugin_loader.h
[232.444s] -- Installing: /home/mtrn/4231/ws_moveit2/install/moveit_core/include/moveit_core/moveit/collision_detection_bullet/collision_env_bullet.h
[232.444s] -- Installing: /home/mtrn/4231/ws_moveit2/install/moveit_core/include/moveit_core/moveit_collision_detection_bullet_export.h
[232.444s] -- Up-to-date: /home/mtrn/4231/ws_moveit2/install/moveit_core/include
[232.444s] -- Up-to-date: /home/mtrn/4231/ws_moveit2/install/moveit_core/include/moveit
[232.444s] -- Installing: /home/mtrn/4231/ws_moveit2/install/moveit_core/include/moveit/collision_detection_fcl
[232.444s] -- Installing: /home/mtrn/4231/ws_moveit2/install/moveit_core/include/moveit/collision_detection_fcl/collision_common.h
[232.444s] -- Installing: /home/mtrn/4231/ws_moveit2/install/moveit_core/include/moveit/collision_detection_fcl/fcl_compat.h
[232.444s] -- Installing: /home/mtrn/4231/ws_moveit2/install/moveit_core/include/moveit/collision_detection_fcl/collision_detector_allocator_fcl.h
[232.444s] -- Installing: /home/mtrn/4231/ws_moveit2/install/moveit_core/include/moveit/collision_detection_fcl/collision_detector_fcl_plugin_loader.h
[232.444s] -- Installing: /home/mtrn/4231/ws_moveit2/install/moveit_core/include/moveit/collision_detection_fcl/collision_env_fcl.h
[232.444s] -- Installing: /home/mtrn/4231/ws_moveit2/install/moveit_core/include/moveit_collision_detection_fcl_export.h
[232.444s] -- Installing: /home/mtrn/4231/ws_moveit2/install/moveit_core/lib/libcollision_detector_bullet_plugin.so.2.5.4
[232.444s] -- Set runtime path of "/home/mtrn/4231/ws_moveit2/install/moveit_core/lib/libcollision_detector_bullet_plugin.so.2.5.4" to ""
[232.444s] -- Installing: /home/mtrn/4231/ws_moveit2/install/moveit_core/lib/libcollision_detector_bullet_plugin.so
[232.444s] -- Installing: /home/mtrn/4231/ws_moveit2/install/moveit_core/lib/libmoveit_butterworth_filter.so.2.5.4
[232.444s] -- Set runtime path of "/home/mtrn/4231/ws_moveit2/install/moveit_core/lib/libmoveit_butterworth_filter.so.2.5.4" to ""
[232.444s] -- Installing: /home/mtrn/4231/ws_moveit2/install/moveit_core/lib/libmoveit_butterworth_filter.so
[232.444s] -- Installing: /home/mtrn/4231/ws_moveit2/install/moveit_core/lib/libmoveit_collision_distance_field.so.2.5.4
[232.444s] -- Set runtime path of "/home/mtrn/4231/ws_moveit2/install/moveit_core/lib/libmoveit_collision_distance_field.so.2.5.4" to ""
[232.444s] -- Installing: /home/mtrn/4231/ws_moveit2/install/moveit_core/lib/libmoveit_collision_distance_field.so
[232.444s] -- Installing: /home/mtrn/4231/ws_moveit2/install/moveit_core/lib/libmoveit_collision_detection.so.2.5.4
[232.445s] -- Set runtime path of "/home/mtrn/4231/ws_moveit2/install/moveit_core/lib/libmoveit_collision_detection.so.2.5.4" to ""
[232.445s] -- Installing: /home/mtrn/4231/ws_moveit2/install/moveit_core/lib/libmoveit_collision_detection.so
[232.445s] -- Installing: /home/mtrn/4231/ws_moveit2/install/moveit_core/lib/libmoveit_collision_detection_fcl.so.2.5.4
[232.445s] -- Set runtime path of "/home/mtrn/4231/ws_moveit2/install/moveit_core/lib/libmoveit_collision_detection_fcl.so.2.5.4" to ""
[232.445s] -- Installing: /home/mtrn/4231/ws_moveit2/install/moveit_core/lib/libmoveit_collision_detection_fcl.so
[232.445s] -- Installing: /home/mtrn/4231/ws_moveit2/install/moveit_core/lib/libmoveit_collision_detection_bullet.so.2.5.4
[232.446s] -- Set runtime path of "/home/mtrn/4231/ws_moveit2/install/moveit_core/lib/libmoveit_collision_detection_bullet.so.2.5.4" to ""
[232.446s] -- Installing: /home/mtrn/4231/ws_moveit2/install/moveit_core/lib/libmoveit_collision_detection_bullet.so
[232.446s] -- Installing: /home/mtrn/4231/ws_moveit2/install/moveit_core/lib/libmoveit_dynamics_solver.so.2.5.4
[232.446s] -- Set runtime path of "/home/mtrn/4231/ws_moveit2/install/moveit_core/lib/libmoveit_dynamics_solver.so.2.5.4" to ""
[232.446s] -- Installing: /home/mtrn/4231/ws_moveit2/install/moveit_core/lib/libmoveit_dynamics_solver.so
[232.446s] -- Installing: /home/mtrn/4231/ws_moveit2/install/moveit_core/lib/libmoveit_constraint_samplers.so.2.5.4
[232.447s] -- Set runtime path of "/home/mtrn/4231/ws_moveit2/install/moveit_core/lib/libmoveit_constraint_samplers.so.2.5.4" to ""
[232.447s] -- Installing: /home/mtrn/4231/ws_moveit2/install/moveit_core/lib/libmoveit_constraint_samplers.so
[232.447s] -- Installing: /home/mtrn/4231/ws_moveit2/install/moveit_core/lib/libmoveit_distance_field.so.2.5.4
[232.447s] -- Set runtime path of "/home/mtrn/4231/ws_moveit2/install/moveit_core/lib/libmoveit_distance_field.so.2.5.4" to ""
[232.447s] -- Installing: /home/mtrn/4231/ws_moveit2/install/moveit_core/lib/libmoveit_distance_field.so
[232.447s] -- Installing: /home/mtrn/4231/ws_moveit2/install/moveit_core/lib/libmoveit_exceptions.so.2.5.4
[232.447s] -- Set runtime path of "/home/mtrn/4231/ws_moveit2/install/moveit_core/lib/libmoveit_exceptions.so.2.5.4" to ""
[232.447s] -- Installing: /home/mtrn/4231/ws_moveit2/install/moveit_core/lib/libmoveit_exceptions.so
[232.447s] -- Installing: /home/mtrn/4231/ws_moveit2/install/moveit_core/lib/libmoveit_kinematics_base.so
[232.448s] -- Set runtime path of "/home/mtrn/4231/ws_moveit2/install/moveit_core/lib/libmoveit_kinematics_base.so" to ""
[232.448s] -- Installing: /home/mtrn/4231/ws_moveit2/install/moveit_core/lib/libmoveit_kinematic_constraints.so.2.5.4
[232.448s] -- Set runtime path of "/home/mtrn/4231/ws_moveit2/install/moveit_core/lib/libmoveit_kinematic_constraints.so.2.5.4" to ""
[232.448s] -- Installing: /home/mtrn/4231/ws_moveit2/install/moveit_core/lib/libmoveit_kinematic_constraints.so
[232.448s] -- Installing: /home/mtrn/4231/ws_moveit2/install/moveit_core/lib/libmoveit_kinematics_metrics.so.2.5.4
[232.449s] -- Set runtime path of "/home/mtrn/4231/ws_moveit2/install/moveit_core/lib/libmoveit_kinematics_metrics.so.2.5.4" to ""
[232.449s] -- Installing: /home/mtrn/4231/ws_moveit2/install/moveit_core/lib/libmoveit_kinematics_metrics.so
[232.449s] -- Installing: /home/mtrn/4231/ws_moveit2/install/moveit_core/lib/libmoveit_planning_interface.so.2.5.4
[232.449s] -- Set runtime path of "/home/mtrn/4231/ws_moveit2/install/moveit_core/lib/libmoveit_planning_interface.so.2.5.4" to ""
[232.449s] -- Installing: /home/mtrn/4231/ws_moveit2/install/moveit_core/lib/libmoveit_planning_interface.so
[232.449s] -- Installing: /home/mtrn/4231/ws_moveit2/install/moveit_core/lib/libmoveit_planning_scene.so.2.5.4
[232.450s] -- Set runtime path of "/home/mtrn/4231/ws_moveit2/install/moveit_core/lib/libmoveit_planning_scene.so.2.5.4" to ""
[232.450s] -- Installing: /home/mtrn/4231/ws_moveit2/install/moveit_core/lib/libmoveit_planning_scene.so
[232.450s] -- Installing: /home/mtrn/4231/ws_moveit2/install/moveit_core/lib/libmoveit_planning_request_adapter.so.2.5.4
[232.450s] -- Set runtime path of "/home/mtrn/4231/ws_moveit2/install/moveit_core/lib/libmoveit_planning_request_adapter.so.2.5.4" to ""
[232.450s] -- Installing: /home/mtrn/4231/ws_moveit2/install/moveit_core/lib/libmoveit_planning_request_adapter.so
[232.450s] -- Installing: /home/mtrn/4231/ws_moveit2/install/moveit_core/lib/libmoveit_robot_model.so.2.5.4
[232.451s] -- Set runtime path of "/home/mtrn/4231/ws_moveit2/install/moveit_core/lib/libmoveit_robot_model.so.2.5.4" to ""
[232.451s] -- Installing: /home/mtrn/4231/ws_moveit2/install/moveit_core/lib/libmoveit_robot_model.so
[232.451s] -- Installing: /home/mtrn/4231/ws_moveit2/install/moveit_core/lib/libmoveit_robot_state.so.2.5.4
[232.452s] -- Set runtime path of "/home/mtrn/4231/ws_moveit2/install/moveit_core/lib/libmoveit_robot_state.so.2.5.4" to ""
[232.452s] -- Installing: /home/mtrn/4231/ws_moveit2/install/moveit_core/lib/libmoveit_robot_state.so
[232.452s] -- Installing: /home/mtrn/4231/ws_moveit2/install/moveit_core/lib/libmoveit_robot_trajectory.so.2.5.4
[232.452s] -- Set runtime path of "/home/mtrn/4231/ws_moveit2/install/moveit_core/lib/libmoveit_robot_trajectory.so.2.5.4" to ""
[232.452s] -- Installing: /home/mtrn/4231/ws_moveit2/install/moveit_core/lib/libmoveit_robot_trajectory.so
[232.452s] -- Installing: /home/mtrn/4231/ws_moveit2/install/moveit_core/lib/libmoveit_smoothing_base.so.2.5.4
[232.452s] -- Set runtime path of "/home/mtrn/4231/ws_moveit2/install/moveit_core/lib/libmoveit_smoothing_base.so.2.5.4" to ""
[232.452s] -- Installing: /home/mtrn/4231/ws_moveit2/install/moveit_core/lib/libmoveit_smoothing_base.so
[232.452s] -- Installing: /home/mtrn/4231/ws_moveit2/install/moveit_core/lib/libmoveit_test_utils.so.2.5.4
[232.453s] -- Set runtime path of "/home/mtrn/4231/ws_moveit2/install/moveit_core/lib/libmoveit_test_utils.so.2.5.4" to ""
[232.453s] -- Installing: /home/mtrn/4231/ws_moveit2/install/moveit_core/lib/libmoveit_test_utils.so
[232.453s] -- Installing: /home/mtrn/4231/ws_moveit2/install/moveit_core/lib/libmoveit_trajectory_processing.so.2.5.4
[232.453s] -- Set runtime path of "/home/mtrn/4231/ws_moveit2/install/moveit_core/lib/libmoveit_trajectory_processing.so.2.5.4" to ""
[232.453s] -- Installing: /home/mtrn/4231/ws_moveit2/install/moveit_core/lib/libmoveit_trajectory_processing.so
[232.453s] -- Installing: /home/mtrn/4231/ws_moveit2/install/moveit_core/lib/libmoveit_transforms.so.2.5.4
[232.453s] -- Set runtime path of "/home/mtrn/4231/ws_moveit2/install/moveit_core/lib/libmoveit_transforms.so.2.5.4" to ""
[232.454s] -- Installing: /home/mtrn/4231/ws_moveit2/install/moveit_core/lib/libmoveit_transforms.so
[232.454s] -- Installing: /home/mtrn/4231/ws_moveit2/install/moveit_core/lib/libmoveit_utils.so.2.5.4
[232.454s] -- Set runtime path of "/home/mtrn/4231/ws_moveit2/install/moveit_core/lib/libmoveit_utils.so.2.5.4" to ""
[232.454s] -- Installing: /home/mtrn/4231/ws_moveit2/install/moveit_core/lib/libmoveit_utils.so
[232.454s] -- Installing: /home/mtrn/4231/ws_moveit2/install/moveit_core/share/moveit_core/environment/library_path.sh
[232.454s] -- Installing: /home/mtrn/4231/ws_moveit2/install/moveit_core/share/moveit_core/environment/library_path.dsv
[232.454s] -- Installing: /home/mtrn/4231/ws_moveit2/install/moveit_core/share/moveit_core/collision_detector_fcl_description.xml
[232.455s] -- Installing: /home/mtrn/4231/ws_moveit2/install/moveit_core/share/moveit_core/collision_detector_bullet_description.xml
[232.455s] -- Installing: /home/mtrn/4231/ws_moveit2/install/moveit_core/share/moveit_core/filter_plugin_butterworth.xml
[232.456s] -- Installing: /home/mtrn/4231/ws_moveit2/install/moveit_core/share/ament_index/resource_index/package_run_dependencies/moveit_core
[232.456s] -- Installing: /home/mtrn/4231/ws_moveit2/install/moveit_core/share/ament_index/resource_index/parent_prefix_path/moveit_core
[232.456s] -- Installing: /home/mtrn/4231/ws_moveit2/install/moveit_core/share/moveit_core/environment/ament_prefix_path.sh
[232.456s] -- Installing: /home/mtrn/4231/ws_moveit2/install/moveit_core/share/moveit_core/environment/ament_prefix_path.dsv
[232.456s] -- Installing: /home/mtrn/4231/ws_moveit2/install/moveit_core/share/moveit_core/environment/path.sh
[232.457s] -- Installing: /home/mtrn/4231/ws_moveit2/install/moveit_core/share/moveit_core/environment/path.dsv
[232.457s] -- Installing: /home/mtrn/4231/ws_moveit2/install/moveit_core/share/moveit_core/local_setup.bash
[232.457s] -- Installing: /home/mtrn/4231/ws_moveit2/install/moveit_core/share/moveit_core/local_setup.sh
[232.457s] -- Installing: /home/mtrn/4231/ws_moveit2/install/moveit_core/share/moveit_core/local_setup.zsh
[232.457s] -- Installing: /home/mtrn/4231/ws_moveit2/install/moveit_core/share/moveit_core/local_setup.dsv
[232.457s] -- Installing: /home/mtrn/4231/ws_moveit2/install/moveit_core/share/moveit_core/package.dsv
[232.457s] -- Installing: /home/mtrn/4231/ws_moveit2/install/moveit_core/share/ament_index/resource_index/packages/moveit_core
[232.457s] -- Installing: /home/mtrn/4231/ws_moveit2/install/moveit_core/share/ament_index/resource_index/moveit_core__pluginlib__plugin/moveit_core
[232.457s] -- Installing: /home/mtrn/4231/ws_moveit2/install/moveit_core/share/moveit_core/cmake/export_moveit_coreExport.cmake
[232.457s] -- Installing: /home/mtrn/4231/ws_moveit2/install/moveit_core/share/moveit_core/cmake/export_moveit_coreExport-release.cmake
[232.458s] -- Installing: /home/mtrn/4231/ws_moveit2/install/moveit_core/share/moveit_core/cmake/ConfigExtras.cmake
[232.458s] -- Installing: /home/mtrn/4231/ws_moveit2/install/moveit_core/share/moveit_core/cmake/ament_cmake_export_targets-extras.cmake
[232.458s] -- Installing: /home/mtrn/4231/ws_moveit2/install/moveit_core/share/moveit_core/cmake/ament_cmake_export_dependencies-extras.cmake
[232.458s] -- Installing: /home/mtrn/4231/ws_moveit2/install/moveit_core/share/moveit_core/cmake/moveit_coreConfig.cmake
[232.458s] -- Installing: /home/mtrn/4231/ws_moveit2/install/moveit_core/share/moveit_core/cmake/moveit_coreConfig-version.cmake
[232.458s] -- Installing: /home/mtrn/4231/ws_moveit2/install/moveit_core/share/moveit_core/package.xml
[232.464s] Invoked command in '/home/mtrn/4231/ws_moveit2/build/moveit_core' returned '0': AMENT_PREFIX_PATH=/home/mtrn/4231/ws_moveit2/install/moveit_resources_panda_moveit_config:/home/mtrn/4231/ws_moveit2/install/srdfdom:/home/mtrn/4231/ws_moveit2/install/moveit_resources_pr2_description:/home/mtrn/4231/ws_moveit2/install/moveit_resources_panda_description:/home/mtrn/4231/ws_moveit2/install/moveit_common:${AMENT_PREFIX_PATH} CMAKE_PREFIX_PATH=/home/mtrn/4231/ws_moveit2/install/moveit_resources_panda_moveit_config:/home/mtrn/4231/ws_moveit2/install/srdfdom:/home/mtrn/4231/ws_moveit2/install/moveit_resources_pr2_description:/home/mtrn/4231/ws_moveit2/install/moveit_resources_panda_description:/home/mtrn/4231/ws_moveit2/install/moveit_common:/opt/ros/humble LD_LIBRARY_PATH=/home/mtrn/4231/ws_moveit2/install/srdfdom/lib:${LD_LIBRARY_PATH} PYTHONPATH=/home/mtrn/4231/ws_moveit2/install/srdfdom/local/lib/python3.10/dist-packages:${PYTHONPATH} /usr/bin/cmake --install /home/mtrn/4231/ws_moveit2/build/moveit_core
