[0.043s] Invoking command in '/home/mtrn/4231/ws_moveit2/build/chomp_motion_planner': AMENT_PREFIX_PATH=/home/mtrn/4231/ws_moveit2/install/moveit_core:/home/mtrn/4231/ws_moveit2/install/srdfdom:/home/mtrn/4231/ws_moveit2/install/moveit_common:${AMENT_PREFIX_PATH} CMAKE_PREFIX_PATH=/home/mtrn/4231/ws_moveit2/install/moveit_core:/home/mtrn/4231/ws_moveit2/install/srdfdom:/home/mtrn/4231/ws_moveit2/install/moveit_common:/opt/ros/humble LD_LIBRARY_PATH=/home/mtrn/4231/ws_moveit2/install/moveit_core/lib:/home/mtrn/4231/ws_moveit2/install/srdfdom/lib:${LD_LIBRARY_PATH} PATH=/home/mtrn/4231/ws_moveit2/install/moveit_core/bin:${PATH} PYTHONPATH=/home/mtrn/4231/ws_moveit2/install/srdfdom/local/lib/python3.10/dist-packages:${PYTHONPATH} /usr/bin/cmake /home/mtrn/4231/ws_moveit2/src/moveit2/moveit_planners/chomp/chomp_motion_planner -DCMAKE_BUILD_TYPE=Release -DCMAKE_INSTALL_PREFIX=/home/mtrn/4231/ws_moveit2/install/chomp_motion_planner
[0.202s] -- The C compiler identification is GNU 11.4.0
[0.251s] -- The CXX compiler identification is GNU 11.4.0
[0.268s] -- Detecting C compiler ABI info
[0.320s] -- Detecting C compiler ABI info - done
[0.325s] -- Check for working C compiler: /usr/bin/cc - skipped
[0.327s] -- Detecting C compile features
[0.328s] -- Detecting C compile features - done
[0.332s] -- Detecting CXX compiler ABI info
[0.390s] -- Detecting CXX compiler ABI info - done
[0.393s] -- Check for working CXX compiler: /usr/bin/c++ - skipped
[0.393s] -- Detecting CXX compile features
[0.393s] -- Detecting CXX compile features - done
[0.396s] -- Found moveit_common: 2.5.4 (/home/mtrn/4231/ws_moveit2/install/moveit_common/share/moveit_common/cmake)
[0.423s] -- Found ament_cmake: 1.3.5 (/opt/ros/humble/share/ament_cmake/cmake)
[0.594s] -- Found Python3: /usr/bin/python3.10 (found version "3.10.12") found components: Interpreter 
[0.786s] -- Found libdw: /usr/lib/x86_64-linux-gnu/libdw.so  
[0.790s] -- Could NOT find libbfd (missing: LIBBFD_LIBRARY LIBBFD_INCLUDE_DIR) 
[0.791s] -- BACKWARD_HAS_UNWIND=1
[0.791s] -- BACKWARD_HAS_BACKTRACE=0
[0.791s] -- BACKWARD_HAS_BACKTRACE_SYMBOL=0
[0.791s] -- BACKWARD_HAS_DW=1
[0.791s] -- BACKWARD_HAS_BFD=0
[0.791s] -- Found Backward: /opt/ros/humble/share/backward_ros/cmake  
[0.793s] -- Found moveit_core: 2.5.4 (/home/mtrn/4231/ws_moveit2/install/moveit_core/share/moveit_core/cmake)
[0.975s] -- Found Boost: /usr/lib/x86_64-linux-gnu/cmake/Boost-1.74.0/BoostConfig.cmake (found version "1.74.0") found components: chrono date_time filesystem iostreams program_options regex serialization system thread 
[0.995s] -- Found parameter_traits: 0.3.6 (/opt/ros/humble/share/parameter_traits/cmake)
[1.046s] -- Found rosidl_generator_c: 3.1.5 (/opt/ros/humble/share/rosidl_generator_c/cmake)
[1.055s] -- Found rosidl_adapter: 3.1.5 (/opt/ros/humble/share/rosidl_adapter/cmake)
[1.068s] -- Found rosidl_generator_cpp: 3.1.5 (/opt/ros/humble/share/rosidl_generator_cpp/cmake)
[1.089s] -- Using all available rosidl_typesupport_c: rosidl_typesupport_fastrtps_c;rosidl_typesupport_introspection_c
[1.109s] -- Using all available rosidl_typesupport_cpp: rosidl_typesupport_fastrtps_cpp;rosidl_typesupport_introspection_cpp
[1.187s] -- Found rmw_implementation_cmake: 6.1.1 (/opt/ros/humble/share/rmw_implementation_cmake/cmake)
[1.191s] -- Found rmw_cyclonedds_cpp: 1.3.4 (/opt/ros/humble/share/rmw_cyclonedds_cpp/cmake)
[1.237s] -- Using RMW implementation 'rmw_cyclonedds_cpp' as default
[1.253s] -- Found Threads: TRUE  
[1.440s] -- Found rclcpp_lifecycle: 16.0.5 (/opt/ros/humble/share/rclcpp_lifecycle/cmake)
[1.494s] -- Found Boost: /usr/lib/x86_64-linux-gnu/cmake/Boost-1.74.0/BoostConfig.cmake (found version "1.74.0") found components: filesystem 
[1.635s] -- library: /usr/lib/x86_64-linux-gnu/libcurl.so
[1.893s] -- Found Eigen3: TRUE (found version "3.4.0") 
[1.894s] -- Ensuring Eigen3 include directory is part of orocos-kdl CMake target
[2.845s] -- Found ament_lint_auto: 0.12.7 (/opt/ros/humble/share/ament_lint_auto/cmake)
[2.872s] -- Added test 'cppcheck' to perform static code analysis on C / C++ code
[2.872s] -- Configured cppcheck include dirs: /home/mtrn/4231/ws_moveit2/src/moveit2/moveit_planners/chomp/chomp_motion_planner/include
[2.872s] -- Configured cppcheck exclude dirs and/or files: 
[2.874s] -- Added test 'xmllint' to check XML markup files
[2.878s] -- Configuring done
[2.897s] -- Generating done
[2.898s] -- Build files have been written to: /home/mtrn/4231/ws_moveit2/build/chomp_motion_planner
[2.907s] Invoked command in '/home/mtrn/4231/ws_moveit2/build/chomp_motion_planner' returned '0': AMENT_PREFIX_PATH=/home/mtrn/4231/ws_moveit2/install/moveit_core:/home/mtrn/4231/ws_moveit2/install/srdfdom:/home/mtrn/4231/ws_moveit2/install/moveit_common:${AMENT_PREFIX_PATH} CMAKE_PREFIX_PATH=/home/mtrn/4231/ws_moveit2/install/moveit_core:/home/mtrn/4231/ws_moveit2/install/srdfdom:/home/mtrn/4231/ws_moveit2/install/moveit_common:/opt/ros/humble LD_LIBRARY_PATH=/home/mtrn/4231/ws_moveit2/install/moveit_core/lib:/home/mtrn/4231/ws_moveit2/install/srdfdom/lib:${LD_LIBRARY_PATH} PATH=/home/mtrn/4231/ws_moveit2/install/moveit_core/bin:${PATH} PYTHONPATH=/home/mtrn/4231/ws_moveit2/install/srdfdom/local/lib/python3.10/dist-packages:${PYTHONPATH} /usr/bin/cmake /home/mtrn/4231/ws_moveit2/src/moveit2/moveit_planners/chomp/chomp_motion_planner -DCMAKE_BUILD_TYPE=Release -DCMAKE_INSTALL_PREFIX=/home/mtrn/4231/ws_moveit2/install/chomp_motion_planner
[2.907s] Invoking command in '/home/mtrn/4231/ws_moveit2/build/chomp_motion_planner': AMENT_PREFIX_PATH=/home/mtrn/4231/ws_moveit2/install/moveit_core:/home/mtrn/4231/ws_moveit2/install/srdfdom:/home/mtrn/4231/ws_moveit2/install/moveit_common:${AMENT_PREFIX_PATH} CMAKE_PREFIX_PATH=/home/mtrn/4231/ws_moveit2/install/moveit_core:/home/mtrn/4231/ws_moveit2/install/srdfdom:/home/mtrn/4231/ws_moveit2/install/moveit_common:/opt/ros/humble LD_LIBRARY_PATH=/home/mtrn/4231/ws_moveit2/install/moveit_core/lib:/home/mtrn/4231/ws_moveit2/install/srdfdom/lib:${LD_LIBRARY_PATH} PATH=/home/mtrn/4231/ws_moveit2/install/moveit_core/bin:${PATH} PYTHONPATH=/home/mtrn/4231/ws_moveit2/install/srdfdom/local/lib/python3.10/dist-packages:${PYTHONPATH} /usr/bin/cmake --build /home/mtrn/4231/ws_moveit2/build/chomp_motion_planner -- -j4 -l4
[2.939s] [ 16%] [32mBuilding CXX object CMakeFiles/chomp_motion_planner.dir/src/chomp_cost.cpp.o[0m
[2.940s] [ 50%] [32mBuilding CXX object CMakeFiles/chomp_motion_planner.dir/src/chomp_trajectory.cpp.o[0m
[2.940s] [ 50%] [32mBuilding CXX object CMakeFiles/chomp_motion_planner.dir/src/chomp_parameters.cpp.o[0m
[2.946s] [ 66%] [32mBuilding CXX object CMakeFiles/chomp_motion_planner.dir/src/chomp_optimizer.cpp.o[0m
[3.366s] [ 83%] [32mBuilding CXX object CMakeFiles/chomp_motion_planner.dir/src/chomp_planner.cpp.o[0m
[21.358s] [100%] [32m[1mLinking CXX shared library libchomp_motion_planner.so[0m
[21.504s] [100%] Built target chomp_motion_planner
[21.512s] Invoked command in '/home/mtrn/4231/ws_moveit2/build/chomp_motion_planner' returned '0': AMENT_PREFIX_PATH=/home/mtrn/4231/ws_moveit2/install/moveit_core:/home/mtrn/4231/ws_moveit2/install/srdfdom:/home/mtrn/4231/ws_moveit2/install/moveit_common:${AMENT_PREFIX_PATH} CMAKE_PREFIX_PATH=/home/mtrn/4231/ws_moveit2/install/moveit_core:/home/mtrn/4231/ws_moveit2/install/srdfdom:/home/mtrn/4231/ws_moveit2/install/moveit_common:/opt/ros/humble LD_LIBRARY_PATH=/home/mtrn/4231/ws_moveit2/install/moveit_core/lib:/home/mtrn/4231/ws_moveit2/install/srdfdom/lib:${LD_LIBRARY_PATH} PATH=/home/mtrn/4231/ws_moveit2/install/moveit_core/bin:${PATH} PYTHONPATH=/home/mtrn/4231/ws_moveit2/install/srdfdom/local/lib/python3.10/dist-packages:${PYTHONPATH} /usr/bin/cmake --build /home/mtrn/4231/ws_moveit2/build/chomp_motion_planner -- -j4 -l4
[21.536s] Invoking command in '/home/mtrn/4231/ws_moveit2/build/chomp_motion_planner': AMENT_PREFIX_PATH=/home/mtrn/4231/ws_moveit2/install/moveit_core:/home/mtrn/4231/ws_moveit2/install/srdfdom:/home/mtrn/4231/ws_moveit2/install/moveit_common:${AMENT_PREFIX_PATH} CMAKE_PREFIX_PATH=/home/mtrn/4231/ws_moveit2/install/moveit_core:/home/mtrn/4231/ws_moveit2/install/srdfdom:/home/mtrn/4231/ws_moveit2/install/moveit_common:/opt/ros/humble LD_LIBRARY_PATH=/home/mtrn/4231/ws_moveit2/install/moveit_core/lib:/home/mtrn/4231/ws_moveit2/install/srdfdom/lib:${LD_LIBRARY_PATH} PATH=/home/mtrn/4231/ws_moveit2/install/moveit_core/bin:${PATH} PYTHONPATH=/home/mtrn/4231/ws_moveit2/install/srdfdom/local/lib/python3.10/dist-packages:${PYTHONPATH} /usr/bin/cmake --install /home/mtrn/4231/ws_moveit2/build/chomp_motion_planner
[21.542s] -- Install configuration: "Release"
[21.542s] -- Installing: /home/mtrn/4231/ws_moveit2/install/chomp_motion_planner/lib/libchomp_motion_planner.so.2.5.4
[21.542s] -- Set runtime path of "/home/mtrn/4231/ws_moveit2/install/chomp_motion_planner/lib/libchomp_motion_planner.so.2.5.4" to ""
[21.542s] -- Installing: /home/mtrn/4231/ws_moveit2/install/chomp_motion_planner/lib/libchomp_motion_planner.so
[21.542s] -- Installing: /home/mtrn/4231/ws_moveit2/install/chomp_motion_planner/include
[21.542s] -- Installing: /home/mtrn/4231/ws_moveit2/install/chomp_motion_planner/include/chomp_motion_planner
[21.542s] -- Installing: /home/mtrn/4231/ws_moveit2/install/chomp_motion_planner/include/chomp_motion_planner/chomp_parameters.h
[21.542s] -- Installing: /home/mtrn/4231/ws_moveit2/install/chomp_motion_planner/include/chomp_motion_planner/chomp_planner.h
[21.543s] -- Installing: /home/mtrn/4231/ws_moveit2/install/chomp_motion_planner/include/chomp_motion_planner/chomp_trajectory.h
[21.543s] -- Installing: /home/mtrn/4231/ws_moveit2/install/chomp_motion_planner/include/chomp_motion_planner/chomp_cost.h
[21.543s] -- Installing: /home/mtrn/4231/ws_moveit2/install/chomp_motion_planner/include/chomp_motion_planner/multivariate_gaussian.h
[21.543s] -- Installing: /home/mtrn/4231/ws_moveit2/install/chomp_motion_planner/include/chomp_motion_planner/chomp_utils.h
[21.543s] -- Installing: /home/mtrn/4231/ws_moveit2/install/chomp_motion_planner/include/chomp_motion_planner/chomp_optimizer.h
[21.543s] -- Installing: /home/mtrn/4231/ws_moveit2/install/chomp_motion_planner/share/chomp_motion_planner/environment/library_path.sh
[21.543s] -- Installing: /home/mtrn/4231/ws_moveit2/install/chomp_motion_planner/share/chomp_motion_planner/environment/library_path.dsv
[21.543s] -- Installing: /home/mtrn/4231/ws_moveit2/install/chomp_motion_planner/share/ament_index/resource_index/package_run_dependencies/chomp_motion_planner
[21.543s] -- Installing: /home/mtrn/4231/ws_moveit2/install/chomp_motion_planner/share/ament_index/resource_index/parent_prefix_path/chomp_motion_planner
[21.543s] -- Installing: /home/mtrn/4231/ws_moveit2/install/chomp_motion_planner/share/chomp_motion_planner/environment/ament_prefix_path.sh
[21.543s] -- Installing: /home/mtrn/4231/ws_moveit2/install/chomp_motion_planner/share/chomp_motion_planner/environment/ament_prefix_path.dsv
[21.543s] -- Installing: /home/mtrn/4231/ws_moveit2/install/chomp_motion_planner/share/chomp_motion_planner/environment/path.sh
[21.543s] -- Installing: /home/mtrn/4231/ws_moveit2/install/chomp_motion_planner/share/chomp_motion_planner/environment/path.dsv
[21.543s] -- Installing: /home/mtrn/4231/ws_moveit2/install/chomp_motion_planner/share/chomp_motion_planner/local_setup.bash
[21.543s] -- Installing: /home/mtrn/4231/ws_moveit2/install/chomp_motion_planner/share/chomp_motion_planner/local_setup.sh
[21.546s] -- Installing: /home/mtrn/4231/ws_moveit2/install/chomp_motion_planner/share/chomp_motion_planner/local_setup.zsh
[21.547s] -- Installing: /home/mtrn/4231/ws_moveit2/install/chomp_motion_planner/share/chomp_motion_planner/local_setup.dsv
[21.547s] -- Installing: /home/mtrn/4231/ws_moveit2/install/chomp_motion_planner/share/chomp_motion_planner/package.dsv
[21.547s] -- Installing: /home/mtrn/4231/ws_moveit2/install/chomp_motion_planner/share/ament_index/resource_index/packages/chomp_motion_planner
[21.547s] -- Installing: /home/mtrn/4231/ws_moveit2/install/chomp_motion_planner/share/chomp_motion_planner/cmake/chomp_motion_plannerTargetsExport.cmake
[21.547s] -- Installing: /home/mtrn/4231/ws_moveit2/install/chomp_motion_planner/share/chomp_motion_planner/cmake/chomp_motion_plannerTargetsExport-release.cmake
[21.547s] -- Installing: /home/mtrn/4231/ws_moveit2/install/chomp_motion_planner/share/chomp_motion_planner/cmake/ament_cmake_export_targets-extras.cmake
[21.547s] -- Installing: /home/mtrn/4231/ws_moveit2/install/chomp_motion_planner/share/chomp_motion_planner/cmake/chomp_motion_plannerConfig.cmake
[21.547s] -- Installing: /home/mtrn/4231/ws_moveit2/install/chomp_motion_planner/share/chomp_motion_planner/cmake/chomp_motion_plannerConfig-version.cmake
[21.547s] -- Installing: /home/mtrn/4231/ws_moveit2/install/chomp_motion_planner/share/chomp_motion_planner/package.xml
[21.551s] Invoked command in '/home/mtrn/4231/ws_moveit2/build/chomp_motion_planner' returned '0': AMENT_PREFIX_PATH=/home/mtrn/4231/ws_moveit2/install/moveit_core:/home/mtrn/4231/ws_moveit2/install/srdfdom:/home/mtrn/4231/ws_moveit2/install/moveit_common:${AMENT_PREFIX_PATH} CMAKE_PREFIX_PATH=/home/mtrn/4231/ws_moveit2/install/moveit_core:/home/mtrn/4231/ws_moveit2/install/srdfdom:/home/mtrn/4231/ws_moveit2/install/moveit_common:/opt/ros/humble LD_LIBRARY_PATH=/home/mtrn/4231/ws_moveit2/install/moveit_core/lib:/home/mtrn/4231/ws_moveit2/install/srdfdom/lib:${LD_LIBRARY_PATH} PATH=/home/mtrn/4231/ws_moveit2/install/moveit_core/bin:${PATH} PYTHONPATH=/home/mtrn/4231/ws_moveit2/install/srdfdom/local/lib/python3.10/dist-packages:${PYTHONPATH} /usr/bin/cmake --install /home/mtrn/4231/ws_moveit2/build/chomp_motion_planner
