[0.027s] Invoking command in '/home/mtrn/4231/project_workspace/MTRN4231_Winners/winners_pkg/build/winners_pkg': CMAKE_PREFIX_PATH=${CMAKE_PREFIX_PATH}:/home/mtrn/4231/ws_moveit2/install/moveit_configs_utils:/home/mtrn/4231/ws_moveit2/install/launch_param_builder:/opt/ros/humble /usr/bin/cmake --build /home/mtrn/4231/project_workspace/MTRN4231_Winners/winners_pkg/build/winners_pkg -- -j4 -l4
[0.199s] [35m[1mConsolidate compiler generated dependencies of target camTest[0m
[0.246s] [  8%] [32mBuilding CXX object CMakeFiles/camTest.dir/src/camTest.cpp.o[0m
[0.250s] [ 25%] Built target ballPose
[0.250s] [ 41%] Built target transforms
[0.254s] [ 58%] Built target velcroPadPose
[0.281s] [ 75%] Built target Brain
[0.289s] [ 91%] Built target RobotControl
[5.127s] [100%] [32m[1mLinking CXX executable camTest[0m
[6.246s] [100%] Built target camTest
[6.258s] Invoked command in '/home/mtrn/4231/project_workspace/MTRN4231_Winners/winners_pkg/build/winners_pkg' returned '0': CMAKE_PREFIX_PATH=${CMAKE_PREFIX_PATH}:/home/mtrn/4231/ws_moveit2/install/moveit_configs_utils:/home/mtrn/4231/ws_moveit2/install/launch_param_builder:/opt/ros/humble /usr/bin/cmake --build /home/mtrn/4231/project_workspace/MTRN4231_Winners/winners_pkg/build/winners_pkg -- -j4 -l4
[6.319s] Invoking command in '/home/mtrn/4231/project_workspace/MTRN4231_Winners/winners_pkg/build/winners_pkg': CMAKE_PREFIX_PATH=${CMAKE_PREFIX_PATH}:/home/mtrn/4231/ws_moveit2/install/moveit_configs_utils:/home/mtrn/4231/ws_moveit2/install/launch_param_builder:/opt/ros/humble /usr/bin/cmake --install /home/mtrn/4231/project_workspace/MTRN4231_Winners/winners_pkg/build/winners_pkg
[6.326s] -- Install configuration: ""
[6.327s] -- Installing: /home/mtrn/4231/project_workspace/MTRN4231_Winners/winners_pkg/install/winners_pkg/lib/winners_pkg/camTest
[6.328s] -- Set runtime path of "/home/mtrn/4231/project_workspace/MTRN4231_Winners/winners_pkg/install/winners_pkg/lib/winners_pkg/camTest" to ""
[6.329s] -- Up-to-date: /home/mtrn/4231/project_workspace/MTRN4231_Winners/winners_pkg/install/winners_pkg/lib/winners_pkg/ballPose
[6.330s] -- Up-to-date: /home/mtrn/4231/project_workspace/MTRN4231_Winners/winners_pkg/install/winners_pkg/lib/winners_pkg/velcroPadPose
[6.330s] -- Up-to-date: /home/mtrn/4231/project_workspace/MTRN4231_Winners/winners_pkg/install/winners_pkg/lib/winners_pkg/transforms
[6.332s] -- Up-to-date: /home/mtrn/4231/project_workspace/MTRN4231_Winners/winners_pkg/install/winners_pkg/lib/winners_pkg/RobotControl
[6.333s] -- Up-to-date: /home/mtrn/4231/project_workspace/MTRN4231_Winners/winners_pkg/install/winners_pkg/lib/winners_pkg/Brain
[6.333s] -- Up-to-date: /home/mtrn/4231/project_workspace/MTRN4231_Winners/winners_pkg/install/winners_pkg/share/winners_pkg/launch
[6.333s] -- Up-to-date: /home/mtrn/4231/project_workspace/MTRN4231_Winners/winners_pkg/install/winners_pkg/share/winners_pkg/launch/winners_launch.py
[6.333s] -- Up-to-date: /home/mtrn/4231/project_workspace/MTRN4231_Winners/winners_pkg/install/winners_pkg/share/ament_index/resource_index/package_run_dependencies/winners_pkg
[6.333s] -- Up-to-date: /home/mtrn/4231/project_workspace/MTRN4231_Winners/winners_pkg/install/winners_pkg/share/ament_index/resource_index/parent_prefix_path/winners_pkg
[6.334s] -- Up-to-date: /home/mtrn/4231/project_workspace/MTRN4231_Winners/winners_pkg/install/winners_pkg/share/winners_pkg/environment/ament_prefix_path.sh
[6.334s] -- Up-to-date: /home/mtrn/4231/project_workspace/MTRN4231_Winners/winners_pkg/install/winners_pkg/share/winners_pkg/environment/ament_prefix_path.dsv
[6.334s] -- Up-to-date: /home/mtrn/4231/project_workspace/MTRN4231_Winners/winners_pkg/install/winners_pkg/share/winners_pkg/environment/path.sh
[6.334s] -- Up-to-date: /home/mtrn/4231/project_workspace/MTRN4231_Winners/winners_pkg/install/winners_pkg/share/winners_pkg/environment/path.dsv
[6.334s] -- Up-to-date: /home/mtrn/4231/project_workspace/MTRN4231_Winners/winners_pkg/install/winners_pkg/share/winners_pkg/local_setup.bash
[6.334s] -- Up-to-date: /home/mtrn/4231/project_workspace/MTRN4231_Winners/winners_pkg/install/winners_pkg/share/winners_pkg/local_setup.sh
[6.334s] -- Up-to-date: /home/mtrn/4231/project_workspace/MTRN4231_Winners/winners_pkg/install/winners_pkg/share/winners_pkg/local_setup.zsh
[6.334s] -- Up-to-date: /home/mtrn/4231/project_workspace/MTRN4231_Winners/winners_pkg/install/winners_pkg/share/winners_pkg/local_setup.dsv
[6.334s] -- Installing: /home/mtrn/4231/project_workspace/MTRN4231_Winners/winners_pkg/install/winners_pkg/share/winners_pkg/package.dsv
[6.334s] -- Up-to-date: /home/mtrn/4231/project_workspace/MTRN4231_Winners/winners_pkg/install/winners_pkg/share/ament_index/resource_index/packages/winners_pkg
[6.335s] -- Up-to-date: /home/mtrn/4231/project_workspace/MTRN4231_Winners/winners_pkg/install/winners_pkg/share/winners_pkg/cmake/winners_pkgConfig.cmake
[6.335s] -- Up-to-date: /home/mtrn/4231/project_workspace/MTRN4231_Winners/winners_pkg/install/winners_pkg/share/winners_pkg/cmake/winners_pkgConfig-version.cmake
[6.335s] -- Up-to-date: /home/mtrn/4231/project_workspace/MTRN4231_Winners/winners_pkg/install/winners_pkg/share/winners_pkg/package.xml
[6.336s] Invoked command in '/home/mtrn/4231/project_workspace/MTRN4231_Winners/winners_pkg/build/winners_pkg' returned '0': CMAKE_PREFIX_PATH=${CMAKE_PREFIX_PATH}:/home/mtrn/4231/ws_moveit2/install/moveit_configs_utils:/home/mtrn/4231/ws_moveit2/install/launch_param_builder:/opt/ros/humble /usr/bin/cmake --install /home/mtrn/4231/project_workspace/MTRN4231_Winners/winners_pkg/build/winners_pkg
