[0.011s] Invoking command in '/home/mtrn/4231/ws_moveit2/build/moveit_simple_controller_manager': AMENT_PREFIX_PATH=/home/mtrn/4231/ws_moveit2/install/moveit_core:/home/mtrn/4231/ws_moveit2/install/srdfdom:/home/mtrn/4231/ws_moveit2/install/moveit_common:${AMENT_PREFIX_PATH} CMAKE_PREFIX_PATH=/home/mtrn/4231/ws_moveit2/install/moveit_core:/home/mtrn/4231/ws_moveit2/install/srdfdom:/home/mtrn/4231/ws_moveit2/install/moveit_common:/opt/ros/humble LD_LIBRARY_PATH=/home/mtrn/4231/ws_moveit2/install/moveit_core/lib:/home/mtrn/4231/ws_moveit2/install/srdfdom/lib:${LD_LIBRARY_PATH} PATH=/home/mtrn/4231/ws_moveit2/install/moveit_core/bin:${PATH} PYTHONPATH=/home/mtrn/4231/ws_moveit2/install/srdfdom/local/lib/python3.10/dist-packages:${PYTHONPATH} /usr/bin/cmake /home/mtrn/4231/ws_moveit2/src/moveit2/moveit_plugins/moveit_simple_controller_manager -DCMAKE_BUILD_TYPE=Release -DCMAKE_INSTALL_PREFIX=/home/mtrn/4231/ws_moveit2/install/moveit_simple_controller_manager
[0.050s] -- The C compiler identification is GNU 11.4.0
[0.096s] -- The CXX compiler identification is GNU 11.4.0
[0.101s] -- Detecting C compiler ABI info
[0.152s] -- Detecting C compiler ABI info - done
[0.156s] -- Check for working C compiler: /usr/bin/cc - skipped
[0.156s] -- Detecting C compile features
[0.157s] -- Detecting C compile features - done
[0.159s] -- Detecting CXX compiler ABI info
[0.213s] -- Detecting CXX compiler ABI info - done
[0.218s] -- Check for working CXX compiler: /usr/bin/c++ - skipped
[0.218s] -- Detecting CXX compile features
[0.218s] -- Detecting CXX compile features - done
[0.219s] -- Found moveit_common: 2.5.4 (/home/mtrn/4231/ws_moveit2/install/moveit_common/share/moveit_common/cmake)
[0.220s] -- Found ament_cmake: 1.3.5 (/opt/ros/humble/share/ament_cmake/cmake)
[0.347s] -- Found Python3: /usr/bin/python3.10 (found version "3.10.12") found components: Interpreter 
[0.454s] -- Found libdw: /usr/lib/x86_64-linux-gnu/libdw.so  
[0.457s] -- Could NOT find libbfd (missing: LIBBFD_LIBRARY LIBBFD_INCLUDE_DIR) 
[0.457s] -- BACKWARD_HAS_UNWIND=1
[0.457s] -- BACKWARD_HAS_BACKTRACE=0
[0.457s] -- BACKWARD_HAS_BACKTRACE_SYMBOL=0
[0.457s] -- BACKWARD_HAS_DW=1
[0.457s] -- BACKWARD_HAS_BFD=0
[0.458s] -- Found Backward: /opt/ros/humble/share/backward_ros/cmake  
[0.459s] -- Found moveit_core: 2.5.4 (/home/mtrn/4231/ws_moveit2/install/moveit_core/share/moveit_core/cmake)
[0.612s] -- Found Boost: /usr/lib/x86_64-linux-gnu/cmake/Boost-1.74.0/BoostConfig.cmake (found version "1.74.0") found components: chrono date_time filesystem iostreams program_options regex serialization system thread 
[0.623s] -- Found parameter_traits: 0.3.6 (/opt/ros/humble/share/parameter_traits/cmake)
[0.649s] -- Found rosidl_generator_c: 3.1.5 (/opt/ros/humble/share/rosidl_generator_c/cmake)
[0.653s] -- Found rosidl_adapter: 3.1.5 (/opt/ros/humble/share/rosidl_adapter/cmake)
[0.658s] -- Found rosidl_generator_cpp: 3.1.5 (/opt/ros/humble/share/rosidl_generator_cpp/cmake)
[0.667s] -- Using all available rosidl_typesupport_c: rosidl_typesupport_fastrtps_c;rosidl_typesupport_introspection_c
[0.682s] -- Using all available rosidl_typesupport_cpp: rosidl_typesupport_fastrtps_cpp;rosidl_typesupport_introspection_cpp
[0.737s] -- Found rmw_implementation_cmake: 6.1.1 (/opt/ros/humble/share/rmw_implementation_cmake/cmake)
[0.739s] -- Found rmw_cyclonedds_cpp: 1.3.4 (/opt/ros/humble/share/rmw_cyclonedds_cpp/cmake)
[0.760s] -- Using RMW implementation 'rmw_cyclonedds_cpp' as default
[0.767s] -- Found Threads: TRUE  
[0.886s] -- Found rclcpp_lifecycle: 16.0.5 (/opt/ros/humble/share/rclcpp_lifecycle/cmake)
[0.919s] -- Found Boost: /usr/lib/x86_64-linux-gnu/cmake/Boost-1.74.0/BoostConfig.cmake (found version "1.74.0") found components: filesystem 
[1.006s] -- library: /usr/lib/x86_64-linux-gnu/libcurl.so
[1.219s] -- Found Eigen3: TRUE (found version "3.4.0") 
[1.219s] -- Ensuring Eigen3 include directory is part of orocos-kdl CMake target
[1.984s] -- Found control_msgs: 4.4.0 (/opt/ros/humble/share/control_msgs/cmake)
[2.143s] -- Found Boost: /usr/lib/x86_64-linux-gnu/cmake/Boost-1.74.0/BoostConfig.cmake (found version "1.74.0") found components: thread 
[2.147s] -- Found ament_lint_auto: 0.12.7 (/opt/ros/humble/share/ament_lint_auto/cmake)
[2.160s] -- Added test 'cppcheck' to perform static code analysis on C / C++ code
[2.160s] -- Configured cppcheck include dirs: /home/mtrn/4231/ws_moveit2/src/moveit2/moveit_plugins/moveit_simple_controller_manager/include
[2.160s] -- Configured cppcheck exclude dirs and/or files: 
[2.160s] -- Added test 'lint_cmake' to check CMake code style
[2.161s] -- Added test 'xmllint' to check XML markup files
[2.162s] -- Configuring done
[2.178s] -- Generating done
[2.180s] -- Build files have been written to: /home/mtrn/4231/ws_moveit2/build/moveit_simple_controller_manager
[2.188s] Invoked command in '/home/mtrn/4231/ws_moveit2/build/moveit_simple_controller_manager' returned '0': AMENT_PREFIX_PATH=/home/mtrn/4231/ws_moveit2/install/moveit_core:/home/mtrn/4231/ws_moveit2/install/srdfdom:/home/mtrn/4231/ws_moveit2/install/moveit_common:${AMENT_PREFIX_PATH} CMAKE_PREFIX_PATH=/home/mtrn/4231/ws_moveit2/install/moveit_core:/home/mtrn/4231/ws_moveit2/install/srdfdom:/home/mtrn/4231/ws_moveit2/install/moveit_common:/opt/ros/humble LD_LIBRARY_PATH=/home/mtrn/4231/ws_moveit2/install/moveit_core/lib:/home/mtrn/4231/ws_moveit2/install/srdfdom/lib:${LD_LIBRARY_PATH} PATH=/home/mtrn/4231/ws_moveit2/install/moveit_core/bin:${PATH} PYTHONPATH=/home/mtrn/4231/ws_moveit2/install/srdfdom/local/lib/python3.10/dist-packages:${PYTHONPATH} /usr/bin/cmake /home/mtrn/4231/ws_moveit2/src/moveit2/moveit_plugins/moveit_simple_controller_manager -DCMAKE_BUILD_TYPE=Release -DCMAKE_INSTALL_PREFIX=/home/mtrn/4231/ws_moveit2/install/moveit_simple_controller_manager
[2.190s] Invoking command in '/home/mtrn/4231/ws_moveit2/build/moveit_simple_controller_manager': AMENT_PREFIX_PATH=/home/mtrn/4231/ws_moveit2/install/moveit_core:/home/mtrn/4231/ws_moveit2/install/srdfdom:/home/mtrn/4231/ws_moveit2/install/moveit_common:${AMENT_PREFIX_PATH} CMAKE_PREFIX_PATH=/home/mtrn/4231/ws_moveit2/install/moveit_core:/home/mtrn/4231/ws_moveit2/install/srdfdom:/home/mtrn/4231/ws_moveit2/install/moveit_common:/opt/ros/humble LD_LIBRARY_PATH=/home/mtrn/4231/ws_moveit2/install/moveit_core/lib:/home/mtrn/4231/ws_moveit2/install/srdfdom/lib:${LD_LIBRARY_PATH} PATH=/home/mtrn/4231/ws_moveit2/install/moveit_core/bin:${PATH} PYTHONPATH=/home/mtrn/4231/ws_moveit2/install/srdfdom/local/lib/python3.10/dist-packages:${PYTHONPATH} /usr/bin/cmake --build /home/mtrn/4231/ws_moveit2/build/moveit_simple_controller_manager -- -j4 -l4
[2.222s] [ 66%] [32mBuilding CXX object CMakeFiles/moveit_simple_controller_manager.dir/src/follow_joint_trajectory_controller_handle.cpp.o[0m
[2.222s] [ 66%] [32mBuilding CXX object CMakeFiles/moveit_simple_controller_manager.dir/src/moveit_simple_controller_manager.cpp.o[0m
[8.307s] [100%] [32m[1mLinking CXX shared library libmoveit_simple_controller_manager.so[0m
[8.464s] [100%] Built target moveit_simple_controller_manager
[8.471s] Invoked command in '/home/mtrn/4231/ws_moveit2/build/moveit_simple_controller_manager' returned '0': AMENT_PREFIX_PATH=/home/mtrn/4231/ws_moveit2/install/moveit_core:/home/mtrn/4231/ws_moveit2/install/srdfdom:/home/mtrn/4231/ws_moveit2/install/moveit_common:${AMENT_PREFIX_PATH} CMAKE_PREFIX_PATH=/home/mtrn/4231/ws_moveit2/install/moveit_core:/home/mtrn/4231/ws_moveit2/install/srdfdom:/home/mtrn/4231/ws_moveit2/install/moveit_common:/opt/ros/humble LD_LIBRARY_PATH=/home/mtrn/4231/ws_moveit2/install/moveit_core/lib:/home/mtrn/4231/ws_moveit2/install/srdfdom/lib:${LD_LIBRARY_PATH} PATH=/home/mtrn/4231/ws_moveit2/install/moveit_core/bin:${PATH} PYTHONPATH=/home/mtrn/4231/ws_moveit2/install/srdfdom/local/lib/python3.10/dist-packages:${PYTHONPATH} /usr/bin/cmake --build /home/mtrn/4231/ws_moveit2/build/moveit_simple_controller_manager -- -j4 -l4
[8.488s] Invoking command in '/home/mtrn/4231/ws_moveit2/build/moveit_simple_controller_manager': AMENT_PREFIX_PATH=/home/mtrn/4231/ws_moveit2/install/moveit_core:/home/mtrn/4231/ws_moveit2/install/srdfdom:/home/mtrn/4231/ws_moveit2/install/moveit_common:${AMENT_PREFIX_PATH} CMAKE_PREFIX_PATH=/home/mtrn/4231/ws_moveit2/install/moveit_core:/home/mtrn/4231/ws_moveit2/install/srdfdom:/home/mtrn/4231/ws_moveit2/install/moveit_common:/opt/ros/humble LD_LIBRARY_PATH=/home/mtrn/4231/ws_moveit2/install/moveit_core/lib:/home/mtrn/4231/ws_moveit2/install/srdfdom/lib:${LD_LIBRARY_PATH} PATH=/home/mtrn/4231/ws_moveit2/install/moveit_core/bin:${PATH} PYTHONPATH=/home/mtrn/4231/ws_moveit2/install/srdfdom/local/lib/python3.10/dist-packages:${PYTHONPATH} /usr/bin/cmake --install /home/mtrn/4231/ws_moveit2/build/moveit_simple_controller_manager
[8.493s] -- Install configuration: "Release"
[8.493s] -- Installing: /home/mtrn/4231/ws_moveit2/install/moveit_simple_controller_manager/lib/libmoveit_simple_controller_manager.so.2.5.4
[8.494s] -- Set runtime path of "/home/mtrn/4231/ws_moveit2/install/moveit_simple_controller_manager/lib/libmoveit_simple_controller_manager.so.2.5.4" to ""
[8.494s] -- Installing: /home/mtrn/4231/ws_moveit2/install/moveit_simple_controller_manager/lib/libmoveit_simple_controller_manager.so
[8.494s] -- Installing: /home/mtrn/4231/ws_moveit2/install/moveit_simple_controller_manager/include
[8.494s] -- Installing: /home/mtrn/4231/ws_moveit2/install/moveit_simple_controller_manager/include/moveit_simple_controller_manager
[8.495s] -- Installing: /home/mtrn/4231/ws_moveit2/install/moveit_simple_controller_manager/include/moveit_simple_controller_manager/follow_joint_trajectory_controller_handle.h
[8.495s] -- Installing: /home/mtrn/4231/ws_moveit2/install/moveit_simple_controller_manager/include/moveit_simple_controller_manager/gripper_controller_handle.h
[8.495s] -- Installing: /home/mtrn/4231/ws_moveit2/install/moveit_simple_controller_manager/include/moveit_simple_controller_manager/empty_controller_handle.h
[8.496s] -- Installing: /home/mtrn/4231/ws_moveit2/install/moveit_simple_controller_manager/include/moveit_simple_controller_manager/action_based_controller_handle.h
[8.497s] -- Installing: /home/mtrn/4231/ws_moveit2/install/moveit_simple_controller_manager/share/moveit_simple_controller_manager/environment/library_path.sh
[8.497s] -- Installing: /home/mtrn/4231/ws_moveit2/install/moveit_simple_controller_manager/share/moveit_simple_controller_manager/environment/library_path.dsv
[8.497s] -- Installing: /home/mtrn/4231/ws_moveit2/install/moveit_simple_controller_manager/share/moveit_simple_controller_manager/moveit_simple_controller_manager_plugin_description.xml
[8.497s] -- Installing: /home/mtrn/4231/ws_moveit2/install/moveit_simple_controller_manager/share/ament_index/resource_index/package_run_dependencies/moveit_simple_controller_manager
[8.497s] -- Installing: /home/mtrn/4231/ws_moveit2/install/moveit_simple_controller_manager/share/ament_index/resource_index/parent_prefix_path/moveit_simple_controller_manager
[8.498s] -- Installing: /home/mtrn/4231/ws_moveit2/install/moveit_simple_controller_manager/share/moveit_simple_controller_manager/environment/ament_prefix_path.sh
[8.498s] -- Installing: /home/mtrn/4231/ws_moveit2/install/moveit_simple_controller_manager/share/moveit_simple_controller_manager/environment/ament_prefix_path.dsv
[8.498s] -- Installing: /home/mtrn/4231/ws_moveit2/install/moveit_simple_controller_manager/share/moveit_simple_controller_manager/environment/path.sh
[8.498s] -- Installing: /home/mtrn/4231/ws_moveit2/install/moveit_simple_controller_manager/share/moveit_simple_controller_manager/environment/path.dsv
[8.498s] -- Installing: /home/mtrn/4231/ws_moveit2/install/moveit_simple_controller_manager/share/moveit_simple_controller_manager/local_setup.bash
[8.498s] -- Installing: /home/mtrn/4231/ws_moveit2/install/moveit_simple_controller_manager/share/moveit_simple_controller_manager/local_setup.sh
[8.498s] -- Installing: /home/mtrn/4231/ws_moveit2/install/moveit_simple_controller_manager/share/moveit_simple_controller_manager/local_setup.zsh
[8.499s] -- Installing: /home/mtrn/4231/ws_moveit2/install/moveit_simple_controller_manager/share/moveit_simple_controller_manager/local_setup.dsv
[8.499s] -- Installing: /home/mtrn/4231/ws_moveit2/install/moveit_simple_controller_manager/share/moveit_simple_controller_manager/package.dsv
[8.499s] -- Installing: /home/mtrn/4231/ws_moveit2/install/moveit_simple_controller_manager/share/ament_index/resource_index/packages/moveit_simple_controller_manager
[8.499s] -- Installing: /home/mtrn/4231/ws_moveit2/install/moveit_simple_controller_manager/share/ament_index/resource_index/moveit_core__pluginlib__plugin/moveit_simple_controller_manager
[8.500s] -- Installing: /home/mtrn/4231/ws_moveit2/install/moveit_simple_controller_manager/share/moveit_simple_controller_manager/cmake/export_moveit_simple_controller_managerExport.cmake
[8.500s] -- Installing: /home/mtrn/4231/ws_moveit2/install/moveit_simple_controller_manager/share/moveit_simple_controller_manager/cmake/export_moveit_simple_controller_managerExport-release.cmake
[8.501s] -- Installing: /home/mtrn/4231/ws_moveit2/install/moveit_simple_controller_manager/share/moveit_simple_controller_manager/cmake/ConfigExtras.cmake
[8.501s] -- Installing: /home/mtrn/4231/ws_moveit2/install/moveit_simple_controller_manager/share/moveit_simple_controller_manager/cmake/ament_cmake_export_targets-extras.cmake
[8.502s] -- Installing: /home/mtrn/4231/ws_moveit2/install/moveit_simple_controller_manager/share/moveit_simple_controller_manager/cmake/ament_cmake_export_dependencies-extras.cmake
[8.502s] -- Installing: /home/mtrn/4231/ws_moveit2/install/moveit_simple_controller_manager/share/moveit_simple_controller_manager/cmake/moveit_simple_controller_managerConfig.cmake
[8.502s] -- Installing: /home/mtrn/4231/ws_moveit2/install/moveit_simple_controller_manager/share/moveit_simple_controller_manager/cmake/moveit_simple_controller_managerConfig-version.cmake
[8.502s] -- Installing: /home/mtrn/4231/ws_moveit2/install/moveit_simple_controller_manager/share/moveit_simple_controller_manager/package.xml
[8.504s] Invoked command in '/home/mtrn/4231/ws_moveit2/build/moveit_simple_controller_manager' returned '0': AMENT_PREFIX_PATH=/home/mtrn/4231/ws_moveit2/install/moveit_core:/home/mtrn/4231/ws_moveit2/install/srdfdom:/home/mtrn/4231/ws_moveit2/install/moveit_common:${AMENT_PREFIX_PATH} CMAKE_PREFIX_PATH=/home/mtrn/4231/ws_moveit2/install/moveit_core:/home/mtrn/4231/ws_moveit2/install/srdfdom:/home/mtrn/4231/ws_moveit2/install/moveit_common:/opt/ros/humble LD_LIBRARY_PATH=/home/mtrn/4231/ws_moveit2/install/moveit_core/lib:/home/mtrn/4231/ws_moveit2/install/srdfdom/lib:${LD_LIBRARY_PATH} PATH=/home/mtrn/4231/ws_moveit2/install/moveit_core/bin:${PATH} PYTHONPATH=/home/mtrn/4231/ws_moveit2/install/srdfdom/local/lib/python3.10/dist-packages:${PYTHONPATH} /usr/bin/cmake --install /home/mtrn/4231/ws_moveit2/build/moveit_simple_controller_manager
