[0.071s] Invoking command in '/home/mtrn/4231/ws_moveit2/build/moveit_setup_assistant': AMENT_PREFIX_PATH=/home/mtrn/4231/ws_moveit2/install/moveit_setup_srdf_plugins:/home/mtrn/4231/ws_moveit2/install/moveit_setup_core_plugins:/home/mtrn/4231/ws_moveit2/install/moveit_setup_controllers:/home/mtrn/4231/ws_moveit2/install/moveit_setup_app_plugins:/home/mtrn/4231/ws_moveit2/install/moveit_setup_framework:/home/mtrn/4231/ws_moveit2/install/moveit_ros_visualization:/home/mtrn/4231/ws_moveit2/install/moveit_ros_planning_interface:/home/mtrn/4231/ws_moveit2/install/moveit_ros_move_group:/home/mtrn/4231/ws_moveit2/install/moveit_ros_warehouse:/home/mtrn/4231/ws_moveit2/install/moveit_ros_robot_interaction:/home/mtrn/4231/ws_moveit2/install/moveit_kinematics:/home/mtrn/4231/ws_moveit2/install/moveit_ros_planning:/home/mtrn/4231/ws_moveit2/install/moveit_ros_occupancy_map_monitor:/home/mtrn/4231/ws_moveit2/install/moveit_core:/home/mtrn/4231/ws_moveit2/install/moveit_resources_panda_moveit_config:/home/mtrn/4231/ws_moveit2/install/moveit_configs_utils:/home/mtrn/4231/ws_moveit2/install/srdfdom:/home/mtrn/4231/ws_moveit2/install/moveit_resources_panda_description:/home/mtrn/4231/ws_moveit2/install/moveit_common:/home/mtrn/4231/ws_moveit2/install/launch_param_builder:${AMENT_PREFIX_PATH} CMAKE_PREFIX_PATH=/home/mtrn/4231/ws_moveit2/install/moveit_setup_srdf_plugins:/home/mtrn/4231/ws_moveit2/install/moveit_setup_core_plugins:/home/mtrn/4231/ws_moveit2/install/moveit_setup_controllers:/home/mtrn/4231/ws_moveit2/install/moveit_setup_app_plugins:/home/mtrn/4231/ws_moveit2/install/moveit_setup_framework:/home/mtrn/4231/ws_moveit2/install/moveit_ros_visualization:/home/mtrn/4231/ws_moveit2/install/moveit_ros_planning_interface:/home/mtrn/4231/ws_moveit2/install/moveit_ros_move_group:/home/mtrn/4231/ws_moveit2/install/moveit_ros_warehouse:/home/mtrn/4231/ws_moveit2/install/moveit_ros_robot_interaction:/home/mtrn/4231/ws_moveit2/install/moveit_kinematics:/home/mtrn/4231/ws_moveit2/install/moveit_ros_planning:/home/mtrn/4231/ws_moveit2/install/moveit_ros_occupancy_map_monitor:/home/mtrn/4231/ws_moveit2/install/moveit_core:/home/mtrn/4231/ws_moveit2/install/moveit_resources_panda_moveit_config:/home/mtrn/4231/ws_moveit2/install/srdfdom:/home/mtrn/4231/ws_moveit2/install/moveit_resources_panda_description:/home/mtrn/4231/ws_moveit2/install/moveit_common:/opt/ros/humble LD_LIBRARY_PATH=/home/mtrn/4231/ws_moveit2/install/moveit_setup_srdf_plugins/lib:/home/mtrn/4231/ws_moveit2/install/moveit_setup_core_plugins/lib:/home/mtrn/4231/ws_moveit2/install/moveit_setup_controllers/lib:/home/mtrn/4231/ws_moveit2/install/moveit_setup_app_plugins/lib:/home/mtrn/4231/ws_moveit2/install/moveit_setup_framework/lib:/home/mtrn/4231/ws_moveit2/install/moveit_ros_visualization/lib:/home/mtrn/4231/ws_moveit2/install/moveit_ros_planning_interface/lib:/home/mtrn/4231/ws_moveit2/install/moveit_ros_move_group/lib:/home/mtrn/4231/ws_moveit2/install/moveit_ros_warehouse/lib:/home/mtrn/4231/ws_moveit2/install/moveit_ros_robot_interaction/lib:/home/mtrn/4231/ws_moveit2/install/moveit_kinematics/lib:/home/mtrn/4231/ws_moveit2/install/moveit_ros_planning/lib:/home/mtrn/4231/ws_moveit2/install/moveit_ros_occupancy_map_monitor/lib:/home/mtrn/4231/ws_moveit2/install/moveit_core/lib:/home/mtrn/4231/ws_moveit2/install/srdfdom/lib:${LD_LIBRARY_PATH} PATH=/home/mtrn/4231/ws_moveit2/install/moveit_core/bin:${PATH} PYTHONPATH=/home/mtrn/4231/ws_moveit2/install/moveit_configs_utils/lib/python3.10/site-packages:/home/mtrn/4231/ws_moveit2/install/srdfdom/local/lib/python3.10/dist-packages:/home/mtrn/4231/ws_moveit2/install/launch_param_builder/lib/python3.10/site-packages:${PYTHONPATH} /usr/bin/cmake /home/mtrn/4231/ws_moveit2/src/moveit2/moveit_setup_assistant/moveit_setup_assistant -DCMAKE_BUILD_TYPE=Release -DCMAKE_INSTALL_PREFIX=/home/mtrn/4231/ws_moveit2/install/moveit_setup_assistant
[0.117s] -- The C compiler identification is GNU 11.4.0
[0.152s] -- The CXX compiler identification is GNU 11.4.0
[0.158s] -- Detecting C compiler ABI info
[0.207s] -- Detecting C compiler ABI info - done
[0.212s] -- Check for working C compiler: /usr/bin/cc - skipped
[0.212s] -- Detecting C compile features
[0.213s] -- Detecting C compile features - done
[0.214s] -- Detecting CXX compiler ABI info
[0.267s] -- Detecting CXX compiler ABI info - done
[0.272s] -- Check for working CXX compiler: /usr/bin/c++ - skipped
[0.272s] -- Detecting CXX compile features
[0.272s] -- Detecting CXX compile features - done
[0.273s] -- Found moveit_common: 2.5.4 (/home/mtrn/4231/ws_moveit2/install/moveit_common/share/moveit_common/cmake)
[0.276s] -- Found ament_cmake: 1.3.5 (/opt/ros/humble/share/ament_cmake/cmake)
[0.404s] -- Found Python3: /usr/bin/python3.10 (found version "3.10.12") found components: Interpreter 
[0.527s] -- Found libdw: /usr/lib/x86_64-linux-gnu/libdw.so  
[0.530s] -- Could NOT find libbfd (missing: LIBBFD_LIBRARY LIBBFD_INCLUDE_DIR) 
[0.530s] -- BACKWARD_HAS_UNWIND=1
[0.530s] -- BACKWARD_HAS_BACKTRACE=0
[0.530s] -- BACKWARD_HAS_BACKTRACE_SYMBOL=0
[0.531s] -- BACKWARD_HAS_DW=1
[0.531s] -- BACKWARD_HAS_BFD=0
[0.531s] -- Found Backward: /opt/ros/humble/share/backward_ros/cmake  
[0.533s] -- Found ament_index_cpp: 1.4.0 (/opt/ros/humble/share/ament_index_cpp/cmake)
[0.541s] -- Found Boost: /usr/lib/x86_64-linux-gnu/cmake/Boost-1.74.0/BoostConfig.cmake (found version "1.74.0") found components: program_options 
[0.543s] -- Found moveit_setup_framework: 2.5.4 (/home/mtrn/4231/ws_moveit2/install/moveit_setup_framework/share/moveit_setup_framework/cmake)
[0.579s] -- Found rosidl_generator_c: 3.1.5 (/opt/ros/humble/share/rosidl_generator_c/cmake)
[0.584s] -- Found rosidl_adapter: 3.1.5 (/opt/ros/humble/share/rosidl_adapter/cmake)
[0.591s] -- Found rosidl_generator_cpp: 3.1.5 (/opt/ros/humble/share/rosidl_generator_cpp/cmake)
[0.608s] -- Using all available rosidl_typesupport_c: rosidl_typesupport_fastrtps_c;rosidl_typesupport_introspection_c
[0.622s] -- Using all available rosidl_typesupport_cpp: rosidl_typesupport_fastrtps_cpp;rosidl_typesupport_introspection_cpp
[0.677s] -- Found rmw_implementation_cmake: 6.1.1 (/opt/ros/humble/share/rmw_implementation_cmake/cmake)
[0.679s] -- Found rmw_cyclonedds_cpp: 1.3.4 (/opt/ros/humble/share/rmw_cyclonedds_cpp/cmake)
[0.705s] -- Using RMW implementation 'rmw_cyclonedds_cpp' as default
[0.714s] -- Looking for pthread.h
[0.786s] -- Looking for pthread.h - found
[0.786s] -- Performing Test CMAKE_HAVE_LIBC_PTHREAD
[0.859s] -- Performing Test CMAKE_HAVE_LIBC_PTHREAD - Success
[0.859s] -- Found Threads: TRUE  
[1.039s] -- Found Boost: /usr/lib/x86_64-linux-gnu/cmake/Boost-1.74.0/BoostConfig.cmake (found version "1.74.0") found components: chrono date_time filesystem iostreams program_options regex serialization system thread 
[1.051s] -- Found parameter_traits: 0.3.6 (/opt/ros/humble/share/parameter_traits/cmake)
[1.073s] -- Found rclcpp_lifecycle: 16.0.5 (/opt/ros/humble/share/rclcpp_lifecycle/cmake)
[1.108s] -- Found Boost: /usr/lib/x86_64-linux-gnu/cmake/Boost-1.74.0/BoostConfig.cmake (found version "1.74.0") found components: filesystem 
[1.210s] -- library: /usr/lib/x86_64-linux-gnu/libcurl.so
[1.428s] -- Found Eigen3: TRUE (found version "3.4.0") 
[1.428s] -- Ensuring Eigen3 include directory is part of orocos-kdl CMake target
[2.274s] -- Found Boost: /usr/lib/x86_64-linux-gnu/cmake/Boost-1.74.0/BoostConfig.cmake (found version "1.74.0") found components: system filesystem date_time program_options thread chrono 
[2.645s] -- Found Boost: /usr/lib/x86_64-linux-gnu/cmake/Boost-1.74.0/BoostConfig.cmake (found version "1.74.0") found components: thread date_time system filesystem 
[2.706s] -- Found Boost: /usr/lib/x86_64-linux-gnu/cmake/Boost-1.74.0/BoostConfig.cmake (found version "1.74.0") found components: date_time filesystem program_options system thread 
[2.841s] -- Found Boost: /usr/lib/x86_64-linux-gnu/cmake/Boost-1.74.0/BoostConfig.cmake (found version "1.74.0") found components: thread system filesystem regex date_time program_options 
[3.066s] -- Found Boost: /usr/lib/x86_64-linux-gnu/cmake/Boost-1.74.0/BoostConfig.cmake (found version "1.74.0") found components: system filesystem date_time program_options thread 
[3.853s] -- Setting OGRE_DIR to: '/opt/ros/humble/share/rviz_ogre_vendor/cmake/../../../opt/rviz_ogre_vendor/lib/OGRE/cmake'
[3.855s] -- Found OGRE
[3.855s] --   static     : OFF
[3.855s] --   components : HLMS;MeshLodGenerator;Overlay;Paging;Property;RTShaderSystem;Terrain;Volume
[3.855s] --   plugins    : Plugin_BSPSceneManager;Plugin_OctreeSceneManager;Plugin_PCZSceneManager;Plugin_ParticleFX;RenderSystem_GL;RenderSystem_GL3Plus;Codec_STBI
[3.855s] --   media      : /opt/ros/humble/opt/rviz_ogre_vendor/share/OGRE/Media
[3.855s] -- OGRE_LIBRARIES: OgreHLMS;OgreMeshLodGenerator;OgreOverlay;OgrePaging;OgreProperty;OgreRTShaderSystem;OgreTerrain;OgreVolume;OgreMain
[3.855s] -- OGRE_LIBRARY_DIRS: /opt/ros/humble/opt/rviz_ogre_vendor/lib
[3.855s] -- OGRE_PLUGINS: Plugin_BSPSceneManager;Plugin_OctreeSceneManager;Plugin_PCZSceneManager;Plugin_ParticleFX;RenderSystem_GL;RenderSystem_GL3Plus;Codec_STBI
[3.855s] -- OGRE_PLUGIN_DIR: /opt/ros/humble/opt/rviz_ogre_vendor/lib/OGRE
[3.856s] -- rviz_ogre_vendor::OgreOverlay for IMPORTED_LOCATION_RELEASE: /opt/ros/humble/opt/rviz_ogre_vendor/lib/libOgreOverlay.so
[3.856s] -- rviz_ogre_vendor::OgreOverlay for IMPORTED_LOCATION_DEBUG: /opt/ros/humble/opt/rviz_ogre_vendor/lib/libOgreOverlay.so
[3.856s] -- rviz_ogre_vendor::OgreMain for IMPORTED_LOCATION_RELEASE: /opt/ros/humble/opt/rviz_ogre_vendor/lib/libOgreMain.so
[3.856s] -- rviz_ogre_vendor::OgreMain for IMPORTED_LOCATION_DEBUG: /opt/ros/humble/opt/rviz_ogre_vendor/lib/libOgreMain.so
[3.857s] -- Could not find freeimage library
[3.873s] -- Found ZLIB: /usr/lib/x86_64-linux-gnu/libz.so (found version "1.2.11") 
[3.877s] -- Found OpenGL: /usr/lib/x86_64-linux-gnu/libOpenGL.so   
[3.968s] -- Found X11: /usr/include   
[3.968s] -- Looking for XOpenDisplay in /usr/lib/x86_64-linux-gnu/libX11.so;/usr/lib/x86_64-linux-gnu/libXext.so
[4.040s] -- Looking for XOpenDisplay in /usr/lib/x86_64-linux-gnu/libX11.so;/usr/lib/x86_64-linux-gnu/libXext.so - found
[4.040s] -- Looking for gethostbyname
[4.103s] -- Looking for gethostbyname - found
[4.103s] -- Looking for connect
[4.178s] -- Looking for connect - found
[4.178s] -- Looking for remove
[4.249s] -- Looking for remove - found
[4.249s] -- Looking for shmat
[4.317s] -- Looking for shmat - found
[4.317s] -- Looking for IceConnectionNumber in ICE
[4.383s] -- Looking for IceConnectionNumber in ICE - found
[4.385s] -- rviz_ogre_vendor::RenderSystem_GL for IMPORTED_LOCATION_RELEASE: _render_system_gl_static_library_abs-NOTFOUND
[4.385s] -- rviz_ogre_vendor::RenderSystem_GL for IMPORTED_LOCATION_DEBUG: _render_system_gl_static_library_abs-NOTFOUND
[4.951s] -- Found moveit_setup_srdf_plugins: 2.5.4 (/home/mtrn/4231/ws_moveit2/install/moveit_setup_srdf_plugins/share/moveit_setup_srdf_plugins/cmake)
[4.965s] -- Found ament_lint_auto: 0.12.7 (/opt/ros/humble/share/ament_lint_auto/cmake)
[4.995s] -- Added test 'lint_cmake' to check CMake code style
[4.995s] -- Added test 'xmllint' to check XML markup files
[4.996s] -- Configuring done
[5.070s] -- Generating done
[5.072s] -- Build files have been written to: /home/mtrn/4231/ws_moveit2/build/moveit_setup_assistant
[5.085s] Invoked command in '/home/mtrn/4231/ws_moveit2/build/moveit_setup_assistant' returned '0': AMENT_PREFIX_PATH=/home/mtrn/4231/ws_moveit2/install/moveit_setup_srdf_plugins:/home/mtrn/4231/ws_moveit2/install/moveit_setup_core_plugins:/home/mtrn/4231/ws_moveit2/install/moveit_setup_controllers:/home/mtrn/4231/ws_moveit2/install/moveit_setup_app_plugins:/home/mtrn/4231/ws_moveit2/install/moveit_setup_framework:/home/mtrn/4231/ws_moveit2/install/moveit_ros_visualization:/home/mtrn/4231/ws_moveit2/install/moveit_ros_planning_interface:/home/mtrn/4231/ws_moveit2/install/moveit_ros_move_group:/home/mtrn/4231/ws_moveit2/install/moveit_ros_warehouse:/home/mtrn/4231/ws_moveit2/install/moveit_ros_robot_interaction:/home/mtrn/4231/ws_moveit2/install/moveit_kinematics:/home/mtrn/4231/ws_moveit2/install/moveit_ros_planning:/home/mtrn/4231/ws_moveit2/install/moveit_ros_occupancy_map_monitor:/home/mtrn/4231/ws_moveit2/install/moveit_core:/home/mtrn/4231/ws_moveit2/install/moveit_resources_panda_moveit_config:/home/mtrn/4231/ws_moveit2/install/moveit_configs_utils:/home/mtrn/4231/ws_moveit2/install/srdfdom:/home/mtrn/4231/ws_moveit2/install/moveit_resources_panda_description:/home/mtrn/4231/ws_moveit2/install/moveit_common:/home/mtrn/4231/ws_moveit2/install/launch_param_builder:${AMENT_PREFIX_PATH} CMAKE_PREFIX_PATH=/home/mtrn/4231/ws_moveit2/install/moveit_setup_srdf_plugins:/home/mtrn/4231/ws_moveit2/install/moveit_setup_core_plugins:/home/mtrn/4231/ws_moveit2/install/moveit_setup_controllers:/home/mtrn/4231/ws_moveit2/install/moveit_setup_app_plugins:/home/mtrn/4231/ws_moveit2/install/moveit_setup_framework:/home/mtrn/4231/ws_moveit2/install/moveit_ros_visualization:/home/mtrn/4231/ws_moveit2/install/moveit_ros_planning_interface:/home/mtrn/4231/ws_moveit2/install/moveit_ros_move_group:/home/mtrn/4231/ws_moveit2/install/moveit_ros_warehouse:/home/mtrn/4231/ws_moveit2/install/moveit_ros_robot_interaction:/home/mtrn/4231/ws_moveit2/install/moveit_kinematics:/home/mtrn/4231/ws_moveit2/install/moveit_ros_planning:/home/mtrn/4231/ws_moveit2/install/moveit_ros_occupancy_map_monitor:/home/mtrn/4231/ws_moveit2/install/moveit_core:/home/mtrn/4231/ws_moveit2/install/moveit_resources_panda_moveit_config:/home/mtrn/4231/ws_moveit2/install/srdfdom:/home/mtrn/4231/ws_moveit2/install/moveit_resources_panda_description:/home/mtrn/4231/ws_moveit2/install/moveit_common:/opt/ros/humble LD_LIBRARY_PATH=/home/mtrn/4231/ws_moveit2/install/moveit_setup_srdf_plugins/lib:/home/mtrn/4231/ws_moveit2/install/moveit_setup_core_plugins/lib:/home/mtrn/4231/ws_moveit2/install/moveit_setup_controllers/lib:/home/mtrn/4231/ws_moveit2/install/moveit_setup_app_plugins/lib:/home/mtrn/4231/ws_moveit2/install/moveit_setup_framework/lib:/home/mtrn/4231/ws_moveit2/install/moveit_ros_visualization/lib:/home/mtrn/4231/ws_moveit2/install/moveit_ros_planning_interface/lib:/home/mtrn/4231/ws_moveit2/install/moveit_ros_move_group/lib:/home/mtrn/4231/ws_moveit2/install/moveit_ros_warehouse/lib:/home/mtrn/4231/ws_moveit2/install/moveit_ros_robot_interaction/lib:/home/mtrn/4231/ws_moveit2/install/moveit_kinematics/lib:/home/mtrn/4231/ws_moveit2/install/moveit_ros_planning/lib:/home/mtrn/4231/ws_moveit2/install/moveit_ros_occupancy_map_monitor/lib:/home/mtrn/4231/ws_moveit2/install/moveit_core/lib:/home/mtrn/4231/ws_moveit2/install/srdfdom/lib:${LD_LIBRARY_PATH} PATH=/home/mtrn/4231/ws_moveit2/install/moveit_core/bin:${PATH} PYTHONPATH=/home/mtrn/4231/ws_moveit2/install/moveit_configs_utils/lib/python3.10/site-packages:/home/mtrn/4231/ws_moveit2/install/srdfdom/local/lib/python3.10/dist-packages:/home/mtrn/4231/ws_moveit2/install/launch_param_builder/lib/python3.10/site-packages:${PYTHONPATH} /usr/bin/cmake /home/mtrn/4231/ws_moveit2/src/moveit2/moveit_setup_assistant/moveit_setup_assistant -DCMAKE_BUILD_TYPE=Release -DCMAKE_INSTALL_PREFIX=/home/mtrn/4231/ws_moveit2/install/moveit_setup_assistant
[5.086s] Invoking command in '/home/mtrn/4231/ws_moveit2/build/moveit_setup_assistant': AMENT_PREFIX_PATH=/home/mtrn/4231/ws_moveit2/install/moveit_setup_srdf_plugins:/home/mtrn/4231/ws_moveit2/install/moveit_setup_core_plugins:/home/mtrn/4231/ws_moveit2/install/moveit_setup_controllers:/home/mtrn/4231/ws_moveit2/install/moveit_setup_app_plugins:/home/mtrn/4231/ws_moveit2/install/moveit_setup_framework:/home/mtrn/4231/ws_moveit2/install/moveit_ros_visualization:/home/mtrn/4231/ws_moveit2/install/moveit_ros_planning_interface:/home/mtrn/4231/ws_moveit2/install/moveit_ros_move_group:/home/mtrn/4231/ws_moveit2/install/moveit_ros_warehouse:/home/mtrn/4231/ws_moveit2/install/moveit_ros_robot_interaction:/home/mtrn/4231/ws_moveit2/install/moveit_kinematics:/home/mtrn/4231/ws_moveit2/install/moveit_ros_planning:/home/mtrn/4231/ws_moveit2/install/moveit_ros_occupancy_map_monitor:/home/mtrn/4231/ws_moveit2/install/moveit_core:/home/mtrn/4231/ws_moveit2/install/moveit_resources_panda_moveit_config:/home/mtrn/4231/ws_moveit2/install/moveit_configs_utils:/home/mtrn/4231/ws_moveit2/install/srdfdom:/home/mtrn/4231/ws_moveit2/install/moveit_resources_panda_description:/home/mtrn/4231/ws_moveit2/install/moveit_common:/home/mtrn/4231/ws_moveit2/install/launch_param_builder:${AMENT_PREFIX_PATH} CMAKE_PREFIX_PATH=/home/mtrn/4231/ws_moveit2/install/moveit_setup_srdf_plugins:/home/mtrn/4231/ws_moveit2/install/moveit_setup_core_plugins:/home/mtrn/4231/ws_moveit2/install/moveit_setup_controllers:/home/mtrn/4231/ws_moveit2/install/moveit_setup_app_plugins:/home/mtrn/4231/ws_moveit2/install/moveit_setup_framework:/home/mtrn/4231/ws_moveit2/install/moveit_ros_visualization:/home/mtrn/4231/ws_moveit2/install/moveit_ros_planning_interface:/home/mtrn/4231/ws_moveit2/install/moveit_ros_move_group:/home/mtrn/4231/ws_moveit2/install/moveit_ros_warehouse:/home/mtrn/4231/ws_moveit2/install/moveit_ros_robot_interaction:/home/mtrn/4231/ws_moveit2/install/moveit_kinematics:/home/mtrn/4231/ws_moveit2/install/moveit_ros_planning:/home/mtrn/4231/ws_moveit2/install/moveit_ros_occupancy_map_monitor:/home/mtrn/4231/ws_moveit2/install/moveit_core:/home/mtrn/4231/ws_moveit2/install/moveit_resources_panda_moveit_config:/home/mtrn/4231/ws_moveit2/install/srdfdom:/home/mtrn/4231/ws_moveit2/install/moveit_resources_panda_description:/home/mtrn/4231/ws_moveit2/install/moveit_common:/opt/ros/humble LD_LIBRARY_PATH=/home/mtrn/4231/ws_moveit2/install/moveit_setup_srdf_plugins/lib:/home/mtrn/4231/ws_moveit2/install/moveit_setup_core_plugins/lib:/home/mtrn/4231/ws_moveit2/install/moveit_setup_controllers/lib:/home/mtrn/4231/ws_moveit2/install/moveit_setup_app_plugins/lib:/home/mtrn/4231/ws_moveit2/install/moveit_setup_framework/lib:/home/mtrn/4231/ws_moveit2/install/moveit_ros_visualization/lib:/home/mtrn/4231/ws_moveit2/install/moveit_ros_planning_interface/lib:/home/mtrn/4231/ws_moveit2/install/moveit_ros_move_group/lib:/home/mtrn/4231/ws_moveit2/install/moveit_ros_warehouse/lib:/home/mtrn/4231/ws_moveit2/install/moveit_ros_robot_interaction/lib:/home/mtrn/4231/ws_moveit2/install/moveit_kinematics/lib:/home/mtrn/4231/ws_moveit2/install/moveit_ros_planning/lib:/home/mtrn/4231/ws_moveit2/install/moveit_ros_occupancy_map_monitor/lib:/home/mtrn/4231/ws_moveit2/install/moveit_core/lib:/home/mtrn/4231/ws_moveit2/install/srdfdom/lib:${LD_LIBRARY_PATH} PATH=/home/mtrn/4231/ws_moveit2/install/moveit_core/bin:${PATH} PYTHONPATH=/home/mtrn/4231/ws_moveit2/install/moveit_configs_utils/lib/python3.10/site-packages:/home/mtrn/4231/ws_moveit2/install/srdfdom/local/lib/python3.10/dist-packages:/home/mtrn/4231/ws_moveit2/install/launch_param_builder/lib/python3.10/site-packages:${PYTHONPATH} /usr/bin/cmake --build /home/mtrn/4231/ws_moveit2/build/moveit_setup_assistant -- -j4 -l4
[5.132s] [ 14%] [34m[1mAutomatic MOC for target moveit_setup_assistant_updater[0m
[5.132s] [ 14%] [34m[1mAutomatic MOC for target moveit_setup_assistant[0m
[5.164s] [ 14%] Built target moveit_setup_assistant_autogen
[5.164s] [ 14%] Built target moveit_setup_assistant_updater_autogen
[5.173s] [ 21%] [34m[1mGenerating include/moveit_setup_assistant/moc_navigation_widget.cpp[0m
[5.173s] [ 28%] [34m[1mGenerating include/moveit_setup_assistant/moc_setup_assistant_widget.cpp[0m
[5.183s] [ 35%] [32mBuilding CXX object CMakeFiles/moveit_setup_assistant_updater.dir/moveit_setup_assistant_updater_autogen/mocs_compilation.cpp.o[0m
[5.185s] [ 42%] [32mBuilding CXX object CMakeFiles/moveit_setup_assistant_updater.dir/src/collisions_updater.cpp.o[0m
[5.197s] [ 50%] [32mBuilding CXX object CMakeFiles/moveit_setup_assistant.dir/src/main.cpp.o[0m
[5.197s] [ 57%] [32mBuilding CXX object CMakeFiles/moveit_setup_assistant.dir/moveit_setup_assistant_autogen/mocs_compilation.cpp.o[0m
[5.202s] [ 64%] [32mBuilding CXX object CMakeFiles/moveit_setup_assistant.dir/src/setup_assistant_widget.cpp.o[0m
[5.216s] [ 71%] [32mBuilding CXX object CMakeFiles/moveit_setup_assistant.dir/src/navigation_widget.cpp.o[0m
[6.587s] [ 78%] [32mBuilding CXX object CMakeFiles/moveit_setup_assistant.dir/include/moveit_setup_assistant/moc_navigation_widget.cpp.o[0m
[7.808s] [ 85%] [32mBuilding CXX object CMakeFiles/moveit_setup_assistant.dir/include/moveit_setup_assistant/moc_setup_assistant_widget.cpp.o[0m
[23.773s] [ 92%] [32m[1mLinking CXX executable collisions_updater[0m
[25.177s] [ 92%] Built target moveit_setup_assistant_updater
[32.815s] [100%] [32m[1mLinking CXX executable moveit_setup_assistant[0m
[33.602s] [100%] Built target moveit_setup_assistant
[33.652s] Invoked command in '/home/mtrn/4231/ws_moveit2/build/moveit_setup_assistant' returned '0': AMENT_PREFIX_PATH=/home/mtrn/4231/ws_moveit2/install/moveit_setup_srdf_plugins:/home/mtrn/4231/ws_moveit2/install/moveit_setup_core_plugins:/home/mtrn/4231/ws_moveit2/install/moveit_setup_controllers:/home/mtrn/4231/ws_moveit2/install/moveit_setup_app_plugins:/home/mtrn/4231/ws_moveit2/install/moveit_setup_framework:/home/mtrn/4231/ws_moveit2/install/moveit_ros_visualization:/home/mtrn/4231/ws_moveit2/install/moveit_ros_planning_interface:/home/mtrn/4231/ws_moveit2/install/moveit_ros_move_group:/home/mtrn/4231/ws_moveit2/install/moveit_ros_warehouse:/home/mtrn/4231/ws_moveit2/install/moveit_ros_robot_interaction:/home/mtrn/4231/ws_moveit2/install/moveit_kinematics:/home/mtrn/4231/ws_moveit2/install/moveit_ros_planning:/home/mtrn/4231/ws_moveit2/install/moveit_ros_occupancy_map_monitor:/home/mtrn/4231/ws_moveit2/install/moveit_core:/home/mtrn/4231/ws_moveit2/install/moveit_resources_panda_moveit_config:/home/mtrn/4231/ws_moveit2/install/moveit_configs_utils:/home/mtrn/4231/ws_moveit2/install/srdfdom:/home/mtrn/4231/ws_moveit2/install/moveit_resources_panda_description:/home/mtrn/4231/ws_moveit2/install/moveit_common:/home/mtrn/4231/ws_moveit2/install/launch_param_builder:${AMENT_PREFIX_PATH} CMAKE_PREFIX_PATH=/home/mtrn/4231/ws_moveit2/install/moveit_setup_srdf_plugins:/home/mtrn/4231/ws_moveit2/install/moveit_setup_core_plugins:/home/mtrn/4231/ws_moveit2/install/moveit_setup_controllers:/home/mtrn/4231/ws_moveit2/install/moveit_setup_app_plugins:/home/mtrn/4231/ws_moveit2/install/moveit_setup_framework:/home/mtrn/4231/ws_moveit2/install/moveit_ros_visualization:/home/mtrn/4231/ws_moveit2/install/moveit_ros_planning_interface:/home/mtrn/4231/ws_moveit2/install/moveit_ros_move_group:/home/mtrn/4231/ws_moveit2/install/moveit_ros_warehouse:/home/mtrn/4231/ws_moveit2/install/moveit_ros_robot_interaction:/home/mtrn/4231/ws_moveit2/install/moveit_kinematics:/home/mtrn/4231/ws_moveit2/install/moveit_ros_planning:/home/mtrn/4231/ws_moveit2/install/moveit_ros_occupancy_map_monitor:/home/mtrn/4231/ws_moveit2/install/moveit_core:/home/mtrn/4231/ws_moveit2/install/moveit_resources_panda_moveit_config:/home/mtrn/4231/ws_moveit2/install/srdfdom:/home/mtrn/4231/ws_moveit2/install/moveit_resources_panda_description:/home/mtrn/4231/ws_moveit2/install/moveit_common:/opt/ros/humble LD_LIBRARY_PATH=/home/mtrn/4231/ws_moveit2/install/moveit_setup_srdf_plugins/lib:/home/mtrn/4231/ws_moveit2/install/moveit_setup_core_plugins/lib:/home/mtrn/4231/ws_moveit2/install/moveit_setup_controllers/lib:/home/mtrn/4231/ws_moveit2/install/moveit_setup_app_plugins/lib:/home/mtrn/4231/ws_moveit2/install/moveit_setup_framework/lib:/home/mtrn/4231/ws_moveit2/install/moveit_ros_visualization/lib:/home/mtrn/4231/ws_moveit2/install/moveit_ros_planning_interface/lib:/home/mtrn/4231/ws_moveit2/install/moveit_ros_move_group/lib:/home/mtrn/4231/ws_moveit2/install/moveit_ros_warehouse/lib:/home/mtrn/4231/ws_moveit2/install/moveit_ros_robot_interaction/lib:/home/mtrn/4231/ws_moveit2/install/moveit_kinematics/lib:/home/mtrn/4231/ws_moveit2/install/moveit_ros_planning/lib:/home/mtrn/4231/ws_moveit2/install/moveit_ros_occupancy_map_monitor/lib:/home/mtrn/4231/ws_moveit2/install/moveit_core/lib:/home/mtrn/4231/ws_moveit2/install/srdfdom/lib:${LD_LIBRARY_PATH} PATH=/home/mtrn/4231/ws_moveit2/install/moveit_core/bin:${PATH} PYTHONPATH=/home/mtrn/4231/ws_moveit2/install/moveit_configs_utils/lib/python3.10/site-packages:/home/mtrn/4231/ws_moveit2/install/srdfdom/local/lib/python3.10/dist-packages:/home/mtrn/4231/ws_moveit2/install/launch_param_builder/lib/python3.10/site-packages:${PYTHONPATH} /usr/bin/cmake --build /home/mtrn/4231/ws_moveit2/build/moveit_setup_assistant -- -j4 -l4
[33.689s] Invoking command in '/home/mtrn/4231/ws_moveit2/build/moveit_setup_assistant': AMENT_PREFIX_PATH=/home/mtrn/4231/ws_moveit2/install/moveit_setup_srdf_plugins:/home/mtrn/4231/ws_moveit2/install/moveit_setup_core_plugins:/home/mtrn/4231/ws_moveit2/install/moveit_setup_controllers:/home/mtrn/4231/ws_moveit2/install/moveit_setup_app_plugins:/home/mtrn/4231/ws_moveit2/install/moveit_setup_framework:/home/mtrn/4231/ws_moveit2/install/moveit_ros_visualization:/home/mtrn/4231/ws_moveit2/install/moveit_ros_planning_interface:/home/mtrn/4231/ws_moveit2/install/moveit_ros_move_group:/home/mtrn/4231/ws_moveit2/install/moveit_ros_warehouse:/home/mtrn/4231/ws_moveit2/install/moveit_ros_robot_interaction:/home/mtrn/4231/ws_moveit2/install/moveit_kinematics:/home/mtrn/4231/ws_moveit2/install/moveit_ros_planning:/home/mtrn/4231/ws_moveit2/install/moveit_ros_occupancy_map_monitor:/home/mtrn/4231/ws_moveit2/install/moveit_core:/home/mtrn/4231/ws_moveit2/install/moveit_resources_panda_moveit_config:/home/mtrn/4231/ws_moveit2/install/moveit_configs_utils:/home/mtrn/4231/ws_moveit2/install/srdfdom:/home/mtrn/4231/ws_moveit2/install/moveit_resources_panda_description:/home/mtrn/4231/ws_moveit2/install/moveit_common:/home/mtrn/4231/ws_moveit2/install/launch_param_builder:${AMENT_PREFIX_PATH} CMAKE_PREFIX_PATH=/home/mtrn/4231/ws_moveit2/install/moveit_setup_srdf_plugins:/home/mtrn/4231/ws_moveit2/install/moveit_setup_core_plugins:/home/mtrn/4231/ws_moveit2/install/moveit_setup_controllers:/home/mtrn/4231/ws_moveit2/install/moveit_setup_app_plugins:/home/mtrn/4231/ws_moveit2/install/moveit_setup_framework:/home/mtrn/4231/ws_moveit2/install/moveit_ros_visualization:/home/mtrn/4231/ws_moveit2/install/moveit_ros_planning_interface:/home/mtrn/4231/ws_moveit2/install/moveit_ros_move_group:/home/mtrn/4231/ws_moveit2/install/moveit_ros_warehouse:/home/mtrn/4231/ws_moveit2/install/moveit_ros_robot_interaction:/home/mtrn/4231/ws_moveit2/install/moveit_kinematics:/home/mtrn/4231/ws_moveit2/install/moveit_ros_planning:/home/mtrn/4231/ws_moveit2/install/moveit_ros_occupancy_map_monitor:/home/mtrn/4231/ws_moveit2/install/moveit_core:/home/mtrn/4231/ws_moveit2/install/moveit_resources_panda_moveit_config:/home/mtrn/4231/ws_moveit2/install/srdfdom:/home/mtrn/4231/ws_moveit2/install/moveit_resources_panda_description:/home/mtrn/4231/ws_moveit2/install/moveit_common:/opt/ros/humble LD_LIBRARY_PATH=/home/mtrn/4231/ws_moveit2/install/moveit_setup_srdf_plugins/lib:/home/mtrn/4231/ws_moveit2/install/moveit_setup_core_plugins/lib:/home/mtrn/4231/ws_moveit2/install/moveit_setup_controllers/lib:/home/mtrn/4231/ws_moveit2/install/moveit_setup_app_plugins/lib:/home/mtrn/4231/ws_moveit2/install/moveit_setup_framework/lib:/home/mtrn/4231/ws_moveit2/install/moveit_ros_visualization/lib:/home/mtrn/4231/ws_moveit2/install/moveit_ros_planning_interface/lib:/home/mtrn/4231/ws_moveit2/install/moveit_ros_move_group/lib:/home/mtrn/4231/ws_moveit2/install/moveit_ros_warehouse/lib:/home/mtrn/4231/ws_moveit2/install/moveit_ros_robot_interaction/lib:/home/mtrn/4231/ws_moveit2/install/moveit_kinematics/lib:/home/mtrn/4231/ws_moveit2/install/moveit_ros_planning/lib:/home/mtrn/4231/ws_moveit2/install/moveit_ros_occupancy_map_monitor/lib:/home/mtrn/4231/ws_moveit2/install/moveit_core/lib:/home/mtrn/4231/ws_moveit2/install/srdfdom/lib:${LD_LIBRARY_PATH} PATH=/home/mtrn/4231/ws_moveit2/install/moveit_core/bin:${PATH} PYTHONPATH=/home/mtrn/4231/ws_moveit2/install/moveit_configs_utils/lib/python3.10/site-packages:/home/mtrn/4231/ws_moveit2/install/srdfdom/local/lib/python3.10/dist-packages:/home/mtrn/4231/ws_moveit2/install/launch_param_builder/lib/python3.10/site-packages:${PYTHONPATH} /usr/bin/cmake --install /home/mtrn/4231/ws_moveit2/build/moveit_setup_assistant
[33.695s] -- Install configuration: "Release"
[33.695s] -- Installing: /home/mtrn/4231/ws_moveit2/install/moveit_setup_assistant/lib/moveit_setup_assistant/moveit_setup_assistant
[33.696s] -- Set runtime path of "/home/mtrn/4231/ws_moveit2/install/moveit_setup_assistant/lib/moveit_setup_assistant/moveit_setup_assistant" to ""
[33.697s] -- Installing: /home/mtrn/4231/ws_moveit2/install/moveit_setup_assistant/lib/moveit_setup_assistant/collisions_updater
[33.697s] -- Set runtime path of "/home/mtrn/4231/ws_moveit2/install/moveit_setup_assistant/lib/moveit_setup_assistant/collisions_updater" to ""
[33.698s] -- Installing: /home/mtrn/4231/ws_moveit2/install/moveit_setup_assistant/include
[33.699s] -- Installing: /home/mtrn/4231/ws_moveit2/install/moveit_setup_assistant/include/moveit_setup_assistant
[33.699s] -- Installing: /home/mtrn/4231/ws_moveit2/install/moveit_setup_assistant/include/moveit_setup_assistant/navigation_widget.hpp
[33.700s] -- Installing: /home/mtrn/4231/ws_moveit2/install/moveit_setup_assistant/include/moveit_setup_assistant/setup_assistant_widget.hpp
[33.700s] -- Installing: /home/mtrn/4231/ws_moveit2/install/moveit_setup_assistant/share/moveit_setup_assistant/launch
[33.700s] -- Installing: /home/mtrn/4231/ws_moveit2/install/moveit_setup_assistant/share/moveit_setup_assistant/launch/setup_assistant.launch.py
[33.701s] -- Installing: /home/mtrn/4231/ws_moveit2/install/moveit_setup_assistant/share/moveit_setup_assistant/resources
[33.701s] -- Installing: /home/mtrn/4231/ws_moveit2/install/moveit_setup_assistant/share/moveit_setup_assistant/resources/MoveIt_Setup_Assistant2.png
[33.706s] -- Installing: /home/mtrn/4231/ws_moveit2/install/moveit_setup_assistant/share/moveit_setup_assistant/environment/library_path.sh
[33.706s] -- Installing: /home/mtrn/4231/ws_moveit2/install/moveit_setup_assistant/share/moveit_setup_assistant/environment/library_path.dsv
[33.708s] -- Installing: /home/mtrn/4231/ws_moveit2/install/moveit_setup_assistant/share/ament_index/resource_index/package_run_dependencies/moveit_setup_assistant
[33.708s] -- Installing: /home/mtrn/4231/ws_moveit2/install/moveit_setup_assistant/share/ament_index/resource_index/parent_prefix_path/moveit_setup_assistant
[33.711s] -- Installing: /home/mtrn/4231/ws_moveit2/install/moveit_setup_assistant/share/moveit_setup_assistant/environment/ament_prefix_path.sh
[33.711s] -- Installing: /home/mtrn/4231/ws_moveit2/install/moveit_setup_assistant/share/moveit_setup_assistant/environment/ament_prefix_path.dsv
[33.711s] -- Installing: /home/mtrn/4231/ws_moveit2/install/moveit_setup_assistant/share/moveit_setup_assistant/environment/path.sh
[33.711s] -- Installing: /home/mtrn/4231/ws_moveit2/install/moveit_setup_assistant/share/moveit_setup_assistant/environment/path.dsv
[33.712s] -- Installing: /home/mtrn/4231/ws_moveit2/install/moveit_setup_assistant/share/moveit_setup_assistant/local_setup.bash
[33.712s] -- Installing: /home/mtrn/4231/ws_moveit2/install/moveit_setup_assistant/share/moveit_setup_assistant/local_setup.sh
[33.712s] -- Installing: /home/mtrn/4231/ws_moveit2/install/moveit_setup_assistant/share/moveit_setup_assistant/local_setup.zsh
[33.713s] -- Installing: /home/mtrn/4231/ws_moveit2/install/moveit_setup_assistant/share/moveit_setup_assistant/local_setup.dsv
[33.713s] -- Installing: /home/mtrn/4231/ws_moveit2/install/moveit_setup_assistant/share/moveit_setup_assistant/package.dsv
[33.713s] -- Installing: /home/mtrn/4231/ws_moveit2/install/moveit_setup_assistant/share/ament_index/resource_index/packages/moveit_setup_assistant
[33.714s] -- Installing: /home/mtrn/4231/ws_moveit2/install/moveit_setup_assistant/share/moveit_setup_assistant/cmake/moveit_setup_assistantTargetsExport.cmake
[33.714s] -- Installing: /home/mtrn/4231/ws_moveit2/install/moveit_setup_assistant/share/moveit_setup_assistant/cmake/moveit_setup_assistantTargetsExport-release.cmake
[33.714s] -- Installing: /home/mtrn/4231/ws_moveit2/install/moveit_setup_assistant/share/moveit_setup_assistant/cmake/ament_cmake_export_include_directories-extras.cmake
[33.715s] -- Installing: /home/mtrn/4231/ws_moveit2/install/moveit_setup_assistant/share/moveit_setup_assistant/cmake/ament_cmake_export_targets-extras.cmake
[33.715s] -- Installing: /home/mtrn/4231/ws_moveit2/install/moveit_setup_assistant/share/moveit_setup_assistant/cmake/ament_cmake_export_dependencies-extras.cmake
[33.715s] -- Installing: /home/mtrn/4231/ws_moveit2/install/moveit_setup_assistant/share/moveit_setup_assistant/cmake/moveit_setup_assistantConfig.cmake
[33.715s] -- Installing: /home/mtrn/4231/ws_moveit2/install/moveit_setup_assistant/share/moveit_setup_assistant/cmake/moveit_setup_assistantConfig-version.cmake
[33.716s] -- Installing: /home/mtrn/4231/ws_moveit2/install/moveit_setup_assistant/share/moveit_setup_assistant/package.xml
[33.723s] Invoked command in '/home/mtrn/4231/ws_moveit2/build/moveit_setup_assistant' returned '0': AMENT_PREFIX_PATH=/home/mtrn/4231/ws_moveit2/install/moveit_setup_srdf_plugins:/home/mtrn/4231/ws_moveit2/install/moveit_setup_core_plugins:/home/mtrn/4231/ws_moveit2/install/moveit_setup_controllers:/home/mtrn/4231/ws_moveit2/install/moveit_setup_app_plugins:/home/mtrn/4231/ws_moveit2/install/moveit_setup_framework:/home/mtrn/4231/ws_moveit2/install/moveit_ros_visualization:/home/mtrn/4231/ws_moveit2/install/moveit_ros_planning_interface:/home/mtrn/4231/ws_moveit2/install/moveit_ros_move_group:/home/mtrn/4231/ws_moveit2/install/moveit_ros_warehouse:/home/mtrn/4231/ws_moveit2/install/moveit_ros_robot_interaction:/home/mtrn/4231/ws_moveit2/install/moveit_kinematics:/home/mtrn/4231/ws_moveit2/install/moveit_ros_planning:/home/mtrn/4231/ws_moveit2/install/moveit_ros_occupancy_map_monitor:/home/mtrn/4231/ws_moveit2/install/moveit_core:/home/mtrn/4231/ws_moveit2/install/moveit_resources_panda_moveit_config:/home/mtrn/4231/ws_moveit2/install/moveit_configs_utils:/home/mtrn/4231/ws_moveit2/install/srdfdom:/home/mtrn/4231/ws_moveit2/install/moveit_resources_panda_description:/home/mtrn/4231/ws_moveit2/install/moveit_common:/home/mtrn/4231/ws_moveit2/install/launch_param_builder:${AMENT_PREFIX_PATH} CMAKE_PREFIX_PATH=/home/mtrn/4231/ws_moveit2/install/moveit_setup_srdf_plugins:/home/mtrn/4231/ws_moveit2/install/moveit_setup_core_plugins:/home/mtrn/4231/ws_moveit2/install/moveit_setup_controllers:/home/mtrn/4231/ws_moveit2/install/moveit_setup_app_plugins:/home/mtrn/4231/ws_moveit2/install/moveit_setup_framework:/home/mtrn/4231/ws_moveit2/install/moveit_ros_visualization:/home/mtrn/4231/ws_moveit2/install/moveit_ros_planning_interface:/home/mtrn/4231/ws_moveit2/install/moveit_ros_move_group:/home/mtrn/4231/ws_moveit2/install/moveit_ros_warehouse:/home/mtrn/4231/ws_moveit2/install/moveit_ros_robot_interaction:/home/mtrn/4231/ws_moveit2/install/moveit_kinematics:/home/mtrn/4231/ws_moveit2/install/moveit_ros_planning:/home/mtrn/4231/ws_moveit2/install/moveit_ros_occupancy_map_monitor:/home/mtrn/4231/ws_moveit2/install/moveit_core:/home/mtrn/4231/ws_moveit2/install/moveit_resources_panda_moveit_config:/home/mtrn/4231/ws_moveit2/install/srdfdom:/home/mtrn/4231/ws_moveit2/install/moveit_resources_panda_description:/home/mtrn/4231/ws_moveit2/install/moveit_common:/opt/ros/humble LD_LIBRARY_PATH=/home/mtrn/4231/ws_moveit2/install/moveit_setup_srdf_plugins/lib:/home/mtrn/4231/ws_moveit2/install/moveit_setup_core_plugins/lib:/home/mtrn/4231/ws_moveit2/install/moveit_setup_controllers/lib:/home/mtrn/4231/ws_moveit2/install/moveit_setup_app_plugins/lib:/home/mtrn/4231/ws_moveit2/install/moveit_setup_framework/lib:/home/mtrn/4231/ws_moveit2/install/moveit_ros_visualization/lib:/home/mtrn/4231/ws_moveit2/install/moveit_ros_planning_interface/lib:/home/mtrn/4231/ws_moveit2/install/moveit_ros_move_group/lib:/home/mtrn/4231/ws_moveit2/install/moveit_ros_warehouse/lib:/home/mtrn/4231/ws_moveit2/install/moveit_ros_robot_interaction/lib:/home/mtrn/4231/ws_moveit2/install/moveit_kinematics/lib:/home/mtrn/4231/ws_moveit2/install/moveit_ros_planning/lib:/home/mtrn/4231/ws_moveit2/install/moveit_ros_occupancy_map_monitor/lib:/home/mtrn/4231/ws_moveit2/install/moveit_core/lib:/home/mtrn/4231/ws_moveit2/install/srdfdom/lib:${LD_LIBRARY_PATH} PATH=/home/mtrn/4231/ws_moveit2/install/moveit_core/bin:${PATH} PYTHONPATH=/home/mtrn/4231/ws_moveit2/install/moveit_configs_utils/lib/python3.10/site-packages:/home/mtrn/4231/ws_moveit2/install/srdfdom/local/lib/python3.10/dist-packages:/home/mtrn/4231/ws_moveit2/install/launch_param_builder/lib/python3.10/site-packages:${PYTHONPATH} /usr/bin/cmake --install /home/mtrn/4231/ws_moveit2/build/moveit_setup_assistant
