[0.044s] Invoking command in '/home/mtrn/4231/ws_moveit2/build/moveit_setup_controllers': AMENT_PREFIX_PATH=/home/mtrn/4231/ws_moveit2/install/moveit_setup_framework:/home/mtrn/4231/ws_moveit2/install/moveit_ros_visualization:/home/mtrn/4231/ws_moveit2/install/moveit_ros_planning_interface:/home/mtrn/4231/ws_moveit2/install/moveit_ros_move_group:/home/mtrn/4231/ws_moveit2/install/moveit_ros_warehouse:/home/mtrn/4231/ws_moveit2/install/moveit_ros_robot_interaction:/home/mtrn/4231/ws_moveit2/install/moveit_kinematics:/home/mtrn/4231/ws_moveit2/install/moveit_ros_planning:/home/mtrn/4231/ws_moveit2/install/moveit_ros_occupancy_map_monitor:/home/mtrn/4231/ws_moveit2/install/moveit_core:/home/mtrn/4231/ws_moveit2/install/moveit_resources_panda_moveit_config:/home/mtrn/4231/ws_moveit2/install/moveit_resources_fanuc_moveit_config:/home/mtrn/4231/ws_moveit2/install/moveit_configs_utils:/home/mtrn/4231/ws_moveit2/install/srdfdom:/home/mtrn/4231/ws_moveit2/install/moveit_resources_panda_description:/home/mtrn/4231/ws_moveit2/install/moveit_resources_fanuc_description:/home/mtrn/4231/ws_moveit2/install/moveit_common:/home/mtrn/4231/ws_moveit2/install/launch_param_builder:${AMENT_PREFIX_PATH} CMAKE_PREFIX_PATH=/home/mtrn/4231/ws_moveit2/install/moveit_setup_framework:/home/mtrn/4231/ws_moveit2/install/moveit_ros_visualization:/home/mtrn/4231/ws_moveit2/install/moveit_ros_planning_interface:/home/mtrn/4231/ws_moveit2/install/moveit_ros_move_group:/home/mtrn/4231/ws_moveit2/install/moveit_ros_warehouse:/home/mtrn/4231/ws_moveit2/install/moveit_ros_robot_interaction:/home/mtrn/4231/ws_moveit2/install/moveit_kinematics:/home/mtrn/4231/ws_moveit2/install/moveit_ros_planning:/home/mtrn/4231/ws_moveit2/install/moveit_ros_occupancy_map_monitor:/home/mtrn/4231/ws_moveit2/install/moveit_core:/home/mtrn/4231/ws_moveit2/install/moveit_resources_panda_moveit_config:/home/mtrn/4231/ws_moveit2/install/moveit_resources_fanuc_moveit_config:/home/mtrn/4231/ws_moveit2/install/srdfdom:/home/mtrn/4231/ws_moveit2/install/moveit_resources_panda_description:/home/mtrn/4231/ws_moveit2/install/moveit_resources_fanuc_description:/home/mtrn/4231/ws_moveit2/install/moveit_common:/opt/ros/humble LD_LIBRARY_PATH=/home/mtrn/4231/ws_moveit2/install/moveit_setup_framework/lib:/home/mtrn/4231/ws_moveit2/install/moveit_ros_visualization/lib:/home/mtrn/4231/ws_moveit2/install/moveit_ros_planning_interface/lib:/home/mtrn/4231/ws_moveit2/install/moveit_ros_move_group/lib:/home/mtrn/4231/ws_moveit2/install/moveit_ros_warehouse/lib:/home/mtrn/4231/ws_moveit2/install/moveit_ros_robot_interaction/lib:/home/mtrn/4231/ws_moveit2/install/moveit_kinematics/lib:/home/mtrn/4231/ws_moveit2/install/moveit_ros_planning/lib:/home/mtrn/4231/ws_moveit2/install/moveit_ros_occupancy_map_monitor/lib:/home/mtrn/4231/ws_moveit2/install/moveit_core/lib:/home/mtrn/4231/ws_moveit2/install/srdfdom/lib:${LD_LIBRARY_PATH} PATH=/home/mtrn/4231/ws_moveit2/install/moveit_core/bin:${PATH} PYTHONPATH=/home/mtrn/4231/ws_moveit2/install/moveit_configs_utils/lib/python3.10/site-packages:/home/mtrn/4231/ws_moveit2/install/srdfdom/local/lib/python3.10/dist-packages:/home/mtrn/4231/ws_moveit2/install/launch_param_builder/lib/python3.10/site-packages:${PYTHONPATH} /usr/bin/cmake /home/mtrn/4231/ws_moveit2/src/moveit2/moveit_setup_assistant/moveit_setup_controllers -DCMAKE_BUILD_TYPE=Release -DCMAKE_INSTALL_PREFIX=/home/mtrn/4231/ws_moveit2/install/moveit_setup_controllers
[0.085s] -- The C compiler identification is GNU 11.4.0
[0.122s] -- The CXX compiler identification is GNU 11.4.0
[0.128s] -- Detecting C compiler ABI info
[0.179s] -- Detecting C compiler ABI info - done
[0.183s] -- Check for working C compiler: /usr/bin/cc - skipped
[0.184s] -- Detecting C compile features
[0.184s] -- Detecting C compile features - done
[0.186s] -- Detecting CXX compiler ABI info
[0.238s] -- Detecting CXX compiler ABI info - done
[0.244s] -- Check for working CXX compiler: /usr/bin/c++ - skipped
[0.244s] -- Detecting CXX compile features
[0.245s] -- Detecting CXX compile features - done
[0.246s] -- Found moveit_common: 2.5.4 (/home/mtrn/4231/ws_moveit2/install/moveit_common/share/moveit_common/cmake)
[0.248s] -- Found ament_cmake: 1.3.5 (/opt/ros/humble/share/ament_cmake/cmake)
[0.366s] -- Found Python3: /usr/bin/python3.10 (found version "3.10.12") found components: Interpreter 
[0.481s] -- Found libdw: /usr/lib/x86_64-linux-gnu/libdw.so  
[0.484s] -- Could NOT find libbfd (missing: LIBBFD_LIBRARY LIBBFD_INCLUDE_DIR) 
[0.485s] -- BACKWARD_HAS_UNWIND=1
[0.485s] -- BACKWARD_HAS_BACKTRACE=0
[0.485s] -- BACKWARD_HAS_BACKTRACE_SYMBOL=0
[0.485s] -- BACKWARD_HAS_DW=1
[0.485s] -- BACKWARD_HAS_BFD=0
[0.485s] -- Found Backward: /opt/ros/humble/share/backward_ros/cmake  
[0.488s] -- Found ament_cmake_ros: 0.10.0 (/opt/ros/humble/share/ament_cmake_ros/cmake)
[0.495s] -- Found ament_index_cpp: 1.4.0 (/opt/ros/humble/share/ament_index_cpp/cmake)
[0.495s] -- Found moveit_setup_framework: 2.5.4 (/home/mtrn/4231/ws_moveit2/install/moveit_setup_framework/share/moveit_setup_framework/cmake)
[0.527s] -- Found rosidl_generator_c: 3.1.5 (/opt/ros/humble/share/rosidl_generator_c/cmake)
[0.532s] -- Found rosidl_adapter: 3.1.5 (/opt/ros/humble/share/rosidl_adapter/cmake)
[0.539s] -- Found rosidl_generator_cpp: 3.1.5 (/opt/ros/humble/share/rosidl_generator_cpp/cmake)
[0.555s] -- Using all available rosidl_typesupport_c: rosidl_typesupport_fastrtps_c;rosidl_typesupport_introspection_c
[0.569s] -- Using all available rosidl_typesupport_cpp: rosidl_typesupport_fastrtps_cpp;rosidl_typesupport_introspection_cpp
[0.622s] -- Found rmw_implementation_cmake: 6.1.1 (/opt/ros/humble/share/rmw_implementation_cmake/cmake)
[0.625s] -- Found rmw_cyclonedds_cpp: 1.3.4 (/opt/ros/humble/share/rmw_cyclonedds_cpp/cmake)
[0.650s] -- Using RMW implementation 'rmw_cyclonedds_cpp' as default
[0.660s] -- Looking for pthread.h
[0.723s] -- Looking for pthread.h - found
[0.723s] -- Performing Test CMAKE_HAVE_LIBC_PTHREAD
[0.794s] -- Performing Test CMAKE_HAVE_LIBC_PTHREAD - Success
[0.795s] -- Found Threads: TRUE  
[0.958s] -- Found Boost: /usr/lib/x86_64-linux-gnu/cmake/Boost-1.74.0/BoostConfig.cmake (found version "1.74.0") found components: chrono date_time filesystem iostreams program_options regex serialization system thread 
[0.973s] -- Found parameter_traits: 0.3.6 (/opt/ros/humble/share/parameter_traits/cmake)
[0.995s] -- Found rclcpp_lifecycle: 16.0.5 (/opt/ros/humble/share/rclcpp_lifecycle/cmake)
[1.029s] -- Found Boost: /usr/lib/x86_64-linux-gnu/cmake/Boost-1.74.0/BoostConfig.cmake (found version "1.74.0") found components: filesystem 
[1.130s] -- library: /usr/lib/x86_64-linux-gnu/libcurl.so
[1.339s] -- Found Eigen3: TRUE (found version "3.4.0") 
[1.339s] -- Ensuring Eigen3 include directory is part of orocos-kdl CMake target
[2.154s] -- Found Boost: /usr/lib/x86_64-linux-gnu/cmake/Boost-1.74.0/BoostConfig.cmake (found version "1.74.0") found components: system filesystem date_time program_options thread chrono 
[2.515s] -- Found Boost: /usr/lib/x86_64-linux-gnu/cmake/Boost-1.74.0/BoostConfig.cmake (found version "1.74.0") found components: thread date_time system filesystem 
[2.571s] -- Found Boost: /usr/lib/x86_64-linux-gnu/cmake/Boost-1.74.0/BoostConfig.cmake (found version "1.74.0") found components: date_time filesystem program_options system thread 
[2.701s] -- Found Boost: /usr/lib/x86_64-linux-gnu/cmake/Boost-1.74.0/BoostConfig.cmake (found version "1.74.0") found components: thread system filesystem regex date_time program_options 
[2.918s] -- Found Boost: /usr/lib/x86_64-linux-gnu/cmake/Boost-1.74.0/BoostConfig.cmake (found version "1.74.0") found components: system filesystem date_time program_options thread 
[3.705s] -- Setting OGRE_DIR to: '/opt/ros/humble/share/rviz_ogre_vendor/cmake/../../../opt/rviz_ogre_vendor/lib/OGRE/cmake'
[3.706s] -- Found OGRE
[3.706s] --   static     : OFF
[3.706s] --   components : HLMS;MeshLodGenerator;Overlay;Paging;Property;RTShaderSystem;Terrain;Volume
[3.706s] --   plugins    : Plugin_BSPSceneManager;Plugin_OctreeSceneManager;Plugin_PCZSceneManager;Plugin_ParticleFX;RenderSystem_GL;RenderSystem_GL3Plus;Codec_STBI
[3.706s] --   media      : /opt/ros/humble/opt/rviz_ogre_vendor/share/OGRE/Media
[3.707s] -- OGRE_LIBRARIES: OgreHLMS;OgreMeshLodGenerator;OgreOverlay;OgrePaging;OgreProperty;OgreRTShaderSystem;OgreTerrain;OgreVolume;OgreMain
[3.707s] -- OGRE_LIBRARY_DIRS: /opt/ros/humble/opt/rviz_ogre_vendor/lib
[3.707s] -- OGRE_PLUGINS: Plugin_BSPSceneManager;Plugin_OctreeSceneManager;Plugin_PCZSceneManager;Plugin_ParticleFX;RenderSystem_GL;RenderSystem_GL3Plus;Codec_STBI
[3.707s] -- OGRE_PLUGIN_DIR: /opt/ros/humble/opt/rviz_ogre_vendor/lib/OGRE
[3.707s] -- rviz_ogre_vendor::OgreOverlay for IMPORTED_LOCATION_RELEASE: /opt/ros/humble/opt/rviz_ogre_vendor/lib/libOgreOverlay.so
[3.707s] -- rviz_ogre_vendor::OgreOverlay for IMPORTED_LOCATION_DEBUG: /opt/ros/humble/opt/rviz_ogre_vendor/lib/libOgreOverlay.so
[3.707s] -- rviz_ogre_vendor::OgreMain for IMPORTED_LOCATION_RELEASE: /opt/ros/humble/opt/rviz_ogre_vendor/lib/libOgreMain.so
[3.707s] -- rviz_ogre_vendor::OgreMain for IMPORTED_LOCATION_DEBUG: /opt/ros/humble/opt/rviz_ogre_vendor/lib/libOgreMain.so
[3.708s] -- Could not find freeimage library
[3.723s] -- Found ZLIB: /usr/lib/x86_64-linux-gnu/libz.so (found version "1.2.11") 
[3.727s] -- Found OpenGL: /usr/lib/x86_64-linux-gnu/libOpenGL.so   
[3.794s] -- Found X11: /usr/include   
[3.794s] -- Looking for XOpenDisplay in /usr/lib/x86_64-linux-gnu/libX11.so;/usr/lib/x86_64-linux-gnu/libXext.so
[3.865s] -- Looking for XOpenDisplay in /usr/lib/x86_64-linux-gnu/libX11.so;/usr/lib/x86_64-linux-gnu/libXext.so - found
[3.865s] -- Looking for gethostbyname
[3.930s] -- Looking for gethostbyname - found
[3.930s] -- Looking for connect
[3.994s] -- Looking for connect - found
[3.994s] -- Looking for remove
[4.056s] -- Looking for remove - found
[4.056s] -- Looking for shmat
[4.118s] -- Looking for shmat - found
[4.118s] -- Looking for IceConnectionNumber in ICE
[4.184s] -- Looking for IceConnectionNumber in ICE - found
[4.185s] -- rviz_ogre_vendor::RenderSystem_GL for IMPORTED_LOCATION_RELEASE: _render_system_gl_static_library_abs-NOTFOUND
[4.185s] -- rviz_ogre_vendor::RenderSystem_GL for IMPORTED_LOCATION_DEBUG: _render_system_gl_static_library_abs-NOTFOUND
[4.677s] -- Found ament_lint_auto: 0.12.7 (/opt/ros/humble/share/ament_lint_auto/cmake)
[4.702s] -- Found gtest sources under '/opt/ros/humble/src/gtest_vendor': C++ tests using 'Google Test' will be built
[4.711s] -- Added test 'lint_cmake' to check CMake code style
[4.712s] -- Added test 'xmllint' to check XML markup files
[4.713s] -- Configuring done
[4.784s] -- Generating done
[4.786s] -- Build files have been written to: /home/mtrn/4231/ws_moveit2/build/moveit_setup_controllers
[4.799s] Invoked command in '/home/mtrn/4231/ws_moveit2/build/moveit_setup_controllers' returned '0': AMENT_PREFIX_PATH=/home/mtrn/4231/ws_moveit2/install/moveit_setup_framework:/home/mtrn/4231/ws_moveit2/install/moveit_ros_visualization:/home/mtrn/4231/ws_moveit2/install/moveit_ros_planning_interface:/home/mtrn/4231/ws_moveit2/install/moveit_ros_move_group:/home/mtrn/4231/ws_moveit2/install/moveit_ros_warehouse:/home/mtrn/4231/ws_moveit2/install/moveit_ros_robot_interaction:/home/mtrn/4231/ws_moveit2/install/moveit_kinematics:/home/mtrn/4231/ws_moveit2/install/moveit_ros_planning:/home/mtrn/4231/ws_moveit2/install/moveit_ros_occupancy_map_monitor:/home/mtrn/4231/ws_moveit2/install/moveit_core:/home/mtrn/4231/ws_moveit2/install/moveit_resources_panda_moveit_config:/home/mtrn/4231/ws_moveit2/install/moveit_resources_fanuc_moveit_config:/home/mtrn/4231/ws_moveit2/install/moveit_configs_utils:/home/mtrn/4231/ws_moveit2/install/srdfdom:/home/mtrn/4231/ws_moveit2/install/moveit_resources_panda_description:/home/mtrn/4231/ws_moveit2/install/moveit_resources_fanuc_description:/home/mtrn/4231/ws_moveit2/install/moveit_common:/home/mtrn/4231/ws_moveit2/install/launch_param_builder:${AMENT_PREFIX_PATH} CMAKE_PREFIX_PATH=/home/mtrn/4231/ws_moveit2/install/moveit_setup_framework:/home/mtrn/4231/ws_moveit2/install/moveit_ros_visualization:/home/mtrn/4231/ws_moveit2/install/moveit_ros_planning_interface:/home/mtrn/4231/ws_moveit2/install/moveit_ros_move_group:/home/mtrn/4231/ws_moveit2/install/moveit_ros_warehouse:/home/mtrn/4231/ws_moveit2/install/moveit_ros_robot_interaction:/home/mtrn/4231/ws_moveit2/install/moveit_kinematics:/home/mtrn/4231/ws_moveit2/install/moveit_ros_planning:/home/mtrn/4231/ws_moveit2/install/moveit_ros_occupancy_map_monitor:/home/mtrn/4231/ws_moveit2/install/moveit_core:/home/mtrn/4231/ws_moveit2/install/moveit_resources_panda_moveit_config:/home/mtrn/4231/ws_moveit2/install/moveit_resources_fanuc_moveit_config:/home/mtrn/4231/ws_moveit2/install/srdfdom:/home/mtrn/4231/ws_moveit2/install/moveit_resources_panda_description:/home/mtrn/4231/ws_moveit2/install/moveit_resources_fanuc_description:/home/mtrn/4231/ws_moveit2/install/moveit_common:/opt/ros/humble LD_LIBRARY_PATH=/home/mtrn/4231/ws_moveit2/install/moveit_setup_framework/lib:/home/mtrn/4231/ws_moveit2/install/moveit_ros_visualization/lib:/home/mtrn/4231/ws_moveit2/install/moveit_ros_planning_interface/lib:/home/mtrn/4231/ws_moveit2/install/moveit_ros_move_group/lib:/home/mtrn/4231/ws_moveit2/install/moveit_ros_warehouse/lib:/home/mtrn/4231/ws_moveit2/install/moveit_ros_robot_interaction/lib:/home/mtrn/4231/ws_moveit2/install/moveit_kinematics/lib:/home/mtrn/4231/ws_moveit2/install/moveit_ros_planning/lib:/home/mtrn/4231/ws_moveit2/install/moveit_ros_occupancy_map_monitor/lib:/home/mtrn/4231/ws_moveit2/install/moveit_core/lib:/home/mtrn/4231/ws_moveit2/install/srdfdom/lib:${LD_LIBRARY_PATH} PATH=/home/mtrn/4231/ws_moveit2/install/moveit_core/bin:${PATH} PYTHONPATH=/home/mtrn/4231/ws_moveit2/install/moveit_configs_utils/lib/python3.10/site-packages:/home/mtrn/4231/ws_moveit2/install/srdfdom/local/lib/python3.10/dist-packages:/home/mtrn/4231/ws_moveit2/install/launch_param_builder/lib/python3.10/site-packages:${PYTHONPATH} /usr/bin/cmake /home/mtrn/4231/ws_moveit2/src/moveit2/moveit_setup_assistant/moveit_setup_controllers -DCMAKE_BUILD_TYPE=Release -DCMAKE_INSTALL_PREFIX=/home/mtrn/4231/ws_moveit2/install/moveit_setup_controllers
[4.799s] Invoking command in '/home/mtrn/4231/ws_moveit2/build/moveit_setup_controllers': AMENT_PREFIX_PATH=/home/mtrn/4231/ws_moveit2/install/moveit_setup_framework:/home/mtrn/4231/ws_moveit2/install/moveit_ros_visualization:/home/mtrn/4231/ws_moveit2/install/moveit_ros_planning_interface:/home/mtrn/4231/ws_moveit2/install/moveit_ros_move_group:/home/mtrn/4231/ws_moveit2/install/moveit_ros_warehouse:/home/mtrn/4231/ws_moveit2/install/moveit_ros_robot_interaction:/home/mtrn/4231/ws_moveit2/install/moveit_kinematics:/home/mtrn/4231/ws_moveit2/install/moveit_ros_planning:/home/mtrn/4231/ws_moveit2/install/moveit_ros_occupancy_map_monitor:/home/mtrn/4231/ws_moveit2/install/moveit_core:/home/mtrn/4231/ws_moveit2/install/moveit_resources_panda_moveit_config:/home/mtrn/4231/ws_moveit2/install/moveit_resources_fanuc_moveit_config:/home/mtrn/4231/ws_moveit2/install/moveit_configs_utils:/home/mtrn/4231/ws_moveit2/install/srdfdom:/home/mtrn/4231/ws_moveit2/install/moveit_resources_panda_description:/home/mtrn/4231/ws_moveit2/install/moveit_resources_fanuc_description:/home/mtrn/4231/ws_moveit2/install/moveit_common:/home/mtrn/4231/ws_moveit2/install/launch_param_builder:${AMENT_PREFIX_PATH} CMAKE_PREFIX_PATH=/home/mtrn/4231/ws_moveit2/install/moveit_setup_framework:/home/mtrn/4231/ws_moveit2/install/moveit_ros_visualization:/home/mtrn/4231/ws_moveit2/install/moveit_ros_planning_interface:/home/mtrn/4231/ws_moveit2/install/moveit_ros_move_group:/home/mtrn/4231/ws_moveit2/install/moveit_ros_warehouse:/home/mtrn/4231/ws_moveit2/install/moveit_ros_robot_interaction:/home/mtrn/4231/ws_moveit2/install/moveit_kinematics:/home/mtrn/4231/ws_moveit2/install/moveit_ros_planning:/home/mtrn/4231/ws_moveit2/install/moveit_ros_occupancy_map_monitor:/home/mtrn/4231/ws_moveit2/install/moveit_core:/home/mtrn/4231/ws_moveit2/install/moveit_resources_panda_moveit_config:/home/mtrn/4231/ws_moveit2/install/moveit_resources_fanuc_moveit_config:/home/mtrn/4231/ws_moveit2/install/srdfdom:/home/mtrn/4231/ws_moveit2/install/moveit_resources_panda_description:/home/mtrn/4231/ws_moveit2/install/moveit_resources_fanuc_description:/home/mtrn/4231/ws_moveit2/install/moveit_common:/opt/ros/humble LD_LIBRARY_PATH=/home/mtrn/4231/ws_moveit2/install/moveit_setup_framework/lib:/home/mtrn/4231/ws_moveit2/install/moveit_ros_visualization/lib:/home/mtrn/4231/ws_moveit2/install/moveit_ros_planning_interface/lib:/home/mtrn/4231/ws_moveit2/install/moveit_ros_move_group/lib:/home/mtrn/4231/ws_moveit2/install/moveit_ros_warehouse/lib:/home/mtrn/4231/ws_moveit2/install/moveit_ros_robot_interaction/lib:/home/mtrn/4231/ws_moveit2/install/moveit_kinematics/lib:/home/mtrn/4231/ws_moveit2/install/moveit_ros_planning/lib:/home/mtrn/4231/ws_moveit2/install/moveit_ros_occupancy_map_monitor/lib:/home/mtrn/4231/ws_moveit2/install/moveit_core/lib:/home/mtrn/4231/ws_moveit2/install/srdfdom/lib:${LD_LIBRARY_PATH} PATH=/home/mtrn/4231/ws_moveit2/install/moveit_core/bin:${PATH} PYTHONPATH=/home/mtrn/4231/ws_moveit2/install/moveit_configs_utils/lib/python3.10/site-packages:/home/mtrn/4231/ws_moveit2/install/srdfdom/local/lib/python3.10/dist-packages:/home/mtrn/4231/ws_moveit2/install/launch_param_builder/lib/python3.10/site-packages:${PYTHONPATH} /usr/bin/cmake --build /home/mtrn/4231/ws_moveit2/build/moveit_setup_controllers -- -j4 -l4
[4.834s] [  3%] [34m[1mAutomatic MOC for target gtest_main[0m
[4.837s] [  6%] [34m[1mAutomatic MOC for target moveit_setup_controllers[0m
[4.837s] [  9%] [34m[1mAutomatic MOC for target gtest[0m
[4.864s] [  9%] Built target gtest_main_autogen
[4.864s] [  9%] Built target gtest_autogen
[4.867s] [  9%] Built target moveit_setup_controllers_autogen
[4.877s] [ 12%] [34m[1mGenerating include/moveit_setup_controllers/moc_urdf_modifications_widget.cpp[0m
[4.878s] [ 15%] [34m[1mGenerating include/moveit_setup_controllers/moc_controller_edit_widget.cpp[0m
[4.883s] [ 18%] [32mBuilding CXX object gtest/CMakeFiles/gtest_main.dir/gtest_main_autogen/mocs_compilation.cpp.o[0m
[4.883s] [ 21%] [32mBuilding CXX object gtest/CMakeFiles/gtest.dir/gtest_autogen/mocs_compilation.cpp.o[0m
[4.888s] [ 24%] [32mBuilding CXX object gtest/CMakeFiles/gtest_main.dir/src/gtest_main.cc.o[0m
[4.889s] [ 27%] [34m[1mGenerating include/moveit_setup_controllers/moc_controllers_widget.cpp[0m
[4.900s] [ 30%] [32mBuilding CXX object gtest/CMakeFiles/gtest.dir/src/gtest-all.cc.o[0m
[4.908s] [ 33%] [32mBuilding CXX object CMakeFiles/moveit_setup_controllers.dir/moveit_setup_controllers_autogen/mocs_compilation.cpp.o[0m
[4.913s] [ 36%] [32mBuilding CXX object CMakeFiles/moveit_setup_controllers.dir/src/control_xacro_config.cpp.o[0m
[4.923s] [ 39%] [32mBuilding CXX object CMakeFiles/moveit_setup_controllers.dir/src/controller_edit_widget.cpp.o[0m
[5.749s] [ 42%] [32m[1mLinking CXX static library libgtest_main.a[0m
[5.792s] [ 42%] Built target gtest_main
[5.801s] [ 45%] [32mBuilding CXX object CMakeFiles/moveit_setup_controllers.dir/src/controllers.cpp.o[0m
[12.776s] [ 48%] [32m[1mLinking CXX static library libgtest.a[0m
[12.825s] [ 48%] Built target gtest
[12.837s] [ 51%] [32mBuilding CXX object CMakeFiles/moveit_setup_controllers.dir/src/controllers_widget.cpp.o[0m
[13.919s] [ 54%] [32mBuilding CXX object CMakeFiles/moveit_setup_controllers.dir/src/controllers_config.cpp.o[0m
[15.058s] [ 57%] [32mBuilding CXX object CMakeFiles/moveit_setup_controllers.dir/src/modified_urdf_config.cpp.o[0m
[15.152s] [ 60%] [32mBuilding CXX object CMakeFiles/moveit_setup_controllers.dir/src/moveit_controllers_config.cpp.o[0m
[19.749s] [ 63%] [32mBuilding CXX object CMakeFiles/moveit_setup_controllers.dir/src/moveit_controllers_widget.cpp.o[0m
[22.447s] [ 66%] [32mBuilding CXX object CMakeFiles/moveit_setup_controllers.dir/src/ros2_controllers_config.cpp.o[0m
[25.130s] [ 69%] [32mBuilding CXX object CMakeFiles/moveit_setup_controllers.dir/src/ros2_controllers_widget.cpp.o[0m
[28.592s] [ 72%] [32mBuilding CXX object CMakeFiles/moveit_setup_controllers.dir/src/urdf_modifications.cpp.o[0m
[32.925s] [ 75%] [32mBuilding CXX object CMakeFiles/moveit_setup_controllers.dir/src/urdf_modifications_widget.cpp.o[0m
[32.931s] [ 78%] [32mBuilding CXX object CMakeFiles/moveit_setup_controllers.dir/include/moveit_setup_controllers/moc_controller_edit_widget.cpp.o[0m
[37.278s] [ 81%] [32mBuilding CXX object CMakeFiles/moveit_setup_controllers.dir/include/moveit_setup_controllers/moc_controllers_widget.cpp.o[0m
[38.453s] [ 84%] [32mBuilding CXX object CMakeFiles/moveit_setup_controllers.dir/include/moveit_setup_controllers/moc_urdf_modifications_widget.cpp.o[0m
[49.319s] [ 87%] [32m[1mLinking CXX shared library libmoveit_setup_controllers.so[0m
[49.637s] [ 87%] Built target moveit_setup_controllers
[49.653s] [ 90%] [34m[1mAutomatic MOC for target test_controllers[0m
[49.679s] [ 90%] Built target test_controllers_autogen
[49.696s] [ 93%] [32mBuilding CXX object CMakeFiles/test_controllers.dir/test_controllers_autogen/mocs_compilation.cpp.o[0m
[49.696s] [ 96%] [32mBuilding CXX object CMakeFiles/test_controllers.dir/test/test_controllers.cpp.o[0m
[59.502s] [100%] [32m[1mLinking CXX executable test_controllers[0m
[59.973s] [100%] Built target test_controllers
[59.983s] Invoked command in '/home/mtrn/4231/ws_moveit2/build/moveit_setup_controllers' returned '0': AMENT_PREFIX_PATH=/home/mtrn/4231/ws_moveit2/install/moveit_setup_framework:/home/mtrn/4231/ws_moveit2/install/moveit_ros_visualization:/home/mtrn/4231/ws_moveit2/install/moveit_ros_planning_interface:/home/mtrn/4231/ws_moveit2/install/moveit_ros_move_group:/home/mtrn/4231/ws_moveit2/install/moveit_ros_warehouse:/home/mtrn/4231/ws_moveit2/install/moveit_ros_robot_interaction:/home/mtrn/4231/ws_moveit2/install/moveit_kinematics:/home/mtrn/4231/ws_moveit2/install/moveit_ros_planning:/home/mtrn/4231/ws_moveit2/install/moveit_ros_occupancy_map_monitor:/home/mtrn/4231/ws_moveit2/install/moveit_core:/home/mtrn/4231/ws_moveit2/install/moveit_resources_panda_moveit_config:/home/mtrn/4231/ws_moveit2/install/moveit_resources_fanuc_moveit_config:/home/mtrn/4231/ws_moveit2/install/moveit_configs_utils:/home/mtrn/4231/ws_moveit2/install/srdfdom:/home/mtrn/4231/ws_moveit2/install/moveit_resources_panda_description:/home/mtrn/4231/ws_moveit2/install/moveit_resources_fanuc_description:/home/mtrn/4231/ws_moveit2/install/moveit_common:/home/mtrn/4231/ws_moveit2/install/launch_param_builder:${AMENT_PREFIX_PATH} CMAKE_PREFIX_PATH=/home/mtrn/4231/ws_moveit2/install/moveit_setup_framework:/home/mtrn/4231/ws_moveit2/install/moveit_ros_visualization:/home/mtrn/4231/ws_moveit2/install/moveit_ros_planning_interface:/home/mtrn/4231/ws_moveit2/install/moveit_ros_move_group:/home/mtrn/4231/ws_moveit2/install/moveit_ros_warehouse:/home/mtrn/4231/ws_moveit2/install/moveit_ros_robot_interaction:/home/mtrn/4231/ws_moveit2/install/moveit_kinematics:/home/mtrn/4231/ws_moveit2/install/moveit_ros_planning:/home/mtrn/4231/ws_moveit2/install/moveit_ros_occupancy_map_monitor:/home/mtrn/4231/ws_moveit2/install/moveit_core:/home/mtrn/4231/ws_moveit2/install/moveit_resources_panda_moveit_config:/home/mtrn/4231/ws_moveit2/install/moveit_resources_fanuc_moveit_config:/home/mtrn/4231/ws_moveit2/install/srdfdom:/home/mtrn/4231/ws_moveit2/install/moveit_resources_panda_description:/home/mtrn/4231/ws_moveit2/install/moveit_resources_fanuc_description:/home/mtrn/4231/ws_moveit2/install/moveit_common:/opt/ros/humble LD_LIBRARY_PATH=/home/mtrn/4231/ws_moveit2/install/moveit_setup_framework/lib:/home/mtrn/4231/ws_moveit2/install/moveit_ros_visualization/lib:/home/mtrn/4231/ws_moveit2/install/moveit_ros_planning_interface/lib:/home/mtrn/4231/ws_moveit2/install/moveit_ros_move_group/lib:/home/mtrn/4231/ws_moveit2/install/moveit_ros_warehouse/lib:/home/mtrn/4231/ws_moveit2/install/moveit_ros_robot_interaction/lib:/home/mtrn/4231/ws_moveit2/install/moveit_kinematics/lib:/home/mtrn/4231/ws_moveit2/install/moveit_ros_planning/lib:/home/mtrn/4231/ws_moveit2/install/moveit_ros_occupancy_map_monitor/lib:/home/mtrn/4231/ws_moveit2/install/moveit_core/lib:/home/mtrn/4231/ws_moveit2/install/srdfdom/lib:${LD_LIBRARY_PATH} PATH=/home/mtrn/4231/ws_moveit2/install/moveit_core/bin:${PATH} PYTHONPATH=/home/mtrn/4231/ws_moveit2/install/moveit_configs_utils/lib/python3.10/site-packages:/home/mtrn/4231/ws_moveit2/install/srdfdom/local/lib/python3.10/dist-packages:/home/mtrn/4231/ws_moveit2/install/launch_param_builder/lib/python3.10/site-packages:${PYTHONPATH} /usr/bin/cmake --build /home/mtrn/4231/ws_moveit2/build/moveit_setup_controllers -- -j4 -l4
[60.029s] Invoking command in '/home/mtrn/4231/ws_moveit2/build/moveit_setup_controllers': AMENT_PREFIX_PATH=/home/mtrn/4231/ws_moveit2/install/moveit_setup_framework:/home/mtrn/4231/ws_moveit2/install/moveit_ros_visualization:/home/mtrn/4231/ws_moveit2/install/moveit_ros_planning_interface:/home/mtrn/4231/ws_moveit2/install/moveit_ros_move_group:/home/mtrn/4231/ws_moveit2/install/moveit_ros_warehouse:/home/mtrn/4231/ws_moveit2/install/moveit_ros_robot_interaction:/home/mtrn/4231/ws_moveit2/install/moveit_kinematics:/home/mtrn/4231/ws_moveit2/install/moveit_ros_planning:/home/mtrn/4231/ws_moveit2/install/moveit_ros_occupancy_map_monitor:/home/mtrn/4231/ws_moveit2/install/moveit_core:/home/mtrn/4231/ws_moveit2/install/moveit_resources_panda_moveit_config:/home/mtrn/4231/ws_moveit2/install/moveit_resources_fanuc_moveit_config:/home/mtrn/4231/ws_moveit2/install/moveit_configs_utils:/home/mtrn/4231/ws_moveit2/install/srdfdom:/home/mtrn/4231/ws_moveit2/install/moveit_resources_panda_description:/home/mtrn/4231/ws_moveit2/install/moveit_resources_fanuc_description:/home/mtrn/4231/ws_moveit2/install/moveit_common:/home/mtrn/4231/ws_moveit2/install/launch_param_builder:${AMENT_PREFIX_PATH} CMAKE_PREFIX_PATH=/home/mtrn/4231/ws_moveit2/install/moveit_setup_framework:/home/mtrn/4231/ws_moveit2/install/moveit_ros_visualization:/home/mtrn/4231/ws_moveit2/install/moveit_ros_planning_interface:/home/mtrn/4231/ws_moveit2/install/moveit_ros_move_group:/home/mtrn/4231/ws_moveit2/install/moveit_ros_warehouse:/home/mtrn/4231/ws_moveit2/install/moveit_ros_robot_interaction:/home/mtrn/4231/ws_moveit2/install/moveit_kinematics:/home/mtrn/4231/ws_moveit2/install/moveit_ros_planning:/home/mtrn/4231/ws_moveit2/install/moveit_ros_occupancy_map_monitor:/home/mtrn/4231/ws_moveit2/install/moveit_core:/home/mtrn/4231/ws_moveit2/install/moveit_resources_panda_moveit_config:/home/mtrn/4231/ws_moveit2/install/moveit_resources_fanuc_moveit_config:/home/mtrn/4231/ws_moveit2/install/srdfdom:/home/mtrn/4231/ws_moveit2/install/moveit_resources_panda_description:/home/mtrn/4231/ws_moveit2/install/moveit_resources_fanuc_description:/home/mtrn/4231/ws_moveit2/install/moveit_common:/opt/ros/humble LD_LIBRARY_PATH=/home/mtrn/4231/ws_moveit2/install/moveit_setup_framework/lib:/home/mtrn/4231/ws_moveit2/install/moveit_ros_visualization/lib:/home/mtrn/4231/ws_moveit2/install/moveit_ros_planning_interface/lib:/home/mtrn/4231/ws_moveit2/install/moveit_ros_move_group/lib:/home/mtrn/4231/ws_moveit2/install/moveit_ros_warehouse/lib:/home/mtrn/4231/ws_moveit2/install/moveit_ros_robot_interaction/lib:/home/mtrn/4231/ws_moveit2/install/moveit_kinematics/lib:/home/mtrn/4231/ws_moveit2/install/moveit_ros_planning/lib:/home/mtrn/4231/ws_moveit2/install/moveit_ros_occupancy_map_monitor/lib:/home/mtrn/4231/ws_moveit2/install/moveit_core/lib:/home/mtrn/4231/ws_moveit2/install/srdfdom/lib:${LD_LIBRARY_PATH} PATH=/home/mtrn/4231/ws_moveit2/install/moveit_core/bin:${PATH} PYTHONPATH=/home/mtrn/4231/ws_moveit2/install/moveit_configs_utils/lib/python3.10/site-packages:/home/mtrn/4231/ws_moveit2/install/srdfdom/local/lib/python3.10/dist-packages:/home/mtrn/4231/ws_moveit2/install/launch_param_builder/lib/python3.10/site-packages:${PYTHONPATH} /usr/bin/cmake --install /home/mtrn/4231/ws_moveit2/build/moveit_setup_controllers
[60.037s] -- Install configuration: "Release"
[60.037s] -- Installing: /home/mtrn/4231/ws_moveit2/install/moveit_setup_controllers/share/moveit_setup_controllers/templates
[60.037s] -- Installing: /home/mtrn/4231/ws_moveit2/install/moveit_setup_controllers/share/moveit_setup_controllers/templates/config
[60.037s] -- Installing: /home/mtrn/4231/ws_moveit2/install/moveit_setup_controllers/share/moveit_setup_controllers/templates/config/modified.urdf.xacro
[60.039s] -- Installing: /home/mtrn/4231/ws_moveit2/install/moveit_setup_controllers/share/moveit_setup_controllers/templates/config/gazebo_controllers.yaml
[60.040s] -- Installing: /home/mtrn/4231/ws_moveit2/install/moveit_setup_controllers/share/moveit_setup_controllers/templates/config/ros2_control.xacro
[60.040s] -- Installing: /home/mtrn/4231/ws_moveit2/install/moveit_setup_controllers/lib/libmoveit_setup_controllers.so
[60.041s] -- Set runtime path of "/home/mtrn/4231/ws_moveit2/install/moveit_setup_controllers/lib/libmoveit_setup_controllers.so" to ""
[60.041s] -- Installing: /home/mtrn/4231/ws_moveit2/install/moveit_setup_controllers/share/moveit_setup_controllers/moveit_setup_framework_plugins.xml
[60.043s] -- Installing: /home/mtrn/4231/ws_moveit2/install/moveit_setup_controllers/include
[60.043s] -- Installing: /home/mtrn/4231/ws_moveit2/install/moveit_setup_controllers/include/moveit_setup_controllers
[60.044s] -- Installing: /home/mtrn/4231/ws_moveit2/install/moveit_setup_controllers/include/moveit_setup_controllers/ros2_controllers_config.hpp
[60.044s] -- Installing: /home/mtrn/4231/ws_moveit2/install/moveit_setup_controllers/include/moveit_setup_controllers/controllers_config.hpp
[60.044s] -- Installing: /home/mtrn/4231/ws_moveit2/install/moveit_setup_controllers/include/moveit_setup_controllers/moveit_controllers_config.hpp
[60.044s] -- Installing: /home/mtrn/4231/ws_moveit2/install/moveit_setup_controllers/include/moveit_setup_controllers/controllers_widget.hpp
[60.044s] -- Installing: /home/mtrn/4231/ws_moveit2/install/moveit_setup_controllers/include/moveit_setup_controllers/included_xacro_config.hpp
[60.044s] -- Installing: /home/mtrn/4231/ws_moveit2/install/moveit_setup_controllers/include/moveit_setup_controllers/moveit_controllers.hpp
[60.044s] -- Installing: /home/mtrn/4231/ws_moveit2/install/moveit_setup_controllers/include/moveit_setup_controllers/urdf_modifications_widget.hpp
[60.044s] -- Installing: /home/mtrn/4231/ws_moveit2/install/moveit_setup_controllers/include/moveit_setup_controllers/ros2_controllers.hpp
[60.044s] -- Installing: /home/mtrn/4231/ws_moveit2/install/moveit_setup_controllers/include/moveit_setup_controllers/controller_edit_widget.hpp
[60.044s] -- Installing: /home/mtrn/4231/ws_moveit2/install/moveit_setup_controllers/include/moveit_setup_controllers/control_xacro_config.hpp
[60.044s] -- Installing: /home/mtrn/4231/ws_moveit2/install/moveit_setup_controllers/include/moveit_setup_controllers/modified_urdf_config.hpp
[60.044s] -- Installing: /home/mtrn/4231/ws_moveit2/install/moveit_setup_controllers/include/moveit_setup_controllers/controllers.hpp
[60.044s] -- Installing: /home/mtrn/4231/ws_moveit2/install/moveit_setup_controllers/include/moveit_setup_controllers/urdf_modifications.hpp
[60.044s] -- Installing: /home/mtrn/4231/ws_moveit2/install/moveit_setup_controllers/share/moveit_setup_controllers/launch
[60.044s] -- Installing: /home/mtrn/4231/ws_moveit2/install/moveit_setup_controllers/share/moveit_setup_controllers/launch/control.launch.py
[60.045s] -- Installing: /home/mtrn/4231/ws_moveit2/install/moveit_setup_controllers/share/moveit_setup_controllers/environment/library_path.sh
[60.045s] -- Installing: /home/mtrn/4231/ws_moveit2/install/moveit_setup_controllers/share/moveit_setup_controllers/environment/library_path.dsv
[60.045s] -- Up-to-date: /home/mtrn/4231/ws_moveit2/install/moveit_setup_controllers/share/moveit_setup_controllers/moveit_setup_framework_plugins.xml
[60.045s] -- Installing: /home/mtrn/4231/ws_moveit2/install/moveit_setup_controllers/share/ament_index/resource_index/package_run_dependencies/moveit_setup_controllers
[60.045s] -- Installing: /home/mtrn/4231/ws_moveit2/install/moveit_setup_controllers/share/ament_index/resource_index/parent_prefix_path/moveit_setup_controllers
[60.045s] -- Installing: /home/mtrn/4231/ws_moveit2/install/moveit_setup_controllers/share/moveit_setup_controllers/environment/ament_prefix_path.sh
[60.045s] -- Installing: /home/mtrn/4231/ws_moveit2/install/moveit_setup_controllers/share/moveit_setup_controllers/environment/ament_prefix_path.dsv
[60.045s] -- Installing: /home/mtrn/4231/ws_moveit2/install/moveit_setup_controllers/share/moveit_setup_controllers/environment/path.sh
[60.045s] -- Installing: /home/mtrn/4231/ws_moveit2/install/moveit_setup_controllers/share/moveit_setup_controllers/environment/path.dsv
[60.045s] -- Installing: /home/mtrn/4231/ws_moveit2/install/moveit_setup_controllers/share/moveit_setup_controllers/local_setup.bash
[60.045s] -- Installing: /home/mtrn/4231/ws_moveit2/install/moveit_setup_controllers/share/moveit_setup_controllers/local_setup.sh
[60.045s] -- Installing: /home/mtrn/4231/ws_moveit2/install/moveit_setup_controllers/share/moveit_setup_controllers/local_setup.zsh
[60.045s] -- Installing: /home/mtrn/4231/ws_moveit2/install/moveit_setup_controllers/share/moveit_setup_controllers/local_setup.dsv
[60.045s] -- Installing: /home/mtrn/4231/ws_moveit2/install/moveit_setup_controllers/share/moveit_setup_controllers/package.dsv
[60.046s] -- Installing: /home/mtrn/4231/ws_moveit2/install/moveit_setup_controllers/share/ament_index/resource_index/packages/moveit_setup_controllers
[60.046s] -- Installing: /home/mtrn/4231/ws_moveit2/install/moveit_setup_controllers/share/ament_index/resource_index/moveit_setup_framework__pluginlib__plugin/moveit_setup_controllers
[60.046s] -- Installing: /home/mtrn/4231/ws_moveit2/install/moveit_setup_controllers/share/moveit_setup_controllers/cmake/export_moveit_setup_controllersExport.cmake
[60.046s] -- Installing: /home/mtrn/4231/ws_moveit2/install/moveit_setup_controllers/share/moveit_setup_controllers/cmake/export_moveit_setup_controllersExport-release.cmake
[60.046s] -- Installing: /home/mtrn/4231/ws_moveit2/install/moveit_setup_controllers/share/moveit_setup_controllers/cmake/ament_cmake_export_include_directories-extras.cmake
[60.046s] -- Installing: /home/mtrn/4231/ws_moveit2/install/moveit_setup_controllers/share/moveit_setup_controllers/cmake/ament_cmake_export_libraries-extras.cmake
[60.046s] -- Installing: /home/mtrn/4231/ws_moveit2/install/moveit_setup_controllers/share/moveit_setup_controllers/cmake/ament_cmake_export_targets-extras.cmake
[60.046s] -- Installing: /home/mtrn/4231/ws_moveit2/install/moveit_setup_controllers/share/moveit_setup_controllers/cmake/moveit_setup_controllersConfig.cmake
[60.046s] -- Installing: /home/mtrn/4231/ws_moveit2/install/moveit_setup_controllers/share/moveit_setup_controllers/cmake/moveit_setup_controllersConfig-version.cmake
[60.046s] -- Installing: /home/mtrn/4231/ws_moveit2/install/moveit_setup_controllers/share/moveit_setup_controllers/package.xml
[60.052s] Invoked command in '/home/mtrn/4231/ws_moveit2/build/moveit_setup_controllers' returned '0': AMENT_PREFIX_PATH=/home/mtrn/4231/ws_moveit2/install/moveit_setup_framework:/home/mtrn/4231/ws_moveit2/install/moveit_ros_visualization:/home/mtrn/4231/ws_moveit2/install/moveit_ros_planning_interface:/home/mtrn/4231/ws_moveit2/install/moveit_ros_move_group:/home/mtrn/4231/ws_moveit2/install/moveit_ros_warehouse:/home/mtrn/4231/ws_moveit2/install/moveit_ros_robot_interaction:/home/mtrn/4231/ws_moveit2/install/moveit_kinematics:/home/mtrn/4231/ws_moveit2/install/moveit_ros_planning:/home/mtrn/4231/ws_moveit2/install/moveit_ros_occupancy_map_monitor:/home/mtrn/4231/ws_moveit2/install/moveit_core:/home/mtrn/4231/ws_moveit2/install/moveit_resources_panda_moveit_config:/home/mtrn/4231/ws_moveit2/install/moveit_resources_fanuc_moveit_config:/home/mtrn/4231/ws_moveit2/install/moveit_configs_utils:/home/mtrn/4231/ws_moveit2/install/srdfdom:/home/mtrn/4231/ws_moveit2/install/moveit_resources_panda_description:/home/mtrn/4231/ws_moveit2/install/moveit_resources_fanuc_description:/home/mtrn/4231/ws_moveit2/install/moveit_common:/home/mtrn/4231/ws_moveit2/install/launch_param_builder:${AMENT_PREFIX_PATH} CMAKE_PREFIX_PATH=/home/mtrn/4231/ws_moveit2/install/moveit_setup_framework:/home/mtrn/4231/ws_moveit2/install/moveit_ros_visualization:/home/mtrn/4231/ws_moveit2/install/moveit_ros_planning_interface:/home/mtrn/4231/ws_moveit2/install/moveit_ros_move_group:/home/mtrn/4231/ws_moveit2/install/moveit_ros_warehouse:/home/mtrn/4231/ws_moveit2/install/moveit_ros_robot_interaction:/home/mtrn/4231/ws_moveit2/install/moveit_kinematics:/home/mtrn/4231/ws_moveit2/install/moveit_ros_planning:/home/mtrn/4231/ws_moveit2/install/moveit_ros_occupancy_map_monitor:/home/mtrn/4231/ws_moveit2/install/moveit_core:/home/mtrn/4231/ws_moveit2/install/moveit_resources_panda_moveit_config:/home/mtrn/4231/ws_moveit2/install/moveit_resources_fanuc_moveit_config:/home/mtrn/4231/ws_moveit2/install/srdfdom:/home/mtrn/4231/ws_moveit2/install/moveit_resources_panda_description:/home/mtrn/4231/ws_moveit2/install/moveit_resources_fanuc_description:/home/mtrn/4231/ws_moveit2/install/moveit_common:/opt/ros/humble LD_LIBRARY_PATH=/home/mtrn/4231/ws_moveit2/install/moveit_setup_framework/lib:/home/mtrn/4231/ws_moveit2/install/moveit_ros_visualization/lib:/home/mtrn/4231/ws_moveit2/install/moveit_ros_planning_interface/lib:/home/mtrn/4231/ws_moveit2/install/moveit_ros_move_group/lib:/home/mtrn/4231/ws_moveit2/install/moveit_ros_warehouse/lib:/home/mtrn/4231/ws_moveit2/install/moveit_ros_robot_interaction/lib:/home/mtrn/4231/ws_moveit2/install/moveit_kinematics/lib:/home/mtrn/4231/ws_moveit2/install/moveit_ros_planning/lib:/home/mtrn/4231/ws_moveit2/install/moveit_ros_occupancy_map_monitor/lib:/home/mtrn/4231/ws_moveit2/install/moveit_core/lib:/home/mtrn/4231/ws_moveit2/install/srdfdom/lib:${LD_LIBRARY_PATH} PATH=/home/mtrn/4231/ws_moveit2/install/moveit_core/bin:${PATH} PYTHONPATH=/home/mtrn/4231/ws_moveit2/install/moveit_configs_utils/lib/python3.10/site-packages:/home/mtrn/4231/ws_moveit2/install/srdfdom/local/lib/python3.10/dist-packages:/home/mtrn/4231/ws_moveit2/install/launch_param_builder/lib/python3.10/site-packages:${PYTHONPATH} /usr/bin/cmake --install /home/mtrn/4231/ws_moveit2/build/moveit_setup_controllers
