[0.006s] Invoking command in '/home/mtrn/4231/ws_moveit2/build/moveit_resources_prbt_support': CMAKE_PREFIX_PATH=/opt/ros/humble /usr/bin/cmake /home/mtrn/4231/ws_moveit2/src/moveit2/moveit_planners/test_configs/prbt_support -DCMAKE_BUILD_TYPE=Release -DCMAKE_INSTALL_PREFIX=/home/mtrn/4231/ws_moveit2/install/moveit_resources_prbt_support
[0.046s] -- The C compiler identification is GNU 11.4.0
[0.083s] -- The CXX compiler identification is GNU 11.4.0
[0.087s] -- Detecting C compiler ABI info
[0.136s] -- Detecting C compiler ABI info - done
[0.141s] -- Check for working C compiler: /usr/bin/cc - skipped
[0.141s] -- Detecting C compile features
[0.141s] -- Detecting C compile features - done
[0.143s] -- Detecting CXX compiler ABI info
[0.198s] -- Detecting CXX compiler ABI info - done
[0.202s] -- Check for working CXX compiler: /usr/bin/c++ - skipped
[0.202s] -- Detecting CXX compile features
[0.203s] -- Detecting CXX compile features - done
[0.204s] -- Found ament_cmake: 1.3.5 (/opt/ros/humble/share/ament_cmake/cmake)
[0.308s] -- Found Python3: /usr/bin/python3.10 (found version "3.10.12") found components: Interpreter 
[0.417s] -- Configuring done
[0.419s] -- Generating done
[0.419s] -- Build files have been written to: /home/mtrn/4231/ws_moveit2/build/moveit_resources_prbt_support
[0.422s] Invoked command in '/home/mtrn/4231/ws_moveit2/build/moveit_resources_prbt_support' returned '0': CMAKE_PREFIX_PATH=/opt/ros/humble /usr/bin/cmake /home/mtrn/4231/ws_moveit2/src/moveit2/moveit_planners/test_configs/prbt_support -DCMAKE_BUILD_TYPE=Release -DCMAKE_INSTALL_PREFIX=/home/mtrn/4231/ws_moveit2/install/moveit_resources_prbt_support
[0.435s] Invoking command in '/home/mtrn/4231/ws_moveit2/build/moveit_resources_prbt_support': CMAKE_PREFIX_PATH=/opt/ros/humble /usr/bin/cmake --build /home/mtrn/4231/ws_moveit2/build/moveit_resources_prbt_support -- -j4 -l4
[0.444s] Invoked command in '/home/mtrn/4231/ws_moveit2/build/moveit_resources_prbt_support' returned '0': CMAKE_PREFIX_PATH=/opt/ros/humble /usr/bin/cmake --build /home/mtrn/4231/ws_moveit2/build/moveit_resources_prbt_support -- -j4 -l4
[0.460s] Invoking command in '/home/mtrn/4231/ws_moveit2/build/moveit_resources_prbt_support': CMAKE_PREFIX_PATH=/opt/ros/humble /usr/bin/cmake --install /home/mtrn/4231/ws_moveit2/build/moveit_resources_prbt_support
[0.465s] -- Install configuration: "Release"
[0.465s] -- Installing: /home/mtrn/4231/ws_moveit2/install/moveit_resources_prbt_support/share/ament_index/resource_index/package_run_dependencies/moveit_resources_prbt_support
[0.466s] -- Installing: /home/mtrn/4231/ws_moveit2/install/moveit_resources_prbt_support/share/ament_index/resource_index/parent_prefix_path/moveit_resources_prbt_support
[0.466s] -- Installing: /home/mtrn/4231/ws_moveit2/install/moveit_resources_prbt_support/share/moveit_resources_prbt_support/environment/ament_prefix_path.sh
[0.466s] -- Installing: /home/mtrn/4231/ws_moveit2/install/moveit_resources_prbt_support/share/moveit_resources_prbt_support/environment/ament_prefix_path.dsv
[0.466s] -- Installing: /home/mtrn/4231/ws_moveit2/install/moveit_resources_prbt_support/share/moveit_resources_prbt_support/environment/path.sh
[0.466s] -- Installing: /home/mtrn/4231/ws_moveit2/install/moveit_resources_prbt_support/share/moveit_resources_prbt_support/environment/path.dsv
[0.466s] -- Installing: /home/mtrn/4231/ws_moveit2/install/moveit_resources_prbt_support/share/moveit_resources_prbt_support/local_setup.bash
[0.466s] -- Installing: /home/mtrn/4231/ws_moveit2/install/moveit_resources_prbt_support/share/moveit_resources_prbt_support/local_setup.sh
[0.466s] -- Installing: /home/mtrn/4231/ws_moveit2/install/moveit_resources_prbt_support/share/moveit_resources_prbt_support/local_setup.zsh
[0.466s] -- Installing: /home/mtrn/4231/ws_moveit2/install/moveit_resources_prbt_support/share/moveit_resources_prbt_support/local_setup.dsv
[0.466s] -- Installing: /home/mtrn/4231/ws_moveit2/install/moveit_resources_prbt_support/share/moveit_resources_prbt_support/package.dsv
[0.467s] -- Installing: /home/mtrn/4231/ws_moveit2/install/moveit_resources_prbt_support/share/ament_index/resource_index/packages/moveit_resources_prbt_support
[0.467s] -- Installing: /home/mtrn/4231/ws_moveit2/install/moveit_resources_prbt_support/share/moveit_resources_prbt_support/cmake/moveit_resources_prbt_supportConfig.cmake
[0.467s] -- Installing: /home/mtrn/4231/ws_moveit2/install/moveit_resources_prbt_support/share/moveit_resources_prbt_support/cmake/moveit_resources_prbt_supportConfig-version.cmake
[0.467s] -- Installing: /home/mtrn/4231/ws_moveit2/install/moveit_resources_prbt_support/share/moveit_resources_prbt_support/package.xml
[0.467s] -- Installing: /home/mtrn/4231/ws_moveit2/install/moveit_resources_prbt_support/share/moveit_resources_prbt_support/urdf
[0.475s] -- Installing: /home/mtrn/4231/ws_moveit2/install/moveit_resources_prbt_support/share/moveit_resources_prbt_support/urdf/simple_gripper_brackets.urdf.xacro
[0.476s] -- Installing: /home/mtrn/4231/ws_moveit2/install/moveit_resources_prbt_support/share/moveit_resources_prbt_support/urdf/prbt.ros2_control.xacro
[0.476s] -- Installing: /home/mtrn/4231/ws_moveit2/install/moveit_resources_prbt_support/share/moveit_resources_prbt_support/urdf/prbt_macro.xacro
[0.477s] -- Installing: /home/mtrn/4231/ws_moveit2/install/moveit_resources_prbt_support/share/moveit_resources_prbt_support/urdf/prbt.xacro
[0.477s] -- Installing: /home/mtrn/4231/ws_moveit2/install/moveit_resources_prbt_support/share/moveit_resources_prbt_support/meshes
[0.477s] -- Installing: /home/mtrn/4231/ws_moveit2/install/moveit_resources_prbt_support/share/moveit_resources_prbt_support/meshes/link_4.stl
[0.477s] -- Installing: /home/mtrn/4231/ws_moveit2/install/moveit_resources_prbt_support/share/moveit_resources_prbt_support/meshes/link_2.dae
[0.481s] -- Installing: /home/mtrn/4231/ws_moveit2/install/moveit_resources_prbt_support/share/moveit_resources_prbt_support/meshes/link_4.dae
[0.483s] -- Installing: /home/mtrn/4231/ws_moveit2/install/moveit_resources_prbt_support/share/moveit_resources_prbt_support/meshes/link_3.dae
[0.485s] -- Installing: /home/mtrn/4231/ws_moveit2/install/moveit_resources_prbt_support/share/moveit_resources_prbt_support/meshes/link_5.stl
[0.485s] -- Installing: /home/mtrn/4231/ws_moveit2/install/moveit_resources_prbt_support/share/moveit_resources_prbt_support/meshes/flange.stl
[0.486s] -- Installing: /home/mtrn/4231/ws_moveit2/install/moveit_resources_prbt_support/share/moveit_resources_prbt_support/meshes/link_1.stl
[0.486s] -- Installing: /home/mtrn/4231/ws_moveit2/install/moveit_resources_prbt_support/share/moveit_resources_prbt_support/meshes/link_5.dae
[0.488s] -- Installing: /home/mtrn/4231/ws_moveit2/install/moveit_resources_prbt_support/share/moveit_resources_prbt_support/meshes/foot.stl
[0.489s] -- Installing: /home/mtrn/4231/ws_moveit2/install/moveit_resources_prbt_support/share/moveit_resources_prbt_support/meshes/link_3.stl
[0.490s] -- Installing: /home/mtrn/4231/ws_moveit2/install/moveit_resources_prbt_support/share/moveit_resources_prbt_support/meshes/flange.dae
[0.492s] -- Installing: /home/mtrn/4231/ws_moveit2/install/moveit_resources_prbt_support/share/moveit_resources_prbt_support/meshes/link_2.stl
[0.492s] -- Installing: /home/mtrn/4231/ws_moveit2/install/moveit_resources_prbt_support/share/moveit_resources_prbt_support/meshes/link_1.dae
[0.494s] -- Installing: /home/mtrn/4231/ws_moveit2/install/moveit_resources_prbt_support/share/moveit_resources_prbt_support/meshes/foot.dae
[0.496s] -- Installing: /home/mtrn/4231/ws_moveit2/install/moveit_resources_prbt_support/share/moveit_resources_prbt_support/config
[0.496s] -- Installing: /home/mtrn/4231/ws_moveit2/install/moveit_resources_prbt_support/share/moveit_resources_prbt_support/config/prbt_0_1.dcf
[0.497s] -- Installing: /home/mtrn/4231/ws_moveit2/install/moveit_resources_prbt_support/share/moveit_resources_prbt_support/config/manipulator_driver.yaml
[0.497s] -- Installing: /home/mtrn/4231/ws_moveit2/install/moveit_resources_prbt_support/share/moveit_resources_prbt_support/config/manipulator_controller.yaml
[0.499s] Invoked command in '/home/mtrn/4231/ws_moveit2/build/moveit_resources_prbt_support' returned '0': CMAKE_PREFIX_PATH=/opt/ros/humble /usr/bin/cmake --install /home/mtrn/4231/ws_moveit2/build/moveit_resources_prbt_support
