[0.016s] Invoking command in '/home/mtrn/4231/ws_moveit2/build/moveit_ros_planning': AMENT_PREFIX_PATH=/home/mtrn/4231/ws_moveit2/install/moveit_ros_occupancy_map_monitor:/home/mtrn/4231/ws_moveit2/install/moveit_core:/home/mtrn/4231/ws_moveit2/install/moveit_resources_panda_moveit_config:/home/mtrn/4231/ws_moveit2/install/srdfdom:/home/mtrn/4231/ws_moveit2/install/moveit_resources_panda_description:/home/mtrn/4231/ws_moveit2/install/moveit_common:${AMENT_PREFIX_PATH} CMAKE_PREFIX_PATH=/home/mtrn/4231/ws_moveit2/install/moveit_ros_occupancy_map_monitor:/home/mtrn/4231/ws_moveit2/install/moveit_core:/home/mtrn/4231/ws_moveit2/install/moveit_resources_panda_moveit_config:/home/mtrn/4231/ws_moveit2/install/srdfdom:/home/mtrn/4231/ws_moveit2/install/moveit_resources_panda_description:/home/mtrn/4231/ws_moveit2/install/moveit_common:/opt/ros/humble LD_LIBRARY_PATH=/home/mtrn/4231/ws_moveit2/install/moveit_ros_occupancy_map_monitor/lib:/home/mtrn/4231/ws_moveit2/install/moveit_core/lib:/home/mtrn/4231/ws_moveit2/install/srdfdom/lib:${LD_LIBRARY_PATH} PATH=/home/mtrn/4231/ws_moveit2/install/moveit_core/bin:${PATH} PYTHONPATH=/home/mtrn/4231/ws_moveit2/install/srdfdom/local/lib/python3.10/dist-packages:${PYTHONPATH} /usr/bin/cmake /home/mtrn/4231/ws_moveit2/src/moveit2/moveit_ros/planning -DCMAKE_BUILD_TYPE=Release -DCMAKE_INSTALL_PREFIX=/home/mtrn/4231/ws_moveit2/install/moveit_ros_planning
[0.057s] -- The C compiler identification is GNU 11.4.0
[0.093s] -- The CXX compiler identification is GNU 11.4.0
[0.097s] -- Detecting C compiler ABI info
[0.144s] -- Detecting C compiler ABI info - done
[0.145s] -- Check for working C compiler: /usr/bin/cc - skipped
[0.145s] -- Detecting C compile features
[0.145s] -- Detecting C compile features - done
[0.147s] -- Detecting CXX compiler ABI info
[0.202s] -- Detecting CXX compiler ABI info - done
[0.207s] -- Check for working CXX compiler: /usr/bin/c++ - skipped
[0.207s] -- Detecting CXX compile features
[0.207s] -- Detecting CXX compile features - done
[0.208s] -- Found moveit_common: 2.5.4 (/home/mtrn/4231/ws_moveit2/install/moveit_common/share/moveit_common/cmake)
[0.210s] -- Found ament_cmake: 1.3.5 (/opt/ros/humble/share/ament_cmake/cmake)
[0.335s] -- Found Python3: /usr/bin/python3.10 (found version "3.10.12") found components: Interpreter 
[0.448s] -- Found libdw: /usr/lib/x86_64-linux-gnu/libdw.so  
[0.451s] -- Could NOT find libbfd (missing: LIBBFD_LIBRARY LIBBFD_INCLUDE_DIR) 
[0.452s] -- BACKWARD_HAS_UNWIND=1
[0.452s] -- BACKWARD_HAS_BACKTRACE=0
[0.452s] -- BACKWARD_HAS_BACKTRACE_SYMBOL=0
[0.452s] -- BACKWARD_HAS_DW=1
[0.452s] -- BACKWARD_HAS_BFD=0
[0.452s] -- Found Backward: /opt/ros/humble/share/backward_ros/cmake  
[0.454s] -- Found moveit_msgs: 2.2.1 (/opt/ros/humble/share/moveit_msgs/cmake)
[0.478s] -- Found rosidl_generator_c: 3.1.5 (/opt/ros/humble/share/rosidl_generator_c/cmake)
[0.481s] -- Found rosidl_adapter: 3.1.5 (/opt/ros/humble/share/rosidl_adapter/cmake)
[0.487s] -- Found rosidl_generator_cpp: 3.1.5 (/opt/ros/humble/share/rosidl_generator_cpp/cmake)
[0.498s] -- Using all available rosidl_typesupport_c: rosidl_typesupport_fastrtps_c;rosidl_typesupport_introspection_c
[0.510s] -- Using all available rosidl_typesupport_cpp: rosidl_typesupport_fastrtps_cpp;rosidl_typesupport_introspection_cpp
[1.095s] -- Found pluginlib: 5.1.0 (/opt/ros/humble/share/pluginlib/cmake)
[1.114s] -- Found rclcpp: 16.0.5 (/opt/ros/humble/share/rclcpp/cmake)
[1.152s] -- Found rmw_implementation_cmake: 6.1.1 (/opt/ros/humble/share/rmw_implementation_cmake/cmake)
[1.154s] -- Found rmw_cyclonedds_cpp: 1.3.4 (/opt/ros/humble/share/rmw_cyclonedds_cpp/cmake)
[1.176s] -- Using RMW implementation 'rmw_cyclonedds_cpp' as default
[1.186s] -- Looking for pthread.h
[1.252s] -- Looking for pthread.h - found
[1.252s] -- Performing Test CMAKE_HAVE_LIBC_PTHREAD
[1.321s] -- Performing Test CMAKE_HAVE_LIBC_PTHREAD - Success
[1.322s] -- Found Threads: TRUE  
[1.405s] -- Found message_filters: 4.3.3 (/opt/ros/humble/share/message_filters/cmake)
[1.409s] -- Found srdfdom: 2.0.4 (/home/mtrn/4231/ws_moveit2/install/srdfdom/share/srdfdom/cmake)
[1.420s] -- Found tf2: 0.25.3 (/opt/ros/humble/share/tf2/cmake)
[1.425s] -- Found tf2_geometry_msgs: 0.25.3 (/opt/ros/humble/share/tf2_geometry_msgs/cmake)
[1.435s] -- Found eigen3_cmake_module: 0.1.1 (/opt/ros/humble/share/eigen3_cmake_module/cmake)
[1.435s] -- Found Eigen3: TRUE (found version "3.4.0") 
[1.435s] -- Ensuring Eigen3 include directory is part of orocos-kdl CMake target
[1.633s] -- Found tf2_eigen: 0.25.3 (/opt/ros/humble/share/tf2_eigen/cmake)
[1.639s] -- Found moveit_core: 2.5.4 (/home/mtrn/4231/ws_moveit2/install/moveit_core/share/moveit_core/cmake)
[1.673s] -- Found Boost: /usr/lib/x86_64-linux-gnu/cmake/Boost-1.74.0/BoostConfig.cmake (found version "1.74.0") found components: chrono date_time filesystem iostreams program_options regex serialization system thread 
[1.684s] -- Found parameter_traits: 0.3.6 (/opt/ros/humble/share/parameter_traits/cmake)
[1.701s] -- Found rclcpp_lifecycle: 16.0.5 (/opt/ros/humble/share/rclcpp_lifecycle/cmake)
[1.736s] -- Found Boost: /usr/lib/x86_64-linux-gnu/cmake/Boost-1.74.0/BoostConfig.cmake (found version "1.74.0") found components: filesystem 
[1.795s] -- library: /usr/lib/x86_64-linux-gnu/libcurl.so
[2.063s] -- Found moveit_ros_occupancy_map_monitor: 2.5.4 (/home/mtrn/4231/ws_moveit2/install/moveit_ros_occupancy_map_monitor/share/moveit_ros_occupancy_map_monitor/cmake)
[2.235s] -- Found Boost: /usr/lib/x86_64-linux-gnu/cmake/Boost-1.74.0/BoostConfig.cmake (found version "1.74.0") found components: system filesystem date_time program_options thread chrono 
[2.265s] -- Performing Test COMPILER_HAS_HIDDEN_VISIBILITY
[2.366s] -- Performing Test COMPILER_HAS_HIDDEN_VISIBILITY - Success
[2.367s] -- Performing Test COMPILER_HAS_HIDDEN_INLINE_VISIBILITY
[2.466s] -- Performing Test COMPILER_HAS_HIDDEN_INLINE_VISIBILITY - Success
[2.466s] -- Performing Test COMPILER_HAS_DEPRECATED_ATTR
[2.543s] -- Performing Test COMPILER_HAS_DEPRECATED_ATTR - Success
[2.565s] -- Found ament_cmake_gtest: 1.3.5 (/opt/ros/humble/share/ament_cmake_gtest/cmake)
[2.567s] -- Found ament_cmake_gmock: 1.3.5 (/opt/ros/humble/share/ament_cmake_gmock/cmake)
[2.569s] -- Found gmock sources under '/opt/ros/humble/src/gmock_vendor': C++ tests using 'Google Mock' will be built
[2.574s] -- Found gtest sources under '/opt/ros/humble/src/gtest_vendor': C++ tests using 'Google Test' will be built
[2.602s] -- Found ament_lint_auto: 0.12.7 (/opt/ros/humble/share/ament_lint_auto/cmake)
[2.620s] -- Found launch_testing_ament_cmake: 1.0.4 (/opt/ros/humble/share/launch_testing_ament_cmake/cmake)
[2.624s] -- Found python_cmake_module: 0.10.0 (/opt/ros/humble/share/python_cmake_module/cmake)
[2.641s] -- Found PythonInterp: /usr/bin/python3 (found suitable version "3.10.12", minimum required is "3.6") 
[2.646s] -- Found PythonLibs: /usr/lib/x86_64-linux-gnu/libpython3.10.so (found suitable version "3.10.12", minimum required is "3.5") 
[2.646s] -- Using PYTHON_EXECUTABLE: /usr/bin/python3
[2.646s] -- Using PYTHON_INCLUDE_DIRS: /usr/include/python3.10
[2.646s] -- Using PYTHON_LIBRARIES: /usr/lib/x86_64-linux-gnu/libpython3.10.so
[2.661s] -- Found PythonExtra: .so  
[2.699s] -- Added test 'cppcheck' to perform static code analysis on C / C++ code
[2.699s] -- Configured cppcheck include dirs: /home/mtrn/4231/ws_moveit2/src/moveit2/moveit_ros/planning/rdf_loader/include;/home/mtrn/4231/ws_moveit2/src/moveit2/moveit_ros/planning/kinematics_plugin_loader/include;/home/mtrn/4231/ws_moveit2/src/moveit2/moveit_ros/planning/robot_model_loader/include;/home/mtrn/4231/ws_moveit2/src/moveit2/moveit_ros/planning/constraint_sampler_manager_loader/include;/home/mtrn/4231/ws_moveit2/src/moveit2/moveit_ros/planning/planning_pipeline/include;/home/mtrn/4231/ws_moveit2/src/moveit2/moveit_ros/planning/planning_scene_monitor/include;/home/mtrn/4231/ws_moveit2/src/moveit2/moveit_ros/planning/trajectory_execution_manager/include;/home/mtrn/4231/ws_moveit2/src/moveit2/moveit_ros/planning/plan_execution/include;/home/mtrn/4231/ws_moveit2/src/moveit2/moveit_ros/planning/collision_plugin_loader/include;/home/mtrn/4231/ws_moveit2/src/moveit2/moveit_ros/planning/moveit_cpp/include
[2.700s] -- Configured cppcheck exclude dirs and/or files: 
[2.701s] -- Added test 'lint_cmake' to check CMake code style
[2.702s] -- Added test 'pep257' to check Python code against some of the docstring style conventions in PEP 257
[2.703s] -- Added test 'xmllint' to check XML markup files
[2.704s] -- Configuring done
[2.961s] -- Generating done
[2.964s] -- Build files have been written to: /home/mtrn/4231/ws_moveit2/build/moveit_ros_planning
[2.982s] Invoked command in '/home/mtrn/4231/ws_moveit2/build/moveit_ros_planning' returned '0': AMENT_PREFIX_PATH=/home/mtrn/4231/ws_moveit2/install/moveit_ros_occupancy_map_monitor:/home/mtrn/4231/ws_moveit2/install/moveit_core:/home/mtrn/4231/ws_moveit2/install/moveit_resources_panda_moveit_config:/home/mtrn/4231/ws_moveit2/install/srdfdom:/home/mtrn/4231/ws_moveit2/install/moveit_resources_panda_description:/home/mtrn/4231/ws_moveit2/install/moveit_common:${AMENT_PREFIX_PATH} CMAKE_PREFIX_PATH=/home/mtrn/4231/ws_moveit2/install/moveit_ros_occupancy_map_monitor:/home/mtrn/4231/ws_moveit2/install/moveit_core:/home/mtrn/4231/ws_moveit2/install/moveit_resources_panda_moveit_config:/home/mtrn/4231/ws_moveit2/install/srdfdom:/home/mtrn/4231/ws_moveit2/install/moveit_resources_panda_description:/home/mtrn/4231/ws_moveit2/install/moveit_common:/opt/ros/humble LD_LIBRARY_PATH=/home/mtrn/4231/ws_moveit2/install/moveit_ros_occupancy_map_monitor/lib:/home/mtrn/4231/ws_moveit2/install/moveit_core/lib:/home/mtrn/4231/ws_moveit2/install/srdfdom/lib:${LD_LIBRARY_PATH} PATH=/home/mtrn/4231/ws_moveit2/install/moveit_core/bin:${PATH} PYTHONPATH=/home/mtrn/4231/ws_moveit2/install/srdfdom/local/lib/python3.10/dist-packages:${PYTHONPATH} /usr/bin/cmake /home/mtrn/4231/ws_moveit2/src/moveit2/moveit_ros/planning -DCMAKE_BUILD_TYPE=Release -DCMAKE_INSTALL_PREFIX=/home/mtrn/4231/ws_moveit2/install/moveit_ros_planning
[2.983s] Invoking command in '/home/mtrn/4231/ws_moveit2/build/moveit_ros_planning': AMENT_PREFIX_PATH=/home/mtrn/4231/ws_moveit2/install/moveit_ros_occupancy_map_monitor:/home/mtrn/4231/ws_moveit2/install/moveit_core:/home/mtrn/4231/ws_moveit2/install/moveit_resources_panda_moveit_config:/home/mtrn/4231/ws_moveit2/install/srdfdom:/home/mtrn/4231/ws_moveit2/install/moveit_resources_panda_description:/home/mtrn/4231/ws_moveit2/install/moveit_common:${AMENT_PREFIX_PATH} CMAKE_PREFIX_PATH=/home/mtrn/4231/ws_moveit2/install/moveit_ros_occupancy_map_monitor:/home/mtrn/4231/ws_moveit2/install/moveit_core:/home/mtrn/4231/ws_moveit2/install/moveit_resources_panda_moveit_config:/home/mtrn/4231/ws_moveit2/install/srdfdom:/home/mtrn/4231/ws_moveit2/install/moveit_resources_panda_description:/home/mtrn/4231/ws_moveit2/install/moveit_common:/opt/ros/humble LD_LIBRARY_PATH=/home/mtrn/4231/ws_moveit2/install/moveit_ros_occupancy_map_monitor/lib:/home/mtrn/4231/ws_moveit2/install/moveit_core/lib:/home/mtrn/4231/ws_moveit2/install/srdfdom/lib:${LD_LIBRARY_PATH} PATH=/home/mtrn/4231/ws_moveit2/install/moveit_core/bin:${PATH} PYTHONPATH=/home/mtrn/4231/ws_moveit2/install/srdfdom/local/lib/python3.10/dist-packages:${PYTHONPATH} /usr/bin/cmake --build /home/mtrn/4231/ws_moveit2/build/moveit_ros_planning -- -j4 -l4
[3.032s] [  3%] [32mBuilding CXX object planning_pipeline/CMakeFiles/moveit_planning_pipeline.dir/src/planning_pipeline.cpp.o[0m
[3.033s] [  3%] [32mBuilding CXX object collision_plugin_loader/CMakeFiles/moveit_collision_plugin_loader.dir/src/collision_plugin_loader.cpp.o[0m
[3.033s] [  4%] [32mBuilding CXX object rdf_loader/CMakeFiles/moveit_rdf_loader.dir/src/rdf_loader.cpp.o[0m
[3.038s] [  6%] [32mBuilding CXX object planning_request_adapter_plugins/CMakeFiles/moveit_default_planning_request_adapter_plugins.dir/src/empty.cpp.o[0m
[6.672s] [  8%] [32mBuilding CXX object rdf_loader/CMakeFiles/moveit_rdf_loader.dir/src/synchronized_string_parameter.cpp.o[0m
[9.810s] [  9%] [32mBuilding CXX object planning_request_adapter_plugins/CMakeFiles/moveit_default_planning_request_adapter_plugins.dir/src/fix_start_state_bounds.cpp.o[0m
[9.922s] [ 11%] [32m[1mLinking CXX shared library libmoveit_collision_plugin_loader.so[0m
[10.099s] [ 11%] Built target moveit_collision_plugin_loader
[10.121s] [ 12%] [32mBuilding CXX object planning_request_adapter_plugins/CMakeFiles/moveit_list_request_adapter_plugins.dir/src/list.cpp.o[0m
[18.107s] [ 14%] [32m[1mLinking CXX shared library libmoveit_rdf_loader.so[0m
[18.376s] [ 14%] Built target moveit_rdf_loader
[18.394s] [ 16%] [32mBuilding CXX object gmock/CMakeFiles/gmock_main.dir/src/gmock_main.cc.o[0m
[19.465s] [ 17%] [32mBuilding CXX object planning_request_adapter_plugins/CMakeFiles/moveit_default_planning_request_adapter_plugins.dir/src/fix_start_state_collision.cpp.o[0m
[19.572s] [ 19%] [32m[1mLinking CXX static library libgmock_main.a[0m
[19.599s] [ 19%] Built target gmock_main
[19.615s] [ 20%] [32mBuilding CXX object gmock/CMakeFiles/gmock.dir/opt/ros/humble/src/gtest_vendor/src/gtest-all.cc.o[0m
[21.925s] [ 22%] [32m[1mLinking CXX shared library libmoveit_planning_pipeline.so[0m
[22.154s] [ 22%] Built target moveit_planning_pipeline
[22.173s] [ 24%] [32mBuilding CXX object kinematics_plugin_loader/CMakeFiles/moveit_kinematics_plugin_loader.dir/src/kinematics_plugin_loader.cpp.o[0m
[22.712s] [ 25%] [32m[1mLinking CXX executable moveit_list_request_adapter_plugins[0m
[22.936s] [ 25%] Built target moveit_list_request_adapter_plugins
[23.034s] [ 27%] [32mBuilding CXX object constraint_sampler_manager_loader/CMakeFiles/moveit_constraint_sampler_manager_loader.dir/src/constraint_sampler_manager_loader.cpp.o[0m
[27.635s] [ 29%] [32mBuilding CXX object gmock/CMakeFiles/gmock.dir/src/gmock-all.cc.o[0m
[28.306s] [ 30%] [32mBuilding CXX object planning_request_adapter_plugins/CMakeFiles/moveit_default_planning_request_adapter_plugins.dir/src/fix_start_state_path_constraints.cpp.o[0m
[30.786s] [ 32%] [32m[1mLinking CXX static library libgmock.a[0m
[30.825s] [ 32%] Built target gmock
[30.835s] [ 33%] [32mBuilding CXX object planning_request_adapter_plugins/CMakeFiles/moveit_default_planning_request_adapter_plugins.dir/src/fix_workspace_bounds.cpp.o[0m
[34.561s] [ 35%] [32m[1mLinking CXX shared library libmoveit_kinematics_plugin_loader.so[0m
[34.773s] [ 35%] Built target moveit_kinematics_plugin_loader
[34.780s] [ 37%] [32mBuilding CXX object planning_request_adapter_plugins/CMakeFiles/moveit_default_planning_request_adapter_plugins.dir/src/add_time_parameterization.cpp.o[0m
[35.842s] [ 38%] [32m[1mLinking CXX shared library libmoveit_constraint_sampler_manager_loader.so[0m
[36.126s] [ 38%] Built target moveit_constraint_sampler_manager_loader
[36.146s] [ 40%] [32mBuilding CXX object robot_model_loader/CMakeFiles/moveit_robot_model_loader.dir/src/robot_model_loader.cpp.o[0m
[37.181s] [ 41%] [32mBuilding CXX object planning_request_adapter_plugins/CMakeFiles/moveit_default_planning_request_adapter_plugins.dir/src/add_ruckig_traj_smoothing.cpp.o[0m
[38.837s] [ 43%] [32mBuilding CXX object planning_request_adapter_plugins/CMakeFiles/moveit_default_planning_request_adapter_plugins.dir/src/add_iterative_spline_parameterization.cpp.o[0m
[41.751s] [ 45%] [32mBuilding CXX object planning_request_adapter_plugins/CMakeFiles/moveit_default_planning_request_adapter_plugins.dir/src/add_time_optimal_parameterization.cpp.o[0m
[42.613s] [ 46%] [32m[1mLinking CXX shared library libmoveit_robot_model_loader.so[0m
[42.840s] [ 46%] Built target moveit_robot_model_loader
[42.857s] [ 48%] [32mBuilding CXX object planning_scene_monitor/CMakeFiles/moveit_planning_scene_monitor.dir/src/planning_scene_monitor.cpp.o[0m
[44.382s] [ 50%] [32mBuilding CXX object planning_request_adapter_plugins/CMakeFiles/moveit_default_planning_request_adapter_plugins.dir/src/resolve_constraint_frames.cpp.o[0m
[45.665s] [ 51%] [32mBuilding CXX object planning_scene_monitor/CMakeFiles/moveit_planning_scene_monitor.dir/src/current_state_monitor.cpp.o[0m
[48.881s] [ 53%] [32mBuilding CXX object planning_scene_monitor/CMakeFiles/moveit_planning_scene_monitor.dir/src/current_state_monitor_middleware_handle.cpp.o[0m
[52.721s] [ 54%] [32m[1mLinking CXX shared library libmoveit_default_planning_request_adapter_plugins.so[0m
[52.926s] [ 54%] Built target moveit_default_planning_request_adapter_plugins
[52.948s] [ 56%] [32mBuilding CXX object planning_components_tools/CMakeFiles/moveit_print_planning_model_info.dir/src/print_planning_model_info.cpp.o[0m
[55.604s] [ 58%] [32mBuilding CXX object planning_scene_monitor/CMakeFiles/moveit_planning_scene_monitor.dir/src/trajectory_monitor.cpp.o[0m
[58.422s] [ 59%] [32m[1mLinking CXX executable moveit_print_planning_model_info[0m
[58.665s] [ 59%] Built target moveit_print_planning_model_info
[58.675s] [ 61%] [32mBuilding CXX object planning_scene_monitor/CMakeFiles/moveit_planning_scene_monitor.dir/src/trajectory_monitor_middleware_handle.cpp.o[0m
[75.343s] [ 62%] [32m[1mLinking CXX shared library libmoveit_planning_scene_monitor.so[0m
[76.096s] [ 62%] Built target moveit_planning_scene_monitor
[76.136s] [ 64%] [32mBuilding CXX object planning_scene_monitor/CMakeFiles/trajectory_monitor_tests.dir/test/trajectory_monitor_tests.cpp.o[0m
[76.137s] [ 66%] [32mBuilding CXX object planning_scene_monitor/CMakeFiles/current_state_monitor_tests.dir/test/current_state_monitor_tests.cpp.o[0m
[76.140s] [ 67%] [32mBuilding CXX object planning_components_tools/CMakeFiles/moveit_print_planning_scene_info.dir/src/print_planning_scene_info.cpp.o[0m
[76.142s] [ 69%] [32mBuilding CXX object planning_scene_monitor/CMakeFiles/demo_scene.dir/demos/demo_scene.cpp.o[0m
[86.798s] [ 70%] [32m[1mLinking CXX executable moveit_print_planning_scene_info[0m
[87.171s] [ 70%] Built target moveit_print_planning_scene_info
[87.201s] [ 72%] [32mBuilding CXX object planning_components_tools/CMakeFiles/moveit_display_random_state.dir/src/display_random_state.cpp.o[0m
[89.920s] [ 74%] [32m[1mLinking CXX executable demo_scene[0m
[90.127s] [ 74%] Built target demo_scene
[90.148s] [ 75%] [32mBuilding CXX object planning_components_tools/CMakeFiles/moveit_visualize_robot_collision_volume.dir/src/visualize_robot_collision_volume.cpp.o[0m
[90.260s] [ 77%] [32m[1mLinking CXX executable current_state_monitor_tests[0m
[90.481s] [ 79%] [32m[1mLinking CXX executable trajectory_monitor_tests[0m
[90.730s] [ 79%] Built target current_state_monitor_tests
[90.759s] [ 80%] [32mBuilding CXX object planning_components_tools/CMakeFiles/moveit_evaluate_collision_checking_speed.dir/src/evaluate_collision_checking_speed.cpp.o[0m
[90.898s] [ 80%] Built target trajectory_monitor_tests
[90.928s] [ 82%] [32mBuilding CXX object planning_components_tools/CMakeFiles/moveit_publish_scene_from_text.dir/src/publish_scene_from_text.cpp.o[0m
[100.375s] [ 83%] [32m[1mLinking CXX executable moveit_display_random_state[0m
[100.741s] [ 83%] Built target moveit_display_random_state
[100.777s] [ 85%] [32mBuilding CXX object trajectory_execution_manager/CMakeFiles/moveit_trajectory_execution_manager.dir/src/trajectory_execution_manager.cpp.o[0m
[102.445s] [ 87%] [32m[1mLinking CXX executable moveit_evaluate_collision_checking_speed[0m
[102.813s] [ 87%] Built target moveit_evaluate_collision_checking_speed
[103.082s] [ 88%] [32m[1mLinking CXX executable moveit_visualize_robot_collision_volume[0m
[103.407s] [ 88%] Built target moveit_visualize_robot_collision_volume
[104.165s] [ 90%] [32m[1mLinking CXX executable moveit_publish_scene_from_text[0m
[104.448s] [ 90%] Built target moveit_publish_scene_from_text
[119.271s] [ 91%] [32m[1mLinking CXX shared library libmoveit_trajectory_execution_manager.so[0m
[119.475s] [ 91%] Built target moveit_trajectory_execution_manager
[119.494s] [ 93%] [32mBuilding CXX object plan_execution/CMakeFiles/moveit_plan_execution.dir/src/plan_execution.cpp.o[0m
[119.494s] [ 95%] [32mBuilding CXX object moveit_cpp/CMakeFiles/moveit_cpp.dir/src/moveit_cpp.cpp.o[0m
[119.495s] [ 96%] [32mBuilding CXX object moveit_cpp/CMakeFiles/moveit_cpp.dir/src/planning_component.cpp.o[0m
[129.119s] [ 98%] [32m[1mLinking CXX shared library libmoveit_plan_execution.so[0m
[129.350s] [ 98%] Built target moveit_plan_execution
[132.532s] [100%] [32m[1mLinking CXX shared library libmoveit_cpp.so[0m
[132.739s] [100%] Built target moveit_cpp
[132.830s] Invoked command in '/home/mtrn/4231/ws_moveit2/build/moveit_ros_planning' returned '0': AMENT_PREFIX_PATH=/home/mtrn/4231/ws_moveit2/install/moveit_ros_occupancy_map_monitor:/home/mtrn/4231/ws_moveit2/install/moveit_core:/home/mtrn/4231/ws_moveit2/install/moveit_resources_panda_moveit_config:/home/mtrn/4231/ws_moveit2/install/srdfdom:/home/mtrn/4231/ws_moveit2/install/moveit_resources_panda_description:/home/mtrn/4231/ws_moveit2/install/moveit_common:${AMENT_PREFIX_PATH} CMAKE_PREFIX_PATH=/home/mtrn/4231/ws_moveit2/install/moveit_ros_occupancy_map_monitor:/home/mtrn/4231/ws_moveit2/install/moveit_core:/home/mtrn/4231/ws_moveit2/install/moveit_resources_panda_moveit_config:/home/mtrn/4231/ws_moveit2/install/srdfdom:/home/mtrn/4231/ws_moveit2/install/moveit_resources_panda_description:/home/mtrn/4231/ws_moveit2/install/moveit_common:/opt/ros/humble LD_LIBRARY_PATH=/home/mtrn/4231/ws_moveit2/install/moveit_ros_occupancy_map_monitor/lib:/home/mtrn/4231/ws_moveit2/install/moveit_core/lib:/home/mtrn/4231/ws_moveit2/install/srdfdom/lib:${LD_LIBRARY_PATH} PATH=/home/mtrn/4231/ws_moveit2/install/moveit_core/bin:${PATH} PYTHONPATH=/home/mtrn/4231/ws_moveit2/install/srdfdom/local/lib/python3.10/dist-packages:${PYTHONPATH} /usr/bin/cmake --build /home/mtrn/4231/ws_moveit2/build/moveit_ros_planning -- -j4 -l4
[132.870s] Invoking command in '/home/mtrn/4231/ws_moveit2/build/moveit_ros_planning': AMENT_PREFIX_PATH=/home/mtrn/4231/ws_moveit2/install/moveit_ros_occupancy_map_monitor:/home/mtrn/4231/ws_moveit2/install/moveit_core:/home/mtrn/4231/ws_moveit2/install/moveit_resources_panda_moveit_config:/home/mtrn/4231/ws_moveit2/install/srdfdom:/home/mtrn/4231/ws_moveit2/install/moveit_resources_panda_description:/home/mtrn/4231/ws_moveit2/install/moveit_common:${AMENT_PREFIX_PATH} CMAKE_PREFIX_PATH=/home/mtrn/4231/ws_moveit2/install/moveit_ros_occupancy_map_monitor:/home/mtrn/4231/ws_moveit2/install/moveit_core:/home/mtrn/4231/ws_moveit2/install/moveit_resources_panda_moveit_config:/home/mtrn/4231/ws_moveit2/install/srdfdom:/home/mtrn/4231/ws_moveit2/install/moveit_resources_panda_description:/home/mtrn/4231/ws_moveit2/install/moveit_common:/opt/ros/humble LD_LIBRARY_PATH=/home/mtrn/4231/ws_moveit2/install/moveit_ros_occupancy_map_monitor/lib:/home/mtrn/4231/ws_moveit2/install/moveit_core/lib:/home/mtrn/4231/ws_moveit2/install/srdfdom/lib:${LD_LIBRARY_PATH} PATH=/home/mtrn/4231/ws_moveit2/install/moveit_core/bin:${PATH} PYTHONPATH=/home/mtrn/4231/ws_moveit2/install/srdfdom/local/lib/python3.10/dist-packages:${PYTHONPATH} /usr/bin/cmake --install /home/mtrn/4231/ws_moveit2/build/moveit_ros_planning
[132.876s] -- Install configuration: "Release"
[132.879s] -- Installing: /home/mtrn/4231/ws_moveit2/install/moveit_ros_planning/include
[132.880s] -- Installing: /home/mtrn/4231/ws_moveit2/install/moveit_ros_planning/include/moveit
[132.880s] -- Installing: /home/mtrn/4231/ws_moveit2/install/moveit_ros_planning/include/moveit/rdf_loader
[132.880s] -- Installing: /home/mtrn/4231/ws_moveit2/install/moveit_ros_planning/include/moveit/rdf_loader/synchronized_string_parameter.h
[132.880s] -- Installing: /home/mtrn/4231/ws_moveit2/install/moveit_ros_planning/include/moveit/rdf_loader/rdf_loader.h
[132.881s] -- Installing: /home/mtrn/4231/ws_moveit2/install/moveit_ros_planning/share/moveit_ros_planning/rdf_loader/test/data
[132.881s] -- Installing: /home/mtrn/4231/ws_moveit2/install/moveit_ros_planning/share/moveit_ros_planning/rdf_loader/test/data/kermit.srdf
[132.881s] -- Installing: /home/mtrn/4231/ws_moveit2/install/moveit_ros_planning/share/moveit_ros_planning/rdf_loader/test/data/gonzo.srdf
[132.882s] -- Installing: /home/mtrn/4231/ws_moveit2/install/moveit_ros_planning/share/moveit_ros_planning/rdf_loader/test/data/kermit.urdf
[132.882s] -- Installing: /home/mtrn/4231/ws_moveit2/install/moveit_ros_planning/share/moveit_ros_planning/rdf_loader/test/data/gonzo.urdf
[132.883s] -- Installing: /home/mtrn/4231/ws_moveit2/install/moveit_ros_planning/share/moveit_ros_planning/rdf_loader/test/data/robin.srdf.xacro
[132.883s] -- Installing: /home/mtrn/4231/ws_moveit2/install/moveit_ros_planning/share/moveit_ros_planning/rdf_loader/test/launch
[132.884s] -- Installing: /home/mtrn/4231/ws_moveit2/install/moveit_ros_planning/share/moveit_ros_planning/rdf_loader/test/launch/test_rdf_integration.test.py
[132.884s] -- Up-to-date: /home/mtrn/4231/ws_moveit2/install/moveit_ros_planning/include
[132.884s] -- Up-to-date: /home/mtrn/4231/ws_moveit2/install/moveit_ros_planning/include/moveit
[132.885s] -- Installing: /home/mtrn/4231/ws_moveit2/install/moveit_ros_planning/include/moveit/collision_plugin_loader
[132.885s] -- Installing: /home/mtrn/4231/ws_moveit2/install/moveit_ros_planning/include/moveit/collision_plugin_loader/collision_plugin_loader.h
[132.886s] -- Up-to-date: /home/mtrn/4231/ws_moveit2/install/moveit_ros_planning/include
[132.886s] -- Up-to-date: /home/mtrn/4231/ws_moveit2/install/moveit_ros_planning/include/moveit
[132.886s] -- Installing: /home/mtrn/4231/ws_moveit2/install/moveit_ros_planning/include/moveit/kinematics_plugin_loader
[132.886s] -- Installing: /home/mtrn/4231/ws_moveit2/install/moveit_ros_planning/include/moveit/kinematics_plugin_loader/kinematics_plugin_loader.h
[132.886s] -- Up-to-date: /home/mtrn/4231/ws_moveit2/install/moveit_ros_planning/include
[132.886s] -- Up-to-date: /home/mtrn/4231/ws_moveit2/install/moveit_ros_planning/include/moveit
[132.886s] -- Installing: /home/mtrn/4231/ws_moveit2/install/moveit_ros_planning/include/moveit/robot_model_loader
[132.886s] -- Installing: /home/mtrn/4231/ws_moveit2/install/moveit_ros_planning/include/moveit/robot_model_loader/robot_model_loader.h
[132.887s] -- Up-to-date: /home/mtrn/4231/ws_moveit2/install/moveit_ros_planning/include
[132.887s] -- Up-to-date: /home/mtrn/4231/ws_moveit2/install/moveit_ros_planning/include/moveit
[132.887s] -- Installing: /home/mtrn/4231/ws_moveit2/install/moveit_ros_planning/include/moveit/constraint_sampler_manager_loader
[132.887s] -- Installing: /home/mtrn/4231/ws_moveit2/install/moveit_ros_planning/include/moveit/constraint_sampler_manager_loader/constraint_sampler_manager_loader.h
[132.888s] -- Up-to-date: /home/mtrn/4231/ws_moveit2/install/moveit_ros_planning/include
[132.888s] -- Up-to-date: /home/mtrn/4231/ws_moveit2/install/moveit_ros_planning/include/moveit
[132.888s] -- Installing: /home/mtrn/4231/ws_moveit2/install/moveit_ros_planning/include/moveit/planning_pipeline
[132.888s] -- Installing: /home/mtrn/4231/ws_moveit2/install/moveit_ros_planning/include/moveit/planning_pipeline/planning_pipeline.h
[132.889s] -- Installing: /home/mtrn/4231/ws_moveit2/install/moveit_ros_planning/include/moveit_planning_pipeline_export.h
[132.889s] -- Installing: /home/mtrn/4231/ws_moveit2/install/moveit_ros_planning/lib/moveit_ros_planning/moveit_list_request_adapter_plugins
[132.891s] -- Set runtime path of "/home/mtrn/4231/ws_moveit2/install/moveit_ros_planning/lib/moveit_ros_planning/moveit_list_request_adapter_plugins" to ""
[132.891s] -- Installing: /home/mtrn/4231/ws_moveit2/install/moveit_ros_planning/lib/moveit_ros_planning/demo_scene
[132.895s] -- Set runtime path of "/home/mtrn/4231/ws_moveit2/install/moveit_ros_planning/lib/moveit_ros_planning/demo_scene" to ""
[132.896s] -- Up-to-date: /home/mtrn/4231/ws_moveit2/install/moveit_ros_planning/include
[132.896s] -- Up-to-date: /home/mtrn/4231/ws_moveit2/install/moveit_ros_planning/include/moveit
[132.896s] -- Installing: /home/mtrn/4231/ws_moveit2/install/moveit_ros_planning/include/moveit/planning_scene_monitor
[132.896s] -- Installing: /home/mtrn/4231/ws_moveit2/install/moveit_ros_planning/include/moveit/planning_scene_monitor/current_state_monitor_middleware_handle.hpp
[132.896s] -- Installing: /home/mtrn/4231/ws_moveit2/install/moveit_ros_planning/include/moveit/planning_scene_monitor/trajectory_monitor.h
[132.896s] -- Installing: /home/mtrn/4231/ws_moveit2/install/moveit_ros_planning/include/moveit/planning_scene_monitor/current_state_monitor.h
[132.896s] -- Installing: /home/mtrn/4231/ws_moveit2/install/moveit_ros_planning/include/moveit/planning_scene_monitor/trajectory_monitor_middleware_handle.hpp
[132.896s] -- Installing: /home/mtrn/4231/ws_moveit2/install/moveit_ros_planning/include/moveit/planning_scene_monitor/planning_scene_monitor.h
[132.896s] -- Installing: /home/mtrn/4231/ws_moveit2/install/moveit_ros_planning/include/moveit_planning_scene_monitor_export.h
[132.898s] -- Installing: /home/mtrn/4231/ws_moveit2/install/moveit_ros_planning/lib/moveit_ros_planning/moveit_print_planning_model_info
[132.899s] -- Set runtime path of "/home/mtrn/4231/ws_moveit2/install/moveit_ros_planning/lib/moveit_ros_planning/moveit_print_planning_model_info" to ""
[132.899s] -- Installing: /home/mtrn/4231/ws_moveit2/install/moveit_ros_planning/lib/moveit_ros_planning/moveit_print_planning_scene_info
[132.899s] -- Set runtime path of "/home/mtrn/4231/ws_moveit2/install/moveit_ros_planning/lib/moveit_ros_planning/moveit_print_planning_scene_info" to ""
[132.899s] -- Installing: /home/mtrn/4231/ws_moveit2/install/moveit_ros_planning/lib/moveit_ros_planning/moveit_display_random_state
[132.899s] -- Set runtime path of "/home/mtrn/4231/ws_moveit2/install/moveit_ros_planning/lib/moveit_ros_planning/moveit_display_random_state" to ""
[132.900s] -- Installing: /home/mtrn/4231/ws_moveit2/install/moveit_ros_planning/lib/moveit_ros_planning/moveit_visualize_robot_collision_volume
[132.900s] -- Set runtime path of "/home/mtrn/4231/ws_moveit2/install/moveit_ros_planning/lib/moveit_ros_planning/moveit_visualize_robot_collision_volume" to ""
[132.900s] -- Installing: /home/mtrn/4231/ws_moveit2/install/moveit_ros_planning/lib/moveit_ros_planning/moveit_evaluate_collision_checking_speed
[132.900s] -- Set runtime path of "/home/mtrn/4231/ws_moveit2/install/moveit_ros_planning/lib/moveit_ros_planning/moveit_evaluate_collision_checking_speed" to ""
[132.900s] -- Installing: /home/mtrn/4231/ws_moveit2/install/moveit_ros_planning/lib/moveit_ros_planning/moveit_publish_scene_from_text
[132.901s] -- Set runtime path of "/home/mtrn/4231/ws_moveit2/install/moveit_ros_planning/lib/moveit_ros_planning/moveit_publish_scene_from_text" to ""
[132.901s] -- Up-to-date: /home/mtrn/4231/ws_moveit2/install/moveit_ros_planning/include
[132.901s] -- Up-to-date: /home/mtrn/4231/ws_moveit2/install/moveit_ros_planning/include/moveit
[132.901s] -- Installing: /home/mtrn/4231/ws_moveit2/install/moveit_ros_planning/include/moveit/trajectory_execution_manager
[132.901s] -- Installing: /home/mtrn/4231/ws_moveit2/install/moveit_ros_planning/include/moveit/trajectory_execution_manager/trajectory_execution_manager.h
[132.901s] -- Installing: /home/mtrn/4231/ws_moveit2/install/moveit_ros_planning/include/moveit_trajectory_execution_manager_export.h
[132.902s] -- Up-to-date: /home/mtrn/4231/ws_moveit2/install/moveit_ros_planning/include
[132.902s] -- Up-to-date: /home/mtrn/4231/ws_moveit2/install/moveit_ros_planning/include/moveit
[132.902s] -- Installing: /home/mtrn/4231/ws_moveit2/install/moveit_ros_planning/include/moveit/plan_execution
[132.902s] -- Installing: /home/mtrn/4231/ws_moveit2/install/moveit_ros_planning/include/moveit/plan_execution/plan_representation.h
[132.902s] -- Installing: /home/mtrn/4231/ws_moveit2/install/moveit_ros_planning/include/moveit/plan_execution/plan_execution.h
[132.903s] -- Up-to-date: /home/mtrn/4231/ws_moveit2/install/moveit_ros_planning/include
[132.903s] -- Up-to-date: /home/mtrn/4231/ws_moveit2/install/moveit_ros_planning/include/moveit
[132.903s] -- Installing: /home/mtrn/4231/ws_moveit2/install/moveit_ros_planning/include/moveit/moveit_cpp
[132.903s] -- Installing: /home/mtrn/4231/ws_moveit2/install/moveit_ros_planning/include/moveit/moveit_cpp/planning_component.h
[132.903s] -- Installing: /home/mtrn/4231/ws_moveit2/install/moveit_ros_planning/include/moveit/moveit_cpp/moveit_cpp.h
[132.903s] -- Installing: /home/mtrn/4231/ws_moveit2/install/moveit_ros_planning/lib/libmoveit_rdf_loader.so.2.5.4
[132.906s] -- Set runtime path of "/home/mtrn/4231/ws_moveit2/install/moveit_ros_planning/lib/libmoveit_rdf_loader.so.2.5.4" to ""
[132.906s] -- Installing: /home/mtrn/4231/ws_moveit2/install/moveit_ros_planning/lib/libmoveit_rdf_loader.so
[132.906s] -- Installing: /home/mtrn/4231/ws_moveit2/install/moveit_ros_planning/lib/libmoveit_kinematics_plugin_loader.so.2.5.4
[132.907s] -- Set runtime path of "/home/mtrn/4231/ws_moveit2/install/moveit_ros_planning/lib/libmoveit_kinematics_plugin_loader.so.2.5.4" to ""
[132.907s] -- Installing: /home/mtrn/4231/ws_moveit2/install/moveit_ros_planning/lib/libmoveit_kinematics_plugin_loader.so
[132.907s] -- Installing: /home/mtrn/4231/ws_moveit2/install/moveit_ros_planning/lib/libmoveit_robot_model_loader.so.2.5.4
[132.908s] -- Set runtime path of "/home/mtrn/4231/ws_moveit2/install/moveit_ros_planning/lib/libmoveit_robot_model_loader.so.2.5.4" to ""
[132.908s] -- Installing: /home/mtrn/4231/ws_moveit2/install/moveit_ros_planning/lib/libmoveit_robot_model_loader.so
[132.909s] -- Installing: /home/mtrn/4231/ws_moveit2/install/moveit_ros_planning/lib/libmoveit_constraint_sampler_manager_loader.so.2.5.4
[132.910s] -- Set runtime path of "/home/mtrn/4231/ws_moveit2/install/moveit_ros_planning/lib/libmoveit_constraint_sampler_manager_loader.so.2.5.4" to ""
[132.910s] -- Installing: /home/mtrn/4231/ws_moveit2/install/moveit_ros_planning/lib/libmoveit_constraint_sampler_manager_loader.so
[132.910s] -- Installing: /home/mtrn/4231/ws_moveit2/install/moveit_ros_planning/lib/libmoveit_planning_pipeline.so.2.5.4
[132.912s] -- Set runtime path of "/home/mtrn/4231/ws_moveit2/install/moveit_ros_planning/lib/libmoveit_planning_pipeline.so.2.5.4" to ""
[132.912s] -- Installing: /home/mtrn/4231/ws_moveit2/install/moveit_ros_planning/lib/libmoveit_planning_pipeline.so
[132.912s] -- Installing: /home/mtrn/4231/ws_moveit2/install/moveit_ros_planning/lib/libmoveit_trajectory_execution_manager.so.2.5.4
[132.913s] -- Set runtime path of "/home/mtrn/4231/ws_moveit2/install/moveit_ros_planning/lib/libmoveit_trajectory_execution_manager.so.2.5.4" to ""
[132.913s] -- Installing: /home/mtrn/4231/ws_moveit2/install/moveit_ros_planning/lib/libmoveit_trajectory_execution_manager.so
[132.914s] -- Installing: /home/mtrn/4231/ws_moveit2/install/moveit_ros_planning/lib/libmoveit_plan_execution.so.2.5.4
[132.914s] -- Set runtime path of "/home/mtrn/4231/ws_moveit2/install/moveit_ros_planning/lib/libmoveit_plan_execution.so.2.5.4" to ""
[132.914s] -- Installing: /home/mtrn/4231/ws_moveit2/install/moveit_ros_planning/lib/libmoveit_plan_execution.so
[132.914s] -- Installing: /home/mtrn/4231/ws_moveit2/install/moveit_ros_planning/lib/libmoveit_planning_scene_monitor.so.2.5.4
[132.926s] -- Set runtime path of "/home/mtrn/4231/ws_moveit2/install/moveit_ros_planning/lib/libmoveit_planning_scene_monitor.so.2.5.4" to ""
[132.926s] -- Installing: /home/mtrn/4231/ws_moveit2/install/moveit_ros_planning/lib/libmoveit_planning_scene_monitor.so
[132.926s] -- Installing: /home/mtrn/4231/ws_moveit2/install/moveit_ros_planning/lib/libmoveit_collision_plugin_loader.so.2.5.4
[132.926s] -- Set runtime path of "/home/mtrn/4231/ws_moveit2/install/moveit_ros_planning/lib/libmoveit_collision_plugin_loader.so.2.5.4" to ""
[132.926s] -- Installing: /home/mtrn/4231/ws_moveit2/install/moveit_ros_planning/lib/libmoveit_collision_plugin_loader.so
[132.927s] -- Installing: /home/mtrn/4231/ws_moveit2/install/moveit_ros_planning/lib/libmoveit_default_planning_request_adapter_plugins.so.2.5.4
[132.928s] -- Set runtime path of "/home/mtrn/4231/ws_moveit2/install/moveit_ros_planning/lib/libmoveit_default_planning_request_adapter_plugins.so.2.5.4" to ""
[132.928s] -- Installing: /home/mtrn/4231/ws_moveit2/install/moveit_ros_planning/lib/libmoveit_default_planning_request_adapter_plugins.so
[132.929s] -- Installing: /home/mtrn/4231/ws_moveit2/install/moveit_ros_planning/lib/libmoveit_cpp.so.2.5.4
[132.929s] -- Set runtime path of "/home/mtrn/4231/ws_moveit2/install/moveit_ros_planning/lib/libmoveit_cpp.so.2.5.4" to ""
[132.929s] -- Installing: /home/mtrn/4231/ws_moveit2/install/moveit_ros_planning/lib/libmoveit_cpp.so
[132.931s] -- Installing: /home/mtrn/4231/ws_moveit2/install/moveit_ros_planning/share/moveit_ros_planning/environment/library_path.sh
[132.932s] -- Installing: /home/mtrn/4231/ws_moveit2/install/moveit_ros_planning/share/moveit_ros_planning/environment/library_path.dsv
[132.932s] -- Installing: /home/mtrn/4231/ws_moveit2/install/moveit_ros_planning/share/moveit_ros_planning/planning_request_adapters_plugin_description.xml
[132.935s] -- Installing: /home/mtrn/4231/ws_moveit2/install/moveit_ros_planning/share/ament_index/resource_index/package_run_dependencies/moveit_ros_planning
[132.936s] -- Installing: /home/mtrn/4231/ws_moveit2/install/moveit_ros_planning/share/ament_index/resource_index/parent_prefix_path/moveit_ros_planning
[132.939s] -- Installing: /home/mtrn/4231/ws_moveit2/install/moveit_ros_planning/share/moveit_ros_planning/environment/ament_prefix_path.sh
[132.940s] -- Installing: /home/mtrn/4231/ws_moveit2/install/moveit_ros_planning/share/moveit_ros_planning/environment/ament_prefix_path.dsv
[132.940s] -- Installing: /home/mtrn/4231/ws_moveit2/install/moveit_ros_planning/share/moveit_ros_planning/environment/path.sh
[132.941s] -- Installing: /home/mtrn/4231/ws_moveit2/install/moveit_ros_planning/share/moveit_ros_planning/environment/path.dsv
[132.941s] -- Installing: /home/mtrn/4231/ws_moveit2/install/moveit_ros_planning/share/moveit_ros_planning/local_setup.bash
[132.941s] -- Installing: /home/mtrn/4231/ws_moveit2/install/moveit_ros_planning/share/moveit_ros_planning/local_setup.sh
[132.942s] -- Installing: /home/mtrn/4231/ws_moveit2/install/moveit_ros_planning/share/moveit_ros_planning/local_setup.zsh
[132.942s] -- Installing: /home/mtrn/4231/ws_moveit2/install/moveit_ros_planning/share/moveit_ros_planning/local_setup.dsv
[132.943s] -- Installing: /home/mtrn/4231/ws_moveit2/install/moveit_ros_planning/share/moveit_ros_planning/package.dsv
[132.944s] -- Installing: /home/mtrn/4231/ws_moveit2/install/moveit_ros_planning/share/ament_index/resource_index/packages/moveit_ros_planning
[132.944s] -- Installing: /home/mtrn/4231/ws_moveit2/install/moveit_ros_planning/share/ament_index/resource_index/moveit_core__pluginlib__plugin/moveit_ros_planning
[132.946s] -- Installing: /home/mtrn/4231/ws_moveit2/install/moveit_ros_planning/share/moveit_ros_planning/cmake/export_moveit_ros_planningExport.cmake
[132.947s] -- Installing: /home/mtrn/4231/ws_moveit2/install/moveit_ros_planning/share/moveit_ros_planning/cmake/export_moveit_ros_planningExport-release.cmake
[132.947s] -- Installing: /home/mtrn/4231/ws_moveit2/install/moveit_ros_planning/share/moveit_ros_planning/cmake/ConfigExtras.cmake
[132.948s] -- Installing: /home/mtrn/4231/ws_moveit2/install/moveit_ros_planning/share/moveit_ros_planning/cmake/ament_cmake_export_targets-extras.cmake
[132.948s] -- Installing: /home/mtrn/4231/ws_moveit2/install/moveit_ros_planning/share/moveit_ros_planning/cmake/ament_cmake_export_dependencies-extras.cmake
[132.949s] -- Installing: /home/mtrn/4231/ws_moveit2/install/moveit_ros_planning/share/moveit_ros_planning/cmake/moveit_ros_planningConfig.cmake
[132.949s] -- Installing: /home/mtrn/4231/ws_moveit2/install/moveit_ros_planning/share/moveit_ros_planning/cmake/moveit_ros_planningConfig-version.cmake
[132.949s] -- Installing: /home/mtrn/4231/ws_moveit2/install/moveit_ros_planning/share/moveit_ros_planning/package.xml
[132.960s] Invoked command in '/home/mtrn/4231/ws_moveit2/build/moveit_ros_planning' returned '0': AMENT_PREFIX_PATH=/home/mtrn/4231/ws_moveit2/install/moveit_ros_occupancy_map_monitor:/home/mtrn/4231/ws_moveit2/install/moveit_core:/home/mtrn/4231/ws_moveit2/install/moveit_resources_panda_moveit_config:/home/mtrn/4231/ws_moveit2/install/srdfdom:/home/mtrn/4231/ws_moveit2/install/moveit_resources_panda_description:/home/mtrn/4231/ws_moveit2/install/moveit_common:${AMENT_PREFIX_PATH} CMAKE_PREFIX_PATH=/home/mtrn/4231/ws_moveit2/install/moveit_ros_occupancy_map_monitor:/home/mtrn/4231/ws_moveit2/install/moveit_core:/home/mtrn/4231/ws_moveit2/install/moveit_resources_panda_moveit_config:/home/mtrn/4231/ws_moveit2/install/srdfdom:/home/mtrn/4231/ws_moveit2/install/moveit_resources_panda_description:/home/mtrn/4231/ws_moveit2/install/moveit_common:/opt/ros/humble LD_LIBRARY_PATH=/home/mtrn/4231/ws_moveit2/install/moveit_ros_occupancy_map_monitor/lib:/home/mtrn/4231/ws_moveit2/install/moveit_core/lib:/home/mtrn/4231/ws_moveit2/install/srdfdom/lib:${LD_LIBRARY_PATH} PATH=/home/mtrn/4231/ws_moveit2/install/moveit_core/bin:${PATH} PYTHONPATH=/home/mtrn/4231/ws_moveit2/install/srdfdom/local/lib/python3.10/dist-packages:${PYTHONPATH} /usr/bin/cmake --install /home/mtrn/4231/ws_moveit2/build/moveit_ros_planning
