[0.015s] Invoking command in '/home/mtrn/4231/ws_moveit2/build/moveit_chomp_optimizer_adapter': AMENT_PREFIX_PATH=/home/mtrn/4231/ws_moveit2/install/chomp_motion_planner:/home/mtrn/4231/ws_moveit2/install/moveit_core:/home/mtrn/4231/ws_moveit2/install/srdfdom:/home/mtrn/4231/ws_moveit2/install/moveit_common:${AMENT_PREFIX_PATH} CMAKE_PREFIX_PATH=/home/mtrn/4231/ws_moveit2/install/chomp_motion_planner:/home/mtrn/4231/ws_moveit2/install/moveit_core:/home/mtrn/4231/ws_moveit2/install/srdfdom:/home/mtrn/4231/ws_moveit2/install/moveit_common:/opt/ros/humble LD_LIBRARY_PATH=/home/mtrn/4231/ws_moveit2/install/chomp_motion_planner/lib:/home/mtrn/4231/ws_moveit2/install/moveit_core/lib:/home/mtrn/4231/ws_moveit2/install/srdfdom/lib:${LD_LIBRARY_PATH} PATH=/home/mtrn/4231/ws_moveit2/install/moveit_core/bin:${PATH} PYTHONPATH=/home/mtrn/4231/ws_moveit2/install/srdfdom/local/lib/python3.10/dist-packages:${PYTHONPATH} /usr/bin/cmake /home/mtrn/4231/ws_moveit2/src/moveit2/moveit_planners/chomp/chomp_optimizer_adapter -DCMAKE_BUILD_TYPE=Release -DCMAKE_INSTALL_PREFIX=/home/mtrn/4231/ws_moveit2/install/moveit_chomp_optimizer_adapter
[0.054s] -- The C compiler identification is GNU 11.4.0
[0.094s] -- The CXX compiler identification is GNU 11.4.0
[0.099s] -- Detecting C compiler ABI info
[0.142s] -- Detecting C compiler ABI info - done
[0.146s] -- Check for working C compiler: /usr/bin/cc - skipped
[0.146s] -- Detecting C compile features
[0.146s] -- Detecting C compile features - done
[0.148s] -- Detecting CXX compiler ABI info
[0.205s] -- Detecting CXX compiler ABI info - done
[0.210s] -- Check for working CXX compiler: /usr/bin/c++ - skipped
[0.211s] -- Detecting CXX compile features
[0.211s] -- Detecting CXX compile features - done
[0.212s] -- Found moveit_common: 2.5.4 (/home/mtrn/4231/ws_moveit2/install/moveit_common/share/moveit_common/cmake)
[0.213s] -- Found ament_cmake: 1.3.5 (/opt/ros/humble/share/ament_cmake/cmake)
[0.323s] -- Found Python3: /usr/bin/python3.10 (found version "3.10.12") found components: Interpreter 
[0.432s] -- Found libdw: /usr/lib/x86_64-linux-gnu/libdw.so  
[0.435s] -- Could NOT find libbfd (missing: LIBBFD_LIBRARY LIBBFD_INCLUDE_DIR) 
[0.435s] -- BACKWARD_HAS_UNWIND=1
[0.435s] -- BACKWARD_HAS_BACKTRACE=0
[0.435s] -- BACKWARD_HAS_BACKTRACE_SYMBOL=0
[0.435s] -- BACKWARD_HAS_DW=1
[0.435s] -- BACKWARD_HAS_BFD=0
[0.436s] -- Found Backward: /opt/ros/humble/share/backward_ros/cmake  
[0.439s] -- Found chomp_motion_planner: 2.5.4 (/home/mtrn/4231/ws_moveit2/install/chomp_motion_planner/share/chomp_motion_planner/cmake)
[0.441s] -- Found moveit_core: 2.5.4 (/home/mtrn/4231/ws_moveit2/install/moveit_core/share/moveit_core/cmake)
[0.592s] -- Found Boost: /usr/lib/x86_64-linux-gnu/cmake/Boost-1.74.0/BoostConfig.cmake (found version "1.74.0") found components: chrono date_time filesystem iostreams program_options regex serialization system thread 
[0.603s] -- Found parameter_traits: 0.3.6 (/opt/ros/humble/share/parameter_traits/cmake)
[0.631s] -- Found rosidl_generator_c: 3.1.5 (/opt/ros/humble/share/rosidl_generator_c/cmake)
[0.634s] -- Found rosidl_adapter: 3.1.5 (/opt/ros/humble/share/rosidl_adapter/cmake)
[0.640s] -- Found rosidl_generator_cpp: 3.1.5 (/opt/ros/humble/share/rosidl_generator_cpp/cmake)
[0.653s] -- Using all available rosidl_typesupport_c: rosidl_typesupport_fastrtps_c;rosidl_typesupport_introspection_c
[0.665s] -- Using all available rosidl_typesupport_cpp: rosidl_typesupport_fastrtps_cpp;rosidl_typesupport_introspection_cpp
[0.712s] -- Found rmw_implementation_cmake: 6.1.1 (/opt/ros/humble/share/rmw_implementation_cmake/cmake)
[0.714s] -- Found rmw_cyclonedds_cpp: 1.3.4 (/opt/ros/humble/share/rmw_cyclonedds_cpp/cmake)
[0.735s] -- Using RMW implementation 'rmw_cyclonedds_cpp' as default
[0.742s] -- Found Threads: TRUE  
[0.862s] -- Found rclcpp_lifecycle: 16.0.5 (/opt/ros/humble/share/rclcpp_lifecycle/cmake)
[0.897s] -- Found Boost: /usr/lib/x86_64-linux-gnu/cmake/Boost-1.74.0/BoostConfig.cmake (found version "1.74.0") found components: filesystem 
[0.995s] -- library: /usr/lib/x86_64-linux-gnu/libcurl.so
[1.218s] -- Found Eigen3: TRUE (found version "3.4.0") 
[1.218s] -- Ensuring Eigen3 include directory is part of orocos-kdl CMake target
[1.977s] -- Found ament_lint_auto: 0.12.7 (/opt/ros/humble/share/ament_lint_auto/cmake)
[1.987s] -- Added test 'cppcheck' to perform static code analysis on C / C++ code
[1.987s] -- Configured cppcheck include dirs: 
[1.987s] -- Configured cppcheck exclude dirs and/or files: 
[1.987s] -- Added test 'xmllint' to check XML markup files
[1.988s] -- Configuring done
[2.002s] -- Generating done
[2.003s] -- Build files have been written to: /home/mtrn/4231/ws_moveit2/build/moveit_chomp_optimizer_adapter
[2.017s] Invoked command in '/home/mtrn/4231/ws_moveit2/build/moveit_chomp_optimizer_adapter' returned '0': AMENT_PREFIX_PATH=/home/mtrn/4231/ws_moveit2/install/chomp_motion_planner:/home/mtrn/4231/ws_moveit2/install/moveit_core:/home/mtrn/4231/ws_moveit2/install/srdfdom:/home/mtrn/4231/ws_moveit2/install/moveit_common:${AMENT_PREFIX_PATH} CMAKE_PREFIX_PATH=/home/mtrn/4231/ws_moveit2/install/chomp_motion_planner:/home/mtrn/4231/ws_moveit2/install/moveit_core:/home/mtrn/4231/ws_moveit2/install/srdfdom:/home/mtrn/4231/ws_moveit2/install/moveit_common:/opt/ros/humble LD_LIBRARY_PATH=/home/mtrn/4231/ws_moveit2/install/chomp_motion_planner/lib:/home/mtrn/4231/ws_moveit2/install/moveit_core/lib:/home/mtrn/4231/ws_moveit2/install/srdfdom/lib:${LD_LIBRARY_PATH} PATH=/home/mtrn/4231/ws_moveit2/install/moveit_core/bin:${PATH} PYTHONPATH=/home/mtrn/4231/ws_moveit2/install/srdfdom/local/lib/python3.10/dist-packages:${PYTHONPATH} /usr/bin/cmake /home/mtrn/4231/ws_moveit2/src/moveit2/moveit_planners/chomp/chomp_optimizer_adapter -DCMAKE_BUILD_TYPE=Release -DCMAKE_INSTALL_PREFIX=/home/mtrn/4231/ws_moveit2/install/moveit_chomp_optimizer_adapter
[2.018s] Invoking command in '/home/mtrn/4231/ws_moveit2/build/moveit_chomp_optimizer_adapter': AMENT_PREFIX_PATH=/home/mtrn/4231/ws_moveit2/install/chomp_motion_planner:/home/mtrn/4231/ws_moveit2/install/moveit_core:/home/mtrn/4231/ws_moveit2/install/srdfdom:/home/mtrn/4231/ws_moveit2/install/moveit_common:${AMENT_PREFIX_PATH} CMAKE_PREFIX_PATH=/home/mtrn/4231/ws_moveit2/install/chomp_motion_planner:/home/mtrn/4231/ws_moveit2/install/moveit_core:/home/mtrn/4231/ws_moveit2/install/srdfdom:/home/mtrn/4231/ws_moveit2/install/moveit_common:/opt/ros/humble LD_LIBRARY_PATH=/home/mtrn/4231/ws_moveit2/install/chomp_motion_planner/lib:/home/mtrn/4231/ws_moveit2/install/moveit_core/lib:/home/mtrn/4231/ws_moveit2/install/srdfdom/lib:${LD_LIBRARY_PATH} PATH=/home/mtrn/4231/ws_moveit2/install/moveit_core/bin:${PATH} PYTHONPATH=/home/mtrn/4231/ws_moveit2/install/srdfdom/local/lib/python3.10/dist-packages:${PYTHONPATH} /usr/bin/cmake --build /home/mtrn/4231/ws_moveit2/build/moveit_chomp_optimizer_adapter -- -j4 -l4
[2.049s] [ 50%] [32mBuilding CXX object CMakeFiles/moveit_chomp_optimizer_adapter.dir/src/chomp_optimizer_adapter.cpp.o[0m
[8.414s] [100%] [32m[1mLinking CXX shared library libmoveit_chomp_optimizer_adapter.so[0m
[8.535s] [100%] Built target moveit_chomp_optimizer_adapter
[8.544s] Invoked command in '/home/mtrn/4231/ws_moveit2/build/moveit_chomp_optimizer_adapter' returned '0': AMENT_PREFIX_PATH=/home/mtrn/4231/ws_moveit2/install/chomp_motion_planner:/home/mtrn/4231/ws_moveit2/install/moveit_core:/home/mtrn/4231/ws_moveit2/install/srdfdom:/home/mtrn/4231/ws_moveit2/install/moveit_common:${AMENT_PREFIX_PATH} CMAKE_PREFIX_PATH=/home/mtrn/4231/ws_moveit2/install/chomp_motion_planner:/home/mtrn/4231/ws_moveit2/install/moveit_core:/home/mtrn/4231/ws_moveit2/install/srdfdom:/home/mtrn/4231/ws_moveit2/install/moveit_common:/opt/ros/humble LD_LIBRARY_PATH=/home/mtrn/4231/ws_moveit2/install/chomp_motion_planner/lib:/home/mtrn/4231/ws_moveit2/install/moveit_core/lib:/home/mtrn/4231/ws_moveit2/install/srdfdom/lib:${LD_LIBRARY_PATH} PATH=/home/mtrn/4231/ws_moveit2/install/moveit_core/bin:${PATH} PYTHONPATH=/home/mtrn/4231/ws_moveit2/install/srdfdom/local/lib/python3.10/dist-packages:${PYTHONPATH} /usr/bin/cmake --build /home/mtrn/4231/ws_moveit2/build/moveit_chomp_optimizer_adapter -- -j4 -l4
[8.560s] Invoking command in '/home/mtrn/4231/ws_moveit2/build/moveit_chomp_optimizer_adapter': AMENT_PREFIX_PATH=/home/mtrn/4231/ws_moveit2/install/chomp_motion_planner:/home/mtrn/4231/ws_moveit2/install/moveit_core:/home/mtrn/4231/ws_moveit2/install/srdfdom:/home/mtrn/4231/ws_moveit2/install/moveit_common:${AMENT_PREFIX_PATH} CMAKE_PREFIX_PATH=/home/mtrn/4231/ws_moveit2/install/chomp_motion_planner:/home/mtrn/4231/ws_moveit2/install/moveit_core:/home/mtrn/4231/ws_moveit2/install/srdfdom:/home/mtrn/4231/ws_moveit2/install/moveit_common:/opt/ros/humble LD_LIBRARY_PATH=/home/mtrn/4231/ws_moveit2/install/chomp_motion_planner/lib:/home/mtrn/4231/ws_moveit2/install/moveit_core/lib:/home/mtrn/4231/ws_moveit2/install/srdfdom/lib:${LD_LIBRARY_PATH} PATH=/home/mtrn/4231/ws_moveit2/install/moveit_core/bin:${PATH} PYTHONPATH=/home/mtrn/4231/ws_moveit2/install/srdfdom/local/lib/python3.10/dist-packages:${PYTHONPATH} /usr/bin/cmake --install /home/mtrn/4231/ws_moveit2/build/moveit_chomp_optimizer_adapter
[8.564s] -- Install configuration: "Release"
[8.565s] -- Installing: /home/mtrn/4231/ws_moveit2/install/moveit_chomp_optimizer_adapter/lib/libmoveit_chomp_optimizer_adapter.so.2.5.4
[8.565s] -- Set runtime path of "/home/mtrn/4231/ws_moveit2/install/moveit_chomp_optimizer_adapter/lib/libmoveit_chomp_optimizer_adapter.so.2.5.4" to ""
[8.565s] -- Installing: /home/mtrn/4231/ws_moveit2/install/moveit_chomp_optimizer_adapter/lib/libmoveit_chomp_optimizer_adapter.so
[8.565s] -- Installing: /home/mtrn/4231/ws_moveit2/install/moveit_chomp_optimizer_adapter/share/moveit_chomp_optimizer_adapter/environment/library_path.sh
[8.566s] -- Installing: /home/mtrn/4231/ws_moveit2/install/moveit_chomp_optimizer_adapter/share/moveit_chomp_optimizer_adapter/environment/library_path.dsv
[8.566s] -- Installing: /home/mtrn/4231/ws_moveit2/install/moveit_chomp_optimizer_adapter/share/moveit_chomp_optimizer_adapter/chomp_optimizer_adapter_plugin_description.xml
[8.569s] -- Installing: /home/mtrn/4231/ws_moveit2/install/moveit_chomp_optimizer_adapter/share/ament_index/resource_index/package_run_dependencies/moveit_chomp_optimizer_adapter
[8.569s] -- Installing: /home/mtrn/4231/ws_moveit2/install/moveit_chomp_optimizer_adapter/share/ament_index/resource_index/parent_prefix_path/moveit_chomp_optimizer_adapter
[8.570s] -- Installing: /home/mtrn/4231/ws_moveit2/install/moveit_chomp_optimizer_adapter/share/moveit_chomp_optimizer_adapter/environment/ament_prefix_path.sh
[8.570s] -- Installing: /home/mtrn/4231/ws_moveit2/install/moveit_chomp_optimizer_adapter/share/moveit_chomp_optimizer_adapter/environment/ament_prefix_path.dsv
[8.570s] -- Installing: /home/mtrn/4231/ws_moveit2/install/moveit_chomp_optimizer_adapter/share/moveit_chomp_optimizer_adapter/environment/path.sh
[8.570s] -- Installing: /home/mtrn/4231/ws_moveit2/install/moveit_chomp_optimizer_adapter/share/moveit_chomp_optimizer_adapter/environment/path.dsv
[8.570s] -- Installing: /home/mtrn/4231/ws_moveit2/install/moveit_chomp_optimizer_adapter/share/moveit_chomp_optimizer_adapter/local_setup.bash
[8.570s] -- Installing: /home/mtrn/4231/ws_moveit2/install/moveit_chomp_optimizer_adapter/share/moveit_chomp_optimizer_adapter/local_setup.sh
[8.570s] -- Installing: /home/mtrn/4231/ws_moveit2/install/moveit_chomp_optimizer_adapter/share/moveit_chomp_optimizer_adapter/local_setup.zsh
[8.570s] -- Installing: /home/mtrn/4231/ws_moveit2/install/moveit_chomp_optimizer_adapter/share/moveit_chomp_optimizer_adapter/local_setup.dsv
[8.571s] -- Installing: /home/mtrn/4231/ws_moveit2/install/moveit_chomp_optimizer_adapter/share/moveit_chomp_optimizer_adapter/package.dsv
[8.571s] -- Installing: /home/mtrn/4231/ws_moveit2/install/moveit_chomp_optimizer_adapter/share/ament_index/resource_index/packages/moveit_chomp_optimizer_adapter
[8.571s] -- Installing: /home/mtrn/4231/ws_moveit2/install/moveit_chomp_optimizer_adapter/share/ament_index/resource_index/moveit_core__pluginlib__plugin/moveit_chomp_optimizer_adapter
[8.571s] -- Installing: /home/mtrn/4231/ws_moveit2/install/moveit_chomp_optimizer_adapter/share/moveit_chomp_optimizer_adapter/cmake/moveit_chomp_optimizer_adapterTargetsExport.cmake
[8.571s] -- Installing: /home/mtrn/4231/ws_moveit2/install/moveit_chomp_optimizer_adapter/share/moveit_chomp_optimizer_adapter/cmake/moveit_chomp_optimizer_adapterTargetsExport-release.cmake
[8.571s] -- Installing: /home/mtrn/4231/ws_moveit2/install/moveit_chomp_optimizer_adapter/share/moveit_chomp_optimizer_adapter/cmake/ament_cmake_export_targets-extras.cmake
[8.572s] -- Installing: /home/mtrn/4231/ws_moveit2/install/moveit_chomp_optimizer_adapter/share/moveit_chomp_optimizer_adapter/cmake/moveit_chomp_optimizer_adapterConfig.cmake
[8.572s] -- Installing: /home/mtrn/4231/ws_moveit2/install/moveit_chomp_optimizer_adapter/share/moveit_chomp_optimizer_adapter/cmake/moveit_chomp_optimizer_adapterConfig-version.cmake
[8.572s] -- Installing: /home/mtrn/4231/ws_moveit2/install/moveit_chomp_optimizer_adapter/share/moveit_chomp_optimizer_adapter/package.xml
[8.573s] Invoked command in '/home/mtrn/4231/ws_moveit2/build/moveit_chomp_optimizer_adapter' returned '0': AMENT_PREFIX_PATH=/home/mtrn/4231/ws_moveit2/install/chomp_motion_planner:/home/mtrn/4231/ws_moveit2/install/moveit_core:/home/mtrn/4231/ws_moveit2/install/srdfdom:/home/mtrn/4231/ws_moveit2/install/moveit_common:${AMENT_PREFIX_PATH} CMAKE_PREFIX_PATH=/home/mtrn/4231/ws_moveit2/install/chomp_motion_planner:/home/mtrn/4231/ws_moveit2/install/moveit_core:/home/mtrn/4231/ws_moveit2/install/srdfdom:/home/mtrn/4231/ws_moveit2/install/moveit_common:/opt/ros/humble LD_LIBRARY_PATH=/home/mtrn/4231/ws_moveit2/install/chomp_motion_planner/lib:/home/mtrn/4231/ws_moveit2/install/moveit_core/lib:/home/mtrn/4231/ws_moveit2/install/srdfdom/lib:${LD_LIBRARY_PATH} PATH=/home/mtrn/4231/ws_moveit2/install/moveit_core/bin:${PATH} PYTHONPATH=/home/mtrn/4231/ws_moveit2/install/srdfdom/local/lib/python3.10/dist-packages:${PYTHONPATH} /usr/bin/cmake --install /home/mtrn/4231/ws_moveit2/build/moveit_chomp_optimizer_adapter
