[0.013s] Invoking command in '/home/mtrn/4231/ros_ur_driver/build/ur_moveit_config': CMAKE_PREFIX_PATH=${CMAKE_PREFIX_PATH}:/home/mtrn/4231/ws_moveit2/install/moveit_configs_utils:/home/mtrn/4231/ws_moveit2/install/launch_param_builder:/opt/ros/humble /usr/bin/cmake /home/mtrn/4231/ros_ur_driver/src/Universal_Robots_ROS2_Driver/ur_moveit_config -DCMAKE_BUILD_TYPE=Release -DCMAKE_INSTALL_PREFIX=/home/mtrn/4231/ros_ur_driver/install/ur_moveit_config
[0.061s] -- The C compiler identification is GNU 11.4.0
[0.098s] -- The CXX compiler identification is GNU 11.4.0
[0.105s] -- Detecting C compiler ABI info
[0.166s] -- Detecting C compiler ABI info - done
[0.170s] -- Check for working C compiler: /usr/bin/cc - skipped
[0.170s] -- Detecting C compile features
[0.171s] -- Detecting C compile features - done
[0.173s] -- Detecting CXX compiler ABI info
[0.237s] -- Detecting CXX compiler ABI info - done
[0.242s] -- Check for working CXX compiler: /usr/bin/c++ - skipped
[0.243s] -- Detecting CXX compile features
[0.243s] -- Detecting CXX compile features - done
[0.247s] -- Found ament_cmake: 1.3.5 (/opt/ros/humble/share/ament_cmake/cmake)
[0.389s] -- Found Python3: /usr/bin/python3.10 (found version "3.10.12") found components: Interpreter 
[0.615s] -- Configuring done
[0.616s] -- Generating done
[0.617s] -- Build files have been written to: /home/mtrn/4231/ros_ur_driver/build/ur_moveit_config
[0.622s] Invoked command in '/home/mtrn/4231/ros_ur_driver/build/ur_moveit_config' returned '0': CMAKE_PREFIX_PATH=${CMAKE_PREFIX_PATH}:/home/mtrn/4231/ws_moveit2/install/moveit_configs_utils:/home/mtrn/4231/ws_moveit2/install/launch_param_builder:/opt/ros/humble /usr/bin/cmake /home/mtrn/4231/ros_ur_driver/src/Universal_Robots_ROS2_Driver/ur_moveit_config -DCMAKE_BUILD_TYPE=Release -DCMAKE_INSTALL_PREFIX=/home/mtrn/4231/ros_ur_driver/install/ur_moveit_config
[0.623s] Invoking command in '/home/mtrn/4231/ros_ur_driver/build/ur_moveit_config': CMAKE_PREFIX_PATH=${CMAKE_PREFIX_PATH}:/home/mtrn/4231/ws_moveit2/install/moveit_configs_utils:/home/mtrn/4231/ws_moveit2/install/launch_param_builder:/opt/ros/humble /usr/bin/cmake --build /home/mtrn/4231/ros_ur_driver/build/ur_moveit_config -- -j4 -l4
[0.670s] Built target ament_cmake_python_copy_ur_moveit_config
[0.848s] running egg_info
[0.849s] creating ur_moveit_config.egg-info
[0.849s] writing ur_moveit_config.egg-info/PKG-INFO
[0.849s] writing dependency_links to ur_moveit_config.egg-info/dependency_links.txt
[0.849s] writing top-level names to ur_moveit_config.egg-info/top_level.txt
[0.850s] writing manifest file 'ur_moveit_config.egg-info/SOURCES.txt'
[0.852s] reading manifest file 'ur_moveit_config.egg-info/SOURCES.txt'
[0.852s] writing manifest file 'ur_moveit_config.egg-info/SOURCES.txt'
[0.873s] Built target ament_cmake_python_build_ur_moveit_config_egg
[0.885s] Invoked command in '/home/mtrn/4231/ros_ur_driver/build/ur_moveit_config' returned '0': CMAKE_PREFIX_PATH=${CMAKE_PREFIX_PATH}:/home/mtrn/4231/ws_moveit2/install/moveit_configs_utils:/home/mtrn/4231/ws_moveit2/install/launch_param_builder:/opt/ros/humble /usr/bin/cmake --build /home/mtrn/4231/ros_ur_driver/build/ur_moveit_config -- -j4 -l4
[0.925s] Invoking command in '/home/mtrn/4231/ros_ur_driver/build/ur_moveit_config': CMAKE_PREFIX_PATH=${CMAKE_PREFIX_PATH}:/home/mtrn/4231/ws_moveit2/install/moveit_configs_utils:/home/mtrn/4231/ws_moveit2/install/launch_param_builder:/opt/ros/humble /usr/bin/cmake --install /home/mtrn/4231/ros_ur_driver/build/ur_moveit_config
[0.935s] -- Install configuration: "Release"
[0.935s] -- Installing: /home/mtrn/4231/ros_ur_driver/install/ur_moveit_config/share/ur_moveit_config/config
[0.936s] -- Installing: /home/mtrn/4231/ros_ur_driver/install/ur_moveit_config/share/ur_moveit_config/config/controllers.yaml
[0.937s] -- Installing: /home/mtrn/4231/ros_ur_driver/install/ur_moveit_config/share/ur_moveit_config/config/ur_servo.yaml
[0.937s] -- Installing: /home/mtrn/4231/ros_ur_driver/install/ur_moveit_config/share/ur_moveit_config/config/ompl_planning.yaml
[0.937s] -- Installing: /home/mtrn/4231/ros_ur_driver/install/ur_moveit_config/share/ur_moveit_config/config/kinematics.yaml
[0.938s] -- Installing: /home/mtrn/4231/ros_ur_driver/install/ur_moveit_config/share/ur_moveit_config/launch
[0.938s] -- Installing: /home/mtrn/4231/ros_ur_driver/install/ur_moveit_config/share/ur_moveit_config/launch/ur_moveit.launch.py
[0.938s] -- Installing: /home/mtrn/4231/ros_ur_driver/install/ur_moveit_config/share/ur_moveit_config/rviz
[0.939s] -- Installing: /home/mtrn/4231/ros_ur_driver/install/ur_moveit_config/share/ur_moveit_config/rviz/view_robot.rviz
[0.939s] -- Installing: /home/mtrn/4231/ros_ur_driver/install/ur_moveit_config/share/ur_moveit_config/srdf
[0.939s] -- Installing: /home/mtrn/4231/ros_ur_driver/install/ur_moveit_config/share/ur_moveit_config/srdf/ur_macro.srdf.xacro
[0.940s] -- Installing: /home/mtrn/4231/ros_ur_driver/install/ur_moveit_config/share/ur_moveit_config/srdf/ur.srdf.xacro
[0.943s] -- Installing: /home/mtrn/4231/ros_ur_driver/install/ur_moveit_config/share/ur_moveit_config/environment/pythonpath.sh
[0.943s] -- Installing: /home/mtrn/4231/ros_ur_driver/install/ur_moveit_config/share/ur_moveit_config/environment/pythonpath.dsv
[0.943s] -- Installing: /home/mtrn/4231/ros_ur_driver/install/ur_moveit_config/local/lib/python3.10/dist-packages/ur_moveit_config-2.2.8-py3.10.egg-info
[0.944s] -- Installing: /home/mtrn/4231/ros_ur_driver/install/ur_moveit_config/local/lib/python3.10/dist-packages/ur_moveit_config-2.2.8-py3.10.egg-info/top_level.txt
[0.944s] -- Installing: /home/mtrn/4231/ros_ur_driver/install/ur_moveit_config/local/lib/python3.10/dist-packages/ur_moveit_config-2.2.8-py3.10.egg-info/SOURCES.txt
[0.944s] -- Installing: /home/mtrn/4231/ros_ur_driver/install/ur_moveit_config/local/lib/python3.10/dist-packages/ur_moveit_config-2.2.8-py3.10.egg-info/PKG-INFO
[0.944s] -- Installing: /home/mtrn/4231/ros_ur_driver/install/ur_moveit_config/local/lib/python3.10/dist-packages/ur_moveit_config-2.2.8-py3.10.egg-info/dependency_links.txt
[0.944s] -- Installing: /home/mtrn/4231/ros_ur_driver/install/ur_moveit_config/local/lib/python3.10/dist-packages/ur_moveit_config
[0.944s] -- Installing: /home/mtrn/4231/ros_ur_driver/install/ur_moveit_config/local/lib/python3.10/dist-packages/ur_moveit_config/launch_common.py
[0.944s] -- Installing: /home/mtrn/4231/ros_ur_driver/install/ur_moveit_config/local/lib/python3.10/dist-packages/ur_moveit_config/__init__.py
[0.968s] Listing '/home/mtrn/4231/ros_ur_driver/install/ur_moveit_config/local/lib/python3.10/dist-packages/ur_moveit_config'...
[0.968s] Compiling '/home/mtrn/4231/ros_ur_driver/install/ur_moveit_config/local/lib/python3.10/dist-packages/ur_moveit_config/__init__.py'...
[0.968s] Compiling '/home/mtrn/4231/ros_ur_driver/install/ur_moveit_config/local/lib/python3.10/dist-packages/ur_moveit_config/launch_common.py'...
[0.970s] -- Installing: /home/mtrn/4231/ros_ur_driver/install/ur_moveit_config/local/lib/python3.10/dist-packages/launch_common.py
[0.989s] Compiling '/home/mtrn/4231/ros_ur_driver/install/ur_moveit_config/local/lib/python3.10/dist-packages/launch_common.py'...
[0.992s] -- Installing: /home/mtrn/4231/ros_ur_driver/install/ur_moveit_config/share/ament_index/resource_index/package_run_dependencies/ur_moveit_config
[0.992s] -- Installing: /home/mtrn/4231/ros_ur_driver/install/ur_moveit_config/share/ament_index/resource_index/parent_prefix_path/ur_moveit_config
[0.992s] -- Installing: /home/mtrn/4231/ros_ur_driver/install/ur_moveit_config/share/ur_moveit_config/environment/ament_prefix_path.sh
[0.992s] -- Installing: /home/mtrn/4231/ros_ur_driver/install/ur_moveit_config/share/ur_moveit_config/environment/ament_prefix_path.dsv
[0.992s] -- Installing: /home/mtrn/4231/ros_ur_driver/install/ur_moveit_config/share/ur_moveit_config/environment/path.sh
[0.992s] -- Installing: /home/mtrn/4231/ros_ur_driver/install/ur_moveit_config/share/ur_moveit_config/environment/path.dsv
[0.993s] -- Installing: /home/mtrn/4231/ros_ur_driver/install/ur_moveit_config/share/ur_moveit_config/local_setup.bash
[0.993s] -- Installing: /home/mtrn/4231/ros_ur_driver/install/ur_moveit_config/share/ur_moveit_config/local_setup.sh
[0.993s] -- Installing: /home/mtrn/4231/ros_ur_driver/install/ur_moveit_config/share/ur_moveit_config/local_setup.zsh
[0.993s] -- Installing: /home/mtrn/4231/ros_ur_driver/install/ur_moveit_config/share/ur_moveit_config/local_setup.dsv
[0.993s] -- Installing: /home/mtrn/4231/ros_ur_driver/install/ur_moveit_config/share/ur_moveit_config/package.dsv
[0.993s] -- Installing: /home/mtrn/4231/ros_ur_driver/install/ur_moveit_config/share/ament_index/resource_index/packages/ur_moveit_config
[0.993s] -- Installing: /home/mtrn/4231/ros_ur_driver/install/ur_moveit_config/share/ur_moveit_config/cmake/ur_moveit_configConfig.cmake
[0.993s] -- Installing: /home/mtrn/4231/ros_ur_driver/install/ur_moveit_config/share/ur_moveit_config/cmake/ur_moveit_configConfig-version.cmake
[0.994s] -- Installing: /home/mtrn/4231/ros_ur_driver/install/ur_moveit_config/share/ur_moveit_config/package.xml
[0.996s] Invoked command in '/home/mtrn/4231/ros_ur_driver/build/ur_moveit_config' returned '0': CMAKE_PREFIX_PATH=${CMAKE_PREFIX_PATH}:/home/mtrn/4231/ws_moveit2/install/moveit_configs_utils:/home/mtrn/4231/ws_moveit2/install/launch_param_builder:/opt/ros/humble /usr/bin/cmake --install /home/mtrn/4231/ros_ur_driver/build/ur_moveit_config
