[0.317s] DEBUG:colcon:Command line arguments: ['/usr/bin/colcon', 'build', '--packages-select', 'winners_pkg']
[0.318s] DEBUG:colcon:Parsed command line arguments: Namespace(log_base=None, log_level=None, verb_name='build', build_base='build', install_base='install', merge_install=False, symlink_install=False, test_result_base=None, continue_on_error=False, executor='parallel', parallel_workers=4, event_handlers=None, ignore_user_meta=False, metas=['./colcon.meta'], base_paths=['.'], packages_ignore=None, packages_ignore_regex=None, paths=None, packages_up_to=None, packages_up_to_regex=None, packages_above=None, packages_above_and_dependencies=None, packages_above_depth=None, packages_select_by_dep=None, packages_skip_by_dep=None, packages_skip_up_to=None, packages_select_build_failed=False, packages_skip_build_finished=False, packages_select_test_failures=False, packages_skip_test_passed=False, packages_select=['winners_pkg'], packages_skip=None, packages_select_regex=None, packages_skip_regex=None, packages_start=None, packages_end=None, allow_overriding=[], cmake_args=None, cmake_target=None, cmake_target_skip_unavailable=False, cmake_clean_cache=False, cmake_clean_first=False, cmake_force_configure=False, ament_cmake_args=None, catkin_cmake_args=None, catkin_skip_building_tests=False, mixin_files=None, mixin=None, verb_parser=<colcon_mixin.mixin.mixin_argument.MixinArgumentDecorator object at 0x7fe7840f7c40>, verb_extension=<colcon_core.verb.build.BuildVerb object at 0x7fe784898040>, main=<bound method BuildVerb.main of <colcon_core.verb.build.BuildVerb object at 0x7fe784898040>>, mixin_verb=('build',))
[0.347s] Level 1:colcon.colcon_core.package_discovery:discover_packages(colcon_meta) check parameters
[0.347s] Level 1:colcon.colcon_core.package_discovery:discover_packages(recursive) check parameters
[0.348s] Level 1:colcon.colcon_core.package_discovery:discover_packages(ignore) check parameters
[0.348s] Level 1:colcon.colcon_core.package_discovery:discover_packages(path) check parameters
[0.348s] Level 1:colcon.colcon_core.package_discovery:discover_packages(colcon_meta) discover
[0.348s] Level 1:colcon.colcon_core.package_discovery:discover_packages(recursive) discover
[0.348s] INFO:colcon.colcon_core.package_discovery:Crawling recursively for packages in '/home/mtrn/4231/project_workspace/MTRN4231_Winners/winners_pkg'
[0.348s] Level 1:colcon.colcon_core.package_identification:_identify(.) by extensions ['ignore', 'ignore_ament_install']
[0.348s] Level 1:colcon.colcon_core.package_identification:_identify(.) by extension 'ignore'
[0.348s] Level 1:colcon.colcon_core.package_identification:_identify(.) by extension 'ignore_ament_install'
[0.348s] Level 1:colcon.colcon_core.package_identification:_identify(.) by extensions ['colcon_pkg']
[0.348s] Level 1:colcon.colcon_core.package_identification:_identify(.) by extension 'colcon_pkg'
[0.348s] Level 1:colcon.colcon_core.package_identification:_identify(.) by extensions ['colcon_meta']
[0.348s] Level 1:colcon.colcon_core.package_identification:_identify(.) by extension 'colcon_meta'
[0.348s] Level 1:colcon.colcon_core.package_identification:_identify(.) by extensions ['ros']
[0.348s] Level 1:colcon.colcon_core.package_identification:_identify(.) by extension 'ros'
[0.356s] DEBUG:colcon.colcon_core.package_identification:Package '.' with type 'ros.ament_cmake' and name 'winners_pkg'
[0.356s] Level 1:colcon.colcon_core.package_discovery:discover_packages(recursive) using defaults
[0.356s] Level 1:colcon.colcon_core.package_discovery:discover_packages(ignore) discover
[0.356s] Level 1:colcon.colcon_core.package_discovery:discover_packages(ignore) using defaults
[0.356s] Level 1:colcon.colcon_core.package_discovery:discover_packages(path) discover
[0.356s] Level 1:colcon.colcon_core.package_discovery:discover_packages(path) using defaults
[0.376s] Level 1:colcon.colcon_core.package_discovery:discover_packages(prefix_path) check parameters
[0.376s] Level 1:colcon.colcon_core.package_discovery:discover_packages(prefix_path) discover
[0.378s] WARNING:colcon.colcon_core.prefix_path.colcon:The path '/home/mtrn/4231/project_workspace/MTRN4231_Winners/winners_pkg/src/install' in the environment variable COLCON_PREFIX_PATH doesn't exist
[0.378s] WARNING:colcon.colcon_core.prefix_path.colcon:The path '/home/mtrn/4231/project_workspace/MTRN4231_Winners/install' in the environment variable COLCON_PREFIX_PATH doesn't exist
[0.378s] WARNING:colcon.colcon_ros.prefix_path.ament:The path '/home/mtrn/4231/project_workspace/MTRN4231_Winners/install/winners_pkg' in the environment variable AMENT_PREFIX_PATH doesn't exist
[0.392s] WARNING:colcon.colcon_ros.prefix_path.catkin:The path '/home/mtrn/4231/project_workspace/MTRN4231_Winners/install/winners_pkg' in the environment variable CMAKE_PREFIX_PATH doesn't exist
[0.396s] DEBUG:colcon.colcon_installed_package_information.package_discovery:Found 1 installed packages in /home/mtrn/4231/project_workspace/MTRN4231_Winners/winners_pkg/install
[0.401s] DEBUG:colcon.colcon_installed_package_information.package_discovery:Found 7 installed packages in /home/mtrn/4231/ros_ur_driver/install
[0.437s] DEBUG:colcon.colcon_installed_package_information.package_discovery:Found 55 installed packages in /home/mtrn/4231/ws_moveit2/install
[0.440s] DEBUG:colcon.colcon_installed_package_information.package_discovery:Found 341 installed packages in /opt/ros/humble
[0.441s] Level 1:colcon.colcon_core.package_discovery:discover_packages(prefix_path) using defaults
[0.537s] Level 5:colcon.colcon_core.verb:set package 'winners_pkg' build argument 'cmake_args' from command line to 'None'
[0.537s] Level 5:colcon.colcon_core.verb:set package 'winners_pkg' build argument 'cmake_target' from command line to 'None'
[0.537s] Level 5:colcon.colcon_core.verb:set package 'winners_pkg' build argument 'cmake_target_skip_unavailable' from command line to 'False'
[0.537s] Level 5:colcon.colcon_core.verb:set package 'winners_pkg' build argument 'cmake_clean_cache' from command line to 'False'
[0.537s] Level 5:colcon.colcon_core.verb:set package 'winners_pkg' build argument 'cmake_clean_first' from command line to 'False'
[0.537s] Level 5:colcon.colcon_core.verb:set package 'winners_pkg' build argument 'cmake_force_configure' from command line to 'False'
[0.537s] Level 5:colcon.colcon_core.verb:set package 'winners_pkg' build argument 'ament_cmake_args' from command line to 'None'
[0.537s] Level 5:colcon.colcon_core.verb:set package 'winners_pkg' build argument 'catkin_cmake_args' from command line to 'None'
[0.537s] Level 5:colcon.colcon_core.verb:set package 'winners_pkg' build argument 'catkin_skip_building_tests' from command line to 'False'
[0.537s] DEBUG:colcon.colcon_core.verb:Building package 'winners_pkg' with the following arguments: {'ament_cmake_args': None, 'build_base': '/home/mtrn/4231/project_workspace/MTRN4231_Winners/winners_pkg/build/winners_pkg', 'catkin_cmake_args': None, 'catkin_skip_building_tests': False, 'cmake_args': None, 'cmake_clean_cache': False, 'cmake_clean_first': False, 'cmake_force_configure': False, 'cmake_target': None, 'cmake_target_skip_unavailable': False, 'install_base': '/home/mtrn/4231/project_workspace/MTRN4231_Winners/winners_pkg/install/winners_pkg', 'merge_install': False, 'path': '/home/mtrn/4231/project_workspace/MTRN4231_Winners/winners_pkg', 'symlink_install': False, 'test_result_base': None}
[0.538s] INFO:colcon.colcon_core.executor:Executing jobs using 'parallel' executor
[0.541s] DEBUG:colcon.colcon_parallel_executor.executor.parallel:run_until_complete
[0.542s] INFO:colcon.colcon_ros.task.ament_cmake.build:Building ROS package in '/home/mtrn/4231/project_workspace/MTRN4231_Winners/winners_pkg' with build type 'ament_cmake'
[0.542s] INFO:colcon.colcon_cmake.task.cmake.build:Building CMake package in '/home/mtrn/4231/project_workspace/MTRN4231_Winners/winners_pkg'
[0.546s] INFO:colcon.colcon_core.plugin_system:Skipping extension 'colcon_core.shell.bat': Not used on non-Windows systems
[0.546s] INFO:colcon.colcon_core.shell:Skip shell extension 'powershell' for command environment: Not usable outside of PowerShell
[0.546s] DEBUG:colcon.colcon_core.shell:Skip shell extension 'dsv' for command environment
[0.559s] DEBUG:colcon.colcon_core.event_handler.log_command:Invoking command in '/home/mtrn/4231/project_workspace/MTRN4231_Winners/winners_pkg/build/winners_pkg': CMAKE_PREFIX_PATH=${CMAKE_PREFIX_PATH}:/home/mtrn/4231/ws_moveit2/install/moveit_configs_utils:/home/mtrn/4231/ws_moveit2/install/launch_param_builder:/opt/ros/humble /usr/bin/cmake --build /home/mtrn/4231/project_workspace/MTRN4231_Winners/winners_pkg/build/winners_pkg -- -j4 -l4
[7.148s] DEBUG:colcon.colcon_core.event_handler.log_command:Invoked command in '/home/mtrn/4231/project_workspace/MTRN4231_Winners/winners_pkg/build/winners_pkg' returned '0': CMAKE_PREFIX_PATH=${CMAKE_PREFIX_PATH}:/home/mtrn/4231/ws_moveit2/install/moveit_configs_utils:/home/mtrn/4231/ws_moveit2/install/launch_param_builder:/opt/ros/humble /usr/bin/cmake --build /home/mtrn/4231/project_workspace/MTRN4231_Winners/winners_pkg/build/winners_pkg -- -j4 -l4
[7.203s] DEBUG:colcon.colcon_core.event_handler.log_command:Invoking command in '/home/mtrn/4231/project_workspace/MTRN4231_Winners/winners_pkg/build/winners_pkg': CMAKE_PREFIX_PATH=${CMAKE_PREFIX_PATH}:/home/mtrn/4231/ws_moveit2/install/moveit_configs_utils:/home/mtrn/4231/ws_moveit2/install/launch_param_builder:/opt/ros/humble /usr/bin/cmake --install /home/mtrn/4231/project_workspace/MTRN4231_Winners/winners_pkg/build/winners_pkg
[7.217s] Level 1:colcon.colcon_core.environment:create_environment_scripts_only(winners_pkg)
[7.217s] DEBUG:colcon.colcon_core.event_handler.log_command:Invoked command in '/home/mtrn/4231/project_workspace/MTRN4231_Winners/winners_pkg/build/winners_pkg' returned '0': CMAKE_PREFIX_PATH=${CMAKE_PREFIX_PATH}:/home/mtrn/4231/ws_moveit2/install/moveit_configs_utils:/home/mtrn/4231/ws_moveit2/install/launch_param_builder:/opt/ros/humble /usr/bin/cmake --install /home/mtrn/4231/project_workspace/MTRN4231_Winners/winners_pkg/build/winners_pkg
[7.225s] Level 1:colcon.colcon_core.environment:checking '/home/mtrn/4231/project_workspace/MTRN4231_Winners/winners_pkg/install/winners_pkg' for CMake module files
[7.225s] Level 1:colcon.colcon_core.environment:checking '/home/mtrn/4231/project_workspace/MTRN4231_Winners/winners_pkg/install/winners_pkg' for CMake config files
[7.225s] Level 1:colcon.colcon_core.shell:create_environment_hook('winners_pkg', 'cmake_prefix_path')
[7.226s] INFO:colcon.colcon_core.shell:Creating environment hook '/home/mtrn/4231/project_workspace/MTRN4231_Winners/winners_pkg/install/winners_pkg/share/winners_pkg/hook/cmake_prefix_path.ps1'
[7.227s] INFO:colcon.colcon_core.shell:Creating environment descriptor '/home/mtrn/4231/project_workspace/MTRN4231_Winners/winners_pkg/install/winners_pkg/share/winners_pkg/hook/cmake_prefix_path.dsv'
[7.227s] INFO:colcon.colcon_core.shell:Creating environment hook '/home/mtrn/4231/project_workspace/MTRN4231_Winners/winners_pkg/install/winners_pkg/share/winners_pkg/hook/cmake_prefix_path.sh'
[7.228s] Level 1:colcon.colcon_core.environment:checking '/home/mtrn/4231/project_workspace/MTRN4231_Winners/winners_pkg/install/winners_pkg/lib'
[7.228s] Level 1:colcon.colcon_core.environment:checking '/home/mtrn/4231/project_workspace/MTRN4231_Winners/winners_pkg/install/winners_pkg/bin'
[7.228s] Level 1:colcon.colcon_core.environment:checking '/home/mtrn/4231/project_workspace/MTRN4231_Winners/winners_pkg/install/winners_pkg/lib/pkgconfig/winners_pkg.pc'
[7.228s] Level 1:colcon.colcon_core.environment:checking '/home/mtrn/4231/project_workspace/MTRN4231_Winners/winners_pkg/install/winners_pkg/lib/python3.10/site-packages'
[7.228s] Level 1:colcon.colcon_core.environment:checking '/home/mtrn/4231/project_workspace/MTRN4231_Winners/winners_pkg/install/winners_pkg/bin'
[7.230s] INFO:colcon.colcon_core.shell:Creating package script '/home/mtrn/4231/project_workspace/MTRN4231_Winners/winners_pkg/install/winners_pkg/share/winners_pkg/package.ps1'
[7.230s] INFO:colcon.colcon_core.shell:Creating package descriptor '/home/mtrn/4231/project_workspace/MTRN4231_Winners/winners_pkg/install/winners_pkg/share/winners_pkg/package.dsv'
[7.231s] INFO:colcon.colcon_core.shell:Creating package script '/home/mtrn/4231/project_workspace/MTRN4231_Winners/winners_pkg/install/winners_pkg/share/winners_pkg/package.sh'
[7.231s] INFO:colcon.colcon_core.shell:Creating package script '/home/mtrn/4231/project_workspace/MTRN4231_Winners/winners_pkg/install/winners_pkg/share/winners_pkg/package.bash'
[7.232s] INFO:colcon.colcon_core.shell:Creating package script '/home/mtrn/4231/project_workspace/MTRN4231_Winners/winners_pkg/install/winners_pkg/share/winners_pkg/package.zsh'
[7.232s] Level 1:colcon.colcon_core.environment:create_file_with_runtime_dependencies(/home/mtrn/4231/project_workspace/MTRN4231_Winners/winners_pkg/install/winners_pkg/share/colcon-core/packages/winners_pkg)
[7.274s] Level 1:colcon.colcon_core.environment:create_environment_scripts_only(winners_pkg)
[7.276s] Level 1:colcon.colcon_core.environment:checking '/home/mtrn/4231/project_workspace/MTRN4231_Winners/winners_pkg/install/winners_pkg' for CMake module files
[7.276s] Level 1:colcon.colcon_core.environment:checking '/home/mtrn/4231/project_workspace/MTRN4231_Winners/winners_pkg/install/winners_pkg' for CMake config files
[7.276s] Level 1:colcon.colcon_core.shell:create_environment_hook('winners_pkg', 'cmake_prefix_path')
[7.277s] INFO:colcon.colcon_core.shell:Creating environment hook '/home/mtrn/4231/project_workspace/MTRN4231_Winners/winners_pkg/install/winners_pkg/share/winners_pkg/hook/cmake_prefix_path.ps1'
[7.278s] INFO:colcon.colcon_core.shell:Creating environment descriptor '/home/mtrn/4231/project_workspace/MTRN4231_Winners/winners_pkg/install/winners_pkg/share/winners_pkg/hook/cmake_prefix_path.dsv'
[7.278s] INFO:colcon.colcon_core.shell:Creating environment hook '/home/mtrn/4231/project_workspace/MTRN4231_Winners/winners_pkg/install/winners_pkg/share/winners_pkg/hook/cmake_prefix_path.sh'
[7.278s] Level 1:colcon.colcon_core.environment:checking '/home/mtrn/4231/project_workspace/MTRN4231_Winners/winners_pkg/install/winners_pkg/lib'
[7.278s] Level 1:colcon.colcon_core.environment:checking '/home/mtrn/4231/project_workspace/MTRN4231_Winners/winners_pkg/install/winners_pkg/bin'
[7.278s] Level 1:colcon.colcon_core.environment:checking '/home/mtrn/4231/project_workspace/MTRN4231_Winners/winners_pkg/install/winners_pkg/lib/pkgconfig/winners_pkg.pc'
[7.278s] Level 1:colcon.colcon_core.environment:checking '/home/mtrn/4231/project_workspace/MTRN4231_Winners/winners_pkg/install/winners_pkg/lib/python3.10/site-packages'
[7.278s] Level 1:colcon.colcon_core.environment:checking '/home/mtrn/4231/project_workspace/MTRN4231_Winners/winners_pkg/install/winners_pkg/bin'
[7.280s] INFO:colcon.colcon_core.shell:Creating package script '/home/mtrn/4231/project_workspace/MTRN4231_Winners/winners_pkg/install/winners_pkg/share/winners_pkg/package.ps1'
[7.280s] INFO:colcon.colcon_core.shell:Creating package descriptor '/home/mtrn/4231/project_workspace/MTRN4231_Winners/winners_pkg/install/winners_pkg/share/winners_pkg/package.dsv'
[7.280s] INFO:colcon.colcon_core.shell:Creating package script '/home/mtrn/4231/project_workspace/MTRN4231_Winners/winners_pkg/install/winners_pkg/share/winners_pkg/package.sh'
[7.280s] INFO:colcon.colcon_core.shell:Creating package script '/home/mtrn/4231/project_workspace/MTRN4231_Winners/winners_pkg/install/winners_pkg/share/winners_pkg/package.bash'
[7.281s] INFO:colcon.colcon_core.shell:Creating package script '/home/mtrn/4231/project_workspace/MTRN4231_Winners/winners_pkg/install/winners_pkg/share/winners_pkg/package.zsh'
[7.281s] Level 1:colcon.colcon_core.environment:create_file_with_runtime_dependencies(/home/mtrn/4231/project_workspace/MTRN4231_Winners/winners_pkg/install/winners_pkg/share/colcon-core/packages/winners_pkg)
[7.281s] DEBUG:colcon.colcon_parallel_executor.executor.parallel:closing loop
[7.281s] DEBUG:colcon.colcon_parallel_executor.executor.parallel:loop closed
[7.281s] DEBUG:colcon.colcon_parallel_executor.executor.parallel:run_until_complete finished with '0'
[7.281s] DEBUG:colcon.colcon_core.event_reactor:joining thread
[7.290s] INFO:colcon.colcon_core.plugin_system:Skipping extension 'colcon_notification.desktop_notification.terminal_notifier': Not used on non-Darwin systems
[7.290s] INFO:colcon.colcon_core.plugin_system:Skipping extension 'colcon_notification.desktop_notification.win32': Not used on non-Windows systems
[7.290s] INFO:colcon.colcon_notification.desktop_notification:Sending desktop notification using 'notify2'
[7.303s] DEBUG:colcon.colcon_core.event_reactor:joined thread
[7.312s] INFO:colcon.colcon_core.shell:Creating prefix script '/home/mtrn/4231/project_workspace/MTRN4231_Winners/winners_pkg/install/local_setup.ps1'
[7.324s] INFO:colcon.colcon_core.shell:Creating prefix util module '/home/mtrn/4231/project_workspace/MTRN4231_Winners/winners_pkg/install/_local_setup_util_ps1.py'
[7.326s] INFO:colcon.colcon_core.shell:Creating prefix chain script '/home/mtrn/4231/project_workspace/MTRN4231_Winners/winners_pkg/install/setup.ps1'
[7.329s] INFO:colcon.colcon_core.shell:Creating prefix script '/home/mtrn/4231/project_workspace/MTRN4231_Winners/winners_pkg/install/local_setup.sh'
[7.330s] INFO:colcon.colcon_core.shell:Creating prefix util module '/home/mtrn/4231/project_workspace/MTRN4231_Winners/winners_pkg/install/_local_setup_util_sh.py'
[7.331s] INFO:colcon.colcon_core.shell:Creating prefix chain script '/home/mtrn/4231/project_workspace/MTRN4231_Winners/winners_pkg/install/setup.sh'
[7.334s] INFO:colcon.colcon_core.shell:Creating prefix script '/home/mtrn/4231/project_workspace/MTRN4231_Winners/winners_pkg/install/local_setup.bash'
[7.334s] INFO:colcon.colcon_core.shell:Creating prefix chain script '/home/mtrn/4231/project_workspace/MTRN4231_Winners/winners_pkg/install/setup.bash'
[7.336s] INFO:colcon.colcon_core.shell:Creating prefix script '/home/mtrn/4231/project_workspace/MTRN4231_Winners/winners_pkg/install/local_setup.zsh'
[7.336s] INFO:colcon.colcon_core.shell:Creating prefix chain script '/home/mtrn/4231/project_workspace/MTRN4231_Winners/winners_pkg/install/setup.zsh'
