[0.654s] Invoking command in '/home/mtrn/4231/ws_moveit2/src/launch_param_builder': PYTHONPATH=/home/mtrn/4231/ws_moveit2/build/launch_param_builder/prefix_override:/home/mtrn/4231/ws_moveit2/install/launch_param_builder/lib/python3.10/site-packages:${PYTHONPATH} /usr/bin/python3 setup.py egg_info --egg-base ../../build/launch_param_builder build --build-base /home/mtrn/4231/ws_moveit2/build/launch_param_builder/build install --record /home/mtrn/4231/ws_moveit2/build/launch_param_builder/install.log --single-version-externally-managed
[0.791s] running egg_info
[0.792s] creating ../../build/launch_param_builder/launch_param_builder.egg-info
[0.792s] writing ../../build/launch_param_builder/launch_param_builder.egg-info/PKG-INFO
[0.792s] writing dependency_links to ../../build/launch_param_builder/launch_param_builder.egg-info/dependency_links.txt
[0.792s] writing entry points to ../../build/launch_param_builder/launch_param_builder.egg-info/entry_points.txt
[0.792s] writing requirements to ../../build/launch_param_builder/launch_param_builder.egg-info/requires.txt
[0.792s] writing top-level names to ../../build/launch_param_builder/launch_param_builder.egg-info/top_level.txt
[0.792s] writing manifest file '../../build/launch_param_builder/launch_param_builder.egg-info/SOURCES.txt'
[0.799s] reading manifest file '../../build/launch_param_builder/launch_param_builder.egg-info/SOURCES.txt'
[0.799s] adding license file 'LICENSE'
[0.800s] writing manifest file '../../build/launch_param_builder/launch_param_builder.egg-info/SOURCES.txt'
[0.800s] running build
[0.800s] running build_py
[0.800s] creating /home/mtrn/4231/ws_moveit2/build/launch_param_builder/build
[0.800s] creating /home/mtrn/4231/ws_moveit2/build/launch_param_builder/build/lib
[0.800s] creating /home/mtrn/4231/ws_moveit2/build/launch_param_builder/build/lib/launch_param_builder
[0.800s] copying launch_param_builder/launch_param_builder.py -> /home/mtrn/4231/ws_moveit2/build/launch_param_builder/build/lib/launch_param_builder
[0.801s] copying launch_param_builder/utils.py -> /home/mtrn/4231/ws_moveit2/build/launch_param_builder/build/lib/launch_param_builder
[0.801s] copying launch_param_builder/__init__.py -> /home/mtrn/4231/ws_moveit2/build/launch_param_builder/build/lib/launch_param_builder
[0.801s] running install
[0.802s] /usr/lib/python3/dist-packages/setuptools/command/install.py:34: SetuptoolsDeprecationWarning: setup.py install is deprecated. Use build and pip and other standards-based tools.
[0.802s]   warnings.warn(
[0.802s] running install_lib
[0.802s] creating /home/mtrn/4231/ws_moveit2/install/launch_param_builder/lib/python3.10/site-packages/launch_param_builder
[0.802s] copying /home/mtrn/4231/ws_moveit2/build/launch_param_builder/build/lib/launch_param_builder/launch_param_builder.py -> /home/mtrn/4231/ws_moveit2/install/launch_param_builder/lib/python3.10/site-packages/launch_param_builder
[0.802s] copying /home/mtrn/4231/ws_moveit2/build/launch_param_builder/build/lib/launch_param_builder/utils.py -> /home/mtrn/4231/ws_moveit2/install/launch_param_builder/lib/python3.10/site-packages/launch_param_builder
[0.802s] copying /home/mtrn/4231/ws_moveit2/build/launch_param_builder/build/lib/launch_param_builder/__init__.py -> /home/mtrn/4231/ws_moveit2/install/launch_param_builder/lib/python3.10/site-packages/launch_param_builder
[0.803s] byte-compiling /home/mtrn/4231/ws_moveit2/install/launch_param_builder/lib/python3.10/site-packages/launch_param_builder/launch_param_builder.py to launch_param_builder.cpython-310.pyc
[0.803s] byte-compiling /home/mtrn/4231/ws_moveit2/install/launch_param_builder/lib/python3.10/site-packages/launch_param_builder/utils.py to utils.cpython-310.pyc
[0.803s] byte-compiling /home/mtrn/4231/ws_moveit2/install/launch_param_builder/lib/python3.10/site-packages/launch_param_builder/__init__.py to __init__.cpython-310.pyc
[0.803s] running install_data
[0.804s] creating /home/mtrn/4231/ws_moveit2/install/launch_param_builder/share/ament_index
[0.804s] creating /home/mtrn/4231/ws_moveit2/install/launch_param_builder/share/ament_index/resource_index
[0.804s] creating /home/mtrn/4231/ws_moveit2/install/launch_param_builder/share/ament_index/resource_index/packages
[0.804s] copying resource/launch_param_builder -> /home/mtrn/4231/ws_moveit2/install/launch_param_builder/share/ament_index/resource_index/packages
[0.804s] creating /home/mtrn/4231/ws_moveit2/install/launch_param_builder/share/launch_param_builder/launch
[0.804s] copying example/launch_param_builder_example.launch.py -> /home/mtrn/4231/ws_moveit2/install/launch_param_builder/share/launch_param_builder/launch
[0.804s] creating /home/mtrn/4231/ws_moveit2/install/launch_param_builder/share/launch_param_builder/config
[0.804s] copying test/data/parameter.xacro -> /home/mtrn/4231/ws_moveit2/install/launch_param_builder/share/launch_param_builder/config
[0.805s] copying test/data/parameters_injection.yaml -> /home/mtrn/4231/ws_moveit2/install/launch_param_builder/share/launch_param_builder/config
[0.805s] copying test/data/param_file_to_inject.yaml -> /home/mtrn/4231/ws_moveit2/install/launch_param_builder/share/launch_param_builder/config
[0.805s] copying test/data/parameter_file -> /home/mtrn/4231/ws_moveit2/install/launch_param_builder/share/launch_param_builder/config
[0.805s] copying test/data/parameters.yaml -> /home/mtrn/4231/ws_moveit2/install/launch_param_builder/share/launch_param_builder/config
[0.806s] copying package.xml -> /home/mtrn/4231/ws_moveit2/install/launch_param_builder/share/launch_param_builder
[0.806s] creating /home/mtrn/4231/ws_moveit2/install/launch_param_builder/lib/launch_param_builder
[0.806s] copying example/example_node.py -> /home/mtrn/4231/ws_moveit2/install/launch_param_builder/lib/launch_param_builder
[0.806s] running install_egg_info
[0.807s] Copying ../../build/launch_param_builder/launch_param_builder.egg-info to /home/mtrn/4231/ws_moveit2/install/launch_param_builder/lib/python3.10/site-packages/launch_param_builder-0.1.1-py3.10.egg-info
[0.808s] running install_scripts
[0.824s] writing list of installed files to '/home/mtrn/4231/ws_moveit2/build/launch_param_builder/install.log'
[0.841s] Invoked command in '/home/mtrn/4231/ws_moveit2/src/launch_param_builder' returned '0': PYTHONPATH=/home/mtrn/4231/ws_moveit2/build/launch_param_builder/prefix_override:/home/mtrn/4231/ws_moveit2/install/launch_param_builder/lib/python3.10/site-packages:${PYTHONPATH} /usr/bin/python3 setup.py egg_info --egg-base ../../build/launch_param_builder build --build-base /home/mtrn/4231/ws_moveit2/build/launch_param_builder/build install --record /home/mtrn/4231/ws_moveit2/build/launch_param_builder/install.log --single-version-externally-managed
