[0.017s] Invoking command in '/home/mtrn/4231/project_workspace/MTRN4231_Winners/winners_pkg/build/winners_pkg': CMAKE_PREFIX_PATH=${CMAKE_PREFIX_PATH}:/home/mtrn/4231/ws_moveit2/install/moveit_configs_utils:/home/mtrn/4231/ws_moveit2/install/launch_param_builder:/opt/ros/humble /usr/bin/cmake --build /home/mtrn/4231/project_workspace/MTRN4231_Winners/winners_pkg/build/winners_pkg -- -j4 -l4
[0.100s] -- Found ament_cmake: 1.3.5 (/opt/ros/humble/share/ament_cmake/cmake)
[0.199s] -- Found rclcpp: 16.0.5 (/opt/ros/humble/share/rclcpp/cmake)
[0.215s] -- Found rosidl_generator_c: 3.1.5 (/opt/ros/humble/share/rosidl_generator_c/cmake)
[0.216s] -- Found rosidl_adapter: 3.1.5 (/opt/ros/humble/share/rosidl_adapter/cmake)
[0.219s] -- Found rosidl_generator_cpp: 3.1.5 (/opt/ros/humble/share/rosidl_generator_cpp/cmake)
[0.226s] -- Using all available rosidl_typesupport_c: rosidl_typesupport_fastrtps_c;rosidl_typesupport_introspection_c
[0.240s] -- Using all available rosidl_typesupport_cpp: rosidl_typesupport_fastrtps_cpp;rosidl_typesupport_introspection_cpp
[0.271s] -- Found rmw_implementation_cmake: 6.1.1 (/opt/ros/humble/share/rmw_implementation_cmake/cmake)
[0.273s] -- Found rmw_cyclonedds_cpp: 1.3.4 (/opt/ros/humble/share/rmw_cyclonedds_cpp/cmake)
[0.290s] -- Using RMW implementation 'rmw_cyclonedds_cpp' as default
[0.372s] -- Found sensor_msgs: 4.2.3 (/opt/ros/humble/share/sensor_msgs/cmake)
[0.459s] -- Found tf2: 0.25.3 (/opt/ros/humble/share/tf2/cmake)
[0.463s] -- Found tf2_ros: 0.25.3 (/opt/ros/humble/share/tf2_ros/cmake)
[0.638s] -- Found tf2_geometry_msgs: 0.25.3 (/opt/ros/humble/share/tf2_geometry_msgs/cmake)
[0.641s] -- Found eigen3_cmake_module: 0.1.1 (/opt/ros/humble/share/eigen3_cmake_module/cmake)
[0.641s] -- Ensuring Eigen3 include directory is part of orocos-kdl CMake target
[0.646s] -- Found control_msgs: 4.4.0 (/opt/ros/humble/share/control_msgs/cmake)
[0.788s] -- Found moveit_ros_planning_interface: 2.5.4 (/home/mtrn/4231/ws_moveit2/install/moveit_ros_planning_interface/share/moveit_ros_planning_interface/cmake)
[0.795s] -- Found Boost: /usr/lib/x86_64-linux-gnu/cmake/Boost-1.74.0/BoostConfig.cmake (found version "1.74.0") found components: date_time filesystem program_options system thread 
[1.084s] -- Found Boost: /usr/lib/x86_64-linux-gnu/cmake/Boost-1.74.0/BoostConfig.cmake (found version "1.74.0") found components: chrono date_time filesystem iostreams program_options regex serialization system thread 
[1.088s] -- Found parameter_traits: 0.3.6 (/opt/ros/humble/share/parameter_traits/cmake)
[1.095s] -- Found rclcpp_lifecycle: 16.0.5 (/opt/ros/humble/share/rclcpp_lifecycle/cmake)
[1.118s] -- Found Boost: /usr/lib/x86_64-linux-gnu/cmake/Boost-1.74.0/BoostConfig.cmake (found version "1.74.0") found components: filesystem 
[1.145s] -- library: /usr/lib/x86_64-linux-gnu/libcurl.so
[1.345s] -- Found Boost: /usr/lib/x86_64-linux-gnu/cmake/Boost-1.74.0/BoostConfig.cmake (found version "1.74.0") found components: system filesystem date_time program_options thread chrono 
[1.640s] -- Found Boost: /usr/lib/x86_64-linux-gnu/cmake/Boost-1.74.0/BoostConfig.cmake (found version "1.74.0") found components: thread system filesystem regex date_time program_options 
[1.779s] -- Found Boost: /usr/lib/x86_64-linux-gnu/cmake/Boost-1.74.0/BoostConfig.cmake (found version "1.74.0") found components: system filesystem date_time program_options thread 
[2.015s] -- Found moveit_visual_tools: 4.1.0 (/home/mtrn/4231/ws_moveit2/install/moveit_visual_tools/share/moveit_visual_tools/cmake)
[2.220s] -- Setting OGRE_DIR to: '/opt/ros/humble/share/rviz_ogre_vendor/cmake/../../../opt/rviz_ogre_vendor/lib/OGRE/cmake'
[2.221s] -- Found OGRE
[2.221s] --   static     : OFF
[2.221s] --   components : HLMS;MeshLodGenerator;Overlay;Paging;Property;RTShaderSystem;Terrain;Volume
[2.221s] --   plugins    : Plugin_BSPSceneManager;Plugin_OctreeSceneManager;Plugin_PCZSceneManager;Plugin_ParticleFX;RenderSystem_GL;RenderSystem_GL3Plus;Codec_STBI
[2.222s] --   media      : /opt/ros/humble/opt/rviz_ogre_vendor/share/OGRE/Media
[2.222s] -- OGRE_LIBRARIES: OgreHLMS;OgreMeshLodGenerator;OgreOverlay;OgrePaging;OgreProperty;OgreRTShaderSystem;OgreTerrain;OgreVolume;OgreMain
[2.222s] -- OGRE_LIBRARY_DIRS: /opt/ros/humble/opt/rviz_ogre_vendor/lib
[2.222s] -- OGRE_PLUGINS: Plugin_BSPSceneManager;Plugin_OctreeSceneManager;Plugin_PCZSceneManager;Plugin_ParticleFX;RenderSystem_GL;RenderSystem_GL3Plus;Codec_STBI
[2.222s] -- OGRE_PLUGIN_DIR: /opt/ros/humble/opt/rviz_ogre_vendor/lib/OGRE
[2.222s] -- rviz_ogre_vendor::OgreOverlay for IMPORTED_LOCATION_RELEASE: /opt/ros/humble/opt/rviz_ogre_vendor/lib/libOgreOverlay.so
[2.222s] -- rviz_ogre_vendor::OgreOverlay for IMPORTED_LOCATION_DEBUG: /opt/ros/humble/opt/rviz_ogre_vendor/lib/libOgreOverlay.so
[2.222s] -- rviz_ogre_vendor::OgreMain for IMPORTED_LOCATION_RELEASE: /opt/ros/humble/opt/rviz_ogre_vendor/lib/libOgreMain.so
[2.222s] -- rviz_ogre_vendor::OgreMain for IMPORTED_LOCATION_DEBUG: /opt/ros/humble/opt/rviz_ogre_vendor/lib/libOgreMain.so
[2.222s] -- Could not find freeimage library
[2.258s] -- rviz_ogre_vendor::RenderSystem_GL for IMPORTED_LOCATION_RELEASE: _render_system_gl_static_library_abs-NOTFOUND
[2.258s] -- rviz_ogre_vendor::RenderSystem_GL for IMPORTED_LOCATION_DEBUG: _render_system_gl_static_library_abs-NOTFOUND
[2.656s] -- Found controller_manager_msgs: 2.30.0 (/opt/ros/humble/share/controller_manager_msgs/cmake)
[2.725s] -- Found ament_lint_auto: 0.12.7 (/opt/ros/humble/share/ament_lint_auto/cmake)
[2.789s] -- Added test 'cppcheck' to perform static code analysis on C / C++ code
[2.790s] -- Configured cppcheck include dirs: /home/mtrn/4231/project_workspace/MTRN4231_Winners/winners_pkg/include
[2.790s] -- Configured cppcheck exclude dirs and/or files: 
[2.792s] -- Added test 'flake8' to check Python code syntax and style conventions
[2.794s] -- Added test 'lint_cmake' to check CMake code style
[2.795s] -- Added test 'pep257' to check Python code against some of the docstring style conventions in PEP 257
[2.803s] -- Added test 'uncrustify' to check C / C++ code style
[2.803s] -- Configured uncrustify additional arguments: 
[2.804s] -- Added test 'xmllint' to check XML markup files
[2.806s] -- Configuring done
[2.890s] -- Generating done
[2.892s] -- Build files have been written to: /home/mtrn/4231/project_workspace/MTRN4231_Winners/winners_pkg/build/winners_pkg
[2.917s] [35m[1mConsolidate compiler generated dependencies of target camTest[0m
[2.917s] [35m[1mConsolidate compiler generated dependencies of target ballPose[0m
[2.918s] [35m[1mConsolidate compiler generated dependencies of target transforms[0m
[2.920s] [35m[1mConsolidate compiler generated dependencies of target velcroPadPose[0m
[2.931s] [ 14%] Built target ballPose
[2.933s] [ 35%] Built target velcroPadPose
[2.933s] [ 35%] [32mBuilding CXX object CMakeFiles/camTest.dir/src/camTest.cpp.o[0m
[2.939s] [ 50%] Built target transforms
[2.940s] [35m[1mConsolidate compiler generated dependencies of target RobotControl[0m
[2.943s] [35m[1mConsolidate compiler generated dependencies of target Brain[0m
[2.952s] [35m[1mConsolidate compiler generated dependencies of target dual_cam_test[0m
[2.957s] [ 64%] Built target Brain
[2.962s] [ 78%] Built target RobotControl
[2.966s] [ 92%] Built target dual_cam_test
[6.026s] [100%] [32m[1mLinking CXX executable camTest[0m
[6.596s] [100%] Built target camTest
[6.605s] Invoked command in '/home/mtrn/4231/project_workspace/MTRN4231_Winners/winners_pkg/build/winners_pkg' returned '0': CMAKE_PREFIX_PATH=${CMAKE_PREFIX_PATH}:/home/mtrn/4231/ws_moveit2/install/moveit_configs_utils:/home/mtrn/4231/ws_moveit2/install/launch_param_builder:/opt/ros/humble /usr/bin/cmake --build /home/mtrn/4231/project_workspace/MTRN4231_Winners/winners_pkg/build/winners_pkg -- -j4 -l4
[6.661s] Invoking command in '/home/mtrn/4231/project_workspace/MTRN4231_Winners/winners_pkg/build/winners_pkg': CMAKE_PREFIX_PATH=${CMAKE_PREFIX_PATH}:/home/mtrn/4231/ws_moveit2/install/moveit_configs_utils:/home/mtrn/4231/ws_moveit2/install/launch_param_builder:/opt/ros/humble /usr/bin/cmake --install /home/mtrn/4231/project_workspace/MTRN4231_Winners/winners_pkg/build/winners_pkg
[6.667s] -- Install configuration: ""
[6.668s] -- Installing: /home/mtrn/4231/project_workspace/MTRN4231_Winners/winners_pkg/install/winners_pkg/lib/winners_pkg/camTest
[6.668s] -- Set runtime path of "/home/mtrn/4231/project_workspace/MTRN4231_Winners/winners_pkg/install/winners_pkg/lib/winners_pkg/camTest" to ""
[6.669s] -- Up-to-date: /home/mtrn/4231/project_workspace/MTRN4231_Winners/winners_pkg/install/winners_pkg/lib/winners_pkg/ballPose
[6.670s] -- Up-to-date: /home/mtrn/4231/project_workspace/MTRN4231_Winners/winners_pkg/install/winners_pkg/lib/winners_pkg/velcroPadPose
[6.671s] -- Up-to-date: /home/mtrn/4231/project_workspace/MTRN4231_Winners/winners_pkg/install/winners_pkg/lib/winners_pkg/transforms
[6.672s] -- Up-to-date: /home/mtrn/4231/project_workspace/MTRN4231_Winners/winners_pkg/install/winners_pkg/lib/winners_pkg/RobotControl
[6.673s] -- Up-to-date: /home/mtrn/4231/project_workspace/MTRN4231_Winners/winners_pkg/install/winners_pkg/lib/winners_pkg/Brain
[6.673s] -- Up-to-date: /home/mtrn/4231/project_workspace/MTRN4231_Winners/winners_pkg/install/winners_pkg/share/winners_pkg/launch
[6.673s] -- Up-to-date: /home/mtrn/4231/project_workspace/MTRN4231_Winners/winners_pkg/install/winners_pkg/share/winners_pkg/launch/winners_launch.py
[6.673s] -- Installing: /home/mtrn/4231/project_workspace/MTRN4231_Winners/winners_pkg/install/winners_pkg/share/ament_index/resource_index/package_run_dependencies/winners_pkg
[6.673s] -- Up-to-date: /home/mtrn/4231/project_workspace/MTRN4231_Winners/winners_pkg/install/winners_pkg/share/ament_index/resource_index/parent_prefix_path/winners_pkg
[6.673s] -- Up-to-date: /home/mtrn/4231/project_workspace/MTRN4231_Winners/winners_pkg/install/winners_pkg/share/winners_pkg/environment/ament_prefix_path.sh
[6.673s] -- Installing: /home/mtrn/4231/project_workspace/MTRN4231_Winners/winners_pkg/install/winners_pkg/share/winners_pkg/environment/ament_prefix_path.dsv
[6.674s] -- Up-to-date: /home/mtrn/4231/project_workspace/MTRN4231_Winners/winners_pkg/install/winners_pkg/share/winners_pkg/environment/path.sh
[6.674s] -- Installing: /home/mtrn/4231/project_workspace/MTRN4231_Winners/winners_pkg/install/winners_pkg/share/winners_pkg/environment/path.dsv
[6.674s] -- Up-to-date: /home/mtrn/4231/project_workspace/MTRN4231_Winners/winners_pkg/install/winners_pkg/share/winners_pkg/local_setup.bash
[6.674s] -- Up-to-date: /home/mtrn/4231/project_workspace/MTRN4231_Winners/winners_pkg/install/winners_pkg/share/winners_pkg/local_setup.sh
[6.674s] -- Up-to-date: /home/mtrn/4231/project_workspace/MTRN4231_Winners/winners_pkg/install/winners_pkg/share/winners_pkg/local_setup.zsh
[6.674s] -- Installing: /home/mtrn/4231/project_workspace/MTRN4231_Winners/winners_pkg/install/winners_pkg/share/winners_pkg/local_setup.dsv
[6.674s] -- Installing: /home/mtrn/4231/project_workspace/MTRN4231_Winners/winners_pkg/install/winners_pkg/share/winners_pkg/package.dsv
[6.674s] -- Up-to-date: /home/mtrn/4231/project_workspace/MTRN4231_Winners/winners_pkg/install/winners_pkg/share/ament_index/resource_index/packages/winners_pkg
[6.674s] -- Up-to-date: /home/mtrn/4231/project_workspace/MTRN4231_Winners/winners_pkg/install/winners_pkg/share/winners_pkg/cmake/winners_pkgConfig.cmake
[6.674s] -- Up-to-date: /home/mtrn/4231/project_workspace/MTRN4231_Winners/winners_pkg/install/winners_pkg/share/winners_pkg/cmake/winners_pkgConfig-version.cmake
[6.675s] -- Installing: /home/mtrn/4231/project_workspace/MTRN4231_Winners/winners_pkg/install/winners_pkg/share/winners_pkg/package.xml
[6.675s] Invoked command in '/home/mtrn/4231/project_workspace/MTRN4231_Winners/winners_pkg/build/winners_pkg' returned '0': CMAKE_PREFIX_PATH=${CMAKE_PREFIX_PATH}:/home/mtrn/4231/ws_moveit2/install/moveit_configs_utils:/home/mtrn/4231/ws_moveit2/install/launch_param_builder:/opt/ros/humble /usr/bin/cmake --install /home/mtrn/4231/project_workspace/MTRN4231_Winners/winners_pkg/build/winners_pkg
