[0.059s] Invoking command in '/home/mtrn/4231/ws_moveit2/build/moveit_ros_robot_interaction': AMENT_PREFIX_PATH=/home/mtrn/4231/ws_moveit2/install/moveit_ros_planning:/home/mtrn/4231/ws_moveit2/install/moveit_ros_occupancy_map_monitor:/home/mtrn/4231/ws_moveit2/install/moveit_core:/home/mtrn/4231/ws_moveit2/install/srdfdom:/home/mtrn/4231/ws_moveit2/install/moveit_common:${AMENT_PREFIX_PATH} CMAKE_PREFIX_PATH=/home/mtrn/4231/ws_moveit2/install/moveit_ros_planning:/home/mtrn/4231/ws_moveit2/install/moveit_ros_occupancy_map_monitor:/home/mtrn/4231/ws_moveit2/install/moveit_core:/home/mtrn/4231/ws_moveit2/install/srdfdom:/home/mtrn/4231/ws_moveit2/install/moveit_common:/opt/ros/humble LD_LIBRARY_PATH=/home/mtrn/4231/ws_moveit2/install/moveit_ros_planning/lib:/home/mtrn/4231/ws_moveit2/install/moveit_ros_occupancy_map_monitor/lib:/home/mtrn/4231/ws_moveit2/install/moveit_core/lib:/home/mtrn/4231/ws_moveit2/install/srdfdom/lib:${LD_LIBRARY_PATH} PATH=/home/mtrn/4231/ws_moveit2/install/moveit_core/bin:${PATH} PYTHONPATH=/home/mtrn/4231/ws_moveit2/install/srdfdom/local/lib/python3.10/dist-packages:${PYTHONPATH} /usr/bin/cmake /home/mtrn/4231/ws_moveit2/src/moveit2/moveit_ros/robot_interaction -DCMAKE_BUILD_TYPE=Release -DCMAKE_INSTALL_PREFIX=/home/mtrn/4231/ws_moveit2/install/moveit_ros_robot_interaction
[0.181s] -- The C compiler identification is GNU 11.4.0
[0.227s] -- The CXX compiler identification is GNU 11.4.0
[0.244s] -- Detecting C compiler ABI info
[0.300s] -- Detecting C compiler ABI info - done
[0.306s] -- Check for working C compiler: /usr/bin/cc - skipped
[0.306s] -- Detecting C compile features
[0.308s] -- Detecting C compile features - done
[0.312s] -- Detecting CXX compiler ABI info
[0.366s] -- Detecting CXX compiler ABI info - done
[0.371s] -- Check for working CXX compiler: /usr/bin/c++ - skipped
[0.371s] -- Detecting CXX compile features
[0.371s] -- Detecting CXX compile features - done
[0.375s] -- Found moveit_common: 2.5.4 (/home/mtrn/4231/ws_moveit2/install/moveit_common/share/moveit_common/cmake)
[0.399s] -- Found ament_cmake: 1.3.5 (/opt/ros/humble/share/ament_cmake/cmake)
[0.585s] -- Found Python3: /usr/bin/python3.10 (found version "3.10.12") found components: Interpreter 
[0.831s] -- Found libdw: /usr/lib/x86_64-linux-gnu/libdw.so  
[0.837s] -- Could NOT find libbfd (missing: LIBBFD_LIBRARY LIBBFD_INCLUDE_DIR) 
[0.837s] -- BACKWARD_HAS_UNWIND=1
[0.837s] -- BACKWARD_HAS_BACKTRACE=0
[0.837s] -- BACKWARD_HAS_BACKTRACE_SYMBOL=0
[0.837s] -- BACKWARD_HAS_DW=1
[0.837s] -- BACKWARD_HAS_BFD=0
[0.838s] -- Found Backward: /opt/ros/humble/share/backward_ros/cmake  
[0.841s] -- Found moveit_core: 2.5.4 (/home/mtrn/4231/ws_moveit2/install/moveit_core/share/moveit_core/cmake)
[1.039s] -- Found Boost: /usr/lib/x86_64-linux-gnu/cmake/Boost-1.74.0/BoostConfig.cmake (found version "1.74.0") found components: chrono date_time filesystem iostreams program_options regex serialization system thread 
[1.069s] -- Found parameter_traits: 0.3.6 (/opt/ros/humble/share/parameter_traits/cmake)
[1.162s] -- Found rosidl_generator_c: 3.1.5 (/opt/ros/humble/share/rosidl_generator_c/cmake)
[1.171s] -- Found rosidl_adapter: 3.1.5 (/opt/ros/humble/share/rosidl_adapter/cmake)
[1.189s] -- Found rosidl_generator_cpp: 3.1.5 (/opt/ros/humble/share/rosidl_generator_cpp/cmake)
[1.220s] -- Using all available rosidl_typesupport_c: rosidl_typesupport_fastrtps_c;rosidl_typesupport_introspection_c
[1.245s] -- Using all available rosidl_typesupport_cpp: rosidl_typesupport_fastrtps_cpp;rosidl_typesupport_introspection_cpp
[1.335s] -- Found rmw_implementation_cmake: 6.1.1 (/opt/ros/humble/share/rmw_implementation_cmake/cmake)
[1.339s] -- Found rmw_cyclonedds_cpp: 1.3.4 (/opt/ros/humble/share/rmw_cyclonedds_cpp/cmake)
[1.381s] -- Using RMW implementation 'rmw_cyclonedds_cpp' as default
[1.393s] -- Found Threads: TRUE  
[1.556s] -- Found rclcpp_lifecycle: 16.0.5 (/opt/ros/humble/share/rclcpp_lifecycle/cmake)
[1.604s] -- Found Boost: /usr/lib/x86_64-linux-gnu/cmake/Boost-1.74.0/BoostConfig.cmake (found version "1.74.0") found components: filesystem 
[1.750s] -- library: /usr/lib/x86_64-linux-gnu/libcurl.so
[2.013s] -- Found Eigen3: TRUE (found version "3.4.0") 
[2.013s] -- Ensuring Eigen3 include directory is part of orocos-kdl CMake target
[2.940s] -- Found moveit_ros_planning: 2.5.4 (/home/mtrn/4231/ws_moveit2/install/moveit_ros_planning/share/moveit_ros_planning/cmake)
[2.945s] -- Found Boost: /usr/lib/x86_64-linux-gnu/cmake/Boost-1.74.0/BoostConfig.cmake (found version "1.74.0") found components: system filesystem date_time program_options thread chrono 
[3.252s] -- Found interactive_markers: 2.3.2 (/opt/ros/humble/share/interactive_markers/cmake)
[3.269s] -- Performing Test COMPILER_HAS_HIDDEN_VISIBILITY
[3.337s] -- Performing Test COMPILER_HAS_HIDDEN_VISIBILITY - Success
[3.337s] -- Performing Test COMPILER_HAS_HIDDEN_INLINE_VISIBILITY
[3.400s] -- Performing Test COMPILER_HAS_HIDDEN_INLINE_VISIBILITY - Success
[3.400s] -- Performing Test COMPILER_HAS_DEPRECATED_ATTR
[3.467s] -- Performing Test COMPILER_HAS_DEPRECATED_ATTR - Success
[3.475s] -- Found ament_cmake_gtest: 1.3.5 (/opt/ros/humble/share/ament_cmake_gtest/cmake)
[3.480s] -- Found gtest sources under '/opt/ros/humble/src/gtest_vendor': C++ tests using 'Google Test' will be built
[3.488s] -- Found ament_lint_auto: 0.12.7 (/opt/ros/humble/share/ament_lint_auto/cmake)
[3.514s] -- Added test 'cppcheck' to perform static code analysis on C / C++ code
[3.514s] -- Configured cppcheck include dirs: /home/mtrn/4231/ws_moveit2/src/moveit2/moveit_ros/robot_interaction/include
[3.514s] -- Configured cppcheck exclude dirs and/or files: 
[3.516s] -- Added test 'lint_cmake' to check CMake code style
[3.518s] -- Added test 'xmllint' to check XML markup files
[3.520s] -- Configuring done
[3.552s] -- Generating done
[3.553s] -- Build files have been written to: /home/mtrn/4231/ws_moveit2/build/moveit_ros_robot_interaction
[3.562s] Invoked command in '/home/mtrn/4231/ws_moveit2/build/moveit_ros_robot_interaction' returned '0': AMENT_PREFIX_PATH=/home/mtrn/4231/ws_moveit2/install/moveit_ros_planning:/home/mtrn/4231/ws_moveit2/install/moveit_ros_occupancy_map_monitor:/home/mtrn/4231/ws_moveit2/install/moveit_core:/home/mtrn/4231/ws_moveit2/install/srdfdom:/home/mtrn/4231/ws_moveit2/install/moveit_common:${AMENT_PREFIX_PATH} CMAKE_PREFIX_PATH=/home/mtrn/4231/ws_moveit2/install/moveit_ros_planning:/home/mtrn/4231/ws_moveit2/install/moveit_ros_occupancy_map_monitor:/home/mtrn/4231/ws_moveit2/install/moveit_core:/home/mtrn/4231/ws_moveit2/install/srdfdom:/home/mtrn/4231/ws_moveit2/install/moveit_common:/opt/ros/humble LD_LIBRARY_PATH=/home/mtrn/4231/ws_moveit2/install/moveit_ros_planning/lib:/home/mtrn/4231/ws_moveit2/install/moveit_ros_occupancy_map_monitor/lib:/home/mtrn/4231/ws_moveit2/install/moveit_core/lib:/home/mtrn/4231/ws_moveit2/install/srdfdom/lib:${LD_LIBRARY_PATH} PATH=/home/mtrn/4231/ws_moveit2/install/moveit_core/bin:${PATH} PYTHONPATH=/home/mtrn/4231/ws_moveit2/install/srdfdom/local/lib/python3.10/dist-packages:${PYTHONPATH} /usr/bin/cmake /home/mtrn/4231/ws_moveit2/src/moveit2/moveit_ros/robot_interaction -DCMAKE_BUILD_TYPE=Release -DCMAKE_INSTALL_PREFIX=/home/mtrn/4231/ws_moveit2/install/moveit_ros_robot_interaction
[3.564s] Invoking command in '/home/mtrn/4231/ws_moveit2/build/moveit_ros_robot_interaction': AMENT_PREFIX_PATH=/home/mtrn/4231/ws_moveit2/install/moveit_ros_planning:/home/mtrn/4231/ws_moveit2/install/moveit_ros_occupancy_map_monitor:/home/mtrn/4231/ws_moveit2/install/moveit_core:/home/mtrn/4231/ws_moveit2/install/srdfdom:/home/mtrn/4231/ws_moveit2/install/moveit_common:${AMENT_PREFIX_PATH} CMAKE_PREFIX_PATH=/home/mtrn/4231/ws_moveit2/install/moveit_ros_planning:/home/mtrn/4231/ws_moveit2/install/moveit_ros_occupancy_map_monitor:/home/mtrn/4231/ws_moveit2/install/moveit_core:/home/mtrn/4231/ws_moveit2/install/srdfdom:/home/mtrn/4231/ws_moveit2/install/moveit_common:/opt/ros/humble LD_LIBRARY_PATH=/home/mtrn/4231/ws_moveit2/install/moveit_ros_planning/lib:/home/mtrn/4231/ws_moveit2/install/moveit_ros_occupancy_map_monitor/lib:/home/mtrn/4231/ws_moveit2/install/moveit_core/lib:/home/mtrn/4231/ws_moveit2/install/srdfdom/lib:${LD_LIBRARY_PATH} PATH=/home/mtrn/4231/ws_moveit2/install/moveit_core/bin:${PATH} PYTHONPATH=/home/mtrn/4231/ws_moveit2/install/srdfdom/local/lib/python3.10/dist-packages:${PYTHONPATH} /usr/bin/cmake --build /home/mtrn/4231/ws_moveit2/build/moveit_ros_robot_interaction -- -j4 -l4
[3.598s] [  7%] [32mBuilding CXX object CMakeFiles/moveit_robot_interaction.dir/src/interactive_marker_helpers.cpp.o[0m
[3.599s] [ 15%] [32mBuilding CXX object CMakeFiles/moveit_robot_interaction.dir/src/kinematic_options.cpp.o[0m
[3.599s] [ 23%] [32mBuilding CXX object gtest/CMakeFiles/gtest_main.dir/src/gtest_main.cc.o[0m
[3.600s] [ 30%] [32mBuilding CXX object gtest/CMakeFiles/gtest.dir/src/gtest-all.cc.o[0m
[4.509s] [ 38%] [32m[1mLinking CXX static library libgtest_main.a[0m
[4.549s] [ 38%] Built target gtest_main
[4.557s] [ 46%] [32mBuilding CXX object CMakeFiles/moveit_robot_interaction.dir/src/kinematic_options_map.cpp.o[0m
[7.444s] [ 53%] [32mBuilding CXX object CMakeFiles/moveit_robot_interaction.dir/src/locked_robot_state.cpp.o[0m
[8.190s] [ 61%] [32mBuilding CXX object CMakeFiles/moveit_robot_interaction.dir/src/interaction_handler.cpp.o[0m
[9.661s] [ 69%] [32mBuilding CXX object CMakeFiles/moveit_robot_interaction.dir/src/robot_interaction.cpp.o[0m
[11.687s] [ 76%] [32m[1mLinking CXX static library libgtest.a[0m
[11.720s] [ 76%] Built target gtest
[22.179s] [ 84%] [32m[1mLinking CXX shared library libmoveit_robot_interaction.so[0m
[22.350s] [ 84%] Built target moveit_robot_interaction
[22.363s] [ 92%] [32mBuilding CXX object CMakeFiles/locked_robot_state_test.dir/test/locked_robot_state_test.cpp.o[0m
[26.730s] [100%] [32m[1mLinking CXX executable locked_robot_state_test[0m
[26.929s] [100%] Built target locked_robot_state_test
[26.940s] Invoked command in '/home/mtrn/4231/ws_moveit2/build/moveit_ros_robot_interaction' returned '0': AMENT_PREFIX_PATH=/home/mtrn/4231/ws_moveit2/install/moveit_ros_planning:/home/mtrn/4231/ws_moveit2/install/moveit_ros_occupancy_map_monitor:/home/mtrn/4231/ws_moveit2/install/moveit_core:/home/mtrn/4231/ws_moveit2/install/srdfdom:/home/mtrn/4231/ws_moveit2/install/moveit_common:${AMENT_PREFIX_PATH} CMAKE_PREFIX_PATH=/home/mtrn/4231/ws_moveit2/install/moveit_ros_planning:/home/mtrn/4231/ws_moveit2/install/moveit_ros_occupancy_map_monitor:/home/mtrn/4231/ws_moveit2/install/moveit_core:/home/mtrn/4231/ws_moveit2/install/srdfdom:/home/mtrn/4231/ws_moveit2/install/moveit_common:/opt/ros/humble LD_LIBRARY_PATH=/home/mtrn/4231/ws_moveit2/install/moveit_ros_planning/lib:/home/mtrn/4231/ws_moveit2/install/moveit_ros_occupancy_map_monitor/lib:/home/mtrn/4231/ws_moveit2/install/moveit_core/lib:/home/mtrn/4231/ws_moveit2/install/srdfdom/lib:${LD_LIBRARY_PATH} PATH=/home/mtrn/4231/ws_moveit2/install/moveit_core/bin:${PATH} PYTHONPATH=/home/mtrn/4231/ws_moveit2/install/srdfdom/local/lib/python3.10/dist-packages:${PYTHONPATH} /usr/bin/cmake --build /home/mtrn/4231/ws_moveit2/build/moveit_ros_robot_interaction -- -j4 -l4
[26.969s] Invoking command in '/home/mtrn/4231/ws_moveit2/build/moveit_ros_robot_interaction': AMENT_PREFIX_PATH=/home/mtrn/4231/ws_moveit2/install/moveit_ros_planning:/home/mtrn/4231/ws_moveit2/install/moveit_ros_occupancy_map_monitor:/home/mtrn/4231/ws_moveit2/install/moveit_core:/home/mtrn/4231/ws_moveit2/install/srdfdom:/home/mtrn/4231/ws_moveit2/install/moveit_common:${AMENT_PREFIX_PATH} CMAKE_PREFIX_PATH=/home/mtrn/4231/ws_moveit2/install/moveit_ros_planning:/home/mtrn/4231/ws_moveit2/install/moveit_ros_occupancy_map_monitor:/home/mtrn/4231/ws_moveit2/install/moveit_core:/home/mtrn/4231/ws_moveit2/install/srdfdom:/home/mtrn/4231/ws_moveit2/install/moveit_common:/opt/ros/humble LD_LIBRARY_PATH=/home/mtrn/4231/ws_moveit2/install/moveit_ros_planning/lib:/home/mtrn/4231/ws_moveit2/install/moveit_ros_occupancy_map_monitor/lib:/home/mtrn/4231/ws_moveit2/install/moveit_core/lib:/home/mtrn/4231/ws_moveit2/install/srdfdom/lib:${LD_LIBRARY_PATH} PATH=/home/mtrn/4231/ws_moveit2/install/moveit_core/bin:${PATH} PYTHONPATH=/home/mtrn/4231/ws_moveit2/install/srdfdom/local/lib/python3.10/dist-packages:${PYTHONPATH} /usr/bin/cmake --install /home/mtrn/4231/ws_moveit2/build/moveit_ros_robot_interaction
[26.974s] -- Install configuration: "Release"
[26.974s] -- Installing: /home/mtrn/4231/ws_moveit2/install/moveit_ros_robot_interaction/lib/libmoveit_robot_interaction.so.2.5.4
[26.975s] -- Set runtime path of "/home/mtrn/4231/ws_moveit2/install/moveit_ros_robot_interaction/lib/libmoveit_robot_interaction.so.2.5.4" to ""
[26.975s] -- Installing: /home/mtrn/4231/ws_moveit2/install/moveit_ros_robot_interaction/lib/libmoveit_robot_interaction.so
[26.975s] -- Installing: /home/mtrn/4231/ws_moveit2/install/moveit_ros_robot_interaction/include
[26.975s] -- Installing: /home/mtrn/4231/ws_moveit2/install/moveit_ros_robot_interaction/include/moveit
[26.975s] -- Installing: /home/mtrn/4231/ws_moveit2/install/moveit_ros_robot_interaction/include/moveit/robot_interaction
[26.975s] -- Installing: /home/mtrn/4231/ws_moveit2/install/moveit_ros_robot_interaction/include/moveit/robot_interaction/interaction.h
[26.975s] -- Installing: /home/mtrn/4231/ws_moveit2/install/moveit_ros_robot_interaction/include/moveit/robot_interaction/kinematic_options_map.h
[26.976s] -- Installing: /home/mtrn/4231/ws_moveit2/install/moveit_ros_robot_interaction/include/moveit/robot_interaction/kinematic_options.h
[26.976s] -- Installing: /home/mtrn/4231/ws_moveit2/install/moveit_ros_robot_interaction/include/moveit/robot_interaction/interactive_marker_helpers.h
[26.976s] -- Installing: /home/mtrn/4231/ws_moveit2/install/moveit_ros_robot_interaction/include/moveit/robot_interaction/locked_robot_state.h
[26.976s] -- Installing: /home/mtrn/4231/ws_moveit2/install/moveit_ros_robot_interaction/include/moveit/robot_interaction/interaction_handler.h
[26.976s] -- Installing: /home/mtrn/4231/ws_moveit2/install/moveit_ros_robot_interaction/include/moveit/robot_interaction/robot_interaction.h
[26.976s] -- Installing: /home/mtrn/4231/ws_moveit2/install/moveit_ros_robot_interaction/include/moveit_robot_interaction_export.h
[26.976s] -- Installing: /home/mtrn/4231/ws_moveit2/install/moveit_ros_robot_interaction/share/moveit_ros_robot_interaction/resources
[26.977s] -- Installing: /home/mtrn/4231/ws_moveit2/install/moveit_ros_robot_interaction/share/moveit_ros_robot_interaction/resources/access-denied.stl
[26.977s] -- Installing: /home/mtrn/4231/ws_moveit2/install/moveit_ros_robot_interaction/share/moveit_ros_robot_interaction/resources/access-denied.dae
[26.977s] -- Installing: /home/mtrn/4231/ws_moveit2/install/moveit_ros_robot_interaction/share/moveit_ros_robot_interaction/environment/library_path.sh
[26.977s] -- Installing: /home/mtrn/4231/ws_moveit2/install/moveit_ros_robot_interaction/share/moveit_ros_robot_interaction/environment/library_path.dsv
[26.977s] -- Installing: /home/mtrn/4231/ws_moveit2/install/moveit_ros_robot_interaction/share/ament_index/resource_index/package_run_dependencies/moveit_ros_robot_interaction
[26.977s] -- Installing: /home/mtrn/4231/ws_moveit2/install/moveit_ros_robot_interaction/share/ament_index/resource_index/parent_prefix_path/moveit_ros_robot_interaction
[26.978s] -- Installing: /home/mtrn/4231/ws_moveit2/install/moveit_ros_robot_interaction/share/moveit_ros_robot_interaction/environment/ament_prefix_path.sh
[26.978s] -- Installing: /home/mtrn/4231/ws_moveit2/install/moveit_ros_robot_interaction/share/moveit_ros_robot_interaction/environment/ament_prefix_path.dsv
[26.978s] -- Installing: /home/mtrn/4231/ws_moveit2/install/moveit_ros_robot_interaction/share/moveit_ros_robot_interaction/environment/path.sh
[26.978s] -- Installing: /home/mtrn/4231/ws_moveit2/install/moveit_ros_robot_interaction/share/moveit_ros_robot_interaction/environment/path.dsv
[26.978s] -- Installing: /home/mtrn/4231/ws_moveit2/install/moveit_ros_robot_interaction/share/moveit_ros_robot_interaction/local_setup.bash
[26.978s] -- Installing: /home/mtrn/4231/ws_moveit2/install/moveit_ros_robot_interaction/share/moveit_ros_robot_interaction/local_setup.sh
[26.978s] -- Installing: /home/mtrn/4231/ws_moveit2/install/moveit_ros_robot_interaction/share/moveit_ros_robot_interaction/local_setup.zsh
[26.978s] -- Installing: /home/mtrn/4231/ws_moveit2/install/moveit_ros_robot_interaction/share/moveit_ros_robot_interaction/local_setup.dsv
[26.979s] -- Installing: /home/mtrn/4231/ws_moveit2/install/moveit_ros_robot_interaction/share/moveit_ros_robot_interaction/package.dsv
[26.979s] -- Installing: /home/mtrn/4231/ws_moveit2/install/moveit_ros_robot_interaction/share/ament_index/resource_index/packages/moveit_ros_robot_interaction
[26.979s] -- Installing: /home/mtrn/4231/ws_moveit2/install/moveit_ros_robot_interaction/share/moveit_ros_robot_interaction/cmake/export_moveit_ros_robot_interactionExport.cmake
[26.979s] -- Installing: /home/mtrn/4231/ws_moveit2/install/moveit_ros_robot_interaction/share/moveit_ros_robot_interaction/cmake/export_moveit_ros_robot_interactionExport-release.cmake
[26.979s] -- Installing: /home/mtrn/4231/ws_moveit2/install/moveit_ros_robot_interaction/share/moveit_ros_robot_interaction/cmake/ament_cmake_export_targets-extras.cmake
[26.979s] -- Installing: /home/mtrn/4231/ws_moveit2/install/moveit_ros_robot_interaction/share/moveit_ros_robot_interaction/cmake/ament_cmake_export_dependencies-extras.cmake
[26.979s] -- Installing: /home/mtrn/4231/ws_moveit2/install/moveit_ros_robot_interaction/share/moveit_ros_robot_interaction/cmake/moveit_ros_robot_interactionConfig.cmake
[26.979s] -- Installing: /home/mtrn/4231/ws_moveit2/install/moveit_ros_robot_interaction/share/moveit_ros_robot_interaction/cmake/moveit_ros_robot_interactionConfig-version.cmake
[26.979s] -- Installing: /home/mtrn/4231/ws_moveit2/install/moveit_ros_robot_interaction/share/moveit_ros_robot_interaction/package.xml
[26.983s] Invoked command in '/home/mtrn/4231/ws_moveit2/build/moveit_ros_robot_interaction' returned '0': AMENT_PREFIX_PATH=/home/mtrn/4231/ws_moveit2/install/moveit_ros_planning:/home/mtrn/4231/ws_moveit2/install/moveit_ros_occupancy_map_monitor:/home/mtrn/4231/ws_moveit2/install/moveit_core:/home/mtrn/4231/ws_moveit2/install/srdfdom:/home/mtrn/4231/ws_moveit2/install/moveit_common:${AMENT_PREFIX_PATH} CMAKE_PREFIX_PATH=/home/mtrn/4231/ws_moveit2/install/moveit_ros_planning:/home/mtrn/4231/ws_moveit2/install/moveit_ros_occupancy_map_monitor:/home/mtrn/4231/ws_moveit2/install/moveit_core:/home/mtrn/4231/ws_moveit2/install/srdfdom:/home/mtrn/4231/ws_moveit2/install/moveit_common:/opt/ros/humble LD_LIBRARY_PATH=/home/mtrn/4231/ws_moveit2/install/moveit_ros_planning/lib:/home/mtrn/4231/ws_moveit2/install/moveit_ros_occupancy_map_monitor/lib:/home/mtrn/4231/ws_moveit2/install/moveit_core/lib:/home/mtrn/4231/ws_moveit2/install/srdfdom/lib:${LD_LIBRARY_PATH} PATH=/home/mtrn/4231/ws_moveit2/install/moveit_core/bin:${PATH} PYTHONPATH=/home/mtrn/4231/ws_moveit2/install/srdfdom/local/lib/python3.10/dist-packages:${PYTHONPATH} /usr/bin/cmake --install /home/mtrn/4231/ws_moveit2/build/moveit_ros_robot_interaction
