[0.331s] DEBUG:colcon:Command line arguments: ['/usr/bin/colcon', 'build']
[0.331s] DEBUG:colcon:Parsed command line arguments: Namespace(log_base=None, log_level=None, verb_name='build', build_base='build', install_base='install', merge_install=False, symlink_install=False, test_result_base=None, continue_on_error=False, executor='parallel', parallel_workers=24, event_handlers=None, ignore_user_meta=False, metas=['./colcon.meta'], base_paths=['.'], packages_ignore=None, packages_ignore_regex=None, paths=None, packages_up_to=None, packages_up_to_regex=None, packages_above=None, packages_above_and_dependencies=None, packages_above_depth=None, packages_select_by_dep=None, packages_skip_by_dep=None, packages_skip_up_to=None, packages_select_build_failed=False, packages_skip_build_finished=False, packages_select_test_failures=False, packages_skip_test_passed=False, packages_select=None, packages_skip=None, packages_select_regex=None, packages_skip_regex=None, packages_start=None, packages_end=None, allow_overriding=[], cmake_args=None, cmake_target=None, cmake_target_skip_unavailable=False, cmake_clean_cache=False, cmake_clean_first=False, cmake_force_configure=False, ament_cmake_args=None, catkin_cmake_args=None, catkin_skip_building_tests=False, verb_parser=<colcon_defaults.argument_parser.defaults.DefaultArgumentsDecorator object at 0x7fae047f21a0>, verb_extension=<colcon_core.verb.build.BuildVerb object at 0x7fae047c6e30>, main=<bound method BuildVerb.main of <colcon_core.verb.build.BuildVerb object at 0x7fae047c6e30>>)
[0.347s] Level 1:colcon.colcon_core.package_discovery:discover_packages(colcon_meta) check parameters
[0.347s] Level 1:colcon.colcon_core.package_discovery:discover_packages(recursive) check parameters
[0.347s] Level 1:colcon.colcon_core.package_discovery:discover_packages(ignore) check parameters
[0.347s] Level 1:colcon.colcon_core.package_discovery:discover_packages(path) check parameters
[0.347s] Level 1:colcon.colcon_core.package_discovery:discover_packages(colcon_meta) discover
[0.347s] Level 1:colcon.colcon_core.package_discovery:discover_packages(recursive) discover
[0.347s] INFO:colcon.colcon_core.package_discovery:Crawling recursively for packages in '/home/andrew/4231/project_workspace/MTRN4231_Winners/src'
[0.347s] Level 1:colcon.colcon_core.package_identification:_identify(.) by extensions ['ignore', 'ignore_ament_install']
[0.348s] Level 1:colcon.colcon_core.package_identification:_identify(.) by extension 'ignore'
[0.348s] Level 1:colcon.colcon_core.package_identification:_identify(.) by extension 'ignore_ament_install'
[0.348s] Level 1:colcon.colcon_core.package_identification:_identify(.) by extensions ['colcon_pkg']
[0.348s] Level 1:colcon.colcon_core.package_identification:_identify(.) by extension 'colcon_pkg'
[0.348s] Level 1:colcon.colcon_core.package_identification:_identify(.) by extensions ['colcon_meta']
[0.348s] Level 1:colcon.colcon_core.package_identification:_identify(.) by extension 'colcon_meta'
[0.348s] Level 1:colcon.colcon_core.package_identification:_identify(.) by extensions ['ros']
[0.348s] Level 1:colcon.colcon_core.package_identification:_identify(.) by extension 'ros'
[0.353s] Level 1:colcon.colcon_core.package_identification:_identify(.) by extensions ['cmake', 'python']
[0.353s] Level 1:colcon.colcon_core.package_identification:_identify(.) by extension 'cmake'
[0.353s] Level 1:colcon.colcon_core.package_identification:_identify(.) by extension 'python'
[0.353s] Level 1:colcon.colcon_core.package_identification:_identify(.) by extensions ['python_setup_py']
[0.353s] Level 1:colcon.colcon_core.package_identification:_identify(.) by extension 'python_setup_py'
[0.353s] Level 1:colcon.colcon_core.package_identification:_identify(CameraCV_pkg) by extensions ['ignore', 'ignore_ament_install']
[0.353s] Level 1:colcon.colcon_core.package_identification:_identify(CameraCV_pkg) by extension 'ignore'
[0.353s] Level 1:colcon.colcon_core.package_identification:_identify(CameraCV_pkg) by extension 'ignore_ament_install'
[0.353s] Level 1:colcon.colcon_core.package_identification:_identify(CameraCV_pkg) by extensions ['colcon_pkg']
[0.353s] Level 1:colcon.colcon_core.package_identification:_identify(CameraCV_pkg) by extension 'colcon_pkg'
[0.353s] Level 1:colcon.colcon_core.package_identification:_identify(CameraCV_pkg) by extensions ['colcon_meta']
[0.353s] Level 1:colcon.colcon_core.package_identification:_identify(CameraCV_pkg) by extension 'colcon_meta'
[0.353s] Level 1:colcon.colcon_core.package_identification:_identify(CameraCV_pkg) by extensions ['ros']
[0.353s] Level 1:colcon.colcon_core.package_identification:_identify(CameraCV_pkg) by extension 'ros'
[0.354s] DEBUG:colcon.colcon_core.package_identification:Package 'CameraCV_pkg' with type 'ros.ament_python' and name 'CameraCV_pkg'
[0.354s] Level 1:colcon.colcon_core.package_identification:_identify(build) by extensions ['ignore', 'ignore_ament_install']
[0.354s] Level 1:colcon.colcon_core.package_identification:_identify(build) by extension 'ignore'
[0.354s] Level 1:colcon.colcon_core.package_identification:_identify(build) ignored
[0.354s] Level 1:colcon.colcon_core.package_identification:_identify(install) by extensions ['ignore', 'ignore_ament_install']
[0.355s] Level 1:colcon.colcon_core.package_identification:_identify(install) by extension 'ignore'
[0.355s] Level 1:colcon.colcon_core.package_identification:_identify(install) ignored
[0.355s] Level 1:colcon.colcon_core.package_identification:_identify(log) by extensions ['ignore', 'ignore_ament_install']
[0.355s] Level 1:colcon.colcon_core.package_identification:_identify(log) by extension 'ignore'
[0.355s] Level 1:colcon.colcon_core.package_identification:_identify(log) ignored
[0.355s] Level 1:colcon.colcon_core.package_identification:_identify(winners_pkg) by extensions ['ignore', 'ignore_ament_install']
[0.355s] Level 1:colcon.colcon_core.package_identification:_identify(winners_pkg) by extension 'ignore'
[0.355s] Level 1:colcon.colcon_core.package_identification:_identify(winners_pkg) by extension 'ignore_ament_install'
[0.355s] Level 1:colcon.colcon_core.package_identification:_identify(winners_pkg) by extensions ['colcon_pkg']
[0.355s] Level 1:colcon.colcon_core.package_identification:_identify(winners_pkg) by extension 'colcon_pkg'
[0.355s] Level 1:colcon.colcon_core.package_identification:_identify(winners_pkg) by extensions ['colcon_meta']
[0.355s] Level 1:colcon.colcon_core.package_identification:_identify(winners_pkg) by extension 'colcon_meta'
[0.355s] Level 1:colcon.colcon_core.package_identification:_identify(winners_pkg) by extensions ['ros']
[0.355s] Level 1:colcon.colcon_core.package_identification:_identify(winners_pkg) by extension 'ros'
[0.355s] DEBUG:colcon.colcon_core.package_identification:Package 'winners_pkg' with type 'ros.ament_cmake' and name 'winners_pkg'
[0.355s] Level 1:colcon.colcon_core.package_discovery:discover_packages(recursive) using defaults
[0.355s] Level 1:colcon.colcon_core.package_discovery:discover_packages(ignore) discover
[0.355s] Level 1:colcon.colcon_core.package_discovery:discover_packages(ignore) using defaults
[0.355s] Level 1:colcon.colcon_core.package_discovery:discover_packages(path) discover
[0.355s] Level 1:colcon.colcon_core.package_discovery:discover_packages(path) using defaults
[0.389s] Level 1:colcon.colcon_core.package_discovery:discover_packages(prefix_path) check parameters
[0.389s] Level 1:colcon.colcon_core.package_discovery:discover_packages(prefix_path) discover
[0.399s] DEBUG:colcon.colcon_installed_package_information.package_discovery:Found 270 installed packages in /opt/ros/humble
[0.400s] Level 1:colcon.colcon_core.package_discovery:discover_packages(prefix_path) using defaults
[0.433s] Level 5:colcon.colcon_core.verb:set package 'CameraCV_pkg' build argument 'cmake_args' from command line to 'None'
[0.434s] Level 5:colcon.colcon_core.verb:set package 'CameraCV_pkg' build argument 'cmake_target' from command line to 'None'
[0.434s] Level 5:colcon.colcon_core.verb:set package 'CameraCV_pkg' build argument 'cmake_target_skip_unavailable' from command line to 'False'
[0.434s] Level 5:colcon.colcon_core.verb:set package 'CameraCV_pkg' build argument 'cmake_clean_cache' from command line to 'False'
[0.434s] Level 5:colcon.colcon_core.verb:set package 'CameraCV_pkg' build argument 'cmake_clean_first' from command line to 'False'
[0.434s] Level 5:colcon.colcon_core.verb:set package 'CameraCV_pkg' build argument 'cmake_force_configure' from command line to 'False'
[0.434s] Level 5:colcon.colcon_core.verb:set package 'CameraCV_pkg' build argument 'ament_cmake_args' from command line to 'None'
[0.434s] Level 5:colcon.colcon_core.verb:set package 'CameraCV_pkg' build argument 'catkin_cmake_args' from command line to 'None'
[0.434s] Level 5:colcon.colcon_core.verb:set package 'CameraCV_pkg' build argument 'catkin_skip_building_tests' from command line to 'False'
[0.434s] DEBUG:colcon.colcon_core.verb:Building package 'CameraCV_pkg' with the following arguments: {'ament_cmake_args': None, 'build_base': '/home/andrew/4231/project_workspace/MTRN4231_Winners/src/build/CameraCV_pkg', 'catkin_cmake_args': None, 'catkin_skip_building_tests': False, 'cmake_args': None, 'cmake_clean_cache': False, 'cmake_clean_first': False, 'cmake_force_configure': False, 'cmake_target': None, 'cmake_target_skip_unavailable': False, 'install_base': '/home/andrew/4231/project_workspace/MTRN4231_Winners/src/install/CameraCV_pkg', 'merge_install': False, 'path': '/home/andrew/4231/project_workspace/MTRN4231_Winners/src/CameraCV_pkg', 'symlink_install': False, 'test_result_base': None}
[0.438s] Level 5:colcon.colcon_core.verb:set package 'winners_pkg' build argument 'cmake_args' from command line to 'None'
[0.438s] Level 5:colcon.colcon_core.verb:set package 'winners_pkg' build argument 'cmake_target' from command line to 'None'
[0.438s] Level 5:colcon.colcon_core.verb:set package 'winners_pkg' build argument 'cmake_target_skip_unavailable' from command line to 'False'
[0.438s] Level 5:colcon.colcon_core.verb:set package 'winners_pkg' build argument 'cmake_clean_cache' from command line to 'False'
[0.438s] Level 5:colcon.colcon_core.verb:set package 'winners_pkg' build argument 'cmake_clean_first' from command line to 'False'
[0.438s] Level 5:colcon.colcon_core.verb:set package 'winners_pkg' build argument 'cmake_force_configure' from command line to 'False'
[0.438s] Level 5:colcon.colcon_core.verb:set package 'winners_pkg' build argument 'ament_cmake_args' from command line to 'None'
[0.438s] Level 5:colcon.colcon_core.verb:set package 'winners_pkg' build argument 'catkin_cmake_args' from command line to 'None'
[0.438s] Level 5:colcon.colcon_core.verb:set package 'winners_pkg' build argument 'catkin_skip_building_tests' from command line to 'False'
[0.438s] DEBUG:colcon.colcon_core.verb:Building package 'winners_pkg' with the following arguments: {'ament_cmake_args': None, 'build_base': '/home/andrew/4231/project_workspace/MTRN4231_Winners/src/build/winners_pkg', 'catkin_cmake_args': None, 'catkin_skip_building_tests': False, 'cmake_args': None, 'cmake_clean_cache': False, 'cmake_clean_first': False, 'cmake_force_configure': False, 'cmake_target': None, 'cmake_target_skip_unavailable': False, 'install_base': '/home/andrew/4231/project_workspace/MTRN4231_Winners/src/install/winners_pkg', 'merge_install': False, 'path': '/home/andrew/4231/project_workspace/MTRN4231_Winners/src/winners_pkg', 'symlink_install': False, 'test_result_base': None}
[0.443s] INFO:colcon.colcon_core.executor:Executing jobs using 'parallel' executor
[0.448s] DEBUG:colcon.colcon_parallel_executor.executor.parallel:run_until_complete
[0.448s] INFO:colcon.colcon_ros.task.ament_python.build:Building ROS package in '/home/andrew/4231/project_workspace/MTRN4231_Winners/src/CameraCV_pkg' with build type 'ament_python'
[0.448s] Level 1:colcon.colcon_core.shell:create_environment_hook('CameraCV_pkg', 'ament_prefix_path')
[0.453s] INFO:colcon.colcon_core.plugin_system:Skipping extension 'colcon_core.shell.bat': Not used on non-Windows systems
[0.453s] INFO:colcon.colcon_core.shell:Creating environment hook '/home/andrew/4231/project_workspace/MTRN4231_Winners/src/install/CameraCV_pkg/share/CameraCV_pkg/hook/ament_prefix_path.ps1'
[0.453s] INFO:colcon.colcon_core.shell:Creating environment descriptor '/home/andrew/4231/project_workspace/MTRN4231_Winners/src/install/CameraCV_pkg/share/CameraCV_pkg/hook/ament_prefix_path.dsv'
[0.454s] INFO:colcon.colcon_core.shell:Creating environment hook '/home/andrew/4231/project_workspace/MTRN4231_Winners/src/install/CameraCV_pkg/share/CameraCV_pkg/hook/ament_prefix_path.sh'
[0.458s] INFO:colcon.colcon_core.shell:Skip shell extension 'powershell' for command environment: Not usable outside of PowerShell
[0.459s] DEBUG:colcon.colcon_core.shell:Skip shell extension 'dsv' for command environment
[0.470s] INFO:colcon.colcon_ros.task.ament_cmake.build:Building ROS package in '/home/andrew/4231/project_workspace/MTRN4231_Winners/src/winners_pkg' with build type 'ament_cmake'
[0.470s] INFO:colcon.colcon_cmake.task.cmake.build:Building CMake package in '/home/andrew/4231/project_workspace/MTRN4231_Winners/src/winners_pkg'
[0.475s] INFO:colcon.colcon_core.shell:Skip shell extension 'powershell' for command environment: Not usable outside of PowerShell
[0.475s] DEBUG:colcon.colcon_core.shell:Skip shell extension 'dsv' for command environment
[0.588s] INFO:colcon.colcon_core.task.python.build:Building Python package in '/home/andrew/4231/project_workspace/MTRN4231_Winners/src/CameraCV_pkg'
[0.592s] INFO:colcon.colcon_core.shell:Skip shell extension 'powershell' for command environment: Not usable outside of PowerShell
[0.592s] DEBUG:colcon.colcon_core.shell:Skip shell extension 'dsv' for command environment
[0.605s] DEBUG:colcon.colcon_core.event_handler.log_command:Invoking command in '/home/andrew/4231/project_workspace/MTRN4231_Winners/src/build/winners_pkg': CMAKE_PREFIX_PATH=/opt/ros/humble /usr/bin/cmake /home/andrew/4231/project_workspace/MTRN4231_Winners/src/winners_pkg -DCMAKE_INSTALL_PREFIX=/home/andrew/4231/project_workspace/MTRN4231_Winners/src/install/winners_pkg
[0.737s] DEBUG:colcon.colcon_core.event_handler.log_command:Invoking command in '/home/andrew/4231/project_workspace/MTRN4231_Winners/src/CameraCV_pkg': PYTHONPATH=/home/andrew/4231/project_workspace/MTRN4231_Winners/src/build/CameraCV_pkg/prefix_override:/home/andrew/4231/project_workspace/MTRN4231_Winners/src/install/CameraCV_pkg/lib/python3.10/site-packages:${PYTHONPATH} /usr/bin/python3 setup.py egg_info --egg-base ../build/CameraCV_pkg build --build-base /home/andrew/4231/project_workspace/MTRN4231_Winners/src/build/CameraCV_pkg/build install --record /home/andrew/4231/project_workspace/MTRN4231_Winners/src/build/CameraCV_pkg/install.log --single-version-externally-managed
[0.852s] DEBUG:colcon.colcon_core.event_handler.log_command:Invoked command in '/home/andrew/4231/project_workspace/MTRN4231_Winners/src/CameraCV_pkg' returned '0': PYTHONPATH=/home/andrew/4231/project_workspace/MTRN4231_Winners/src/build/CameraCV_pkg/prefix_override:/home/andrew/4231/project_workspace/MTRN4231_Winners/src/install/CameraCV_pkg/lib/python3.10/site-packages:${PYTHONPATH} /usr/bin/python3 setup.py egg_info --egg-base ../build/CameraCV_pkg build --build-base /home/andrew/4231/project_workspace/MTRN4231_Winners/src/build/CameraCV_pkg/build install --record /home/andrew/4231/project_workspace/MTRN4231_Winners/src/build/CameraCV_pkg/install.log --single-version-externally-managed
[0.857s] Level 1:colcon.colcon_core.environment:checking '/home/andrew/4231/project_workspace/MTRN4231_Winners/src/install/CameraCV_pkg' for CMake module files
[0.858s] Level 1:colcon.colcon_core.environment:checking '/home/andrew/4231/project_workspace/MTRN4231_Winners/src/install/CameraCV_pkg' for CMake config files
[0.858s] Level 1:colcon.colcon_core.environment:checking '/home/andrew/4231/project_workspace/MTRN4231_Winners/src/install/CameraCV_pkg/lib'
[0.858s] Level 1:colcon.colcon_core.environment:checking '/home/andrew/4231/project_workspace/MTRN4231_Winners/src/install/CameraCV_pkg/bin'
[0.858s] Level 1:colcon.colcon_core.environment:checking '/home/andrew/4231/project_workspace/MTRN4231_Winners/src/install/CameraCV_pkg/lib/pkgconfig/CameraCV_pkg.pc'
[0.858s] Level 1:colcon.colcon_core.environment:checking '/home/andrew/4231/project_workspace/MTRN4231_Winners/src/install/CameraCV_pkg/lib/python3.10/site-packages'
[0.858s] Level 1:colcon.colcon_core.shell:create_environment_hook('CameraCV_pkg', 'pythonpath')
[0.863s] INFO:colcon.colcon_core.shell:Creating environment hook '/home/andrew/4231/project_workspace/MTRN4231_Winners/src/install/CameraCV_pkg/share/CameraCV_pkg/hook/pythonpath.ps1'
[0.864s] INFO:colcon.colcon_core.shell:Creating environment descriptor '/home/andrew/4231/project_workspace/MTRN4231_Winners/src/install/CameraCV_pkg/share/CameraCV_pkg/hook/pythonpath.dsv'
[0.864s] INFO:colcon.colcon_core.shell:Creating environment hook '/home/andrew/4231/project_workspace/MTRN4231_Winners/src/install/CameraCV_pkg/share/CameraCV_pkg/hook/pythonpath.sh'
[0.864s] Level 1:colcon.colcon_core.environment:checking '/home/andrew/4231/project_workspace/MTRN4231_Winners/src/install/CameraCV_pkg/bin'
[0.864s] Level 1:colcon.colcon_core.environment:create_environment_scripts_only(CameraCV_pkg)
[0.869s] INFO:colcon.colcon_core.shell:Creating package script '/home/andrew/4231/project_workspace/MTRN4231_Winners/src/install/CameraCV_pkg/share/CameraCV_pkg/package.ps1'
[0.869s] INFO:colcon.colcon_core.shell:Creating package descriptor '/home/andrew/4231/project_workspace/MTRN4231_Winners/src/install/CameraCV_pkg/share/CameraCV_pkg/package.dsv'
[0.869s] INFO:colcon.colcon_core.shell:Creating package script '/home/andrew/4231/project_workspace/MTRN4231_Winners/src/install/CameraCV_pkg/share/CameraCV_pkg/package.sh'
[0.870s] INFO:colcon.colcon_core.shell:Creating package script '/home/andrew/4231/project_workspace/MTRN4231_Winners/src/install/CameraCV_pkg/share/CameraCV_pkg/package.bash'
[0.870s] INFO:colcon.colcon_core.shell:Creating package script '/home/andrew/4231/project_workspace/MTRN4231_Winners/src/install/CameraCV_pkg/share/CameraCV_pkg/package.zsh'
[0.870s] Level 1:colcon.colcon_core.environment:create_file_with_runtime_dependencies(/home/andrew/4231/project_workspace/MTRN4231_Winners/src/install/CameraCV_pkg/share/colcon-core/packages/CameraCV_pkg)
[1.325s] DEBUG:colcon.colcon_core.event_handler.log_command:Invoked command in '/home/andrew/4231/project_workspace/MTRN4231_Winners/src/build/winners_pkg' returned '1': CMAKE_PREFIX_PATH=/opt/ros/humble /usr/bin/cmake /home/andrew/4231/project_workspace/MTRN4231_Winners/src/winners_pkg -DCMAKE_INSTALL_PREFIX=/home/andrew/4231/project_workspace/MTRN4231_Winners/src/install/winners_pkg
[1.331s] Level 1:colcon.colcon_core.environment:create_environment_scripts_only(winners_pkg)
[1.336s] Level 1:colcon.colcon_core.environment:checking '/home/andrew/4231/project_workspace/MTRN4231_Winners/src/install/winners_pkg' for CMake module files
[1.336s] Level 1:colcon.colcon_core.environment:checking '/home/andrew/4231/project_workspace/MTRN4231_Winners/src/install/winners_pkg' for CMake config files
[1.336s] Level 1:colcon.colcon_core.environment:checking '/home/andrew/4231/project_workspace/MTRN4231_Winners/src/install/winners_pkg/bin'
[1.336s] Level 1:colcon.colcon_core.environment:checking '/home/andrew/4231/project_workspace/MTRN4231_Winners/src/install/winners_pkg/lib/pkgconfig/winners_pkg.pc'
[1.336s] Level 1:colcon.colcon_core.environment:checking '/home/andrew/4231/project_workspace/MTRN4231_Winners/src/install/winners_pkg/lib/python3.10/site-packages'
[1.336s] Level 1:colcon.colcon_core.environment:checking '/home/andrew/4231/project_workspace/MTRN4231_Winners/src/install/winners_pkg/bin'
[1.341s] INFO:colcon.colcon_core.shell:Creating package script '/home/andrew/4231/project_workspace/MTRN4231_Winners/src/install/winners_pkg/share/winners_pkg/package.ps1'
[1.341s] INFO:colcon.colcon_core.shell:Creating package descriptor '/home/andrew/4231/project_workspace/MTRN4231_Winners/src/install/winners_pkg/share/winners_pkg/package.dsv'
[1.341s] INFO:colcon.colcon_core.shell:Creating package script '/home/andrew/4231/project_workspace/MTRN4231_Winners/src/install/winners_pkg/share/winners_pkg/package.sh'
[1.341s] INFO:colcon.colcon_core.shell:Creating package script '/home/andrew/4231/project_workspace/MTRN4231_Winners/src/install/winners_pkg/share/winners_pkg/package.bash'
[1.341s] INFO:colcon.colcon_core.shell:Creating package script '/home/andrew/4231/project_workspace/MTRN4231_Winners/src/install/winners_pkg/share/winners_pkg/package.zsh'
[1.341s] Level 1:colcon.colcon_core.environment:create_file_with_runtime_dependencies(/home/andrew/4231/project_workspace/MTRN4231_Winners/src/install/winners_pkg/share/colcon-core/packages/winners_pkg)
[1.352s] DEBUG:colcon.colcon_parallel_executor.executor.parallel:closing loop
[1.352s] DEBUG:colcon.colcon_parallel_executor.executor.parallel:loop closed
[1.352s] DEBUG:colcon.colcon_parallel_executor.executor.parallel:run_until_complete finished with '1'
[1.352s] DEBUG:colcon.colcon_core.event_reactor:joining thread
[1.363s] INFO:colcon.colcon_core.plugin_system:Skipping extension 'colcon_notification.desktop_notification.terminal_notifier': Not used on non-Darwin systems
[1.363s] INFO:colcon.colcon_core.plugin_system:Skipping extension 'colcon_notification.desktop_notification.win32': Not used on non-Windows systems
[1.363s] INFO:colcon.colcon_notification.desktop_notification:Sending desktop notification using 'notify2'
[1.370s] DEBUG:colcon.colcon_core.event_reactor:joined thread
[1.378s] INFO:colcon.colcon_core.shell:Creating prefix script '/home/andrew/4231/project_workspace/MTRN4231_Winners/src/install/local_setup.ps1'
[1.379s] INFO:colcon.colcon_core.shell:Creating prefix util module '/home/andrew/4231/project_workspace/MTRN4231_Winners/src/install/_local_setup_util_ps1.py'
[1.380s] INFO:colcon.colcon_core.shell:Creating prefix chain script '/home/andrew/4231/project_workspace/MTRN4231_Winners/src/install/setup.ps1'
[1.386s] INFO:colcon.colcon_core.shell:Creating prefix script '/home/andrew/4231/project_workspace/MTRN4231_Winners/src/install/local_setup.sh'
[1.386s] INFO:colcon.colcon_core.shell:Creating prefix util module '/home/andrew/4231/project_workspace/MTRN4231_Winners/src/install/_local_setup_util_sh.py'
[1.386s] INFO:colcon.colcon_core.shell:Creating prefix chain script '/home/andrew/4231/project_workspace/MTRN4231_Winners/src/install/setup.sh'
[1.393s] INFO:colcon.colcon_core.shell:Creating prefix script '/home/andrew/4231/project_workspace/MTRN4231_Winners/src/install/local_setup.bash'
[1.393s] INFO:colcon.colcon_core.shell:Creating prefix chain script '/home/andrew/4231/project_workspace/MTRN4231_Winners/src/install/setup.bash'
[1.400s] INFO:colcon.colcon_core.shell:Creating prefix script '/home/andrew/4231/project_workspace/MTRN4231_Winners/src/install/local_setup.zsh'
[1.401s] INFO:colcon.colcon_core.shell:Creating prefix chain script '/home/andrew/4231/project_workspace/MTRN4231_Winners/src/install/setup.zsh'
