[0.013s] Invoking command in '/home/mtrn/4231/ws_moveit2/build/moveit_resources_prbt_ikfast_manipulator_plugin': AMENT_PREFIX_PATH=/home/mtrn/4231/ws_moveit2/install/moveit_core:/home/mtrn/4231/ws_moveit2/install/srdfdom:/home/mtrn/4231/ws_moveit2/install/moveit_common:${AMENT_PREFIX_PATH} CMAKE_PREFIX_PATH=/home/mtrn/4231/ws_moveit2/install/moveit_core:/home/mtrn/4231/ws_moveit2/install/srdfdom:/home/mtrn/4231/ws_moveit2/install/moveit_common:/opt/ros/humble LD_LIBRARY_PATH=/home/mtrn/4231/ws_moveit2/install/moveit_core/lib:/home/mtrn/4231/ws_moveit2/install/srdfdom/lib:${LD_LIBRARY_PATH} PATH=/home/mtrn/4231/ws_moveit2/install/moveit_core/bin:${PATH} PYTHONPATH=/home/mtrn/4231/ws_moveit2/install/srdfdom/local/lib/python3.10/dist-packages:${PYTHONPATH} /usr/bin/cmake /home/mtrn/4231/ws_moveit2/src/moveit2/moveit_planners/test_configs/prbt_ikfast_manipulator_plugin -DCMAKE_BUILD_TYPE=Release -DCMAKE_INSTALL_PREFIX=/home/mtrn/4231/ws_moveit2/install/moveit_resources_prbt_ikfast_manipulator_plugin
[0.047s] -- The C compiler identification is GNU 11.4.0
[0.084s] -- The CXX compiler identification is GNU 11.4.0
[0.089s] -- Detecting C compiler ABI info
[0.131s] -- Detecting C compiler ABI info - done
[0.135s] -- Check for working C compiler: /usr/bin/cc - skipped
[0.135s] -- Detecting C compile features
[0.136s] -- Detecting C compile features - done
[0.138s] -- Detecting CXX compiler ABI info
[0.187s] -- Detecting CXX compiler ABI info - done
[0.191s] -- Check for working CXX compiler: /usr/bin/c++ - skipped
[0.192s] -- Detecting CXX compile features
[0.192s] -- Detecting CXX compile features - done
[0.194s] -- Found ament_cmake: 1.3.5 (/opt/ros/humble/share/ament_cmake/cmake)
[0.305s] -- Found Python3: /usr/bin/python3.10 (found version "3.10.12") found components: Interpreter 
[0.359s] -- Found moveit_core: 2.5.4 (/home/mtrn/4231/ws_moveit2/install/moveit_core/share/moveit_core/cmake)
[0.507s] -- Found Boost: /usr/lib/x86_64-linux-gnu/cmake/Boost-1.74.0/BoostConfig.cmake (found version "1.74.0") found components: chrono date_time filesystem iostreams program_options regex serialization system thread 
[0.518s] -- Found parameter_traits: 0.3.6 (/opt/ros/humble/share/parameter_traits/cmake)
[0.554s] -- Found rosidl_generator_c: 3.1.5 (/opt/ros/humble/share/rosidl_generator_c/cmake)
[0.557s] -- Found rosidl_adapter: 3.1.5 (/opt/ros/humble/share/rosidl_adapter/cmake)
[0.564s] -- Found rosidl_generator_cpp: 3.1.5 (/opt/ros/humble/share/rosidl_generator_cpp/cmake)
[0.574s] -- Using all available rosidl_typesupport_c: rosidl_typesupport_fastrtps_c;rosidl_typesupport_introspection_c
[0.590s] -- Using all available rosidl_typesupport_cpp: rosidl_typesupport_fastrtps_cpp;rosidl_typesupport_introspection_cpp
[0.639s] -- Found rmw_implementation_cmake: 6.1.1 (/opt/ros/humble/share/rmw_implementation_cmake/cmake)
[0.641s] -- Found rmw_cyclonedds_cpp: 1.3.4 (/opt/ros/humble/share/rmw_cyclonedds_cpp/cmake)
[0.665s] -- Using RMW implementation 'rmw_cyclonedds_cpp' as default
[0.672s] -- Found Threads: TRUE  
[0.800s] -- Found rclcpp_lifecycle: 16.0.5 (/opt/ros/humble/share/rclcpp_lifecycle/cmake)
[0.836s] -- Found Boost: /usr/lib/x86_64-linux-gnu/cmake/Boost-1.74.0/BoostConfig.cmake (found version "1.74.0") found components: filesystem 
[0.930s] -- library: /usr/lib/x86_64-linux-gnu/libcurl.so
[1.137s] -- Found Eigen3: TRUE (found version "3.4.0") 
[1.137s] -- Ensuring Eigen3 include directory is part of orocos-kdl CMake target
[1.920s] -- Found tf2_kdl: 0.25.3 (/opt/ros/humble/share/tf2_kdl/cmake)
[1.936s] -- Found tf2_eigen_kdl: 0.25.3 (/opt/ros/humble/share/tf2_eigen_kdl/cmake)
[1.982s] -- Configuring done
[2.005s] -- Generating done
[2.006s] -- Build files have been written to: /home/mtrn/4231/ws_moveit2/build/moveit_resources_prbt_ikfast_manipulator_plugin
[2.016s] Invoked command in '/home/mtrn/4231/ws_moveit2/build/moveit_resources_prbt_ikfast_manipulator_plugin' returned '0': AMENT_PREFIX_PATH=/home/mtrn/4231/ws_moveit2/install/moveit_core:/home/mtrn/4231/ws_moveit2/install/srdfdom:/home/mtrn/4231/ws_moveit2/install/moveit_common:${AMENT_PREFIX_PATH} CMAKE_PREFIX_PATH=/home/mtrn/4231/ws_moveit2/install/moveit_core:/home/mtrn/4231/ws_moveit2/install/srdfdom:/home/mtrn/4231/ws_moveit2/install/moveit_common:/opt/ros/humble LD_LIBRARY_PATH=/home/mtrn/4231/ws_moveit2/install/moveit_core/lib:/home/mtrn/4231/ws_moveit2/install/srdfdom/lib:${LD_LIBRARY_PATH} PATH=/home/mtrn/4231/ws_moveit2/install/moveit_core/bin:${PATH} PYTHONPATH=/home/mtrn/4231/ws_moveit2/install/srdfdom/local/lib/python3.10/dist-packages:${PYTHONPATH} /usr/bin/cmake /home/mtrn/4231/ws_moveit2/src/moveit2/moveit_planners/test_configs/prbt_ikfast_manipulator_plugin -DCMAKE_BUILD_TYPE=Release -DCMAKE_INSTALL_PREFIX=/home/mtrn/4231/ws_moveit2/install/moveit_resources_prbt_ikfast_manipulator_plugin
[2.025s] Invoking command in '/home/mtrn/4231/ws_moveit2/build/moveit_resources_prbt_ikfast_manipulator_plugin': AMENT_PREFIX_PATH=/home/mtrn/4231/ws_moveit2/install/moveit_core:/home/mtrn/4231/ws_moveit2/install/srdfdom:/home/mtrn/4231/ws_moveit2/install/moveit_common:${AMENT_PREFIX_PATH} CMAKE_PREFIX_PATH=/home/mtrn/4231/ws_moveit2/install/moveit_core:/home/mtrn/4231/ws_moveit2/install/srdfdom:/home/mtrn/4231/ws_moveit2/install/moveit_common:/opt/ros/humble LD_LIBRARY_PATH=/home/mtrn/4231/ws_moveit2/install/moveit_core/lib:/home/mtrn/4231/ws_moveit2/install/srdfdom/lib:${LD_LIBRARY_PATH} PATH=/home/mtrn/4231/ws_moveit2/install/moveit_core/bin:${PATH} PYTHONPATH=/home/mtrn/4231/ws_moveit2/install/srdfdom/local/lib/python3.10/dist-packages:${PYTHONPATH} /usr/bin/cmake --build /home/mtrn/4231/ws_moveit2/build/moveit_resources_prbt_ikfast_manipulator_plugin -- -j4 -l4
[2.055s] [ 50%] [32mBuilding CXX object CMakeFiles/prbt_manipulator_moveit_ikfast_plugin.dir/src/prbt_manipulator_ikfast_moveit_plugin.cpp.o[0m
[15.468s] [100%] [32m[1mLinking CXX shared library libprbt_manipulator_moveit_ikfast_plugin.so[0m
[15.585s] [100%] Built target prbt_manipulator_moveit_ikfast_plugin
[15.592s] Invoked command in '/home/mtrn/4231/ws_moveit2/build/moveit_resources_prbt_ikfast_manipulator_plugin' returned '0': AMENT_PREFIX_PATH=/home/mtrn/4231/ws_moveit2/install/moveit_core:/home/mtrn/4231/ws_moveit2/install/srdfdom:/home/mtrn/4231/ws_moveit2/install/moveit_common:${AMENT_PREFIX_PATH} CMAKE_PREFIX_PATH=/home/mtrn/4231/ws_moveit2/install/moveit_core:/home/mtrn/4231/ws_moveit2/install/srdfdom:/home/mtrn/4231/ws_moveit2/install/moveit_common:/opt/ros/humble LD_LIBRARY_PATH=/home/mtrn/4231/ws_moveit2/install/moveit_core/lib:/home/mtrn/4231/ws_moveit2/install/srdfdom/lib:${LD_LIBRARY_PATH} PATH=/home/mtrn/4231/ws_moveit2/install/moveit_core/bin:${PATH} PYTHONPATH=/home/mtrn/4231/ws_moveit2/install/srdfdom/local/lib/python3.10/dist-packages:${PYTHONPATH} /usr/bin/cmake --build /home/mtrn/4231/ws_moveit2/build/moveit_resources_prbt_ikfast_manipulator_plugin -- -j4 -l4
[15.610s] Invoking command in '/home/mtrn/4231/ws_moveit2/build/moveit_resources_prbt_ikfast_manipulator_plugin': AMENT_PREFIX_PATH=/home/mtrn/4231/ws_moveit2/install/moveit_core:/home/mtrn/4231/ws_moveit2/install/srdfdom:/home/mtrn/4231/ws_moveit2/install/moveit_common:${AMENT_PREFIX_PATH} CMAKE_PREFIX_PATH=/home/mtrn/4231/ws_moveit2/install/moveit_core:/home/mtrn/4231/ws_moveit2/install/srdfdom:/home/mtrn/4231/ws_moveit2/install/moveit_common:/opt/ros/humble LD_LIBRARY_PATH=/home/mtrn/4231/ws_moveit2/install/moveit_core/lib:/home/mtrn/4231/ws_moveit2/install/srdfdom/lib:${LD_LIBRARY_PATH} PATH=/home/mtrn/4231/ws_moveit2/install/moveit_core/bin:${PATH} PYTHONPATH=/home/mtrn/4231/ws_moveit2/install/srdfdom/local/lib/python3.10/dist-packages:${PYTHONPATH} /usr/bin/cmake --install /home/mtrn/4231/ws_moveit2/build/moveit_resources_prbt_ikfast_manipulator_plugin
[15.614s] -- Install configuration: "Release"
[15.614s] -- Installing: /home/mtrn/4231/ws_moveit2/install/moveit_resources_prbt_ikfast_manipulator_plugin/share/moveit_resources_prbt_ikfast_manipulator_plugin/prbt_manipulator_moveit_ikfast_plugin_description.xml
[15.617s] -- Installing: /home/mtrn/4231/ws_moveit2/install/moveit_resources_prbt_ikfast_manipulator_plugin/lib/libprbt_manipulator_moveit_ikfast_plugin.so
[15.618s] -- Set runtime path of "/home/mtrn/4231/ws_moveit2/install/moveit_resources_prbt_ikfast_manipulator_plugin/lib/libprbt_manipulator_moveit_ikfast_plugin.so" to ""
[15.618s] -- Installing: /home/mtrn/4231/ws_moveit2/install/moveit_resources_prbt_ikfast_manipulator_plugin/share/moveit_resources_prbt_ikfast_manipulator_plugin/environment/library_path.sh
[15.619s] -- Installing: /home/mtrn/4231/ws_moveit2/install/moveit_resources_prbt_ikfast_manipulator_plugin/share/moveit_resources_prbt_ikfast_manipulator_plugin/environment/library_path.dsv
[15.620s] -- Installing: /home/mtrn/4231/ws_moveit2/install/moveit_resources_prbt_ikfast_manipulator_plugin/share/ament_index/resource_index/package_run_dependencies/moveit_resources_prbt_ikfast_manipulator_plugin
[15.620s] -- Installing: /home/mtrn/4231/ws_moveit2/install/moveit_resources_prbt_ikfast_manipulator_plugin/share/ament_index/resource_index/parent_prefix_path/moveit_resources_prbt_ikfast_manipulator_plugin
[15.620s] -- Installing: /home/mtrn/4231/ws_moveit2/install/moveit_resources_prbt_ikfast_manipulator_plugin/share/moveit_resources_prbt_ikfast_manipulator_plugin/environment/ament_prefix_path.sh
[15.620s] -- Installing: /home/mtrn/4231/ws_moveit2/install/moveit_resources_prbt_ikfast_manipulator_plugin/share/moveit_resources_prbt_ikfast_manipulator_plugin/environment/ament_prefix_path.dsv
[15.620s] -- Installing: /home/mtrn/4231/ws_moveit2/install/moveit_resources_prbt_ikfast_manipulator_plugin/share/moveit_resources_prbt_ikfast_manipulator_plugin/environment/path.sh
[15.620s] -- Installing: /home/mtrn/4231/ws_moveit2/install/moveit_resources_prbt_ikfast_manipulator_plugin/share/moveit_resources_prbt_ikfast_manipulator_plugin/environment/path.dsv
[15.620s] -- Installing: /home/mtrn/4231/ws_moveit2/install/moveit_resources_prbt_ikfast_manipulator_plugin/share/moveit_resources_prbt_ikfast_manipulator_plugin/local_setup.bash
[15.620s] -- Installing: /home/mtrn/4231/ws_moveit2/install/moveit_resources_prbt_ikfast_manipulator_plugin/share/moveit_resources_prbt_ikfast_manipulator_plugin/local_setup.sh
[15.620s] -- Installing: /home/mtrn/4231/ws_moveit2/install/moveit_resources_prbt_ikfast_manipulator_plugin/share/moveit_resources_prbt_ikfast_manipulator_plugin/local_setup.zsh
[15.620s] -- Installing: /home/mtrn/4231/ws_moveit2/install/moveit_resources_prbt_ikfast_manipulator_plugin/share/moveit_resources_prbt_ikfast_manipulator_plugin/local_setup.dsv
[15.620s] -- Installing: /home/mtrn/4231/ws_moveit2/install/moveit_resources_prbt_ikfast_manipulator_plugin/share/moveit_resources_prbt_ikfast_manipulator_plugin/package.dsv
[15.620s] -- Installing: /home/mtrn/4231/ws_moveit2/install/moveit_resources_prbt_ikfast_manipulator_plugin/share/ament_index/resource_index/packages/moveit_resources_prbt_ikfast_manipulator_plugin
[15.621s] -- Installing: /home/mtrn/4231/ws_moveit2/install/moveit_resources_prbt_ikfast_manipulator_plugin/share/ament_index/resource_index/moveit_core__pluginlib__plugin/moveit_resources_prbt_ikfast_manipulator_plugin
[15.621s] -- Installing: /home/mtrn/4231/ws_moveit2/install/moveit_resources_prbt_ikfast_manipulator_plugin/share/moveit_resources_prbt_ikfast_manipulator_plugin/cmake/export_moveit_resources_prbt_ikfast_manipulator_pluginExport.cmake
[15.621s] -- Installing: /home/mtrn/4231/ws_moveit2/install/moveit_resources_prbt_ikfast_manipulator_plugin/share/moveit_resources_prbt_ikfast_manipulator_plugin/cmake/export_moveit_resources_prbt_ikfast_manipulator_pluginExport-release.cmake
[15.621s] -- Installing: /home/mtrn/4231/ws_moveit2/install/moveit_resources_prbt_ikfast_manipulator_plugin/share/moveit_resources_prbt_ikfast_manipulator_plugin/cmake/ament_cmake_export_targets-extras.cmake
[15.621s] -- Installing: /home/mtrn/4231/ws_moveit2/install/moveit_resources_prbt_ikfast_manipulator_plugin/share/moveit_resources_prbt_ikfast_manipulator_plugin/cmake/moveit_resources_prbt_ikfast_manipulator_pluginConfig.cmake
[15.621s] -- Installing: /home/mtrn/4231/ws_moveit2/install/moveit_resources_prbt_ikfast_manipulator_plugin/share/moveit_resources_prbt_ikfast_manipulator_plugin/cmake/moveit_resources_prbt_ikfast_manipulator_pluginConfig-version.cmake
[15.621s] -- Installing: /home/mtrn/4231/ws_moveit2/install/moveit_resources_prbt_ikfast_manipulator_plugin/share/moveit_resources_prbt_ikfast_manipulator_plugin/package.xml
[15.625s] Invoked command in '/home/mtrn/4231/ws_moveit2/build/moveit_resources_prbt_ikfast_manipulator_plugin' returned '0': AMENT_PREFIX_PATH=/home/mtrn/4231/ws_moveit2/install/moveit_core:/home/mtrn/4231/ws_moveit2/install/srdfdom:/home/mtrn/4231/ws_moveit2/install/moveit_common:${AMENT_PREFIX_PATH} CMAKE_PREFIX_PATH=/home/mtrn/4231/ws_moveit2/install/moveit_core:/home/mtrn/4231/ws_moveit2/install/srdfdom:/home/mtrn/4231/ws_moveit2/install/moveit_common:/opt/ros/humble LD_LIBRARY_PATH=/home/mtrn/4231/ws_moveit2/install/moveit_core/lib:/home/mtrn/4231/ws_moveit2/install/srdfdom/lib:${LD_LIBRARY_PATH} PATH=/home/mtrn/4231/ws_moveit2/install/moveit_core/bin:${PATH} PYTHONPATH=/home/mtrn/4231/ws_moveit2/install/srdfdom/local/lib/python3.10/dist-packages:${PYTHONPATH} /usr/bin/cmake --install /home/mtrn/4231/ws_moveit2/build/moveit_resources_prbt_ikfast_manipulator_plugin
