[0.004s] Invoking command in '/home/mtrn/4231/ws_moveit2/build/moveit_resources_fanuc_moveit_config': AMENT_PREFIX_PATH=/home/mtrn/4231/ws_moveit2/install/moveit_resources_fanuc_description:${AMENT_PREFIX_PATH} CMAKE_PREFIX_PATH=/home/mtrn/4231/ws_moveit2/install/moveit_resources_fanuc_description:/opt/ros/humble /usr/bin/cmake /home/mtrn/4231/ws_moveit2/src/moveit_resources/fanuc_moveit_config -DCMAKE_BUILD_TYPE=Release -DCMAKE_INSTALL_PREFIX=/home/mtrn/4231/ws_moveit2/install/moveit_resources_fanuc_moveit_config
[0.040s] -- The C compiler identification is GNU 11.4.0
[0.076s] -- The CXX compiler identification is GNU 11.4.0
[0.080s] -- Detecting C compiler ABI info
[0.124s] -- Detecting C compiler ABI info - done
[0.129s] -- Check for working C compiler: /usr/bin/cc - skipped
[0.129s] -- Detecting C compile features
[0.129s] -- Detecting C compile features - done
[0.132s] -- Detecting CXX compiler ABI info
[0.180s] -- Detecting CXX compiler ABI info - done
[0.184s] -- Check for working CXX compiler: /usr/bin/c++ - skipped
[0.184s] -- Detecting CXX compile features
[0.185s] -- Detecting CXX compile features - done
[0.186s] -- Found ament_cmake: 1.3.5 (/opt/ros/humble/share/ament_cmake/cmake)
[0.290s] -- Found Python3: /usr/bin/python3.10 (found version "3.10.12") found components: Interpreter 
[0.379s] -- Configuring done
[0.381s] -- Generating done
[0.381s] -- Build files have been written to: /home/mtrn/4231/ws_moveit2/build/moveit_resources_fanuc_moveit_config
[0.384s] Invoked command in '/home/mtrn/4231/ws_moveit2/build/moveit_resources_fanuc_moveit_config' returned '0': AMENT_PREFIX_PATH=/home/mtrn/4231/ws_moveit2/install/moveit_resources_fanuc_description:${AMENT_PREFIX_PATH} CMAKE_PREFIX_PATH=/home/mtrn/4231/ws_moveit2/install/moveit_resources_fanuc_description:/opt/ros/humble /usr/bin/cmake /home/mtrn/4231/ws_moveit2/src/moveit_resources/fanuc_moveit_config -DCMAKE_BUILD_TYPE=Release -DCMAKE_INSTALL_PREFIX=/home/mtrn/4231/ws_moveit2/install/moveit_resources_fanuc_moveit_config
[0.384s] Invoking command in '/home/mtrn/4231/ws_moveit2/build/moveit_resources_fanuc_moveit_config': AMENT_PREFIX_PATH=/home/mtrn/4231/ws_moveit2/install/moveit_resources_fanuc_description:${AMENT_PREFIX_PATH} CMAKE_PREFIX_PATH=/home/mtrn/4231/ws_moveit2/install/moveit_resources_fanuc_description:/opt/ros/humble /usr/bin/cmake --build /home/mtrn/4231/ws_moveit2/build/moveit_resources_fanuc_moveit_config -- -j4 -l4
[0.406s] Invoked command in '/home/mtrn/4231/ws_moveit2/build/moveit_resources_fanuc_moveit_config' returned '0': AMENT_PREFIX_PATH=/home/mtrn/4231/ws_moveit2/install/moveit_resources_fanuc_description:${AMENT_PREFIX_PATH} CMAKE_PREFIX_PATH=/home/mtrn/4231/ws_moveit2/install/moveit_resources_fanuc_description:/opt/ros/humble /usr/bin/cmake --build /home/mtrn/4231/ws_moveit2/build/moveit_resources_fanuc_moveit_config -- -j4 -l4
[0.416s] Invoking command in '/home/mtrn/4231/ws_moveit2/build/moveit_resources_fanuc_moveit_config': AMENT_PREFIX_PATH=/home/mtrn/4231/ws_moveit2/install/moveit_resources_fanuc_description:${AMENT_PREFIX_PATH} CMAKE_PREFIX_PATH=/home/mtrn/4231/ws_moveit2/install/moveit_resources_fanuc_description:/opt/ros/humble /usr/bin/cmake --install /home/mtrn/4231/ws_moveit2/build/moveit_resources_fanuc_moveit_config
[0.420s] -- Install configuration: "Release"
[0.420s] -- Installing: /home/mtrn/4231/ws_moveit2/install/moveit_resources_fanuc_moveit_config/share/ament_index/resource_index/package_run_dependencies/moveit_resources_fanuc_moveit_config
[0.421s] -- Installing: /home/mtrn/4231/ws_moveit2/install/moveit_resources_fanuc_moveit_config/share/ament_index/resource_index/parent_prefix_path/moveit_resources_fanuc_moveit_config
[0.421s] -- Installing: /home/mtrn/4231/ws_moveit2/install/moveit_resources_fanuc_moveit_config/share/moveit_resources_fanuc_moveit_config/environment/ament_prefix_path.sh
[0.421s] -- Installing: /home/mtrn/4231/ws_moveit2/install/moveit_resources_fanuc_moveit_config/share/moveit_resources_fanuc_moveit_config/environment/ament_prefix_path.dsv
[0.421s] -- Installing: /home/mtrn/4231/ws_moveit2/install/moveit_resources_fanuc_moveit_config/share/moveit_resources_fanuc_moveit_config/environment/path.sh
[0.421s] -- Installing: /home/mtrn/4231/ws_moveit2/install/moveit_resources_fanuc_moveit_config/share/moveit_resources_fanuc_moveit_config/environment/path.dsv
[0.422s] -- Installing: /home/mtrn/4231/ws_moveit2/install/moveit_resources_fanuc_moveit_config/share/moveit_resources_fanuc_moveit_config/local_setup.bash
[0.422s] -- Installing: /home/mtrn/4231/ws_moveit2/install/moveit_resources_fanuc_moveit_config/share/moveit_resources_fanuc_moveit_config/local_setup.sh
[0.422s] -- Installing: /home/mtrn/4231/ws_moveit2/install/moveit_resources_fanuc_moveit_config/share/moveit_resources_fanuc_moveit_config/local_setup.zsh
[0.422s] -- Installing: /home/mtrn/4231/ws_moveit2/install/moveit_resources_fanuc_moveit_config/share/moveit_resources_fanuc_moveit_config/local_setup.dsv
[0.422s] -- Installing: /home/mtrn/4231/ws_moveit2/install/moveit_resources_fanuc_moveit_config/share/moveit_resources_fanuc_moveit_config/package.dsv
[0.422s] -- Installing: /home/mtrn/4231/ws_moveit2/install/moveit_resources_fanuc_moveit_config/share/ament_index/resource_index/packages/moveit_resources_fanuc_moveit_config
[0.423s] -- Installing: /home/mtrn/4231/ws_moveit2/install/moveit_resources_fanuc_moveit_config/share/moveit_resources_fanuc_moveit_config/cmake/moveit_resources_fanuc_moveit_configConfig.cmake
[0.423s] -- Installing: /home/mtrn/4231/ws_moveit2/install/moveit_resources_fanuc_moveit_config/share/moveit_resources_fanuc_moveit_config/cmake/moveit_resources_fanuc_moveit_configConfig-version.cmake
[0.423s] -- Installing: /home/mtrn/4231/ws_moveit2/install/moveit_resources_fanuc_moveit_config/share/moveit_resources_fanuc_moveit_config/package.xml
[0.423s] -- Installing: /home/mtrn/4231/ws_moveit2/install/moveit_resources_fanuc_moveit_config/share/moveit_resources_fanuc_moveit_config/launch
[0.426s] -- Installing: /home/mtrn/4231/ws_moveit2/install/moveit_resources_fanuc_moveit_config/share/moveit_resources_fanuc_moveit_config/launch/moveit.rviz
[0.426s] -- Installing: /home/mtrn/4231/ws_moveit2/install/moveit_resources_fanuc_moveit_config/share/moveit_resources_fanuc_moveit_config/launch/demo.launch.py
[0.428s] -- Installing: /home/mtrn/4231/ws_moveit2/install/moveit_resources_fanuc_moveit_config/share/moveit_resources_fanuc_moveit_config/config
[0.429s] -- Installing: /home/mtrn/4231/ws_moveit2/install/moveit_resources_fanuc_moveit_config/share/moveit_resources_fanuc_moveit_config/config/initial_positions.yaml
[0.429s] -- Installing: /home/mtrn/4231/ws_moveit2/install/moveit_resources_fanuc_moveit_config/share/moveit_resources_fanuc_moveit_config/config/fanuc.srdf
[0.430s] -- Installing: /home/mtrn/4231/ws_moveit2/install/moveit_resources_fanuc_moveit_config/share/moveit_resources_fanuc_moveit_config/config/joint_limits.yaml
[0.430s] -- Installing: /home/mtrn/4231/ws_moveit2/install/moveit_resources_fanuc_moveit_config/share/moveit_resources_fanuc_moveit_config/config/fanuc.ros2_control.xacro
[0.431s] -- Installing: /home/mtrn/4231/ws_moveit2/install/moveit_resources_fanuc_moveit_config/share/moveit_resources_fanuc_moveit_config/config/ros2_controllers.yaml
[0.431s] -- Installing: /home/mtrn/4231/ws_moveit2/install/moveit_resources_fanuc_moveit_config/share/moveit_resources_fanuc_moveit_config/config/pilz_cartesian_limits.yaml
[0.431s] -- Installing: /home/mtrn/4231/ws_moveit2/install/moveit_resources_fanuc_moveit_config/share/moveit_resources_fanuc_moveit_config/config/sensors_3d.yaml
[0.432s] -- Installing: /home/mtrn/4231/ws_moveit2/install/moveit_resources_fanuc_moveit_config/share/moveit_resources_fanuc_moveit_config/config/fanuc.urdf.xacro
[0.432s] -- Installing: /home/mtrn/4231/ws_moveit2/install/moveit_resources_fanuc_moveit_config/share/moveit_resources_fanuc_moveit_config/config/chomp_planning.yaml
[0.433s] -- Installing: /home/mtrn/4231/ws_moveit2/install/moveit_resources_fanuc_moveit_config/share/moveit_resources_fanuc_moveit_config/config/ompl_planning.yaml
[0.433s] -- Installing: /home/mtrn/4231/ws_moveit2/install/moveit_resources_fanuc_moveit_config/share/moveit_resources_fanuc_moveit_config/config/moveit_controllers.yaml
[0.434s] -- Installing: /home/mtrn/4231/ws_moveit2/install/moveit_resources_fanuc_moveit_config/share/moveit_resources_fanuc_moveit_config/config/kinematics.yaml
[0.434s] -- Installing: /home/mtrn/4231/ws_moveit2/install/moveit_resources_fanuc_moveit_config/share/moveit_resources_fanuc_moveit_config/.setup_assistant
[0.436s] Invoked command in '/home/mtrn/4231/ws_moveit2/build/moveit_resources_fanuc_moveit_config' returned '0': AMENT_PREFIX_PATH=/home/mtrn/4231/ws_moveit2/install/moveit_resources_fanuc_description:${AMENT_PREFIX_PATH} CMAKE_PREFIX_PATH=/home/mtrn/4231/ws_moveit2/install/moveit_resources_fanuc_description:/opt/ros/humble /usr/bin/cmake --install /home/mtrn/4231/ws_moveit2/build/moveit_resources_fanuc_moveit_config
