[0.008s] Invoking command in '/home/mtrn/4231/ws_moveit2/build/rviz_marker_tools': AMENT_PREFIX_PATH=/home/mtrn/4231/ws_moveit2/install/moveit_common:${AMENT_PREFIX_PATH} CMAKE_PREFIX_PATH=/home/mtrn/4231/ws_moveit2/install/moveit_common:/opt/ros/humble /usr/bin/cmake /home/mtrn/4231/ws_moveit2/src/moveit_task_constructor/rviz_marker_tools -DCMAKE_BUILD_TYPE=Release -DCMAKE_INSTALL_PREFIX=/home/mtrn/4231/ws_moveit2/install/rviz_marker_tools
[0.069s] -- The C compiler identification is GNU 11.4.0
[0.125s] -- The CXX compiler identification is GNU 11.4.0
[0.130s] -- Detecting C compiler ABI info
[0.183s] -- Detecting C compiler ABI info - done
[0.185s] -- Check for working C compiler: /usr/bin/cc - skipped
[0.185s] -- Detecting C compile features
[0.185s] -- Detecting C compile features - done
[0.187s] -- Detecting CXX compiler ABI info
[0.241s] -- Detecting CXX compiler ABI info - done
[0.248s] -- Check for working CXX compiler: /usr/bin/c++ - skipped
[0.248s] -- Detecting CXX compile features
[0.249s] -- Detecting CXX compile features - done
[0.250s] -- Found ament_cmake: 1.3.5 (/opt/ros/humble/share/ament_cmake/cmake)
[0.376s] -- Found Python3: /usr/bin/python3.10 (found version "3.10.12") found components: Interpreter 
[0.432s] -- Found moveit_common: 2.5.4 (/home/mtrn/4231/ws_moveit2/install/moveit_common/share/moveit_common/cmake)
[0.490s] -- Found libdw: /usr/lib/x86_64-linux-gnu/libdw.so  
[0.495s] -- Could NOT find libbfd (missing: LIBBFD_LIBRARY LIBBFD_INCLUDE_DIR) 
[0.495s] -- BACKWARD_HAS_UNWIND=1
[0.495s] -- BACKWARD_HAS_BACKTRACE=0
[0.495s] -- BACKWARD_HAS_BACKTRACE_SYMBOL=0
[0.495s] -- BACKWARD_HAS_DW=1
[0.496s] -- BACKWARD_HAS_BFD=0
[0.496s] -- Found Backward: /opt/ros/humble/share/backward_ros/cmake  
[0.500s] -- Found eigen3_cmake_module: 0.1.1 (/opt/ros/humble/share/eigen3_cmake_module/cmake)
[0.509s] -- Found Eigen3: TRUE (found version "3.4.0") 
[0.510s] -- Found geometry_msgs: 4.2.3 (/opt/ros/humble/share/geometry_msgs/cmake)
[0.532s] -- Found rosidl_generator_c: 3.1.5 (/opt/ros/humble/share/rosidl_generator_c/cmake)
[0.535s] -- Found rosidl_adapter: 3.1.5 (/opt/ros/humble/share/rosidl_adapter/cmake)
[0.541s] -- Found rosidl_generator_cpp: 3.1.5 (/opt/ros/humble/share/rosidl_generator_cpp/cmake)
[0.550s] -- Using all available rosidl_typesupport_c: rosidl_typesupport_fastrtps_c;rosidl_typesupport_introspection_c
[0.566s] -- Using all available rosidl_typesupport_cpp: rosidl_typesupport_fastrtps_cpp;rosidl_typesupport_introspection_cpp
[0.666s] -- Found rclcpp: 16.0.5 (/opt/ros/humble/share/rclcpp/cmake)
[0.742s] -- Found rmw_implementation_cmake: 6.1.1 (/opt/ros/humble/share/rmw_implementation_cmake/cmake)
[0.747s] -- Found rmw_cyclonedds_cpp: 1.3.4 (/opt/ros/humble/share/rmw_cyclonedds_cpp/cmake)
[0.802s] -- Using RMW implementation 'rmw_cyclonedds_cpp' as default
[0.821s] -- Looking for pthread.h
[0.886s] -- Looking for pthread.h - found
[0.887s] -- Performing Test CMAKE_HAVE_LIBC_PTHREAD
[0.976s] -- Performing Test CMAKE_HAVE_LIBC_PTHREAD - Success
[0.977s] -- Found Threads: TRUE  
[1.103s] -- Found rviz2: 11.2.7 (/opt/ros/humble/share/rviz2/cmake)
[1.107s] -- Found tf2_eigen: 0.25.3 (/opt/ros/humble/share/tf2_eigen/cmake)
[1.423s] -- Found visualization_msgs: 4.2.3 (/opt/ros/humble/share/visualization_msgs/cmake)
[1.601s] -- Configuring done
[1.612s] -- Generating done
[1.613s] -- Build files have been written to: /home/mtrn/4231/ws_moveit2/build/rviz_marker_tools
[1.621s] Invoked command in '/home/mtrn/4231/ws_moveit2/build/rviz_marker_tools' returned '0': AMENT_PREFIX_PATH=/home/mtrn/4231/ws_moveit2/install/moveit_common:${AMENT_PREFIX_PATH} CMAKE_PREFIX_PATH=/home/mtrn/4231/ws_moveit2/install/moveit_common:/opt/ros/humble /usr/bin/cmake /home/mtrn/4231/ws_moveit2/src/moveit_task_constructor/rviz_marker_tools -DCMAKE_BUILD_TYPE=Release -DCMAKE_INSTALL_PREFIX=/home/mtrn/4231/ws_moveit2/install/rviz_marker_tools
[1.622s] Invoking command in '/home/mtrn/4231/ws_moveit2/build/rviz_marker_tools': AMENT_PREFIX_PATH=/home/mtrn/4231/ws_moveit2/install/moveit_common:${AMENT_PREFIX_PATH} CMAKE_PREFIX_PATH=/home/mtrn/4231/ws_moveit2/install/moveit_common:/opt/ros/humble /usr/bin/cmake --build /home/mtrn/4231/ws_moveit2/build/rviz_marker_tools -- -j4 -l4
[1.662s] [ 50%] [32mBuilding CXX object CMakeFiles/rviz_marker_tools.dir/src/marker_creation.cpp.o[0m
[5.338s] [100%] [32m[1mLinking CXX shared library librviz_marker_tools.so[0m
[5.408s] [100%] Built target rviz_marker_tools
[5.416s] Invoked command in '/home/mtrn/4231/ws_moveit2/build/rviz_marker_tools' returned '0': AMENT_PREFIX_PATH=/home/mtrn/4231/ws_moveit2/install/moveit_common:${AMENT_PREFIX_PATH} CMAKE_PREFIX_PATH=/home/mtrn/4231/ws_moveit2/install/moveit_common:/opt/ros/humble /usr/bin/cmake --build /home/mtrn/4231/ws_moveit2/build/rviz_marker_tools -- -j4 -l4
[5.434s] Invoking command in '/home/mtrn/4231/ws_moveit2/build/rviz_marker_tools': AMENT_PREFIX_PATH=/home/mtrn/4231/ws_moveit2/install/moveit_common:${AMENT_PREFIX_PATH} CMAKE_PREFIX_PATH=/home/mtrn/4231/ws_moveit2/install/moveit_common:/opt/ros/humble /usr/bin/cmake --install /home/mtrn/4231/ws_moveit2/build/rviz_marker_tools
[5.438s] -- Install configuration: "Release"
[5.439s] -- Installing: /home/mtrn/4231/ws_moveit2/install/rviz_marker_tools/include
[5.439s] -- Installing: /home/mtrn/4231/ws_moveit2/install/rviz_marker_tools/include/rviz_marker_tools
[5.439s] -- Installing: /home/mtrn/4231/ws_moveit2/install/rviz_marker_tools/include/rviz_marker_tools/marker_creation.h
[5.439s] -- Installing: /home/mtrn/4231/ws_moveit2/install/rviz_marker_tools/lib/librviz_marker_tools.so
[5.439s] -- Set runtime path of "/home/mtrn/4231/ws_moveit2/install/rviz_marker_tools/lib/librviz_marker_tools.so" to ""
[5.440s] -- Installing: /home/mtrn/4231/ws_moveit2/install/rviz_marker_tools/share/rviz_marker_tools/environment/library_path.sh
[5.440s] -- Installing: /home/mtrn/4231/ws_moveit2/install/rviz_marker_tools/share/rviz_marker_tools/environment/library_path.dsv
[5.440s] -- Installing: /home/mtrn/4231/ws_moveit2/install/rviz_marker_tools/share/ament_index/resource_index/package_run_dependencies/rviz_marker_tools
[5.440s] -- Installing: /home/mtrn/4231/ws_moveit2/install/rviz_marker_tools/share/ament_index/resource_index/parent_prefix_path/rviz_marker_tools
[5.440s] -- Installing: /home/mtrn/4231/ws_moveit2/install/rviz_marker_tools/share/rviz_marker_tools/environment/ament_prefix_path.sh
[5.440s] -- Installing: /home/mtrn/4231/ws_moveit2/install/rviz_marker_tools/share/rviz_marker_tools/environment/ament_prefix_path.dsv
[5.441s] -- Installing: /home/mtrn/4231/ws_moveit2/install/rviz_marker_tools/share/rviz_marker_tools/environment/path.sh
[5.441s] -- Installing: /home/mtrn/4231/ws_moveit2/install/rviz_marker_tools/share/rviz_marker_tools/environment/path.dsv
[5.441s] -- Installing: /home/mtrn/4231/ws_moveit2/install/rviz_marker_tools/share/rviz_marker_tools/local_setup.bash
[5.441s] -- Installing: /home/mtrn/4231/ws_moveit2/install/rviz_marker_tools/share/rviz_marker_tools/local_setup.sh
[5.441s] -- Installing: /home/mtrn/4231/ws_moveit2/install/rviz_marker_tools/share/rviz_marker_tools/local_setup.zsh
[5.441s] -- Installing: /home/mtrn/4231/ws_moveit2/install/rviz_marker_tools/share/rviz_marker_tools/local_setup.dsv
[5.441s] -- Installing: /home/mtrn/4231/ws_moveit2/install/rviz_marker_tools/share/rviz_marker_tools/package.dsv
[5.441s] -- Installing: /home/mtrn/4231/ws_moveit2/install/rviz_marker_tools/share/ament_index/resource_index/packages/rviz_marker_tools
[5.441s] -- Installing: /home/mtrn/4231/ws_moveit2/install/rviz_marker_tools/share/rviz_marker_tools/cmake/rviz_marker_toolsTargetsExport.cmake
[5.442s] -- Installing: /home/mtrn/4231/ws_moveit2/install/rviz_marker_tools/share/rviz_marker_tools/cmake/rviz_marker_toolsTargetsExport-release.cmake
[5.442s] -- Installing: /home/mtrn/4231/ws_moveit2/install/rviz_marker_tools/share/rviz_marker_tools/cmake/ament_cmake_export_targets-extras.cmake
[5.442s] -- Installing: /home/mtrn/4231/ws_moveit2/install/rviz_marker_tools/share/rviz_marker_tools/cmake/ament_cmake_export_dependencies-extras.cmake
[5.442s] -- Installing: /home/mtrn/4231/ws_moveit2/install/rviz_marker_tools/share/rviz_marker_tools/cmake/rviz_marker_toolsConfig.cmake
[5.442s] -- Installing: /home/mtrn/4231/ws_moveit2/install/rviz_marker_tools/share/rviz_marker_tools/cmake/rviz_marker_toolsConfig-version.cmake
[5.442s] -- Installing: /home/mtrn/4231/ws_moveit2/install/rviz_marker_tools/share/rviz_marker_tools/package.xml
[5.444s] Invoked command in '/home/mtrn/4231/ws_moveit2/build/rviz_marker_tools' returned '0': AMENT_PREFIX_PATH=/home/mtrn/4231/ws_moveit2/install/moveit_common:${AMENT_PREFIX_PATH} CMAKE_PREFIX_PATH=/home/mtrn/4231/ws_moveit2/install/moveit_common:/opt/ros/humble /usr/bin/cmake --install /home/mtrn/4231/ws_moveit2/build/rviz_marker_tools
