-- The C compiler identification is GNU 11.4.0
-- The CXX compiler identification is GNU 11.4.0
-- Detecting C compiler ABI info
-- Detecting C compiler ABI info - done
-- Check for working C compiler: /usr/bin/cc - skipped
-- Detecting C compile features
-- Detecting C compile features - done
-- Detecting CXX compiler ABI info
-- Detecting CXX compiler ABI info - done
-- Check for working CXX compiler: /usr/bin/c++ - skipped
-- Detecting CXX compile features
-- Detecting CXX compile features - done
-- Found ament_cmake: 1.3.5 (/opt/ros/humble/share/ament_cmake/cmake)
-- Found Python3: /usr/bin/python3.10 (found version "3.10.12") found components: Interpreter 
-- Found ament_lint_auto: 0.12.7 (/opt/ros/humble/share/ament_lint_auto/cmake)
-- Added test 'copyright' to check source files copyright and LICENSE
-- Added test 'lint_cmake' to check CMake code style
-- Added test 'xmllint' to check XML markup files
-- Configuring done
-- Generating done
-- Build files have been written to: /home/mtrn/4231/ws_moveit2/build/moveit_runtime
-- Install configuration: "Release"
-- Installing: /home/mtrn/4231/ws_moveit2/install/moveit_runtime/share/ament_index/resource_index/package_run_dependencies/moveit_runtime
-- Installing: /home/mtrn/4231/ws_moveit2/install/moveit_runtime/share/ament_index/resource_index/parent_prefix_path/moveit_runtime
-- Installing: /home/mtrn/4231/ws_moveit2/install/moveit_runtime/share/moveit_runtime/environment/ament_prefix_path.sh
-- Installing: /home/mtrn/4231/ws_moveit2/install/moveit_runtime/share/moveit_runtime/environment/ament_prefix_path.dsv
-- Installing: /home/mtrn/4231/ws_moveit2/install/moveit_runtime/share/moveit_runtime/environment/path.sh
-- Installing: /home/mtrn/4231/ws_moveit2/install/moveit_runtime/share/moveit_runtime/environment/path.dsv
-- Installing: /home/mtrn/4231/ws_moveit2/install/moveit_runtime/share/moveit_runtime/local_setup.bash
-- Installing: /home/mtrn/4231/ws_moveit2/install/moveit_runtime/share/moveit_runtime/local_setup.sh
-- Installing: /home/mtrn/4231/ws_moveit2/install/moveit_runtime/share/moveit_runtime/local_setup.zsh
-- Installing: /home/mtrn/4231/ws_moveit2/install/moveit_runtime/share/moveit_runtime/local_setup.dsv
-- Installing: /home/mtrn/4231/ws_moveit2/install/moveit_runtime/share/moveit_runtime/package.dsv
-- Installing: /home/mtrn/4231/ws_moveit2/install/moveit_runtime/share/ament_index/resource_index/packages/moveit_runtime
-- Installing: /home/mtrn/4231/ws_moveit2/install/moveit_runtime/share/moveit_runtime/cmake/moveit_runtimeConfig.cmake
-- Installing: /home/mtrn/4231/ws_moveit2/install/moveit_runtime/share/moveit_runtime/cmake/moveit_runtimeConfig-version.cmake
-- Installing: /home/mtrn/4231/ws_moveit2/install/moveit_runtime/share/moveit_runtime/package.xml
