[0.021s] Invoking command in '/home/mtrn/4231/project_workspace/MTRN4231_Winners/winners_pkg/build/winners_pkg': CMAKE_PREFIX_PATH=${CMAKE_PREFIX_PATH}:/home/mtrn/4231/ws_moveit2/install/moveit_configs_utils:/home/mtrn/4231/ws_moveit2/install/launch_param_builder:/opt/ros/humble /usr/bin/cmake --build /home/mtrn/4231/project_workspace/MTRN4231_Winners/winners_pkg/build/winners_pkg -- -j4 -l4
[0.071s] [35m[1mConsolidate compiler generated dependencies of target camTest[0m
[0.088s] [ 50%] Built target ballPose
[0.088s] [ 50%] Built target transforms
[0.088s] [ 50%] Built target velcroPadPose
[0.089s] [ 57%] Built target camTest
[0.108s] [ 71%] Built target dual_cam_test
[0.108s] [ 85%] Built target Brain
[0.109s] [100%] Built target RobotControl
[0.132s] Invoked command in '/home/mtrn/4231/project_workspace/MTRN4231_Winners/winners_pkg/build/winners_pkg' returned '0': CMAKE_PREFIX_PATH=${CMAKE_PREFIX_PATH}:/home/mtrn/4231/ws_moveit2/install/moveit_configs_utils:/home/mtrn/4231/ws_moveit2/install/launch_param_builder:/opt/ros/humble /usr/bin/cmake --build /home/mtrn/4231/project_workspace/MTRN4231_Winners/winners_pkg/build/winners_pkg -- -j4 -l4
[0.182s] Invoking command in '/home/mtrn/4231/project_workspace/MTRN4231_Winners/winners_pkg/build/winners_pkg': CMAKE_PREFIX_PATH=${CMAKE_PREFIX_PATH}:/home/mtrn/4231/ws_moveit2/install/moveit_configs_utils:/home/mtrn/4231/ws_moveit2/install/launch_param_builder:/opt/ros/humble /usr/bin/cmake --install /home/mtrn/4231/project_workspace/MTRN4231_Winners/winners_pkg/build/winners_pkg
[0.188s] -- Install configuration: ""
[0.188s] -- Up-to-date: /home/mtrn/4231/project_workspace/MTRN4231_Winners/winners_pkg/install/winners_pkg/lib/winners_pkg/camTest
[0.189s] -- Up-to-date: /home/mtrn/4231/project_workspace/MTRN4231_Winners/winners_pkg/install/winners_pkg/lib/winners_pkg/ballPose
[0.189s] -- Up-to-date: /home/mtrn/4231/project_workspace/MTRN4231_Winners/winners_pkg/install/winners_pkg/lib/winners_pkg/velcroPadPose
[0.189s] -- Up-to-date: /home/mtrn/4231/project_workspace/MTRN4231_Winners/winners_pkg/install/winners_pkg/lib/winners_pkg/transforms
[0.189s] -- Up-to-date: /home/mtrn/4231/project_workspace/MTRN4231_Winners/winners_pkg/install/winners_pkg/lib/winners_pkg/RobotControl
[0.190s] -- Up-to-date: /home/mtrn/4231/project_workspace/MTRN4231_Winners/winners_pkg/install/winners_pkg/lib/winners_pkg/Brain
[0.190s] -- Up-to-date: /home/mtrn/4231/project_workspace/MTRN4231_Winners/winners_pkg/install/winners_pkg/share/winners_pkg/launch
[0.190s] -- Up-to-date: /home/mtrn/4231/project_workspace/MTRN4231_Winners/winners_pkg/install/winners_pkg/share/winners_pkg/launch/winners_launch.py
[0.190s] -- Up-to-date: /home/mtrn/4231/project_workspace/MTRN4231_Winners/winners_pkg/install/winners_pkg/share/ament_index/resource_index/package_run_dependencies/winners_pkg
[0.190s] -- Up-to-date: /home/mtrn/4231/project_workspace/MTRN4231_Winners/winners_pkg/install/winners_pkg/share/ament_index/resource_index/parent_prefix_path/winners_pkg
[0.190s] -- Up-to-date: /home/mtrn/4231/project_workspace/MTRN4231_Winners/winners_pkg/install/winners_pkg/share/winners_pkg/environment/ament_prefix_path.sh
[0.190s] -- Up-to-date: /home/mtrn/4231/project_workspace/MTRN4231_Winners/winners_pkg/install/winners_pkg/share/winners_pkg/environment/ament_prefix_path.dsv
[0.190s] -- Up-to-date: /home/mtrn/4231/project_workspace/MTRN4231_Winners/winners_pkg/install/winners_pkg/share/winners_pkg/environment/path.sh
[0.190s] -- Up-to-date: /home/mtrn/4231/project_workspace/MTRN4231_Winners/winners_pkg/install/winners_pkg/share/winners_pkg/environment/path.dsv
[0.190s] -- Up-to-date: /home/mtrn/4231/project_workspace/MTRN4231_Winners/winners_pkg/install/winners_pkg/share/winners_pkg/local_setup.bash
[0.190s] -- Up-to-date: /home/mtrn/4231/project_workspace/MTRN4231_Winners/winners_pkg/install/winners_pkg/share/winners_pkg/local_setup.sh
[0.190s] -- Up-to-date: /home/mtrn/4231/project_workspace/MTRN4231_Winners/winners_pkg/install/winners_pkg/share/winners_pkg/local_setup.zsh
[0.190s] -- Up-to-date: /home/mtrn/4231/project_workspace/MTRN4231_Winners/winners_pkg/install/winners_pkg/share/winners_pkg/local_setup.dsv
[0.191s] -- Installing: /home/mtrn/4231/project_workspace/MTRN4231_Winners/winners_pkg/install/winners_pkg/share/winners_pkg/package.dsv
[0.191s] -- Up-to-date: /home/mtrn/4231/project_workspace/MTRN4231_Winners/winners_pkg/install/winners_pkg/share/ament_index/resource_index/packages/winners_pkg
[0.191s] -- Up-to-date: /home/mtrn/4231/project_workspace/MTRN4231_Winners/winners_pkg/install/winners_pkg/share/winners_pkg/cmake/winners_pkgConfig.cmake
[0.191s] -- Up-to-date: /home/mtrn/4231/project_workspace/MTRN4231_Winners/winners_pkg/install/winners_pkg/share/winners_pkg/cmake/winners_pkgConfig-version.cmake
[0.191s] -- Up-to-date: /home/mtrn/4231/project_workspace/MTRN4231_Winners/winners_pkg/install/winners_pkg/share/winners_pkg/package.xml
[0.193s] Invoked command in '/home/mtrn/4231/project_workspace/MTRN4231_Winners/winners_pkg/build/winners_pkg' returned '0': CMAKE_PREFIX_PATH=${CMAKE_PREFIX_PATH}:/home/mtrn/4231/ws_moveit2/install/moveit_configs_utils:/home/mtrn/4231/ws_moveit2/install/launch_param_builder:/opt/ros/humble /usr/bin/cmake --install /home/mtrn/4231/project_workspace/MTRN4231_Winners/winners_pkg/build/winners_pkg
