[0.230s] DEBUG:colcon:Command line arguments: ['/usr/bin/colcon', 'build']
[0.230s] DEBUG:colcon:Parsed command line arguments: Namespace(log_base=None, log_level=None, verb_name='build', build_base='build', install_base='install', merge_install=False, symlink_install=False, test_result_base=None, continue_on_error=False, executor='parallel', parallel_workers=24, event_handlers=None, ignore_user_meta=False, metas=['./colcon.meta'], base_paths=['.'], packages_ignore=None, packages_ignore_regex=None, paths=None, packages_up_to=None, packages_up_to_regex=None, packages_above=None, packages_above_and_dependencies=None, packages_above_depth=None, packages_select_by_dep=None, packages_skip_by_dep=None, packages_skip_up_to=None, packages_select_build_failed=False, packages_skip_build_finished=False, packages_select_test_failures=False, packages_skip_test_passed=False, packages_select=None, packages_skip=None, packages_select_regex=None, packages_skip_regex=None, packages_start=None, packages_end=None, allow_overriding=[], cmake_args=None, cmake_target=None, cmake_target_skip_unavailable=False, cmake_clean_cache=False, cmake_clean_first=False, cmake_force_configure=False, ament_cmake_args=None, catkin_cmake_args=None, catkin_skip_building_tests=False, verb_parser=<colcon_defaults.argument_parser.defaults.DefaultArgumentsDecorator object at 0x7f0059b9dc30>, verb_extension=<colcon_core.verb.build.BuildVerb object at 0x7f0059c96d40>, main=<bound method BuildVerb.main of <colcon_core.verb.build.BuildVerb object at 0x7f0059c96d40>>)
[0.247s] Level 1:colcon.colcon_core.package_discovery:discover_packages(colcon_meta) check parameters
[0.247s] Level 1:colcon.colcon_core.package_discovery:discover_packages(recursive) check parameters
[0.247s] Level 1:colcon.colcon_core.package_discovery:discover_packages(ignore) check parameters
[0.247s] Level 1:colcon.colcon_core.package_discovery:discover_packages(path) check parameters
[0.247s] Level 1:colcon.colcon_core.package_discovery:discover_packages(colcon_meta) discover
[0.247s] Level 1:colcon.colcon_core.package_discovery:discover_packages(recursive) discover
[0.247s] INFO:colcon.colcon_core.package_discovery:Crawling recursively for packages in '/home/andrew/4231/project_workspace/MTRN4231_Winners/src'
[0.247s] Level 1:colcon.colcon_core.package_identification:_identify(.) by extensions ['ignore', 'ignore_ament_install']
[0.247s] Level 1:colcon.colcon_core.package_identification:_identify(.) by extension 'ignore'
[0.247s] Level 1:colcon.colcon_core.package_identification:_identify(.) by extension 'ignore_ament_install'
[0.247s] Level 1:colcon.colcon_core.package_identification:_identify(.) by extensions ['colcon_pkg']
[0.247s] Level 1:colcon.colcon_core.package_identification:_identify(.) by extension 'colcon_pkg'
[0.247s] Level 1:colcon.colcon_core.package_identification:_identify(.) by extensions ['colcon_meta']
[0.247s] Level 1:colcon.colcon_core.package_identification:_identify(.) by extension 'colcon_meta'
[0.247s] Level 1:colcon.colcon_core.package_identification:_identify(.) by extensions ['ros']
[0.247s] Level 1:colcon.colcon_core.package_identification:_identify(.) by extension 'ros'
[0.252s] Level 1:colcon.colcon_core.package_identification:_identify(.) by extensions ['cmake', 'python']
[0.252s] Level 1:colcon.colcon_core.package_identification:_identify(.) by extension 'cmake'
[0.252s] Level 1:colcon.colcon_core.package_identification:_identify(.) by extension 'python'
[0.252s] Level 1:colcon.colcon_core.package_identification:_identify(.) by extensions ['python_setup_py']
[0.252s] Level 1:colcon.colcon_core.package_identification:_identify(.) by extension 'python_setup_py'
[0.253s] Level 1:colcon.colcon_core.package_identification:_identify(CameraCV_pkg) by extensions ['ignore', 'ignore_ament_install']
[0.253s] Level 1:colcon.colcon_core.package_identification:_identify(CameraCV_pkg) by extension 'ignore'
[0.253s] Level 1:colcon.colcon_core.package_identification:_identify(CameraCV_pkg) by extension 'ignore_ament_install'
[0.253s] Level 1:colcon.colcon_core.package_identification:_identify(CameraCV_pkg) by extensions ['colcon_pkg']
[0.253s] Level 1:colcon.colcon_core.package_identification:_identify(CameraCV_pkg) by extension 'colcon_pkg'
[0.253s] Level 1:colcon.colcon_core.package_identification:_identify(CameraCV_pkg) by extensions ['colcon_meta']
[0.253s] Level 1:colcon.colcon_core.package_identification:_identify(CameraCV_pkg) by extension 'colcon_meta'
[0.253s] Level 1:colcon.colcon_core.package_identification:_identify(CameraCV_pkg) by extensions ['ros']
[0.253s] Level 1:colcon.colcon_core.package_identification:_identify(CameraCV_pkg) by extension 'ros'
[0.254s] DEBUG:colcon.colcon_core.package_identification:Package 'CameraCV_pkg' with type 'ros.ament_python' and name 'CameraCV_pkg'
[0.254s] Level 1:colcon.colcon_core.package_identification:_identify(build) by extensions ['ignore', 'ignore_ament_install']
[0.254s] Level 1:colcon.colcon_core.package_identification:_identify(build) by extension 'ignore'
[0.254s] Level 1:colcon.colcon_core.package_identification:_identify(build) ignored
[0.254s] Level 1:colcon.colcon_core.package_identification:_identify(install) by extensions ['ignore', 'ignore_ament_install']
[0.254s] Level 1:colcon.colcon_core.package_identification:_identify(install) by extension 'ignore'
[0.254s] Level 1:colcon.colcon_core.package_identification:_identify(install) ignored
[0.254s] Level 1:colcon.colcon_core.package_identification:_identify(log) by extensions ['ignore', 'ignore_ament_install']
[0.254s] Level 1:colcon.colcon_core.package_identification:_identify(log) by extension 'ignore'
[0.254s] Level 1:colcon.colcon_core.package_identification:_identify(log) ignored
[0.254s] Level 1:colcon.colcon_core.package_identification:_identify(winners_pkg) by extensions ['ignore', 'ignore_ament_install']
[0.254s] Level 1:colcon.colcon_core.package_identification:_identify(winners_pkg) by extension 'ignore'
[0.255s] Level 1:colcon.colcon_core.package_identification:_identify(winners_pkg) by extension 'ignore_ament_install'
[0.255s] Level 1:colcon.colcon_core.package_identification:_identify(winners_pkg) by extensions ['colcon_pkg']
[0.255s] Level 1:colcon.colcon_core.package_identification:_identify(winners_pkg) by extension 'colcon_pkg'
[0.255s] Level 1:colcon.colcon_core.package_identification:_identify(winners_pkg) by extensions ['colcon_meta']
[0.255s] Level 1:colcon.colcon_core.package_identification:_identify(winners_pkg) by extension 'colcon_meta'
[0.255s] Level 1:colcon.colcon_core.package_identification:_identify(winners_pkg) by extensions ['ros']
[0.255s] Level 1:colcon.colcon_core.package_identification:_identify(winners_pkg) by extension 'ros'
[0.255s] DEBUG:colcon.colcon_core.package_identification:Package 'winners_pkg' with type 'ros.ament_cmake' and name 'winners_pkg'
[0.255s] Level 1:colcon.colcon_core.package_discovery:discover_packages(recursive) using defaults
[0.255s] Level 1:colcon.colcon_core.package_discovery:discover_packages(ignore) discover
[0.255s] Level 1:colcon.colcon_core.package_discovery:discover_packages(ignore) using defaults
[0.255s] Level 1:colcon.colcon_core.package_discovery:discover_packages(path) discover
[0.255s] Level 1:colcon.colcon_core.package_discovery:discover_packages(path) using defaults
[0.286s] Level 1:colcon.colcon_core.package_discovery:discover_packages(prefix_path) check parameters
[0.286s] Level 1:colcon.colcon_core.package_discovery:discover_packages(prefix_path) discover
[0.289s] Level 1:colcon.colcon_core.package_discovery:discover_packages(prefix_path) using defaults
[0.295s] Level 5:colcon.colcon_core.verb:set package 'CameraCV_pkg' build argument 'cmake_args' from command line to 'None'
[0.295s] Level 5:colcon.colcon_core.verb:set package 'CameraCV_pkg' build argument 'cmake_target' from command line to 'None'
[0.295s] Level 5:colcon.colcon_core.verb:set package 'CameraCV_pkg' build argument 'cmake_target_skip_unavailable' from command line to 'False'
[0.295s] Level 5:colcon.colcon_core.verb:set package 'CameraCV_pkg' build argument 'cmake_clean_cache' from command line to 'False'
[0.295s] Level 5:colcon.colcon_core.verb:set package 'CameraCV_pkg' build argument 'cmake_clean_first' from command line to 'False'
[0.295s] Level 5:colcon.colcon_core.verb:set package 'CameraCV_pkg' build argument 'cmake_force_configure' from command line to 'False'
[0.295s] Level 5:colcon.colcon_core.verb:set package 'CameraCV_pkg' build argument 'ament_cmake_args' from command line to 'None'
[0.295s] Level 5:colcon.colcon_core.verb:set package 'CameraCV_pkg' build argument 'catkin_cmake_args' from command line to 'None'
[0.295s] Level 5:colcon.colcon_core.verb:set package 'CameraCV_pkg' build argument 'catkin_skip_building_tests' from command line to 'False'
[0.295s] DEBUG:colcon.colcon_core.verb:Building package 'CameraCV_pkg' with the following arguments: {'ament_cmake_args': None, 'build_base': '/home/andrew/4231/project_workspace/MTRN4231_Winners/src/build/CameraCV_pkg', 'catkin_cmake_args': None, 'catkin_skip_building_tests': False, 'cmake_args': None, 'cmake_clean_cache': False, 'cmake_clean_first': False, 'cmake_force_configure': False, 'cmake_target': None, 'cmake_target_skip_unavailable': False, 'install_base': '/home/andrew/4231/project_workspace/MTRN4231_Winners/src/install/CameraCV_pkg', 'merge_install': False, 'path': '/home/andrew/4231/project_workspace/MTRN4231_Winners/src/CameraCV_pkg', 'symlink_install': False, 'test_result_base': None}
[0.297s] Level 5:colcon.colcon_core.verb:set package 'winners_pkg' build argument 'cmake_args' from command line to 'None'
[0.297s] Level 5:colcon.colcon_core.verb:set package 'winners_pkg' build argument 'cmake_target' from command line to 'None'
[0.297s] Level 5:colcon.colcon_core.verb:set package 'winners_pkg' build argument 'cmake_target_skip_unavailable' from command line to 'False'
[0.297s] Level 5:colcon.colcon_core.verb:set package 'winners_pkg' build argument 'cmake_clean_cache' from command line to 'False'
[0.297s] Level 5:colcon.colcon_core.verb:set package 'winners_pkg' build argument 'cmake_clean_first' from command line to 'False'
[0.297s] Level 5:colcon.colcon_core.verb:set package 'winners_pkg' build argument 'cmake_force_configure' from command line to 'False'
[0.297s] Level 5:colcon.colcon_core.verb:set package 'winners_pkg' build argument 'ament_cmake_args' from command line to 'None'
[0.297s] Level 5:colcon.colcon_core.verb:set package 'winners_pkg' build argument 'catkin_cmake_args' from command line to 'None'
[0.297s] Level 5:colcon.colcon_core.verb:set package 'winners_pkg' build argument 'catkin_skip_building_tests' from command line to 'False'
[0.297s] DEBUG:colcon.colcon_core.verb:Building package 'winners_pkg' with the following arguments: {'ament_cmake_args': None, 'build_base': '/home/andrew/4231/project_workspace/MTRN4231_Winners/src/build/winners_pkg', 'catkin_cmake_args': None, 'catkin_skip_building_tests': False, 'cmake_args': None, 'cmake_clean_cache': False, 'cmake_clean_first': False, 'cmake_force_configure': False, 'cmake_target': None, 'cmake_target_skip_unavailable': False, 'install_base': '/home/andrew/4231/project_workspace/MTRN4231_Winners/src/install/winners_pkg', 'merge_install': False, 'path': '/home/andrew/4231/project_workspace/MTRN4231_Winners/src/winners_pkg', 'symlink_install': False, 'test_result_base': None}
[0.300s] INFO:colcon.colcon_core.executor:Executing jobs using 'parallel' executor
[0.303s] DEBUG:colcon.colcon_parallel_executor.executor.parallel:run_until_complete
[0.303s] INFO:colcon.colcon_ros.task.ament_python.build:Building ROS package in '/home/andrew/4231/project_workspace/MTRN4231_Winners/src/CameraCV_pkg' with build type 'ament_python'
[0.303s] Level 1:colcon.colcon_core.shell:create_environment_hook('CameraCV_pkg', 'ament_prefix_path')
[0.307s] INFO:colcon.colcon_core.plugin_system:Skipping extension 'colcon_core.shell.bat': Not used on non-Windows systems
[0.307s] INFO:colcon.colcon_core.shell:Creating environment hook '/home/andrew/4231/project_workspace/MTRN4231_Winners/src/install/CameraCV_pkg/share/CameraCV_pkg/hook/ament_prefix_path.ps1'
[0.307s] INFO:colcon.colcon_core.shell:Creating environment descriptor '/home/andrew/4231/project_workspace/MTRN4231_Winners/src/install/CameraCV_pkg/share/CameraCV_pkg/hook/ament_prefix_path.dsv'
[0.307s] INFO:colcon.colcon_core.shell:Creating environment hook '/home/andrew/4231/project_workspace/MTRN4231_Winners/src/install/CameraCV_pkg/share/CameraCV_pkg/hook/ament_prefix_path.sh'
[0.310s] INFO:colcon.colcon_core.shell:Skip shell extension 'powershell' for command environment: Not usable outside of PowerShell
[0.310s] DEBUG:colcon.colcon_core.shell:Skip shell extension 'dsv' for command environment
[0.314s] INFO:colcon.colcon_ros.task.ament_cmake.build:Building ROS package in '/home/andrew/4231/project_workspace/MTRN4231_Winners/src/winners_pkg' with build type 'ament_cmake'
[0.314s] INFO:colcon.colcon_cmake.task.cmake.build:Building CMake package in '/home/andrew/4231/project_workspace/MTRN4231_Winners/src/winners_pkg'
[0.316s] INFO:colcon.colcon_core.shell:Skip shell extension 'powershell' for command environment: Not usable outside of PowerShell
[0.316s] DEBUG:colcon.colcon_core.shell:Skip shell extension 'dsv' for command environment
[0.414s] INFO:colcon.colcon_core.task.python.build:Building Python package in '/home/andrew/4231/project_workspace/MTRN4231_Winners/src/CameraCV_pkg'
[0.417s] INFO:colcon.colcon_core.shell:Skip shell extension 'powershell' for command environment: Not usable outside of PowerShell
[0.417s] DEBUG:colcon.colcon_core.shell:Skip shell extension 'dsv' for command environment
[0.421s] DEBUG:colcon.colcon_core.event_handler.log_command:Invoking command in '/home/andrew/4231/project_workspace/MTRN4231_Winners/src/build/winners_pkg': /usr/bin/cmake /home/andrew/4231/project_workspace/MTRN4231_Winners/src/winners_pkg -DCMAKE_INSTALL_PREFIX=/home/andrew/4231/project_workspace/MTRN4231_Winners/src/install/winners_pkg
[0.552s] DEBUG:colcon.colcon_core.event_handler.log_command:Invoking command in '/home/andrew/4231/project_workspace/MTRN4231_Winners/src/CameraCV_pkg': PYTHONPATH=/home/andrew/4231/project_workspace/MTRN4231_Winners/src/build/CameraCV_pkg/prefix_override:/home/andrew/4231/project_workspace/MTRN4231_Winners/src/install/CameraCV_pkg/lib/python3.10/site-packages: /usr/bin/python3 setup.py egg_info --egg-base ../build/CameraCV_pkg build --build-base /home/andrew/4231/project_workspace/MTRN4231_Winners/src/build/CameraCV_pkg/build install --record /home/andrew/4231/project_workspace/MTRN4231_Winners/src/build/CameraCV_pkg/install.log --single-version-externally-managed
[0.583s] DEBUG:colcon.colcon_core.event_handler.log_command:Invoked command in '/home/andrew/4231/project_workspace/MTRN4231_Winners/src/build/winners_pkg' returned '1': /usr/bin/cmake /home/andrew/4231/project_workspace/MTRN4231_Winners/src/winners_pkg -DCMAKE_INSTALL_PREFIX=/home/andrew/4231/project_workspace/MTRN4231_Winners/src/install/winners_pkg
[0.589s] Level 1:colcon.colcon_core.environment:create_environment_scripts_only(winners_pkg)
[0.593s] Level 1:colcon.colcon_core.environment:checking '/home/andrew/4231/project_workspace/MTRN4231_Winners/src/install/winners_pkg' for CMake module files
[0.593s] Level 1:colcon.colcon_core.environment:checking '/home/andrew/4231/project_workspace/MTRN4231_Winners/src/install/winners_pkg' for CMake config files
[0.593s] Level 1:colcon.colcon_core.environment:checking '/home/andrew/4231/project_workspace/MTRN4231_Winners/src/install/winners_pkg/bin'
[0.593s] Level 1:colcon.colcon_core.environment:checking '/home/andrew/4231/project_workspace/MTRN4231_Winners/src/install/winners_pkg/lib/pkgconfig/winners_pkg.pc'
[0.593s] Level 1:colcon.colcon_core.environment:checking '/home/andrew/4231/project_workspace/MTRN4231_Winners/src/install/winners_pkg/lib/python3.10/site-packages'
[0.594s] Level 1:colcon.colcon_core.environment:checking '/home/andrew/4231/project_workspace/MTRN4231_Winners/src/install/winners_pkg/bin'
[0.596s] INFO:colcon.colcon_core.shell:Creating package script '/home/andrew/4231/project_workspace/MTRN4231_Winners/src/install/winners_pkg/share/winners_pkg/package.ps1'
[0.597s] INFO:colcon.colcon_core.shell:Creating package descriptor '/home/andrew/4231/project_workspace/MTRN4231_Winners/src/install/winners_pkg/share/winners_pkg/package.dsv'
[0.597s] INFO:colcon.colcon_core.shell:Creating package script '/home/andrew/4231/project_workspace/MTRN4231_Winners/src/install/winners_pkg/share/winners_pkg/package.sh'
[0.597s] INFO:colcon.colcon_core.shell:Creating package script '/home/andrew/4231/project_workspace/MTRN4231_Winners/src/install/winners_pkg/share/winners_pkg/package.bash'
[0.597s] INFO:colcon.colcon_core.shell:Creating package script '/home/andrew/4231/project_workspace/MTRN4231_Winners/src/install/winners_pkg/share/winners_pkg/package.zsh'
[0.597s] Level 1:colcon.colcon_core.environment:create_file_with_runtime_dependencies(/home/andrew/4231/project_workspace/MTRN4231_Winners/src/install/winners_pkg/share/colcon-core/packages/winners_pkg)
[0.672s] DEBUG:colcon.colcon_parallel_executor.executor.parallel:closing loop
[0.672s] DEBUG:colcon.colcon_parallel_executor.executor.parallel:loop closed
[0.672s] DEBUG:colcon.colcon_parallel_executor.executor.parallel:run_until_complete finished with '1'
[0.672s] DEBUG:colcon.colcon_core.event_reactor:joining thread
[0.677s] INFO:colcon.colcon_core.plugin_system:Skipping extension 'colcon_notification.desktop_notification.terminal_notifier': Not used on non-Darwin systems
[0.677s] INFO:colcon.colcon_core.plugin_system:Skipping extension 'colcon_notification.desktop_notification.win32': Not used on non-Windows systems
[0.677s] INFO:colcon.colcon_notification.desktop_notification:Sending desktop notification using 'notify2'
[0.688s] DEBUG:colcon.colcon_core.event_reactor:joined thread
[0.691s] INFO:colcon.colcon_core.shell:Creating prefix script '/home/andrew/4231/project_workspace/MTRN4231_Winners/src/install/local_setup.ps1'
[0.692s] INFO:colcon.colcon_core.shell:Creating prefix util module '/home/andrew/4231/project_workspace/MTRN4231_Winners/src/install/_local_setup_util_ps1.py'
[0.692s] INFO:colcon.colcon_core.shell:Creating prefix chain script '/home/andrew/4231/project_workspace/MTRN4231_Winners/src/install/setup.ps1'
[0.695s] INFO:colcon.colcon_core.shell:Creating prefix script '/home/andrew/4231/project_workspace/MTRN4231_Winners/src/install/local_setup.sh'
[0.695s] INFO:colcon.colcon_core.shell:Creating prefix util module '/home/andrew/4231/project_workspace/MTRN4231_Winners/src/install/_local_setup_util_sh.py'
[0.696s] INFO:colcon.colcon_core.shell:Creating prefix chain script '/home/andrew/4231/project_workspace/MTRN4231_Winners/src/install/setup.sh'
[0.700s] INFO:colcon.colcon_core.shell:Creating prefix script '/home/andrew/4231/project_workspace/MTRN4231_Winners/src/install/local_setup.bash'
[0.700s] INFO:colcon.colcon_core.shell:Creating prefix chain script '/home/andrew/4231/project_workspace/MTRN4231_Winners/src/install/setup.bash'
[0.705s] INFO:colcon.colcon_core.shell:Creating prefix script '/home/andrew/4231/project_workspace/MTRN4231_Winners/src/install/local_setup.zsh'
[0.706s] INFO:colcon.colcon_core.shell:Creating prefix chain script '/home/andrew/4231/project_workspace/MTRN4231_Winners/src/install/setup.zsh'
