[0.004s] Invoking command in '/home/mtrn/4231/ws_moveit2/build/srdfdom': CMAKE_PREFIX_PATH=/opt/ros/humble /usr/bin/cmake /home/mtrn/4231/ws_moveit2/src/srdfdom -DCMAKE_BUILD_TYPE=Release -DCMAKE_INSTALL_PREFIX=/home/mtrn/4231/ws_moveit2/install/srdfdom
[0.076s] -- The CXX compiler identification is GNU 11.4.0
[0.094s] -- Detecting CXX compiler ABI info
[0.143s] -- Detecting CXX compiler ABI info - done
[0.149s] -- Check for working CXX compiler: /usr/bin/c++ - skipped
[0.150s] -- Detecting CXX compile features
[0.151s] -- Detecting CXX compile features - done
[0.169s] -- Found Boost: /usr/lib/x86_64-linux-gnu/cmake/Boost-1.74.0/BoostConfig.cmake (found version "1.74.0")  
[0.184s] -- Found ament_cmake: 1.3.5 (/opt/ros/humble/share/ament_cmake/cmake)
[0.300s] -- Found Python3: /usr/bin/python3.10 (found version "3.10.12") found components: Interpreter 
[0.355s] -- Found urdf: 2.6.0 (/opt/ros/humble/share/urdf/cmake)
[0.413s] -- Found TinyXML2: /usr/lib/x86_64-linux-gnu/libtinyxml2.so  
[0.466s] -- Found ament_cmake_gtest: 1.3.5 (/opt/ros/humble/share/ament_cmake_gtest/cmake)
[0.469s] -- Found ament_cmake_pytest: 1.3.5 (/opt/ros/humble/share/ament_cmake_pytest/cmake)
[0.866s] -- Found gtest sources under '/opt/ros/humble/src/gtest_vendor': C++ tests using 'Google Test' will be built
[0.963s] -- The C compiler identification is GNU 11.4.0
[0.969s] -- Detecting C compiler ABI info
[1.015s] -- Detecting C compiler ABI info - done
[1.019s] -- Check for working C compiler: /usr/bin/cc - skipped
[1.019s] -- Detecting C compile features
[1.019s] -- Detecting C compile features - done
[1.025s] -- Looking for C++ include pthread.h
[1.074s] -- Looking for C++ include pthread.h - found
[1.074s] -- Performing Test CMAKE_HAVE_LIBC_PTHREAD
[1.128s] -- Performing Test CMAKE_HAVE_LIBC_PTHREAD - Success
[1.129s] -- Found Threads: TRUE  
[1.131s] -- Found ament_lint_auto: 0.12.7 (/opt/ros/humble/share/ament_lint_auto/cmake)
[1.147s] -- Configuring done
[1.155s] -- Generating done
[1.156s] -- Build files have been written to: /home/mtrn/4231/ws_moveit2/build/srdfdom
[1.160s] Invoked command in '/home/mtrn/4231/ws_moveit2/build/srdfdom' returned '0': CMAKE_PREFIX_PATH=/opt/ros/humble /usr/bin/cmake /home/mtrn/4231/ws_moveit2/src/srdfdom -DCMAKE_BUILD_TYPE=Release -DCMAKE_INSTALL_PREFIX=/home/mtrn/4231/ws_moveit2/install/srdfdom
[1.161s] Invoking command in '/home/mtrn/4231/ws_moveit2/build/srdfdom': CMAKE_PREFIX_PATH=/opt/ros/humble /usr/bin/cmake --build /home/mtrn/4231/ws_moveit2/build/srdfdom -- -j4 -l4
[1.195s] [  9%] [32mBuilding CXX object gtest/CMakeFiles/gtest.dir/src/gtest-all.cc.o[0m
[1.195s] [ 18%] [32mBuilding CXX object CMakeFiles/srdfdom.dir/src/model.cpp.o[0m
[1.201s] [ 18%] Built target ament_cmake_python_copy_srdfdom
[1.201s] [ 27%] [32mBuilding CXX object gtest/CMakeFiles/gtest_main.dir/src/gtest_main.cc.o[0m
[1.209s] [ 36%] [32mBuilding CXX object CMakeFiles/srdfdom.dir/src/srdf_writer.cpp.o[0m
[1.709s] [ 45%] [32m[1mLinking CXX static library libgtest_main.a[0m
[1.764s] [ 45%] Built target gtest_main
[1.976s] running egg_info
[1.977s] creating srdfdom.egg-info
[1.977s] writing srdfdom.egg-info/PKG-INFO
[1.977s] writing dependency_links to srdfdom.egg-info/dependency_links.txt
[1.977s] writing top-level names to srdfdom.egg-info/top_level.txt
[1.977s] writing manifest file 'srdfdom.egg-info/SOURCES.txt'
[2.007s] reading manifest file 'srdfdom.egg-info/SOURCES.txt'
[2.007s] writing manifest file 'srdfdom.egg-info/SOURCES.txt'
[2.031s] [ 45%] Built target ament_cmake_python_build_srdfdom_egg
[3.948s] [ 54%] [32m[1mLinking CXX shared library libsrdfdom.so[0m
[4.009s] [ 54%] Built target srdfdom
[6.368s] [ 63%] [32m[1mLinking CXX static library libgtest.a[0m
[6.389s] [ 63%] Built target gtest
[6.403s] [ 81%] [32mBuilding CXX object CMakeFiles/test_cpp_nl_NL.UTF-8.dir/test/test_parser.cpp.o[0m
[6.403s] [ 81%] [32mBuilding CXX object CMakeFiles/test_cpp_C.dir/test/test_parser.cpp.o[0m
[7.980s] [ 90%] [32m[1mLinking CXX executable test_cpp_nl_NL.UTF-8[0m
[8.006s] [100%] [32m[1mLinking CXX executable test_cpp_C[0m
[8.046s] [100%] Built target test_cpp_nl_NL.UTF-8
[8.065s] [100%] Built target test_cpp_C
[8.071s] Invoked command in '/home/mtrn/4231/ws_moveit2/build/srdfdom' returned '0': CMAKE_PREFIX_PATH=/opt/ros/humble /usr/bin/cmake --build /home/mtrn/4231/ws_moveit2/build/srdfdom -- -j4 -l4
[8.091s] Invoking command in '/home/mtrn/4231/ws_moveit2/build/srdfdom': CMAKE_PREFIX_PATH=/opt/ros/humble /usr/bin/cmake --install /home/mtrn/4231/ws_moveit2/build/srdfdom
[8.095s] -- Install configuration: "Release"
[8.095s] -- Installing: /home/mtrn/4231/ws_moveit2/install/srdfdom/lib/libsrdfdom.so.2.0.4
[8.096s] -- Set runtime path of "/home/mtrn/4231/ws_moveit2/install/srdfdom/lib/libsrdfdom.so.2.0.4" to ""
[8.096s] -- Installing: /home/mtrn/4231/ws_moveit2/install/srdfdom/lib/libsrdfdom.so
[8.096s] -- Installing: /home/mtrn/4231/ws_moveit2/install/srdfdom/include/srdfdom
[8.096s] -- Installing: /home/mtrn/4231/ws_moveit2/install/srdfdom/include/srdfdom/srdf_writer.h
[8.096s] -- Installing: /home/mtrn/4231/ws_moveit2/install/srdfdom/include/srdfdom/model.h
[8.097s] -- Installing: /home/mtrn/4231/ws_moveit2/install/srdfdom/include/srdfdom/visibility_control.h
[8.097s] -- Installing: /home/mtrn/4231/ws_moveit2/install/srdfdom/lib/srdfdom/display_srdf
[8.100s] -- Installing: /home/mtrn/4231/ws_moveit2/install/srdfdom/share/srdfdom/environment/pythonpath.sh
[8.100s] -- Installing: /home/mtrn/4231/ws_moveit2/install/srdfdom/share/srdfdom/environment/pythonpath.dsv
[8.100s] -- Installing: /home/mtrn/4231/ws_moveit2/install/srdfdom/local/lib/python3.10/dist-packages/srdfdom-2.0.4-py3.10.egg-info
[8.100s] -- Installing: /home/mtrn/4231/ws_moveit2/install/srdfdom/local/lib/python3.10/dist-packages/srdfdom-2.0.4-py3.10.egg-info/top_level.txt
[8.100s] -- Installing: /home/mtrn/4231/ws_moveit2/install/srdfdom/local/lib/python3.10/dist-packages/srdfdom-2.0.4-py3.10.egg-info/SOURCES.txt
[8.101s] -- Installing: /home/mtrn/4231/ws_moveit2/install/srdfdom/local/lib/python3.10/dist-packages/srdfdom-2.0.4-py3.10.egg-info/PKG-INFO
[8.101s] -- Installing: /home/mtrn/4231/ws_moveit2/install/srdfdom/local/lib/python3.10/dist-packages/srdfdom-2.0.4-py3.10.egg-info/dependency_links.txt
[8.101s] -- Installing: /home/mtrn/4231/ws_moveit2/install/srdfdom/local/lib/python3.10/dist-packages/srdfdom
[8.101s] -- Installing: /home/mtrn/4231/ws_moveit2/install/srdfdom/local/lib/python3.10/dist-packages/srdfdom/srdf.py
[8.101s] -- Installing: /home/mtrn/4231/ws_moveit2/install/srdfdom/local/lib/python3.10/dist-packages/srdfdom/__init__.py
[8.121s] Listing '/home/mtrn/4231/ws_moveit2/install/srdfdom/local/lib/python3.10/dist-packages/srdfdom'...
[8.121s] Compiling '/home/mtrn/4231/ws_moveit2/install/srdfdom/local/lib/python3.10/dist-packages/srdfdom/__init__.py'...
[8.121s] Compiling '/home/mtrn/4231/ws_moveit2/install/srdfdom/local/lib/python3.10/dist-packages/srdfdom/srdf.py'...
[8.124s] -- Installing: /home/mtrn/4231/ws_moveit2/install/srdfdom/share/srdfdom/environment/library_path.sh
[8.124s] -- Installing: /home/mtrn/4231/ws_moveit2/install/srdfdom/share/srdfdom/environment/library_path.dsv
[8.125s] -- Installing: /home/mtrn/4231/ws_moveit2/install/srdfdom/share/ament_index/resource_index/package_run_dependencies/srdfdom
[8.125s] -- Installing: /home/mtrn/4231/ws_moveit2/install/srdfdom/share/ament_index/resource_index/parent_prefix_path/srdfdom
[8.125s] -- Installing: /home/mtrn/4231/ws_moveit2/install/srdfdom/share/srdfdom/environment/ament_prefix_path.sh
[8.125s] -- Installing: /home/mtrn/4231/ws_moveit2/install/srdfdom/share/srdfdom/environment/ament_prefix_path.dsv
[8.125s] -- Installing: /home/mtrn/4231/ws_moveit2/install/srdfdom/share/srdfdom/environment/path.sh
[8.125s] -- Installing: /home/mtrn/4231/ws_moveit2/install/srdfdom/share/srdfdom/environment/path.dsv
[8.125s] -- Installing: /home/mtrn/4231/ws_moveit2/install/srdfdom/share/srdfdom/local_setup.bash
[8.126s] -- Installing: /home/mtrn/4231/ws_moveit2/install/srdfdom/share/srdfdom/local_setup.sh
[8.126s] -- Installing: /home/mtrn/4231/ws_moveit2/install/srdfdom/share/srdfdom/local_setup.zsh
[8.126s] -- Installing: /home/mtrn/4231/ws_moveit2/install/srdfdom/share/srdfdom/local_setup.dsv
[8.126s] -- Installing: /home/mtrn/4231/ws_moveit2/install/srdfdom/share/srdfdom/package.dsv
[8.126s] -- Installing: /home/mtrn/4231/ws_moveit2/install/srdfdom/share/ament_index/resource_index/packages/srdfdom
[8.126s] -- Installing: /home/mtrn/4231/ws_moveit2/install/srdfdom/share/srdfdom/cmake/srdfdomTargetsExport.cmake
[8.126s] -- Installing: /home/mtrn/4231/ws_moveit2/install/srdfdom/share/srdfdom/cmake/srdfdomTargetsExport-release.cmake
[8.126s] -- Installing: /home/mtrn/4231/ws_moveit2/install/srdfdom/share/srdfdom/cmake/ament_cmake_export_targets-extras.cmake
[8.126s] -- Installing: /home/mtrn/4231/ws_moveit2/install/srdfdom/share/srdfdom/cmake/ament_cmake_export_dependencies-extras.cmake
[8.127s] -- Installing: /home/mtrn/4231/ws_moveit2/install/srdfdom/share/srdfdom/cmake/srdfdomConfig.cmake
[8.127s] -- Installing: /home/mtrn/4231/ws_moveit2/install/srdfdom/share/srdfdom/cmake/srdfdomConfig-version.cmake
[8.127s] -- Installing: /home/mtrn/4231/ws_moveit2/install/srdfdom/share/srdfdom/package.xml
[8.129s] Invoked command in '/home/mtrn/4231/ws_moveit2/build/srdfdom' returned '0': CMAKE_PREFIX_PATH=/opt/ros/humble /usr/bin/cmake --install /home/mtrn/4231/ws_moveit2/build/srdfdom
